[2022-04-27 11:27:03,768] {taskinstance.py:876} INFO - Dependencies all met for <TaskInstance: example_bash_operator.runme_1 2022-04-26T00:00:00+00:00 [queued]>
[2022-04-27 11:27:03,771] {taskinstance.py:876} INFO - Dependencies all met for <TaskInstance: example_bash_operator.runme_1 2022-04-26T00:00:00+00:00 [queued]>
[2022-04-27 11:27:03,771] {taskinstance.py:1067} INFO - 
--------------------------------------------------------------------------------
[2022-04-27 11:27:03,771] {taskinstance.py:1068} INFO - Starting attempt 1 of 1
[2022-04-27 11:27:03,771] {taskinstance.py:1069} INFO - 
--------------------------------------------------------------------------------
[2022-04-27 11:27:03,779] {taskinstance.py:1087} INFO - Executing <Task(BashOperator): runme_1> on 2022-04-26T00:00:00+00:00
[2022-04-27 11:27:03,780] {standard_task_runner.py:52} INFO - Started process 119707 to run task
[2022-04-27 11:27:03,784] {standard_task_runner.py:76} INFO - Running: ['airflow', 'tasks', 'run', 'example_bash_operator', 'runme_1', '2022-04-26T00:00:00+00:00', '--job-id', '8', '--pool', 'default_pool', '--raw', '--subdir', '/home/airflow/sandbox/lib/python3.8/site-packages/airflow/example_dags/example_bash_operator.py', '--cfg-path', '/tmp/tmp3rkll8hh', '--error-file', '/tmp/tmpvxl5zg8w']
[2022-04-27 11:27:03,784] {standard_task_runner.py:77} INFO - Job 8: Subtask runme_1
[2022-04-27 11:27:03,814] {logging_mixin.py:104} INFO - Running <TaskInstance: example_bash_operator.runme_1 2022-04-26T00:00:00+00:00 [running]> on host airflowvm
[2022-04-27 11:27:03,884] {taskinstance.py:1280} INFO - Exporting the following env vars:
AIRFLOW_CTX_DAG_OWNER=airflow
AIRFLOW_CTX_DAG_ID=example_bash_operator
AIRFLOW_CTX_TASK_ID=runme_1
AIRFLOW_CTX_EXECUTION_DATE=2022-04-26T00:00:00+00:00
AIRFLOW_CTX_DAG_RUN_ID=scheduled__2022-04-26T00:00:00+00:00
[2022-04-27 11:27:03,885] {subprocess.py:52} INFO - Tmp dir root location: 
 /tmp
[2022-04-27 11:27:03,885] {subprocess.py:63} INFO - Running command: ['bash', '-c', 'echo "example_bash_operator__runme_1__20220426" && sleep 1']
[2022-04-27 11:27:03,888] {subprocess.py:75} INFO - Output:
[2022-04-27 11:27:03,889] {subprocess.py:79} INFO - example_bash_operator__runme_1__20220426
[2022-04-27 11:27:04,890] {subprocess.py:83} INFO - Command exited with return code 0
[2022-04-27 11:27:04,912] {taskinstance.py:1184} INFO - Marking task as SUCCESS. dag_id=example_bash_operator, task_id=runme_1, execution_date=20220426T000000, start_date=20220427T112703, end_date=20220427T112704
[2022-04-27 11:27:04,933] {taskinstance.py:1245} INFO - 0 downstream tasks scheduled from follow-on schedule check
[2022-04-27 11:27:04,959] {local_task_job.py:151} INFO - Task exited with return code 0
