[2022-05-03 20:18:09,576] {taskinstance.py:876} INFO - Dependencies all met for <TaskInstance: xcom_dag.is_accurate 2022-05-03T20:17:56.530685+00:00 [queued]>
[2022-05-03 20:18:09,597] {taskinstance.py:876} INFO - Dependencies all met for <TaskInstance: xcom_dag.is_accurate 2022-05-03T20:17:56.530685+00:00 [queued]>
[2022-05-03 20:18:09,598] {taskinstance.py:1067} INFO - 
--------------------------------------------------------------------------------
[2022-05-03 20:18:09,598] {taskinstance.py:1068} INFO - Starting attempt 1 of 1
[2022-05-03 20:18:09,598] {taskinstance.py:1069} INFO - 
--------------------------------------------------------------------------------
[2022-05-03 20:18:09,625] {taskinstance.py:1087} INFO - Executing <Task(BranchPythonOperator): is_accurate> on 2022-05-03T20:17:56.530685+00:00
[2022-05-03 20:18:09,630] {standard_task_runner.py:52} INFO - Started process 123275 to run task
[2022-05-03 20:18:09,637] {standard_task_runner.py:76} INFO - Running: ['airflow', 'tasks', 'run', 'xcom_dag', 'is_accurate', '2022-05-03T20:17:56.530685+00:00', '--job-id', '75', '--pool', 'default_pool', '--raw', '--subdir', 'DAGS_FOLDER/xcom_dag.py', '--cfg-path', '/tmp/tmpprfi5eea', '--error-file', '/tmp/tmp0g3ndlkd']
[2022-05-03 20:18:09,638] {standard_task_runner.py:77} INFO - Job 75: Subtask is_accurate
[2022-05-03 20:18:09,713] {logging_mixin.py:104} INFO - Running <TaskInstance: xcom_dag.is_accurate 2022-05-03T20:17:56.530685+00:00 [running]> on host airflowvm
[2022-05-03 20:18:09,814] {taskinstance.py:1280} INFO - Exporting the following env vars:
AIRFLOW_CTX_DAG_OWNER=airflow
AIRFLOW_CTX_DAG_ID=xcom_dag
AIRFLOW_CTX_TASK_ID=is_accurate
AIRFLOW_CTX_EXECUTION_DATE=2022-05-03T20:17:56.530685+00:00
AIRFLOW_CTX_DAG_RUN_ID=manual__2022-05-03T20:17:56.530685+00:00
[2022-05-03 20:18:09,814] {python.py:151} INFO - Done. Returned value was: accurate
[2022-05-03 20:18:09,814] {skipmixin.py:124} INFO - Following branch accurate
[2022-05-03 20:18:09,824] {skipmixin.py:155} INFO - Skipping tasks ['inaccurate']
[2022-05-03 20:18:09,893] {taskinstance.py:1184} INFO - Marking task as SUCCESS. dag_id=xcom_dag, task_id=is_accurate, execution_date=20220503T201756, start_date=20220503T201809, end_date=20220503T201809
[2022-05-03 20:18:09,930] {taskinstance.py:1245} INFO - 1 downstream tasks scheduled from follow-on schedule check
[2022-05-03 20:18:09,961] {local_task_job.py:151} INFO - Task exited with return code 0
