[2022-05-03 18:07:20,933] {taskinstance.py:876} INFO - Dependencies all met for <TaskInstance: parallel_dag.task_1 2022-05-03T18:07:20.016868+00:00 [queued]>
[2022-05-03 18:07:20,950] {taskinstance.py:876} INFO - Dependencies all met for <TaskInstance: parallel_dag.task_1 2022-05-03T18:07:20.016868+00:00 [queued]>
[2022-05-03 18:07:20,951] {taskinstance.py:1067} INFO - 
--------------------------------------------------------------------------------
[2022-05-03 18:07:20,951] {taskinstance.py:1068} INFO - Starting attempt 1 of 1
[2022-05-03 18:07:20,951] {taskinstance.py:1069} INFO - 
--------------------------------------------------------------------------------
[2022-05-03 18:07:20,957] {taskinstance.py:1087} INFO - Executing <Task(BashOperator): task_1> on 2022-05-03T18:07:20.016868+00:00
[2022-05-03 18:07:20,959] {standard_task_runner.py:52} INFO - Started process 88816 to run task
[2022-05-03 18:07:20,962] {standard_task_runner.py:76} INFO - Running: ['airflow', 'tasks', 'run', 'parallel_dag', 'task_1', '2022-05-03T18:07:20.016868+00:00', '--job-id', '20', '--pool', 'default_pool', '--raw', '--subdir', 'DAGS_FOLDER/parallel_dag.py', '--cfg-path', '/tmp/tmpitdq10x1', '--error-file', '/tmp/tmpsdjn7ys6']
[2022-05-03 18:07:20,963] {standard_task_runner.py:77} INFO - Job 20: Subtask task_1
[2022-05-03 18:07:21,023] {logging_mixin.py:104} INFO - Running <TaskInstance: parallel_dag.task_1 2022-05-03T18:07:20.016868+00:00 [running]> on host airflowvm
[2022-05-03 18:07:21,103] {taskinstance.py:1280} INFO - Exporting the following env vars:
AIRFLOW_CTX_DAG_OWNER=airflow
AIRFLOW_CTX_DAG_ID=parallel_dag
AIRFLOW_CTX_TASK_ID=task_1
AIRFLOW_CTX_EXECUTION_DATE=2022-05-03T18:07:20.016868+00:00
AIRFLOW_CTX_DAG_RUN_ID=manual__2022-05-03T18:07:20.016868+00:00
[2022-05-03 18:07:21,103] {subprocess.py:52} INFO - Tmp dir root location: 
 /tmp
[2022-05-03 18:07:21,103] {subprocess.py:63} INFO - Running command: ['bash', '-c', 'sleep 3']
[2022-05-03 18:07:21,108] {subprocess.py:75} INFO - Output:
[2022-05-03 18:07:24,110] {subprocess.py:83} INFO - Command exited with return code 0
[2022-05-03 18:07:24,141] {taskinstance.py:1184} INFO - Marking task as SUCCESS. dag_id=parallel_dag, task_id=task_1, execution_date=20220503T180720, start_date=20220503T180720, end_date=20220503T180724
[2022-05-03 18:07:24,170] {taskinstance.py:1245} INFO - 1 downstream tasks scheduled from follow-on schedule check
[2022-05-03 18:07:24,204] {local_task_job.py:151} INFO - Task exited with return code 0
