[2022-05-03 20:57:00,664] {taskinstance.py:876} INFO - Dependencies all met for <TaskInstance: trigger_rule.task_3 2022-05-03T20:56:58.484563+00:00 [queued]>
[2022-05-03 20:57:00,672] {taskinstance.py:876} INFO - Dependencies all met for <TaskInstance: trigger_rule.task_3 2022-05-03T20:56:58.484563+00:00 [queued]>
[2022-05-03 20:57:00,673] {taskinstance.py:1067} INFO - 
--------------------------------------------------------------------------------
[2022-05-03 20:57:00,673] {taskinstance.py:1068} INFO - Starting attempt 1 of 1
[2022-05-03 20:57:00,673] {taskinstance.py:1069} INFO - 
--------------------------------------------------------------------------------
[2022-05-03 20:57:00,686] {taskinstance.py:1087} INFO - Executing <Task(BashOperator): task_3> on 2022-05-03T20:56:58.484563+00:00
[2022-05-03 20:57:00,688] {standard_task_runner.py:52} INFO - Started process 144225 to run task
[2022-05-03 20:57:00,691] {standard_task_runner.py:76} INFO - Running: ['airflow', 'tasks', 'run', 'trigger_rule', 'task_3', '2022-05-03T20:56:58.484563+00:00', '--job-id', '120', '--pool', 'default_pool', '--raw', '--subdir', 'DAGS_FOLDER/trigger_rule.py', '--cfg-path', '/tmp/tmpr3_uw01d', '--error-file', '/tmp/tmpcw550wj7']
[2022-05-03 20:57:00,692] {standard_task_runner.py:77} INFO - Job 120: Subtask task_3
[2022-05-03 20:57:00,758] {logging_mixin.py:104} INFO - Running <TaskInstance: trigger_rule.task_3 2022-05-03T20:56:58.484563+00:00 [running]> on host airflowvm
[2022-05-03 20:57:00,876] {taskinstance.py:1280} INFO - Exporting the following env vars:
AIRFLOW_CTX_DAG_OWNER=airflow
AIRFLOW_CTX_DAG_ID=trigger_rule
AIRFLOW_CTX_TASK_ID=task_3
AIRFLOW_CTX_EXECUTION_DATE=2022-05-03T20:56:58.484563+00:00
AIRFLOW_CTX_DAG_RUN_ID=manual__2022-05-03T20:56:58.484563+00:00
[2022-05-03 20:57:00,877] {subprocess.py:52} INFO - Tmp dir root location: 
 /tmp
[2022-05-03 20:57:00,877] {subprocess.py:63} INFO - Running command: ['bash', '-c', 'exit 0']
[2022-05-03 20:57:00,882] {subprocess.py:75} INFO - Output:
[2022-05-03 20:57:00,884] {subprocess.py:83} INFO - Command exited with return code 0
[2022-05-03 20:57:00,895] {taskinstance.py:1184} INFO - Marking task as SUCCESS. dag_id=trigger_rule, task_id=task_3, execution_date=20220503T205658, start_date=20220503T205700, end_date=20220503T205700
[2022-05-03 20:57:00,917] {taskinstance.py:1245} INFO - 0 downstream tasks scheduled from follow-on schedule check
[2022-05-03 20:57:00,938] {local_task_job.py:151} INFO - Task exited with return code 0
