[2022-04-27 13:11:07,748] {scheduler_job.py:182} INFO - Started process (PID=124985) to work on /home/airflow/airflow/dags/user_processing.py
[2022-04-27 13:11:07,749] {scheduler_job.py:633} INFO - Processing file /home/airflow/airflow/dags/user_processing.py for tasks to queue
[2022-04-27 13:11:07,749] {logging_mixin.py:104} INFO - [2022-04-27 13:11:07,749] {dagbag.py:487} INFO - Filling up the DagBag from /home/airflow/airflow/dags/user_processing.py
[2022-04-27 13:11:07,750] {logging_mixin.py:104} INFO - [2022-04-27 13:11:07,750] {dagbag.py:320} ERROR - Failed to import: /home/airflow/airflow/dags/user_processing.py
Traceback (most recent call last):
  File "/home/airflow/sandbox/lib/python3.8/site-packages/airflow/models/dagbag.py", line 317, in _load_modules_from_file
    loader.exec_module(new_module)
  File "<frozen importlib._bootstrap_external>", line 844, in exec_module
  File "<frozen importlib._bootstrap_external>", line 981, in get_code
  File "<frozen importlib._bootstrap_external>", line 911, in source_to_code
  File "<frozen importlib._bootstrap>", line 219, in _call_with_frames_removed
  File "/home/airflow/airflow/dags/user_processing.py", line 26
    )
    ^
SyntaxError: unmatched ')'
[2022-04-27 13:11:07,751] {scheduler_job.py:645} WARNING - No viable dags retrieved from /home/airflow/airflow/dags/user_processing.py
[2022-04-27 13:11:07,759] {scheduler_job.py:190} INFO - Processing /home/airflow/airflow/dags/user_processing.py took 0.012 seconds
[2022-04-27 13:11:39,639] {scheduler_job.py:182} INFO - Started process (PID=125062) to work on /home/airflow/airflow/dags/user_processing.py
[2022-04-27 13:11:39,640] {scheduler_job.py:633} INFO - Processing file /home/airflow/airflow/dags/user_processing.py for tasks to queue
[2022-04-27 13:11:39,641] {logging_mixin.py:104} INFO - [2022-04-27 13:11:39,641] {dagbag.py:487} INFO - Filling up the DagBag from /home/airflow/airflow/dags/user_processing.py
[2022-04-27 13:11:39,642] {logging_mixin.py:104} INFO - [2022-04-27 13:11:39,642] {dagbag.py:320} ERROR - Failed to import: /home/airflow/airflow/dags/user_processing.py
Traceback (most recent call last):
  File "/home/airflow/sandbox/lib/python3.8/site-packages/airflow/models/dagbag.py", line 317, in _load_modules_from_file
    loader.exec_module(new_module)
  File "<frozen importlib._bootstrap_external>", line 844, in exec_module
  File "<frozen importlib._bootstrap_external>", line 981, in get_code
  File "<frozen importlib._bootstrap_external>", line 911, in source_to_code
  File "<frozen importlib._bootstrap>", line 219, in _call_with_frames_removed
  File "/home/airflow/airflow/dags/user_processing.py", line 26
    )
    ^
SyntaxError: unmatched ')'
[2022-04-27 13:11:39,643] {scheduler_job.py:645} WARNING - No viable dags retrieved from /home/airflow/airflow/dags/user_processing.py
[2022-04-27 13:11:39,665] {scheduler_job.py:190} INFO - Processing /home/airflow/airflow/dags/user_processing.py took 0.030 seconds
[2022-04-27 13:12:11,598] {scheduler_job.py:182} INFO - Started process (PID=125093) to work on /home/airflow/airflow/dags/user_processing.py
[2022-04-27 13:12:11,599] {scheduler_job.py:633} INFO - Processing file /home/airflow/airflow/dags/user_processing.py for tasks to queue
[2022-04-27 13:12:11,600] {logging_mixin.py:104} INFO - [2022-04-27 13:12:11,600] {dagbag.py:487} INFO - Filling up the DagBag from /home/airflow/airflow/dags/user_processing.py
[2022-04-27 13:12:11,602] {logging_mixin.py:104} INFO - [2022-04-27 13:12:11,601] {dagbag.py:320} ERROR - Failed to import: /home/airflow/airflow/dags/user_processing.py
Traceback (most recent call last):
  File "/home/airflow/sandbox/lib/python3.8/site-packages/airflow/models/dagbag.py", line 317, in _load_modules_from_file
    loader.exec_module(new_module)
  File "<frozen importlib._bootstrap_external>", line 844, in exec_module
  File "<frozen importlib._bootstrap_external>", line 981, in get_code
  File "<frozen importlib._bootstrap_external>", line 911, in source_to_code
  File "<frozen importlib._bootstrap>", line 219, in _call_with_frames_removed
  File "/home/airflow/airflow/dags/user_processing.py", line 26
    )
    ^
SyntaxError: unmatched ')'
[2022-04-27 13:12:11,602] {scheduler_job.py:645} WARNING - No viable dags retrieved from /home/airflow/airflow/dags/user_processing.py
[2022-04-27 13:12:11,621] {scheduler_job.py:190} INFO - Processing /home/airflow/airflow/dags/user_processing.py took 0.027 seconds
[2022-04-27 13:12:42,718] {scheduler_job.py:182} INFO - Started process (PID=125123) to work on /home/airflow/airflow/dags/user_processing.py
[2022-04-27 13:12:42,719] {scheduler_job.py:633} INFO - Processing file /home/airflow/airflow/dags/user_processing.py for tasks to queue
[2022-04-27 13:12:42,720] {logging_mixin.py:104} INFO - [2022-04-27 13:12:42,720] {dagbag.py:487} INFO - Filling up the DagBag from /home/airflow/airflow/dags/user_processing.py
[2022-04-27 13:12:42,722] {logging_mixin.py:104} INFO - [2022-04-27 13:12:42,721] {dagbag.py:320} ERROR - Failed to import: /home/airflow/airflow/dags/user_processing.py
Traceback (most recent call last):
  File "/home/airflow/sandbox/lib/python3.8/site-packages/airflow/models/dagbag.py", line 317, in _load_modules_from_file
    loader.exec_module(new_module)
  File "<frozen importlib._bootstrap_external>", line 844, in exec_module
  File "<frozen importlib._bootstrap_external>", line 981, in get_code
  File "<frozen importlib._bootstrap_external>", line 911, in source_to_code
  File "<frozen importlib._bootstrap>", line 219, in _call_with_frames_removed
  File "/home/airflow/airflow/dags/user_processing.py", line 26
    )
    ^
SyntaxError: unmatched ')'
[2022-04-27 13:12:42,722] {scheduler_job.py:645} WARNING - No viable dags retrieved from /home/airflow/airflow/dags/user_processing.py
[2022-04-27 13:12:42,743] {scheduler_job.py:190} INFO - Processing /home/airflow/airflow/dags/user_processing.py took 0.029 seconds
[2022-04-27 13:13:13,620] {scheduler_job.py:182} INFO - Started process (PID=125153) to work on /home/airflow/airflow/dags/user_processing.py
[2022-04-27 13:13:13,621] {scheduler_job.py:633} INFO - Processing file /home/airflow/airflow/dags/user_processing.py for tasks to queue
[2022-04-27 13:13:13,622] {logging_mixin.py:104} INFO - [2022-04-27 13:13:13,622] {dagbag.py:487} INFO - Filling up the DagBag from /home/airflow/airflow/dags/user_processing.py
[2022-04-27 13:13:13,624] {logging_mixin.py:104} INFO - [2022-04-27 13:13:13,623] {dagbag.py:320} ERROR - Failed to import: /home/airflow/airflow/dags/user_processing.py
Traceback (most recent call last):
  File "/home/airflow/sandbox/lib/python3.8/site-packages/airflow/models/dagbag.py", line 317, in _load_modules_from_file
    loader.exec_module(new_module)
  File "<frozen importlib._bootstrap_external>", line 844, in exec_module
  File "<frozen importlib._bootstrap_external>", line 981, in get_code
  File "<frozen importlib._bootstrap_external>", line 911, in source_to_code
  File "<frozen importlib._bootstrap>", line 219, in _call_with_frames_removed
  File "/home/airflow/airflow/dags/user_processing.py", line 26
    )
    ^
SyntaxError: unmatched ')'
[2022-04-27 13:13:13,624] {scheduler_job.py:645} WARNING - No viable dags retrieved from /home/airflow/airflow/dags/user_processing.py
[2022-04-27 13:13:13,646] {scheduler_job.py:190} INFO - Processing /home/airflow/airflow/dags/user_processing.py took 0.030 seconds
[2022-04-27 13:13:44,646] {scheduler_job.py:182} INFO - Started process (PID=125184) to work on /home/airflow/airflow/dags/user_processing.py
[2022-04-27 13:13:44,647] {scheduler_job.py:633} INFO - Processing file /home/airflow/airflow/dags/user_processing.py for tasks to queue
[2022-04-27 13:13:44,648] {logging_mixin.py:104} INFO - [2022-04-27 13:13:44,648] {dagbag.py:487} INFO - Filling up the DagBag from /home/airflow/airflow/dags/user_processing.py
[2022-04-27 13:13:44,651] {logging_mixin.py:104} INFO - [2022-04-27 13:13:44,650] {dagbag.py:320} ERROR - Failed to import: /home/airflow/airflow/dags/user_processing.py
Traceback (most recent call last):
  File "/home/airflow/sandbox/lib/python3.8/site-packages/airflow/models/dagbag.py", line 317, in _load_modules_from_file
    loader.exec_module(new_module)
  File "<frozen importlib._bootstrap_external>", line 844, in exec_module
  File "<frozen importlib._bootstrap_external>", line 981, in get_code
  File "<frozen importlib._bootstrap_external>", line 911, in source_to_code
  File "<frozen importlib._bootstrap>", line 219, in _call_with_frames_removed
  File "/home/airflow/airflow/dags/user_processing.py", line 26
    )
    ^
SyntaxError: unmatched ')'
[2022-04-27 13:13:44,651] {scheduler_job.py:645} WARNING - No viable dags retrieved from /home/airflow/airflow/dags/user_processing.py
[2022-04-27 13:13:44,671] {scheduler_job.py:190} INFO - Processing /home/airflow/airflow/dags/user_processing.py took 0.029 seconds
[2022-04-27 13:14:15,616] {scheduler_job.py:182} INFO - Started process (PID=125215) to work on /home/airflow/airflow/dags/user_processing.py
[2022-04-27 13:14:15,617] {scheduler_job.py:633} INFO - Processing file /home/airflow/airflow/dags/user_processing.py for tasks to queue
[2022-04-27 13:14:15,618] {logging_mixin.py:104} INFO - [2022-04-27 13:14:15,618] {dagbag.py:487} INFO - Filling up the DagBag from /home/airflow/airflow/dags/user_processing.py
[2022-04-27 13:14:15,619] {logging_mixin.py:104} INFO - [2022-04-27 13:14:15,619] {dagbag.py:320} ERROR - Failed to import: /home/airflow/airflow/dags/user_processing.py
Traceback (most recent call last):
  File "/home/airflow/sandbox/lib/python3.8/site-packages/airflow/models/dagbag.py", line 317, in _load_modules_from_file
    loader.exec_module(new_module)
  File "<frozen importlib._bootstrap_external>", line 844, in exec_module
  File "<frozen importlib._bootstrap_external>", line 981, in get_code
  File "<frozen importlib._bootstrap_external>", line 911, in source_to_code
  File "<frozen importlib._bootstrap>", line 219, in _call_with_frames_removed
  File "/home/airflow/airflow/dags/user_processing.py", line 26
    )
    ^
SyntaxError: unmatched ')'
[2022-04-27 13:14:15,619] {scheduler_job.py:645} WARNING - No viable dags retrieved from /home/airflow/airflow/dags/user_processing.py
[2022-04-27 13:14:15,640] {scheduler_job.py:190} INFO - Processing /home/airflow/airflow/dags/user_processing.py took 0.028 seconds
[2022-04-27 13:16:23,822] {scheduler_job.py:182} INFO - Started process (PID=125443) to work on /home/airflow/airflow/dags/user_processing.py
[2022-04-27 13:16:23,822] {scheduler_job.py:633} INFO - Processing file /home/airflow/airflow/dags/user_processing.py for tasks to queue
[2022-04-27 13:16:23,823] {logging_mixin.py:104} INFO - [2022-04-27 13:16:23,823] {dagbag.py:487} INFO - Filling up the DagBag from /home/airflow/airflow/dags/user_processing.py
[2022-04-27 13:16:23,824] {logging_mixin.py:104} INFO - [2022-04-27 13:16:23,823] {dagbag.py:320} ERROR - Failed to import: /home/airflow/airflow/dags/user_processing.py
Traceback (most recent call last):
  File "/home/airflow/sandbox/lib/python3.8/site-packages/airflow/models/dagbag.py", line 317, in _load_modules_from_file
    loader.exec_module(new_module)
  File "<frozen importlib._bootstrap_external>", line 844, in exec_module
  File "<frozen importlib._bootstrap_external>", line 981, in get_code
  File "<frozen importlib._bootstrap_external>", line 911, in source_to_code
  File "<frozen importlib._bootstrap>", line 219, in _call_with_frames_removed
  File "/home/airflow/airflow/dags/user_processing.py", line 26
    )
    ^
SyntaxError: unmatched ')'
[2022-04-27 13:16:23,824] {scheduler_job.py:645} WARNING - No viable dags retrieved from /home/airflow/airflow/dags/user_processing.py
[2022-04-27 13:16:23,835] {scheduler_job.py:190} INFO - Processing /home/airflow/airflow/dags/user_processing.py took 0.016 seconds
[2022-04-27 13:16:55,822] {scheduler_job.py:182} INFO - Started process (PID=125545) to work on /home/airflow/airflow/dags/user_processing.py
[2022-04-27 13:16:55,823] {scheduler_job.py:633} INFO - Processing file /home/airflow/airflow/dags/user_processing.py for tasks to queue
[2022-04-27 13:16:55,823] {logging_mixin.py:104} INFO - [2022-04-27 13:16:55,823] {dagbag.py:487} INFO - Filling up the DagBag from /home/airflow/airflow/dags/user_processing.py
[2022-04-27 13:16:55,824] {logging_mixin.py:104} INFO - [2022-04-27 13:16:55,824] {dagbag.py:320} ERROR - Failed to import: /home/airflow/airflow/dags/user_processing.py
Traceback (most recent call last):
  File "/home/airflow/sandbox/lib/python3.8/site-packages/airflow/models/dagbag.py", line 317, in _load_modules_from_file
    loader.exec_module(new_module)
  File "<frozen importlib._bootstrap_external>", line 844, in exec_module
  File "<frozen importlib._bootstrap_external>", line 981, in get_code
  File "<frozen importlib._bootstrap_external>", line 911, in source_to_code
  File "<frozen importlib._bootstrap>", line 219, in _call_with_frames_removed
  File "/home/airflow/airflow/dags/user_processing.py", line 26
    )
    ^
SyntaxError: unmatched ')'
[2022-04-27 13:16:55,825] {scheduler_job.py:645} WARNING - No viable dags retrieved from /home/airflow/airflow/dags/user_processing.py
[2022-04-27 13:16:55,845] {scheduler_job.py:190} INFO - Processing /home/airflow/airflow/dags/user_processing.py took 0.025 seconds
[2022-04-27 13:17:26,733] {scheduler_job.py:182} INFO - Started process (PID=125579) to work on /home/airflow/airflow/dags/user_processing.py
[2022-04-27 13:17:26,735] {scheduler_job.py:633} INFO - Processing file /home/airflow/airflow/dags/user_processing.py for tasks to queue
[2022-04-27 13:17:26,735] {logging_mixin.py:104} INFO - [2022-04-27 13:17:26,735] {dagbag.py:487} INFO - Filling up the DagBag from /home/airflow/airflow/dags/user_processing.py
[2022-04-27 13:17:26,737] {logging_mixin.py:104} INFO - [2022-04-27 13:17:26,736] {dagbag.py:320} ERROR - Failed to import: /home/airflow/airflow/dags/user_processing.py
Traceback (most recent call last):
  File "/home/airflow/sandbox/lib/python3.8/site-packages/airflow/models/dagbag.py", line 317, in _load_modules_from_file
    loader.exec_module(new_module)
  File "<frozen importlib._bootstrap_external>", line 844, in exec_module
  File "<frozen importlib._bootstrap_external>", line 981, in get_code
  File "<frozen importlib._bootstrap_external>", line 911, in source_to_code
  File "<frozen importlib._bootstrap>", line 219, in _call_with_frames_removed
  File "/home/airflow/airflow/dags/user_processing.py", line 26
    )
    ^
SyntaxError: unmatched ')'
[2022-04-27 13:17:26,737] {scheduler_job.py:645} WARNING - No viable dags retrieved from /home/airflow/airflow/dags/user_processing.py
[2022-04-27 13:17:26,757] {scheduler_job.py:190} INFO - Processing /home/airflow/airflow/dags/user_processing.py took 0.027 seconds
[2022-04-27 13:22:13,260] {scheduler_job.py:182} INFO - Started process (PID=125933) to work on /home/airflow/airflow/dags/user_processing.py
[2022-04-27 13:22:13,261] {scheduler_job.py:633} INFO - Processing file /home/airflow/airflow/dags/user_processing.py for tasks to queue
[2022-04-27 13:22:13,261] {logging_mixin.py:104} INFO - [2022-04-27 13:22:13,261] {dagbag.py:487} INFO - Filling up the DagBag from /home/airflow/airflow/dags/user_processing.py
[2022-04-27 13:22:13,262] {logging_mixin.py:104} INFO - [2022-04-27 13:22:13,262] {dagbag.py:320} ERROR - Failed to import: /home/airflow/airflow/dags/user_processing.py
Traceback (most recent call last):
  File "/home/airflow/sandbox/lib/python3.8/site-packages/airflow/models/dagbag.py", line 317, in _load_modules_from_file
    loader.exec_module(new_module)
  File "<frozen importlib._bootstrap_external>", line 844, in exec_module
  File "<frozen importlib._bootstrap_external>", line 981, in get_code
  File "<frozen importlib._bootstrap_external>", line 911, in source_to_code
  File "<frozen importlib._bootstrap>", line 219, in _call_with_frames_removed
  File "/home/airflow/airflow/dags/user_processing.py", line 26
    )
    ^
SyntaxError: unmatched ')'
[2022-04-27 13:22:13,263] {scheduler_job.py:645} WARNING - No viable dags retrieved from /home/airflow/airflow/dags/user_processing.py
[2022-04-27 13:22:13,272] {scheduler_job.py:190} INFO - Processing /home/airflow/airflow/dags/user_processing.py took 0.014 seconds
[2022-04-27 13:22:45,174] {scheduler_job.py:182} INFO - Started process (PID=126070) to work on /home/airflow/airflow/dags/user_processing.py
[2022-04-27 13:22:45,176] {scheduler_job.py:633} INFO - Processing file /home/airflow/airflow/dags/user_processing.py for tasks to queue
[2022-04-27 13:22:45,177] {logging_mixin.py:104} INFO - [2022-04-27 13:22:45,177] {dagbag.py:487} INFO - Filling up the DagBag from /home/airflow/airflow/dags/user_processing.py
[2022-04-27 13:22:45,179] {logging_mixin.py:104} INFO - [2022-04-27 13:22:45,178] {dagbag.py:320} ERROR - Failed to import: /home/airflow/airflow/dags/user_processing.py
Traceback (most recent call last):
  File "/home/airflow/sandbox/lib/python3.8/site-packages/airflow/models/dagbag.py", line 317, in _load_modules_from_file
    loader.exec_module(new_module)
  File "<frozen importlib._bootstrap_external>", line 844, in exec_module
  File "<frozen importlib._bootstrap_external>", line 981, in get_code
  File "<frozen importlib._bootstrap_external>", line 911, in source_to_code
  File "<frozen importlib._bootstrap>", line 219, in _call_with_frames_removed
  File "/home/airflow/airflow/dags/user_processing.py", line 26
    )
    ^
SyntaxError: unmatched ')'
[2022-04-27 13:22:45,179] {scheduler_job.py:645} WARNING - No viable dags retrieved from /home/airflow/airflow/dags/user_processing.py
[2022-04-27 13:22:45,200] {scheduler_job.py:190} INFO - Processing /home/airflow/airflow/dags/user_processing.py took 0.030 seconds
[2022-04-27 13:23:17,084] {scheduler_job.py:182} INFO - Started process (PID=126101) to work on /home/airflow/airflow/dags/user_processing.py
[2022-04-27 13:23:17,085] {scheduler_job.py:633} INFO - Processing file /home/airflow/airflow/dags/user_processing.py for tasks to queue
[2022-04-27 13:23:17,086] {logging_mixin.py:104} INFO - [2022-04-27 13:23:17,086] {dagbag.py:487} INFO - Filling up the DagBag from /home/airflow/airflow/dags/user_processing.py
[2022-04-27 13:23:17,088] {logging_mixin.py:104} INFO - [2022-04-27 13:23:17,087] {dagbag.py:320} ERROR - Failed to import: /home/airflow/airflow/dags/user_processing.py
Traceback (most recent call last):
  File "/home/airflow/sandbox/lib/python3.8/site-packages/airflow/models/dagbag.py", line 317, in _load_modules_from_file
    loader.exec_module(new_module)
  File "<frozen importlib._bootstrap_external>", line 844, in exec_module
  File "<frozen importlib._bootstrap_external>", line 981, in get_code
  File "<frozen importlib._bootstrap_external>", line 911, in source_to_code
  File "<frozen importlib._bootstrap>", line 219, in _call_with_frames_removed
  File "/home/airflow/airflow/dags/user_processing.py", line 26
    )
    ^
SyntaxError: unmatched ')'
[2022-04-27 13:23:17,088] {scheduler_job.py:645} WARNING - No viable dags retrieved from /home/airflow/airflow/dags/user_processing.py
[2022-04-27 13:23:17,109] {scheduler_job.py:190} INFO - Processing /home/airflow/airflow/dags/user_processing.py took 0.027 seconds
[2022-04-27 13:23:48,185] {scheduler_job.py:182} INFO - Started process (PID=126245) to work on /home/airflow/airflow/dags/user_processing.py
[2022-04-27 13:23:48,186] {scheduler_job.py:633} INFO - Processing file /home/airflow/airflow/dags/user_processing.py for tasks to queue
[2022-04-27 13:23:48,187] {logging_mixin.py:104} INFO - [2022-04-27 13:23:48,187] {dagbag.py:487} INFO - Filling up the DagBag from /home/airflow/airflow/dags/user_processing.py
[2022-04-27 13:23:48,194] {logging_mixin.py:104} WARNING - /home/airflow/sandbox/lib/python3.8/site-packages/airflow/providers/sqlite/operators/sqlite.py:25 DeprecationWarning: This decorator is deprecated.

In previous versions, all subclasses of BaseOperator must use apply_default decorator for the`default_args` feature to work properly.

In current version, it is optional. The decorator is applied automatically using the metaclass.
[2022-04-27 13:23:48,198] {scheduler_job.py:643} INFO - DAG(s) dict_keys(['user_processing']) retrieved from /home/airflow/airflow/dags/user_processing.py
[2022-04-27 13:23:48,526] {logging_mixin.py:104} INFO - [2022-04-27 13:23:48,526] {dag.py:1832} INFO - Sync 1 DAGs
[2022-04-27 13:23:48,529] {logging_mixin.py:104} INFO - [2022-04-27 13:23:48,529] {dag.py:1851} INFO - Creating ORM DAG for user_processing
[2022-04-27 13:23:48,533] {logging_mixin.py:104} INFO - [2022-04-27 13:23:48,533] {dag.py:2305} INFO - Setting next_dagrun for user_processing to 2022-04-28T00:00:00+00:00
[2022-04-27 13:23:48,550] {scheduler_job.py:190} INFO - Processing /home/airflow/airflow/dags/user_processing.py took 0.369 seconds
[2022-04-27 13:24:19,171] {scheduler_job.py:182} INFO - Started process (PID=126331) to work on /home/airflow/airflow/dags/user_processing.py
[2022-04-27 13:24:19,171] {scheduler_job.py:633} INFO - Processing file /home/airflow/airflow/dags/user_processing.py for tasks to queue
[2022-04-27 13:24:19,171] {logging_mixin.py:104} INFO - [2022-04-27 13:24:19,171] {dagbag.py:487} INFO - Filling up the DagBag from /home/airflow/airflow/dags/user_processing.py
[2022-04-27 13:24:19,178] {logging_mixin.py:104} WARNING - /home/airflow/sandbox/lib/python3.8/site-packages/airflow/providers/sqlite/operators/sqlite.py:25 DeprecationWarning: This decorator is deprecated.

In previous versions, all subclasses of BaseOperator must use apply_default decorator for the`default_args` feature to work properly.

In current version, it is optional. The decorator is applied automatically using the metaclass.
[2022-04-27 13:24:19,181] {scheduler_job.py:643} INFO - DAG(s) dict_keys(['user_processing']) retrieved from /home/airflow/airflow/dags/user_processing.py
[2022-04-27 13:24:19,188] {logging_mixin.py:104} INFO - [2022-04-27 13:24:19,187] {dag.py:1832} INFO - Sync 1 DAGs
[2022-04-27 13:24:19,195] {logging_mixin.py:104} INFO - [2022-04-27 13:24:19,195] {dag.py:2305} INFO - Setting next_dagrun for user_processing to 2022-04-28T00:00:00+00:00
[2022-04-27 13:24:19,213] {scheduler_job.py:190} INFO - Processing /home/airflow/airflow/dags/user_processing.py took 0.044 seconds
[2022-04-27 13:24:52,888] {scheduler_job.py:182} INFO - Started process (PID=126538) to work on /home/airflow/airflow/dags/user_processing.py
[2022-04-27 13:24:52,888] {scheduler_job.py:633} INFO - Processing file /home/airflow/airflow/dags/user_processing.py for tasks to queue
[2022-04-27 13:24:52,889] {logging_mixin.py:104} INFO - [2022-04-27 13:24:52,889] {dagbag.py:487} INFO - Filling up the DagBag from /home/airflow/airflow/dags/user_processing.py
[2022-04-27 13:24:52,897] {logging_mixin.py:104} WARNING - /home/airflow/sandbox/lib/python3.8/site-packages/airflow/providers/sqlite/operators/sqlite.py:25 DeprecationWarning: This decorator is deprecated.

In previous versions, all subclasses of BaseOperator must use apply_default decorator for the`default_args` feature to work properly.

In current version, it is optional. The decorator is applied automatically using the metaclass.
[2022-04-27 13:24:52,901] {scheduler_job.py:643} INFO - DAG(s) dict_keys(['user_processing']) retrieved from /home/airflow/airflow/dags/user_processing.py
[2022-04-27 13:24:52,908] {logging_mixin.py:104} INFO - [2022-04-27 13:24:52,908] {dag.py:1832} INFO - Sync 1 DAGs
[2022-04-27 13:24:52,916] {logging_mixin.py:104} INFO - [2022-04-27 13:24:52,916] {dag.py:2305} INFO - Setting next_dagrun for user_processing to 2022-04-28T00:00:00+00:00
[2022-04-27 13:24:52,925] {scheduler_job.py:190} INFO - Processing /home/airflow/airflow/dags/user_processing.py took 0.039 seconds
[2022-04-27 13:25:25,976] {scheduler_job.py:182} INFO - Started process (PID=126714) to work on /home/airflow/airflow/dags/user_processing.py
[2022-04-27 13:25:25,977] {scheduler_job.py:633} INFO - Processing file /home/airflow/airflow/dags/user_processing.py for tasks to queue
[2022-04-27 13:25:25,978] {logging_mixin.py:104} INFO - [2022-04-27 13:25:25,977] {dagbag.py:487} INFO - Filling up the DagBag from /home/airflow/airflow/dags/user_processing.py
[2022-04-27 13:25:25,985] {logging_mixin.py:104} WARNING - /home/airflow/sandbox/lib/python3.8/site-packages/airflow/providers/sqlite/operators/sqlite.py:25 DeprecationWarning: This decorator is deprecated.

In previous versions, all subclasses of BaseOperator must use apply_default decorator for the`default_args` feature to work properly.

In current version, it is optional. The decorator is applied automatically using the metaclass.
[2022-04-27 13:25:25,989] {scheduler_job.py:643} INFO - DAG(s) dict_keys(['user_processing']) retrieved from /home/airflow/airflow/dags/user_processing.py
[2022-04-27 13:25:25,995] {logging_mixin.py:104} INFO - [2022-04-27 13:25:25,995] {dag.py:1832} INFO - Sync 1 DAGs
[2022-04-27 13:25:26,004] {logging_mixin.py:104} INFO - [2022-04-27 13:25:26,004] {dag.py:2305} INFO - Setting next_dagrun for user_processing to 2022-04-28T00:00:00+00:00
[2022-04-27 13:25:26,022] {scheduler_job.py:190} INFO - Processing /home/airflow/airflow/dags/user_processing.py took 0.049 seconds
[2022-04-27 13:25:58,199] {scheduler_job.py:182} INFO - Started process (PID=126806) to work on /home/airflow/airflow/dags/user_processing.py
[2022-04-27 13:25:58,200] {scheduler_job.py:633} INFO - Processing file /home/airflow/airflow/dags/user_processing.py for tasks to queue
[2022-04-27 13:25:58,201] {logging_mixin.py:104} INFO - [2022-04-27 13:25:58,200] {dagbag.py:487} INFO - Filling up the DagBag from /home/airflow/airflow/dags/user_processing.py
[2022-04-27 13:25:58,209] {logging_mixin.py:104} WARNING - /home/airflow/sandbox/lib/python3.8/site-packages/airflow/providers/sqlite/operators/sqlite.py:25 DeprecationWarning: This decorator is deprecated.

In previous versions, all subclasses of BaseOperator must use apply_default decorator for the`default_args` feature to work properly.

In current version, it is optional. The decorator is applied automatically using the metaclass.
[2022-04-27 13:25:58,212] {scheduler_job.py:643} INFO - DAG(s) dict_keys(['user_processing']) retrieved from /home/airflow/airflow/dags/user_processing.py
[2022-04-27 13:25:58,219] {logging_mixin.py:104} INFO - [2022-04-27 13:25:58,219] {dag.py:1832} INFO - Sync 1 DAGs
[2022-04-27 13:25:58,226] {logging_mixin.py:104} INFO - [2022-04-27 13:25:58,226] {dag.py:2305} INFO - Setting next_dagrun for user_processing to 2022-04-28T00:00:00+00:00
[2022-04-27 13:25:58,243] {scheduler_job.py:190} INFO - Processing /home/airflow/airflow/dags/user_processing.py took 0.048 seconds
[2022-04-27 13:26:31,016] {scheduler_job.py:182} INFO - Started process (PID=126838) to work on /home/airflow/airflow/dags/user_processing.py
[2022-04-27 13:26:31,017] {scheduler_job.py:633} INFO - Processing file /home/airflow/airflow/dags/user_processing.py for tasks to queue
[2022-04-27 13:26:31,018] {logging_mixin.py:104} INFO - [2022-04-27 13:26:31,018] {dagbag.py:487} INFO - Filling up the DagBag from /home/airflow/airflow/dags/user_processing.py
[2022-04-27 13:26:31,024] {logging_mixin.py:104} WARNING - /home/airflow/sandbox/lib/python3.8/site-packages/airflow/providers/sqlite/operators/sqlite.py:25 DeprecationWarning: This decorator is deprecated.

In previous versions, all subclasses of BaseOperator must use apply_default decorator for the`default_args` feature to work properly.

In current version, it is optional. The decorator is applied automatically using the metaclass.
[2022-04-27 13:26:31,028] {scheduler_job.py:643} INFO - DAG(s) dict_keys(['user_processing']) retrieved from /home/airflow/airflow/dags/user_processing.py
[2022-04-27 13:26:31,035] {logging_mixin.py:104} INFO - [2022-04-27 13:26:31,035] {dag.py:1832} INFO - Sync 1 DAGs
[2022-04-27 13:26:31,043] {logging_mixin.py:104} INFO - [2022-04-27 13:26:31,043] {dag.py:2305} INFO - Setting next_dagrun for user_processing to 2022-04-28T00:00:00+00:00
[2022-04-27 13:26:31,060] {scheduler_job.py:190} INFO - Processing /home/airflow/airflow/dags/user_processing.py took 0.047 seconds
[2022-04-27 13:27:01,723] {scheduler_job.py:182} INFO - Started process (PID=126868) to work on /home/airflow/airflow/dags/user_processing.py
[2022-04-27 13:27:01,724] {scheduler_job.py:633} INFO - Processing file /home/airflow/airflow/dags/user_processing.py for tasks to queue
[2022-04-27 13:27:01,724] {logging_mixin.py:104} INFO - [2022-04-27 13:27:01,724] {dagbag.py:487} INFO - Filling up the DagBag from /home/airflow/airflow/dags/user_processing.py
[2022-04-27 13:27:01,731] {logging_mixin.py:104} WARNING - /home/airflow/sandbox/lib/python3.8/site-packages/airflow/providers/sqlite/operators/sqlite.py:25 DeprecationWarning: This decorator is deprecated.

In previous versions, all subclasses of BaseOperator must use apply_default decorator for the`default_args` feature to work properly.

In current version, it is optional. The decorator is applied automatically using the metaclass.
[2022-04-27 13:27:01,735] {scheduler_job.py:643} INFO - DAG(s) dict_keys(['user_processing']) retrieved from /home/airflow/airflow/dags/user_processing.py
[2022-04-27 13:27:01,741] {logging_mixin.py:104} INFO - [2022-04-27 13:27:01,741] {dag.py:1832} INFO - Sync 1 DAGs
[2022-04-27 13:27:01,749] {logging_mixin.py:104} INFO - [2022-04-27 13:27:01,749] {dag.py:2305} INFO - Setting next_dagrun for user_processing to 2022-04-28T00:00:00+00:00
[2022-04-27 13:27:01,766] {scheduler_job.py:190} INFO - Processing /home/airflow/airflow/dags/user_processing.py took 0.048 seconds
[2022-04-27 13:27:32,112] {scheduler_job.py:182} INFO - Started process (PID=126898) to work on /home/airflow/airflow/dags/user_processing.py
[2022-04-27 13:27:32,113] {scheduler_job.py:633} INFO - Processing file /home/airflow/airflow/dags/user_processing.py for tasks to queue
[2022-04-27 13:27:32,113] {logging_mixin.py:104} INFO - [2022-04-27 13:27:32,113] {dagbag.py:487} INFO - Filling up the DagBag from /home/airflow/airflow/dags/user_processing.py
[2022-04-27 13:27:32,118] {logging_mixin.py:104} WARNING - /home/airflow/sandbox/lib/python3.8/site-packages/airflow/providers/sqlite/operators/sqlite.py:25 DeprecationWarning: This decorator is deprecated.

In previous versions, all subclasses of BaseOperator must use apply_default decorator for the`default_args` feature to work properly.

In current version, it is optional. The decorator is applied automatically using the metaclass.
[2022-04-27 13:27:32,122] {scheduler_job.py:643} INFO - DAG(s) dict_keys(['user_processing']) retrieved from /home/airflow/airflow/dags/user_processing.py
[2022-04-27 13:27:32,128] {logging_mixin.py:104} INFO - [2022-04-27 13:27:32,128] {dag.py:1832} INFO - Sync 1 DAGs
[2022-04-27 13:27:32,135] {logging_mixin.py:104} INFO - [2022-04-27 13:27:32,135] {dag.py:2305} INFO - Setting next_dagrun for user_processing to 2022-04-28T00:00:00+00:00
[2022-04-27 13:27:32,153] {scheduler_job.py:190} INFO - Processing /home/airflow/airflow/dags/user_processing.py took 0.042 seconds
[2022-04-27 13:28:03,320] {scheduler_job.py:182} INFO - Started process (PID=126989) to work on /home/airflow/airflow/dags/user_processing.py
[2022-04-27 13:28:03,320] {scheduler_job.py:633} INFO - Processing file /home/airflow/airflow/dags/user_processing.py for tasks to queue
[2022-04-27 13:28:03,321] {logging_mixin.py:104} INFO - [2022-04-27 13:28:03,321] {dagbag.py:487} INFO - Filling up the DagBag from /home/airflow/airflow/dags/user_processing.py
[2022-04-27 13:28:03,326] {logging_mixin.py:104} WARNING - /home/airflow/sandbox/lib/python3.8/site-packages/airflow/providers/sqlite/operators/sqlite.py:25 DeprecationWarning: This decorator is deprecated.

In previous versions, all subclasses of BaseOperator must use apply_default decorator for the`default_args` feature to work properly.

In current version, it is optional. The decorator is applied automatically using the metaclass.
[2022-04-27 13:28:03,330] {scheduler_job.py:643} INFO - DAG(s) dict_keys(['user_processing']) retrieved from /home/airflow/airflow/dags/user_processing.py
[2022-04-27 13:28:03,336] {logging_mixin.py:104} INFO - [2022-04-27 13:28:03,336] {dag.py:1832} INFO - Sync 1 DAGs
[2022-04-27 13:28:03,343] {logging_mixin.py:104} INFO - [2022-04-27 13:28:03,343] {dag.py:2305} INFO - Setting next_dagrun for user_processing to 2022-04-28T00:00:00+00:00
[2022-04-27 13:28:03,361] {scheduler_job.py:190} INFO - Processing /home/airflow/airflow/dags/user_processing.py took 0.043 seconds
[2022-04-27 13:28:35,883] {scheduler_job.py:182} INFO - Started process (PID=127021) to work on /home/airflow/airflow/dags/user_processing.py
[2022-04-27 13:28:35,884] {scheduler_job.py:633} INFO - Processing file /home/airflow/airflow/dags/user_processing.py for tasks to queue
[2022-04-27 13:28:35,885] {logging_mixin.py:104} INFO - [2022-04-27 13:28:35,885] {dagbag.py:487} INFO - Filling up the DagBag from /home/airflow/airflow/dags/user_processing.py
[2022-04-27 13:28:35,892] {logging_mixin.py:104} WARNING - /home/airflow/sandbox/lib/python3.8/site-packages/airflow/providers/sqlite/operators/sqlite.py:25 DeprecationWarning: This decorator is deprecated.

In previous versions, all subclasses of BaseOperator must use apply_default decorator for the`default_args` feature to work properly.

In current version, it is optional. The decorator is applied automatically using the metaclass.
[2022-04-27 13:28:35,896] {scheduler_job.py:643} INFO - DAG(s) dict_keys(['user_processing']) retrieved from /home/airflow/airflow/dags/user_processing.py
[2022-04-27 13:28:35,902] {logging_mixin.py:104} INFO - [2022-04-27 13:28:35,902] {dag.py:1832} INFO - Sync 1 DAGs
[2022-04-27 13:28:35,909] {logging_mixin.py:104} INFO - [2022-04-27 13:28:35,909] {dag.py:2305} INFO - Setting next_dagrun for user_processing to 2022-04-28T00:00:00+00:00
[2022-04-27 13:28:35,927] {scheduler_job.py:190} INFO - Processing /home/airflow/airflow/dags/user_processing.py took 0.049 seconds
[2022-04-27 13:29:08,200] {scheduler_job.py:182} INFO - Started process (PID=127083) to work on /home/airflow/airflow/dags/user_processing.py
[2022-04-27 13:29:08,201] {scheduler_job.py:633} INFO - Processing file /home/airflow/airflow/dags/user_processing.py for tasks to queue
[2022-04-27 13:29:08,202] {logging_mixin.py:104} INFO - [2022-04-27 13:29:08,201] {dagbag.py:487} INFO - Filling up the DagBag from /home/airflow/airflow/dags/user_processing.py
[2022-04-27 13:29:08,209] {logging_mixin.py:104} WARNING - /home/airflow/sandbox/lib/python3.8/site-packages/airflow/providers/sqlite/operators/sqlite.py:25 DeprecationWarning: This decorator is deprecated.

In previous versions, all subclasses of BaseOperator must use apply_default decorator for the`default_args` feature to work properly.

In current version, it is optional. The decorator is applied automatically using the metaclass.
[2022-04-27 13:29:08,213] {scheduler_job.py:643} INFO - DAG(s) dict_keys(['user_processing']) retrieved from /home/airflow/airflow/dags/user_processing.py
[2022-04-27 13:29:08,220] {logging_mixin.py:104} INFO - [2022-04-27 13:29:08,220] {dag.py:1832} INFO - Sync 1 DAGs
[2022-04-27 13:29:08,226] {logging_mixin.py:104} INFO - [2022-04-27 13:29:08,226] {dag.py:2305} INFO - Setting next_dagrun for user_processing to 2022-04-28T00:00:00+00:00
[2022-04-27 13:29:08,244] {scheduler_job.py:190} INFO - Processing /home/airflow/airflow/dags/user_processing.py took 0.049 seconds
[2022-04-27 13:29:40,605] {scheduler_job.py:182} INFO - Started process (PID=127235) to work on /home/airflow/airflow/dags/user_processing.py
[2022-04-27 13:29:40,607] {scheduler_job.py:633} INFO - Processing file /home/airflow/airflow/dags/user_processing.py for tasks to queue
[2022-04-27 13:29:40,608] {logging_mixin.py:104} INFO - [2022-04-27 13:29:40,607] {dagbag.py:487} INFO - Filling up the DagBag from /home/airflow/airflow/dags/user_processing.py
[2022-04-27 13:29:40,614] {logging_mixin.py:104} WARNING - /home/airflow/sandbox/lib/python3.8/site-packages/airflow/providers/sqlite/operators/sqlite.py:25 DeprecationWarning: This decorator is deprecated.

In previous versions, all subclasses of BaseOperator must use apply_default decorator for the`default_args` feature to work properly.

In current version, it is optional. The decorator is applied automatically using the metaclass.
[2022-04-27 13:29:40,617] {scheduler_job.py:643} INFO - DAG(s) dict_keys(['user_processing']) retrieved from /home/airflow/airflow/dags/user_processing.py
[2022-04-27 13:29:40,627] {logging_mixin.py:104} INFO - [2022-04-27 13:29:40,627] {dag.py:1832} INFO - Sync 1 DAGs
[2022-04-27 13:29:40,634] {logging_mixin.py:104} INFO - [2022-04-27 13:29:40,634] {dag.py:2305} INFO - Setting next_dagrun for user_processing to 2022-04-28T00:00:00+00:00
[2022-04-27 13:29:40,651] {scheduler_job.py:190} INFO - Processing /home/airflow/airflow/dags/user_processing.py took 0.050 seconds
[2022-04-27 13:30:12,583] {scheduler_job.py:182} INFO - Started process (PID=127311) to work on /home/airflow/airflow/dags/user_processing.py
[2022-04-27 13:30:12,584] {scheduler_job.py:633} INFO - Processing file /home/airflow/airflow/dags/user_processing.py for tasks to queue
[2022-04-27 13:30:12,584] {logging_mixin.py:104} INFO - [2022-04-27 13:30:12,584] {dagbag.py:487} INFO - Filling up the DagBag from /home/airflow/airflow/dags/user_processing.py
[2022-04-27 13:30:12,591] {logging_mixin.py:104} WARNING - /home/airflow/sandbox/lib/python3.8/site-packages/airflow/providers/sqlite/operators/sqlite.py:25 DeprecationWarning: This decorator is deprecated.

In previous versions, all subclasses of BaseOperator must use apply_default decorator for the`default_args` feature to work properly.

In current version, it is optional. The decorator is applied automatically using the metaclass.
[2022-04-27 13:30:12,596] {scheduler_job.py:643} INFO - DAG(s) dict_keys(['user_processing']) retrieved from /home/airflow/airflow/dags/user_processing.py
[2022-04-27 13:30:12,602] {logging_mixin.py:104} INFO - [2022-04-27 13:30:12,602] {dag.py:1832} INFO - Sync 1 DAGs
[2022-04-27 13:30:12,608] {logging_mixin.py:104} INFO - [2022-04-27 13:30:12,608] {dag.py:2305} INFO - Setting next_dagrun for user_processing to 2022-04-28T00:00:00+00:00
[2022-04-27 13:30:12,626] {scheduler_job.py:190} INFO - Processing /home/airflow/airflow/dags/user_processing.py took 0.048 seconds
[2022-04-27 13:30:45,342] {scheduler_job.py:182} INFO - Started process (PID=127343) to work on /home/airflow/airflow/dags/user_processing.py
[2022-04-27 13:30:45,342] {scheduler_job.py:633} INFO - Processing file /home/airflow/airflow/dags/user_processing.py for tasks to queue
[2022-04-27 13:30:45,343] {logging_mixin.py:104} INFO - [2022-04-27 13:30:45,343] {dagbag.py:487} INFO - Filling up the DagBag from /home/airflow/airflow/dags/user_processing.py
[2022-04-27 13:30:45,348] {logging_mixin.py:104} WARNING - /home/airflow/sandbox/lib/python3.8/site-packages/airflow/providers/sqlite/operators/sqlite.py:25 DeprecationWarning: This decorator is deprecated.

In previous versions, all subclasses of BaseOperator must use apply_default decorator for the`default_args` feature to work properly.

In current version, it is optional. The decorator is applied automatically using the metaclass.
[2022-04-27 13:30:45,353] {scheduler_job.py:643} INFO - DAG(s) dict_keys(['user_processing']) retrieved from /home/airflow/airflow/dags/user_processing.py
[2022-04-27 13:30:45,360] {logging_mixin.py:104} INFO - [2022-04-27 13:30:45,360] {dag.py:1832} INFO - Sync 1 DAGs
[2022-04-27 13:30:45,366] {logging_mixin.py:104} INFO - [2022-04-27 13:30:45,366] {dag.py:2305} INFO - Setting next_dagrun for user_processing to 2022-04-28T00:00:00+00:00
[2022-04-27 13:30:45,384] {scheduler_job.py:190} INFO - Processing /home/airflow/airflow/dags/user_processing.py took 0.044 seconds
[2022-04-27 13:31:17,562] {scheduler_job.py:182} INFO - Started process (PID=127375) to work on /home/airflow/airflow/dags/user_processing.py
[2022-04-27 13:31:17,562] {scheduler_job.py:633} INFO - Processing file /home/airflow/airflow/dags/user_processing.py for tasks to queue
[2022-04-27 13:31:17,563] {logging_mixin.py:104} INFO - [2022-04-27 13:31:17,563] {dagbag.py:487} INFO - Filling up the DagBag from /home/airflow/airflow/dags/user_processing.py
[2022-04-27 13:31:17,569] {logging_mixin.py:104} WARNING - /home/airflow/sandbox/lib/python3.8/site-packages/airflow/providers/sqlite/operators/sqlite.py:25 DeprecationWarning: This decorator is deprecated.

In previous versions, all subclasses of BaseOperator must use apply_default decorator for the`default_args` feature to work properly.

In current version, it is optional. The decorator is applied automatically using the metaclass.
[2022-04-27 13:31:17,572] {scheduler_job.py:643} INFO - DAG(s) dict_keys(['user_processing']) retrieved from /home/airflow/airflow/dags/user_processing.py
[2022-04-27 13:31:17,579] {logging_mixin.py:104} INFO - [2022-04-27 13:31:17,579] {dag.py:1832} INFO - Sync 1 DAGs
[2022-04-27 13:31:17,585] {logging_mixin.py:104} INFO - [2022-04-27 13:31:17,585] {dag.py:2305} INFO - Setting next_dagrun for user_processing to 2022-04-28T00:00:00+00:00
[2022-04-27 13:31:17,602] {scheduler_job.py:190} INFO - Processing /home/airflow/airflow/dags/user_processing.py took 0.041 seconds
[2022-04-27 13:31:48,637] {scheduler_job.py:182} INFO - Started process (PID=127406) to work on /home/airflow/airflow/dags/user_processing.py
[2022-04-27 13:31:48,638] {scheduler_job.py:633} INFO - Processing file /home/airflow/airflow/dags/user_processing.py for tasks to queue
[2022-04-27 13:31:48,638] {logging_mixin.py:104} INFO - [2022-04-27 13:31:48,638] {dagbag.py:487} INFO - Filling up the DagBag from /home/airflow/airflow/dags/user_processing.py
[2022-04-27 13:31:48,645] {logging_mixin.py:104} WARNING - /home/airflow/sandbox/lib/python3.8/site-packages/airflow/providers/sqlite/operators/sqlite.py:25 DeprecationWarning: This decorator is deprecated.

In previous versions, all subclasses of BaseOperator must use apply_default decorator for the`default_args` feature to work properly.

In current version, it is optional. The decorator is applied automatically using the metaclass.
[2022-04-27 13:31:48,648] {scheduler_job.py:643} INFO - DAG(s) dict_keys(['user_processing']) retrieved from /home/airflow/airflow/dags/user_processing.py
[2022-04-27 13:31:48,654] {logging_mixin.py:104} INFO - [2022-04-27 13:31:48,654] {dag.py:1832} INFO - Sync 1 DAGs
[2022-04-27 13:31:48,660] {logging_mixin.py:104} INFO - [2022-04-27 13:31:48,660] {dag.py:2305} INFO - Setting next_dagrun for user_processing to 2022-04-28T00:00:00+00:00
[2022-04-27 13:31:48,677] {scheduler_job.py:190} INFO - Processing /home/airflow/airflow/dags/user_processing.py took 0.041 seconds
[2022-04-27 13:32:20,817] {scheduler_job.py:182} INFO - Started process (PID=127437) to work on /home/airflow/airflow/dags/user_processing.py
[2022-04-27 13:32:20,819] {scheduler_job.py:633} INFO - Processing file /home/airflow/airflow/dags/user_processing.py for tasks to queue
[2022-04-27 13:32:20,820] {logging_mixin.py:104} INFO - [2022-04-27 13:32:20,820] {dagbag.py:487} INFO - Filling up the DagBag from /home/airflow/airflow/dags/user_processing.py
[2022-04-27 13:32:20,828] {logging_mixin.py:104} WARNING - /home/airflow/sandbox/lib/python3.8/site-packages/airflow/providers/sqlite/operators/sqlite.py:25 DeprecationWarning: This decorator is deprecated.

In previous versions, all subclasses of BaseOperator must use apply_default decorator for the`default_args` feature to work properly.

In current version, it is optional. The decorator is applied automatically using the metaclass.
[2022-04-27 13:32:20,831] {scheduler_job.py:643} INFO - DAG(s) dict_keys(['user_processing']) retrieved from /home/airflow/airflow/dags/user_processing.py
[2022-04-27 13:32:20,838] {logging_mixin.py:104} INFO - [2022-04-27 13:32:20,837] {dag.py:1832} INFO - Sync 1 DAGs
[2022-04-27 13:32:20,844] {logging_mixin.py:104} INFO - [2022-04-27 13:32:20,844] {dag.py:2305} INFO - Setting next_dagrun for user_processing to 2022-04-28T00:00:00+00:00
[2022-04-27 13:32:20,862] {scheduler_job.py:190} INFO - Processing /home/airflow/airflow/dags/user_processing.py took 0.048 seconds
[2022-04-27 13:32:52,847] {scheduler_job.py:182} INFO - Started process (PID=127469) to work on /home/airflow/airflow/dags/user_processing.py
[2022-04-27 13:32:52,847] {scheduler_job.py:633} INFO - Processing file /home/airflow/airflow/dags/user_processing.py for tasks to queue
[2022-04-27 13:32:52,847] {logging_mixin.py:104} INFO - [2022-04-27 13:32:52,847] {dagbag.py:487} INFO - Filling up the DagBag from /home/airflow/airflow/dags/user_processing.py
[2022-04-27 13:32:52,854] {logging_mixin.py:104} WARNING - /home/airflow/sandbox/lib/python3.8/site-packages/airflow/providers/sqlite/operators/sqlite.py:25 DeprecationWarning: This decorator is deprecated.

In previous versions, all subclasses of BaseOperator must use apply_default decorator for the`default_args` feature to work properly.

In current version, it is optional. The decorator is applied automatically using the metaclass.
[2022-04-27 13:32:52,857] {scheduler_job.py:643} INFO - DAG(s) dict_keys(['user_processing']) retrieved from /home/airflow/airflow/dags/user_processing.py
[2022-04-27 13:32:52,863] {logging_mixin.py:104} INFO - [2022-04-27 13:32:52,863] {dag.py:1832} INFO - Sync 1 DAGs
[2022-04-27 13:32:52,869] {logging_mixin.py:104} INFO - [2022-04-27 13:32:52,869] {dag.py:2305} INFO - Setting next_dagrun for user_processing to 2022-04-28T00:00:00+00:00
[2022-04-27 13:32:52,889] {scheduler_job.py:190} INFO - Processing /home/airflow/airflow/dags/user_processing.py took 0.044 seconds
[2022-04-27 13:33:25,472] {scheduler_job.py:182} INFO - Started process (PID=127501) to work on /home/airflow/airflow/dags/user_processing.py
[2022-04-27 13:33:25,474] {scheduler_job.py:633} INFO - Processing file /home/airflow/airflow/dags/user_processing.py for tasks to queue
[2022-04-27 13:33:25,474] {logging_mixin.py:104} INFO - [2022-04-27 13:33:25,474] {dagbag.py:487} INFO - Filling up the DagBag from /home/airflow/airflow/dags/user_processing.py
[2022-04-27 13:33:25,483] {logging_mixin.py:104} WARNING - /home/airflow/sandbox/lib/python3.8/site-packages/airflow/providers/sqlite/operators/sqlite.py:25 DeprecationWarning: This decorator is deprecated.

In previous versions, all subclasses of BaseOperator must use apply_default decorator for the`default_args` feature to work properly.

In current version, it is optional. The decorator is applied automatically using the metaclass.
[2022-04-27 13:33:25,487] {scheduler_job.py:643} INFO - DAG(s) dict_keys(['user_processing']) retrieved from /home/airflow/airflow/dags/user_processing.py
[2022-04-27 13:33:25,493] {logging_mixin.py:104} INFO - [2022-04-27 13:33:25,493] {dag.py:1832} INFO - Sync 1 DAGs
[2022-04-27 13:33:25,499] {logging_mixin.py:104} INFO - [2022-04-27 13:33:25,499] {dag.py:2305} INFO - Setting next_dagrun for user_processing to 2022-04-28T00:00:00+00:00
[2022-04-27 13:33:25,506] {scheduler_job.py:190} INFO - Processing /home/airflow/airflow/dags/user_processing.py took 0.038 seconds
[2022-04-27 13:33:56,498] {scheduler_job.py:182} INFO - Started process (PID=127533) to work on /home/airflow/airflow/dags/user_processing.py
[2022-04-27 13:33:56,499] {scheduler_job.py:633} INFO - Processing file /home/airflow/airflow/dags/user_processing.py for tasks to queue
[2022-04-27 13:33:56,500] {logging_mixin.py:104} INFO - [2022-04-27 13:33:56,500] {dagbag.py:487} INFO - Filling up the DagBag from /home/airflow/airflow/dags/user_processing.py
[2022-04-27 13:33:56,508] {logging_mixin.py:104} WARNING - /home/airflow/sandbox/lib/python3.8/site-packages/airflow/providers/sqlite/operators/sqlite.py:25 DeprecationWarning: This decorator is deprecated.

In previous versions, all subclasses of BaseOperator must use apply_default decorator for the`default_args` feature to work properly.

In current version, it is optional. The decorator is applied automatically using the metaclass.
[2022-04-27 13:33:56,511] {scheduler_job.py:643} INFO - DAG(s) dict_keys(['user_processing']) retrieved from /home/airflow/airflow/dags/user_processing.py
[2022-04-27 13:33:56,517] {logging_mixin.py:104} INFO - [2022-04-27 13:33:56,517] {dag.py:1832} INFO - Sync 1 DAGs
[2022-04-27 13:33:56,523] {logging_mixin.py:104} INFO - [2022-04-27 13:33:56,523] {dag.py:2305} INFO - Setting next_dagrun for user_processing to 2022-04-28T00:00:00+00:00
[2022-04-27 13:33:56,540] {scheduler_job.py:190} INFO - Processing /home/airflow/airflow/dags/user_processing.py took 0.046 seconds
[2022-04-27 13:34:27,507] {scheduler_job.py:182} INFO - Started process (PID=127563) to work on /home/airflow/airflow/dags/user_processing.py
[2022-04-27 13:34:27,508] {scheduler_job.py:633} INFO - Processing file /home/airflow/airflow/dags/user_processing.py for tasks to queue
[2022-04-27 13:34:27,508] {logging_mixin.py:104} INFO - [2022-04-27 13:34:27,508] {dagbag.py:487} INFO - Filling up the DagBag from /home/airflow/airflow/dags/user_processing.py
[2022-04-27 13:34:27,515] {logging_mixin.py:104} WARNING - /home/airflow/sandbox/lib/python3.8/site-packages/airflow/providers/sqlite/operators/sqlite.py:25 DeprecationWarning: This decorator is deprecated.

In previous versions, all subclasses of BaseOperator must use apply_default decorator for the`default_args` feature to work properly.

In current version, it is optional. The decorator is applied automatically using the metaclass.
[2022-04-27 13:34:27,519] {scheduler_job.py:643} INFO - DAG(s) dict_keys(['user_processing']) retrieved from /home/airflow/airflow/dags/user_processing.py
[2022-04-27 13:34:27,525] {logging_mixin.py:104} INFO - [2022-04-27 13:34:27,525] {dag.py:1832} INFO - Sync 1 DAGs
[2022-04-27 13:34:27,531] {logging_mixin.py:104} INFO - [2022-04-27 13:34:27,531] {dag.py:2305} INFO - Setting next_dagrun for user_processing to 2022-04-28T00:00:00+00:00
[2022-04-27 13:34:27,548] {scheduler_job.py:190} INFO - Processing /home/airflow/airflow/dags/user_processing.py took 0.043 seconds
[2022-04-27 13:34:58,414] {scheduler_job.py:182} INFO - Started process (PID=127615) to work on /home/airflow/airflow/dags/user_processing.py
[2022-04-27 13:34:58,416] {scheduler_job.py:633} INFO - Processing file /home/airflow/airflow/dags/user_processing.py for tasks to queue
[2022-04-27 13:34:58,416] {logging_mixin.py:104} INFO - [2022-04-27 13:34:58,416] {dagbag.py:487} INFO - Filling up the DagBag from /home/airflow/airflow/dags/user_processing.py
[2022-04-27 13:34:58,423] {logging_mixin.py:104} WARNING - /home/airflow/sandbox/lib/python3.8/site-packages/airflow/providers/sqlite/operators/sqlite.py:25 DeprecationWarning: This decorator is deprecated.

In previous versions, all subclasses of BaseOperator must use apply_default decorator for the`default_args` feature to work properly.

In current version, it is optional. The decorator is applied automatically using the metaclass.
[2022-04-27 13:34:58,426] {scheduler_job.py:643} INFO - DAG(s) dict_keys(['user_processing']) retrieved from /home/airflow/airflow/dags/user_processing.py
[2022-04-27 13:34:58,433] {logging_mixin.py:104} INFO - [2022-04-27 13:34:58,433] {dag.py:1832} INFO - Sync 1 DAGs
[2022-04-27 13:34:58,439] {logging_mixin.py:104} INFO - [2022-04-27 13:34:58,439] {dag.py:2305} INFO - Setting next_dagrun for user_processing to 2022-04-28T00:00:00+00:00
[2022-04-27 13:34:58,458] {scheduler_job.py:190} INFO - Processing /home/airflow/airflow/dags/user_processing.py took 0.049 seconds
[2022-04-27 13:35:30,951] {scheduler_job.py:182} INFO - Started process (PID=127668) to work on /home/airflow/airflow/dags/user_processing.py
[2022-04-27 13:35:30,952] {scheduler_job.py:633} INFO - Processing file /home/airflow/airflow/dags/user_processing.py for tasks to queue
[2022-04-27 13:35:30,952] {logging_mixin.py:104} INFO - [2022-04-27 13:35:30,952] {dagbag.py:487} INFO - Filling up the DagBag from /home/airflow/airflow/dags/user_processing.py
[2022-04-27 13:35:30,957] {logging_mixin.py:104} WARNING - /home/airflow/sandbox/lib/python3.8/site-packages/airflow/providers/sqlite/operators/sqlite.py:25 DeprecationWarning: This decorator is deprecated.

In previous versions, all subclasses of BaseOperator must use apply_default decorator for the`default_args` feature to work properly.

In current version, it is optional. The decorator is applied automatically using the metaclass.
[2022-04-27 13:35:30,961] {scheduler_job.py:643} INFO - DAG(s) dict_keys(['user_processing']) retrieved from /home/airflow/airflow/dags/user_processing.py
[2022-04-27 13:35:30,967] {logging_mixin.py:104} INFO - [2022-04-27 13:35:30,967] {dag.py:1832} INFO - Sync 1 DAGs
[2022-04-27 13:35:30,973] {logging_mixin.py:104} INFO - [2022-04-27 13:35:30,973] {dag.py:2305} INFO - Setting next_dagrun for user_processing to 2022-04-28T00:00:00+00:00
[2022-04-27 13:35:30,992] {scheduler_job.py:190} INFO - Processing /home/airflow/airflow/dags/user_processing.py took 0.042 seconds
[2022-04-27 13:36:01,236] {scheduler_job.py:182} INFO - Started process (PID=127698) to work on /home/airflow/airflow/dags/user_processing.py
[2022-04-27 13:36:01,238] {scheduler_job.py:633} INFO - Processing file /home/airflow/airflow/dags/user_processing.py for tasks to queue
[2022-04-27 13:36:01,238] {logging_mixin.py:104} INFO - [2022-04-27 13:36:01,238] {dagbag.py:487} INFO - Filling up the DagBag from /home/airflow/airflow/dags/user_processing.py
[2022-04-27 13:36:01,245] {logging_mixin.py:104} WARNING - /home/airflow/sandbox/lib/python3.8/site-packages/airflow/providers/sqlite/operators/sqlite.py:25 DeprecationWarning: This decorator is deprecated.

In previous versions, all subclasses of BaseOperator must use apply_default decorator for the`default_args` feature to work properly.

In current version, it is optional. The decorator is applied automatically using the metaclass.
[2022-04-27 13:36:01,249] {scheduler_job.py:643} INFO - DAG(s) dict_keys(['user_processing']) retrieved from /home/airflow/airflow/dags/user_processing.py
[2022-04-27 13:36:01,255] {logging_mixin.py:104} INFO - [2022-04-27 13:36:01,255] {dag.py:1832} INFO - Sync 1 DAGs
[2022-04-27 13:36:01,261] {logging_mixin.py:104} INFO - [2022-04-27 13:36:01,261] {dag.py:2305} INFO - Setting next_dagrun for user_processing to 2022-04-28T00:00:00+00:00
[2022-04-27 13:36:01,280] {scheduler_job.py:190} INFO - Processing /home/airflow/airflow/dags/user_processing.py took 0.048 seconds
[2022-04-27 13:36:31,730] {scheduler_job.py:182} INFO - Started process (PID=127729) to work on /home/airflow/airflow/dags/user_processing.py
[2022-04-27 13:36:31,730] {scheduler_job.py:633} INFO - Processing file /home/airflow/airflow/dags/user_processing.py for tasks to queue
[2022-04-27 13:36:31,731] {logging_mixin.py:104} INFO - [2022-04-27 13:36:31,731] {dagbag.py:487} INFO - Filling up the DagBag from /home/airflow/airflow/dags/user_processing.py
[2022-04-27 13:36:31,736] {logging_mixin.py:104} WARNING - /home/airflow/sandbox/lib/python3.8/site-packages/airflow/providers/sqlite/operators/sqlite.py:25 DeprecationWarning: This decorator is deprecated.

In previous versions, all subclasses of BaseOperator must use apply_default decorator for the`default_args` feature to work properly.

In current version, it is optional. The decorator is applied automatically using the metaclass.
[2022-04-27 13:36:31,739] {scheduler_job.py:643} INFO - DAG(s) dict_keys(['user_processing']) retrieved from /home/airflow/airflow/dags/user_processing.py
[2022-04-27 13:36:31,746] {logging_mixin.py:104} INFO - [2022-04-27 13:36:31,746] {dag.py:1832} INFO - Sync 1 DAGs
[2022-04-27 13:36:31,752] {logging_mixin.py:104} INFO - [2022-04-27 13:36:31,752] {dag.py:2305} INFO - Setting next_dagrun for user_processing to 2022-04-28T00:00:00+00:00
[2022-04-27 13:36:31,768] {scheduler_job.py:190} INFO - Processing /home/airflow/airflow/dags/user_processing.py took 0.040 seconds
[2022-04-27 13:37:03,826] {scheduler_job.py:182} INFO - Started process (PID=127760) to work on /home/airflow/airflow/dags/user_processing.py
[2022-04-27 13:37:03,826] {scheduler_job.py:633} INFO - Processing file /home/airflow/airflow/dags/user_processing.py for tasks to queue
[2022-04-27 13:37:03,827] {logging_mixin.py:104} INFO - [2022-04-27 13:37:03,827] {dagbag.py:487} INFO - Filling up the DagBag from /home/airflow/airflow/dags/user_processing.py
[2022-04-27 13:37:03,832] {logging_mixin.py:104} WARNING - /home/airflow/sandbox/lib/python3.8/site-packages/airflow/providers/sqlite/operators/sqlite.py:25 DeprecationWarning: This decorator is deprecated.

In previous versions, all subclasses of BaseOperator must use apply_default decorator for the`default_args` feature to work properly.

In current version, it is optional. The decorator is applied automatically using the metaclass.
[2022-04-27 13:37:03,835] {scheduler_job.py:643} INFO - DAG(s) dict_keys(['user_processing']) retrieved from /home/airflow/airflow/dags/user_processing.py
[2022-04-27 13:37:03,842] {logging_mixin.py:104} INFO - [2022-04-27 13:37:03,842] {dag.py:1832} INFO - Sync 1 DAGs
[2022-04-27 13:37:03,847] {logging_mixin.py:104} INFO - [2022-04-27 13:37:03,847] {dag.py:2305} INFO - Setting next_dagrun for user_processing to 2022-04-28T00:00:00+00:00
[2022-04-27 13:37:03,867] {scheduler_job.py:190} INFO - Processing /home/airflow/airflow/dags/user_processing.py took 0.042 seconds
[2022-04-27 13:37:35,780] {scheduler_job.py:182} INFO - Started process (PID=127792) to work on /home/airflow/airflow/dags/user_processing.py
[2022-04-27 13:37:35,781] {scheduler_job.py:633} INFO - Processing file /home/airflow/airflow/dags/user_processing.py for tasks to queue
[2022-04-27 13:37:35,781] {logging_mixin.py:104} INFO - [2022-04-27 13:37:35,781] {dagbag.py:487} INFO - Filling up the DagBag from /home/airflow/airflow/dags/user_processing.py
[2022-04-27 13:37:35,786] {logging_mixin.py:104} WARNING - /home/airflow/sandbox/lib/python3.8/site-packages/airflow/providers/sqlite/operators/sqlite.py:25 DeprecationWarning: This decorator is deprecated.

In previous versions, all subclasses of BaseOperator must use apply_default decorator for the`default_args` feature to work properly.

In current version, it is optional. The decorator is applied automatically using the metaclass.
[2022-04-27 13:37:35,790] {scheduler_job.py:643} INFO - DAG(s) dict_keys(['user_processing']) retrieved from /home/airflow/airflow/dags/user_processing.py
[2022-04-27 13:37:35,796] {logging_mixin.py:104} INFO - [2022-04-27 13:37:35,796] {dag.py:1832} INFO - Sync 1 DAGs
[2022-04-27 13:37:35,803] {logging_mixin.py:104} INFO - [2022-04-27 13:37:35,803] {dag.py:2305} INFO - Setting next_dagrun for user_processing to 2022-04-28T00:00:00+00:00
[2022-04-27 13:37:35,821] {scheduler_job.py:190} INFO - Processing /home/airflow/airflow/dags/user_processing.py took 0.042 seconds
[2022-04-27 13:38:08,504] {scheduler_job.py:182} INFO - Started process (PID=127824) to work on /home/airflow/airflow/dags/user_processing.py
[2022-04-27 13:38:08,505] {scheduler_job.py:633} INFO - Processing file /home/airflow/airflow/dags/user_processing.py for tasks to queue
[2022-04-27 13:38:08,505] {logging_mixin.py:104} INFO - [2022-04-27 13:38:08,505] {dagbag.py:487} INFO - Filling up the DagBag from /home/airflow/airflow/dags/user_processing.py
[2022-04-27 13:38:08,510] {logging_mixin.py:104} WARNING - /home/airflow/sandbox/lib/python3.8/site-packages/airflow/providers/sqlite/operators/sqlite.py:25 DeprecationWarning: This decorator is deprecated.

In previous versions, all subclasses of BaseOperator must use apply_default decorator for the`default_args` feature to work properly.

In current version, it is optional. The decorator is applied automatically using the metaclass.
[2022-04-27 13:38:08,514] {scheduler_job.py:643} INFO - DAG(s) dict_keys(['user_processing']) retrieved from /home/airflow/airflow/dags/user_processing.py
[2022-04-27 13:38:08,520] {logging_mixin.py:104} INFO - [2022-04-27 13:38:08,520] {dag.py:1832} INFO - Sync 1 DAGs
[2022-04-27 13:38:08,526] {logging_mixin.py:104} INFO - [2022-04-27 13:38:08,526] {dag.py:2305} INFO - Setting next_dagrun for user_processing to 2022-04-28T00:00:00+00:00
[2022-04-27 13:38:08,546] {scheduler_job.py:190} INFO - Processing /home/airflow/airflow/dags/user_processing.py took 0.043 seconds
[2022-04-27 13:38:39,502] {scheduler_job.py:182} INFO - Started process (PID=127856) to work on /home/airflow/airflow/dags/user_processing.py
[2022-04-27 13:38:39,503] {scheduler_job.py:633} INFO - Processing file /home/airflow/airflow/dags/user_processing.py for tasks to queue
[2022-04-27 13:38:39,503] {logging_mixin.py:104} INFO - [2022-04-27 13:38:39,503] {dagbag.py:487} INFO - Filling up the DagBag from /home/airflow/airflow/dags/user_processing.py
[2022-04-27 13:38:39,508] {logging_mixin.py:104} WARNING - /home/airflow/sandbox/lib/python3.8/site-packages/airflow/providers/sqlite/operators/sqlite.py:25 DeprecationWarning: This decorator is deprecated.

In previous versions, all subclasses of BaseOperator must use apply_default decorator for the`default_args` feature to work properly.

In current version, it is optional. The decorator is applied automatically using the metaclass.
[2022-04-27 13:38:39,512] {scheduler_job.py:643} INFO - DAG(s) dict_keys(['user_processing']) retrieved from /home/airflow/airflow/dags/user_processing.py
[2022-04-27 13:38:39,519] {logging_mixin.py:104} INFO - [2022-04-27 13:38:39,518] {dag.py:1832} INFO - Sync 1 DAGs
[2022-04-27 13:38:39,524] {logging_mixin.py:104} INFO - [2022-04-27 13:38:39,524] {dag.py:2305} INFO - Setting next_dagrun for user_processing to 2022-04-28T00:00:00+00:00
[2022-04-27 13:38:39,542] {scheduler_job.py:190} INFO - Processing /home/airflow/airflow/dags/user_processing.py took 0.041 seconds
[2022-04-27 13:39:09,993] {scheduler_job.py:182} INFO - Started process (PID=127886) to work on /home/airflow/airflow/dags/user_processing.py
[2022-04-27 13:39:09,994] {scheduler_job.py:633} INFO - Processing file /home/airflow/airflow/dags/user_processing.py for tasks to queue
[2022-04-27 13:39:09,994] {logging_mixin.py:104} INFO - [2022-04-27 13:39:09,994] {dagbag.py:487} INFO - Filling up the DagBag from /home/airflow/airflow/dags/user_processing.py
[2022-04-27 13:39:10,000] {logging_mixin.py:104} WARNING - /home/airflow/sandbox/lib/python3.8/site-packages/airflow/providers/sqlite/operators/sqlite.py:25 DeprecationWarning: This decorator is deprecated.

In previous versions, all subclasses of BaseOperator must use apply_default decorator for the`default_args` feature to work properly.

In current version, it is optional. The decorator is applied automatically using the metaclass.
[2022-04-27 13:39:10,003] {scheduler_job.py:643} INFO - DAG(s) dict_keys(['user_processing']) retrieved from /home/airflow/airflow/dags/user_processing.py
[2022-04-27 13:39:10,010] {logging_mixin.py:104} INFO - [2022-04-27 13:39:10,009] {dag.py:1832} INFO - Sync 1 DAGs
[2022-04-27 13:39:10,015] {logging_mixin.py:104} INFO - [2022-04-27 13:39:10,015] {dag.py:2305} INFO - Setting next_dagrun for user_processing to 2022-04-28T00:00:00+00:00
[2022-04-27 13:39:10,034] {scheduler_job.py:190} INFO - Processing /home/airflow/airflow/dags/user_processing.py took 0.042 seconds
[2022-04-27 13:39:42,744] {scheduler_job.py:182} INFO - Started process (PID=127918) to work on /home/airflow/airflow/dags/user_processing.py
[2022-04-27 13:39:42,745] {scheduler_job.py:633} INFO - Processing file /home/airflow/airflow/dags/user_processing.py for tasks to queue
[2022-04-27 13:39:42,746] {logging_mixin.py:104} INFO - [2022-04-27 13:39:42,746] {dagbag.py:487} INFO - Filling up the DagBag from /home/airflow/airflow/dags/user_processing.py
[2022-04-27 13:39:42,753] {logging_mixin.py:104} WARNING - /home/airflow/sandbox/lib/python3.8/site-packages/airflow/providers/sqlite/operators/sqlite.py:25 DeprecationWarning: This decorator is deprecated.

In previous versions, all subclasses of BaseOperator must use apply_default decorator for the`default_args` feature to work properly.

In current version, it is optional. The decorator is applied automatically using the metaclass.
[2022-04-27 13:39:42,756] {scheduler_job.py:643} INFO - DAG(s) dict_keys(['user_processing']) retrieved from /home/airflow/airflow/dags/user_processing.py
[2022-04-27 13:39:42,762] {logging_mixin.py:104} INFO - [2022-04-27 13:39:42,762] {dag.py:1832} INFO - Sync 1 DAGs
[2022-04-27 13:39:42,768] {logging_mixin.py:104} INFO - [2022-04-27 13:39:42,768] {dag.py:2305} INFO - Setting next_dagrun for user_processing to 2022-04-28T00:00:00+00:00
[2022-04-27 13:39:42,787] {scheduler_job.py:190} INFO - Processing /home/airflow/airflow/dags/user_processing.py took 0.047 seconds
[2022-04-27 13:40:14,784] {scheduler_job.py:182} INFO - Started process (PID=127992) to work on /home/airflow/airflow/dags/user_processing.py
[2022-04-27 13:40:14,784] {scheduler_job.py:633} INFO - Processing file /home/airflow/airflow/dags/user_processing.py for tasks to queue
[2022-04-27 13:40:14,785] {logging_mixin.py:104} INFO - [2022-04-27 13:40:14,785] {dagbag.py:487} INFO - Filling up the DagBag from /home/airflow/airflow/dags/user_processing.py
[2022-04-27 13:40:14,790] {logging_mixin.py:104} WARNING - /home/airflow/sandbox/lib/python3.8/site-packages/airflow/providers/sqlite/operators/sqlite.py:25 DeprecationWarning: This decorator is deprecated.

In previous versions, all subclasses of BaseOperator must use apply_default decorator for the`default_args` feature to work properly.

In current version, it is optional. The decorator is applied automatically using the metaclass.
[2022-04-27 13:40:14,793] {scheduler_job.py:643} INFO - DAG(s) dict_keys(['user_processing']) retrieved from /home/airflow/airflow/dags/user_processing.py
[2022-04-27 13:40:14,800] {logging_mixin.py:104} INFO - [2022-04-27 13:40:14,800] {dag.py:1832} INFO - Sync 1 DAGs
[2022-04-27 13:40:14,806] {logging_mixin.py:104} INFO - [2022-04-27 13:40:14,806] {dag.py:2305} INFO - Setting next_dagrun for user_processing to 2022-04-28T00:00:00+00:00
[2022-04-27 13:40:14,824] {scheduler_job.py:190} INFO - Processing /home/airflow/airflow/dags/user_processing.py took 0.042 seconds
[2022-04-27 13:40:45,782] {scheduler_job.py:182} INFO - Started process (PID=128023) to work on /home/airflow/airflow/dags/user_processing.py
[2022-04-27 13:40:45,783] {scheduler_job.py:633} INFO - Processing file /home/airflow/airflow/dags/user_processing.py for tasks to queue
[2022-04-27 13:40:45,783] {logging_mixin.py:104} INFO - [2022-04-27 13:40:45,783] {dagbag.py:487} INFO - Filling up the DagBag from /home/airflow/airflow/dags/user_processing.py
[2022-04-27 13:40:45,788] {logging_mixin.py:104} WARNING - /home/airflow/sandbox/lib/python3.8/site-packages/airflow/providers/sqlite/operators/sqlite.py:25 DeprecationWarning: This decorator is deprecated.

In previous versions, all subclasses of BaseOperator must use apply_default decorator for the`default_args` feature to work properly.

In current version, it is optional. The decorator is applied automatically using the metaclass.
[2022-04-27 13:40:45,791] {scheduler_job.py:643} INFO - DAG(s) dict_keys(['user_processing']) retrieved from /home/airflow/airflow/dags/user_processing.py
[2022-04-27 13:40:45,798] {logging_mixin.py:104} INFO - [2022-04-27 13:40:45,798] {dag.py:1832} INFO - Sync 1 DAGs
[2022-04-27 13:40:45,804] {logging_mixin.py:104} INFO - [2022-04-27 13:40:45,804] {dag.py:2305} INFO - Setting next_dagrun for user_processing to 2022-04-28T00:00:00+00:00
[2022-04-27 13:40:45,852] {scheduler_job.py:190} INFO - Processing /home/airflow/airflow/dags/user_processing.py took 0.071 seconds
[2022-04-27 13:41:18,337] {scheduler_job.py:182} INFO - Started process (PID=128055) to work on /home/airflow/airflow/dags/user_processing.py
[2022-04-27 13:41:18,338] {scheduler_job.py:633} INFO - Processing file /home/airflow/airflow/dags/user_processing.py for tasks to queue
[2022-04-27 13:41:18,338] {logging_mixin.py:104} INFO - [2022-04-27 13:41:18,338] {dagbag.py:487} INFO - Filling up the DagBag from /home/airflow/airflow/dags/user_processing.py
[2022-04-27 13:41:18,346] {logging_mixin.py:104} WARNING - /home/airflow/sandbox/lib/python3.8/site-packages/airflow/providers/sqlite/operators/sqlite.py:25 DeprecationWarning: This decorator is deprecated.

In previous versions, all subclasses of BaseOperator must use apply_default decorator for the`default_args` feature to work properly.

In current version, it is optional. The decorator is applied automatically using the metaclass.
[2022-04-27 13:41:18,349] {scheduler_job.py:643} INFO - DAG(s) dict_keys(['user_processing']) retrieved from /home/airflow/airflow/dags/user_processing.py
[2022-04-27 13:41:18,355] {logging_mixin.py:104} INFO - [2022-04-27 13:41:18,355] {dag.py:1832} INFO - Sync 1 DAGs
[2022-04-27 13:41:18,361] {logging_mixin.py:104} INFO - [2022-04-27 13:41:18,361] {dag.py:2305} INFO - Setting next_dagrun for user_processing to 2022-04-28T00:00:00+00:00
[2022-04-27 13:41:18,379] {scheduler_job.py:190} INFO - Processing /home/airflow/airflow/dags/user_processing.py took 0.048 seconds
[2022-04-27 13:41:49,746] {scheduler_job.py:182} INFO - Started process (PID=128087) to work on /home/airflow/airflow/dags/user_processing.py
[2022-04-27 13:41:49,747] {scheduler_job.py:633} INFO - Processing file /home/airflow/airflow/dags/user_processing.py for tasks to queue
[2022-04-27 13:41:49,747] {logging_mixin.py:104} INFO - [2022-04-27 13:41:49,747] {dagbag.py:487} INFO - Filling up the DagBag from /home/airflow/airflow/dags/user_processing.py
[2022-04-27 13:41:49,752] {logging_mixin.py:104} WARNING - /home/airflow/sandbox/lib/python3.8/site-packages/airflow/providers/sqlite/operators/sqlite.py:25 DeprecationWarning: This decorator is deprecated.

In previous versions, all subclasses of BaseOperator must use apply_default decorator for the`default_args` feature to work properly.

In current version, it is optional. The decorator is applied automatically using the metaclass.
[2022-04-27 13:41:49,755] {scheduler_job.py:643} INFO - DAG(s) dict_keys(['user_processing']) retrieved from /home/airflow/airflow/dags/user_processing.py
[2022-04-27 13:41:49,762] {logging_mixin.py:104} INFO - [2022-04-27 13:41:49,762] {dag.py:1832} INFO - Sync 1 DAGs
[2022-04-27 13:41:49,768] {logging_mixin.py:104} INFO - [2022-04-27 13:41:49,768] {dag.py:2305} INFO - Setting next_dagrun for user_processing to 2022-04-28T00:00:00+00:00
[2022-04-27 13:41:49,786] {scheduler_job.py:190} INFO - Processing /home/airflow/airflow/dags/user_processing.py took 0.042 seconds
[2022-04-27 13:42:20,028] {scheduler_job.py:182} INFO - Started process (PID=128117) to work on /home/airflow/airflow/dags/user_processing.py
[2022-04-27 13:42:20,029] {scheduler_job.py:633} INFO - Processing file /home/airflow/airflow/dags/user_processing.py for tasks to queue
[2022-04-27 13:42:20,029] {logging_mixin.py:104} INFO - [2022-04-27 13:42:20,029] {dagbag.py:487} INFO - Filling up the DagBag from /home/airflow/airflow/dags/user_processing.py
[2022-04-27 13:42:20,034] {logging_mixin.py:104} WARNING - /home/airflow/sandbox/lib/python3.8/site-packages/airflow/providers/sqlite/operators/sqlite.py:25 DeprecationWarning: This decorator is deprecated.

In previous versions, all subclasses of BaseOperator must use apply_default decorator for the`default_args` feature to work properly.

In current version, it is optional. The decorator is applied automatically using the metaclass.
[2022-04-27 13:42:20,037] {scheduler_job.py:643} INFO - DAG(s) dict_keys(['user_processing']) retrieved from /home/airflow/airflow/dags/user_processing.py
[2022-04-27 13:42:20,044] {logging_mixin.py:104} INFO - [2022-04-27 13:42:20,044] {dag.py:1832} INFO - Sync 1 DAGs
[2022-04-27 13:42:20,050] {logging_mixin.py:104} INFO - [2022-04-27 13:42:20,050] {dag.py:2305} INFO - Setting next_dagrun for user_processing to 2022-04-28T00:00:00+00:00
[2022-04-27 13:42:20,067] {scheduler_job.py:190} INFO - Processing /home/airflow/airflow/dags/user_processing.py took 0.041 seconds
[2022-04-27 13:42:52,573] {scheduler_job.py:182} INFO - Started process (PID=128149) to work on /home/airflow/airflow/dags/user_processing.py
[2022-04-27 13:42:52,575] {scheduler_job.py:633} INFO - Processing file /home/airflow/airflow/dags/user_processing.py for tasks to queue
[2022-04-27 13:42:52,575] {logging_mixin.py:104} INFO - [2022-04-27 13:42:52,575] {dagbag.py:487} INFO - Filling up the DagBag from /home/airflow/airflow/dags/user_processing.py
[2022-04-27 13:42:52,583] {logging_mixin.py:104} WARNING - /home/airflow/sandbox/lib/python3.8/site-packages/airflow/providers/sqlite/operators/sqlite.py:25 DeprecationWarning: This decorator is deprecated.

In previous versions, all subclasses of BaseOperator must use apply_default decorator for the`default_args` feature to work properly.

In current version, it is optional. The decorator is applied automatically using the metaclass.
[2022-04-27 13:42:52,586] {scheduler_job.py:643} INFO - DAG(s) dict_keys(['user_processing']) retrieved from /home/airflow/airflow/dags/user_processing.py
[2022-04-27 13:42:52,592] {logging_mixin.py:104} INFO - [2022-04-27 13:42:52,592] {dag.py:1832} INFO - Sync 1 DAGs
[2022-04-27 13:42:52,598] {logging_mixin.py:104} INFO - [2022-04-27 13:42:52,598] {dag.py:2305} INFO - Setting next_dagrun for user_processing to 2022-04-28T00:00:00+00:00
[2022-04-27 13:42:52,616] {scheduler_job.py:190} INFO - Processing /home/airflow/airflow/dags/user_processing.py took 0.047 seconds
[2022-04-27 13:43:23,482] {scheduler_job.py:182} INFO - Started process (PID=128180) to work on /home/airflow/airflow/dags/user_processing.py
[2022-04-27 13:43:23,483] {scheduler_job.py:633} INFO - Processing file /home/airflow/airflow/dags/user_processing.py for tasks to queue
[2022-04-27 13:43:23,484] {logging_mixin.py:104} INFO - [2022-04-27 13:43:23,484] {dagbag.py:487} INFO - Filling up the DagBag from /home/airflow/airflow/dags/user_processing.py
[2022-04-27 13:43:23,491] {logging_mixin.py:104} WARNING - /home/airflow/sandbox/lib/python3.8/site-packages/airflow/providers/sqlite/operators/sqlite.py:25 DeprecationWarning: This decorator is deprecated.

In previous versions, all subclasses of BaseOperator must use apply_default decorator for the`default_args` feature to work properly.

In current version, it is optional. The decorator is applied automatically using the metaclass.
[2022-04-27 13:43:23,494] {scheduler_job.py:643} INFO - DAG(s) dict_keys(['user_processing']) retrieved from /home/airflow/airflow/dags/user_processing.py
[2022-04-27 13:43:23,500] {logging_mixin.py:104} INFO - [2022-04-27 13:43:23,500] {dag.py:1832} INFO - Sync 1 DAGs
[2022-04-27 13:43:23,506] {logging_mixin.py:104} INFO - [2022-04-27 13:43:23,506] {dag.py:2305} INFO - Setting next_dagrun for user_processing to 2022-04-28T00:00:00+00:00
[2022-04-27 13:43:23,524] {scheduler_job.py:190} INFO - Processing /home/airflow/airflow/dags/user_processing.py took 0.046 seconds
[2022-04-27 13:43:55,623] {scheduler_job.py:182} INFO - Started process (PID=128211) to work on /home/airflow/airflow/dags/user_processing.py
[2022-04-27 13:43:55,623] {scheduler_job.py:633} INFO - Processing file /home/airflow/airflow/dags/user_processing.py for tasks to queue
[2022-04-27 13:43:55,624] {logging_mixin.py:104} INFO - [2022-04-27 13:43:55,624] {dagbag.py:487} INFO - Filling up the DagBag from /home/airflow/airflow/dags/user_processing.py
[2022-04-27 13:43:55,629] {logging_mixin.py:104} WARNING - /home/airflow/sandbox/lib/python3.8/site-packages/airflow/providers/sqlite/operators/sqlite.py:25 DeprecationWarning: This decorator is deprecated.

In previous versions, all subclasses of BaseOperator must use apply_default decorator for the`default_args` feature to work properly.

In current version, it is optional. The decorator is applied automatically using the metaclass.
[2022-04-27 13:43:55,632] {scheduler_job.py:643} INFO - DAG(s) dict_keys(['user_processing']) retrieved from /home/airflow/airflow/dags/user_processing.py
[2022-04-27 13:43:55,639] {logging_mixin.py:104} INFO - [2022-04-27 13:43:55,639] {dag.py:1832} INFO - Sync 1 DAGs
[2022-04-27 13:43:55,645] {logging_mixin.py:104} INFO - [2022-04-27 13:43:55,645] {dag.py:2305} INFO - Setting next_dagrun for user_processing to 2022-04-28T00:00:00+00:00
[2022-04-27 13:43:55,662] {scheduler_job.py:190} INFO - Processing /home/airflow/airflow/dags/user_processing.py took 0.041 seconds
[2022-04-27 13:44:28,010] {scheduler_job.py:182} INFO - Started process (PID=128268) to work on /home/airflow/airflow/dags/user_processing.py
[2022-04-27 13:44:28,012] {scheduler_job.py:633} INFO - Processing file /home/airflow/airflow/dags/user_processing.py for tasks to queue
[2022-04-27 13:44:28,013] {logging_mixin.py:104} INFO - [2022-04-27 13:44:28,013] {dagbag.py:487} INFO - Filling up the DagBag from /home/airflow/airflow/dags/user_processing.py
[2022-04-27 13:44:28,030] {logging_mixin.py:104} WARNING - /home/airflow/sandbox/lib/python3.8/site-packages/airflow/providers/sqlite/operators/sqlite.py:25 DeprecationWarning: This decorator is deprecated.

In previous versions, all subclasses of BaseOperator must use apply_default decorator for the`default_args` feature to work properly.

In current version, it is optional. The decorator is applied automatically using the metaclass.
[2022-04-27 13:44:28,040] {scheduler_job.py:643} INFO - DAG(s) dict_keys(['user_processing']) retrieved from /home/airflow/airflow/dags/user_processing.py
[2022-04-27 13:44:28,057] {logging_mixin.py:104} INFO - [2022-04-27 13:44:28,057] {dag.py:1832} INFO - Sync 1 DAGs
[2022-04-27 13:44:28,068] {logging_mixin.py:104} INFO - [2022-04-27 13:44:28,068] {dag.py:2305} INFO - Setting next_dagrun for user_processing to 2022-04-28T00:00:00+00:00
[2022-04-27 13:44:28,089] {scheduler_job.py:190} INFO - Processing /home/airflow/airflow/dags/user_processing.py took 0.084 seconds
[2022-04-27 13:45:00,052] {scheduler_job.py:182} INFO - Started process (PID=128336) to work on /home/airflow/airflow/dags/user_processing.py
[2022-04-27 13:45:00,053] {scheduler_job.py:633} INFO - Processing file /home/airflow/airflow/dags/user_processing.py for tasks to queue
[2022-04-27 13:45:00,053] {logging_mixin.py:104} INFO - [2022-04-27 13:45:00,053] {dagbag.py:487} INFO - Filling up the DagBag from /home/airflow/airflow/dags/user_processing.py
[2022-04-27 13:45:00,067] {logging_mixin.py:104} WARNING - /home/airflow/sandbox/lib/python3.8/site-packages/airflow/providers/sqlite/operators/sqlite.py:25 DeprecationWarning: This decorator is deprecated.

In previous versions, all subclasses of BaseOperator must use apply_default decorator for the`default_args` feature to work properly.

In current version, it is optional. The decorator is applied automatically using the metaclass.
[2022-04-27 13:45:00,077] {scheduler_job.py:643} INFO - DAG(s) dict_keys(['user_processing']) retrieved from /home/airflow/airflow/dags/user_processing.py
[2022-04-27 13:45:00,096] {logging_mixin.py:104} INFO - [2022-04-27 13:45:00,096] {dag.py:1832} INFO - Sync 1 DAGs
[2022-04-27 13:45:00,108] {logging_mixin.py:104} INFO - [2022-04-27 13:45:00,108] {dag.py:2305} INFO - Setting next_dagrun for user_processing to 2022-04-28T00:00:00+00:00
[2022-04-27 13:45:00,117] {scheduler_job.py:190} INFO - Processing /home/airflow/airflow/dags/user_processing.py took 0.067 seconds
[2022-04-27 13:45:32,331] {scheduler_job.py:182} INFO - Started process (PID=128380) to work on /home/airflow/airflow/dags/user_processing.py
[2022-04-27 13:45:32,333] {scheduler_job.py:633} INFO - Processing file /home/airflow/airflow/dags/user_processing.py for tasks to queue
[2022-04-27 13:45:32,334] {logging_mixin.py:104} INFO - [2022-04-27 13:45:32,334] {dagbag.py:487} INFO - Filling up the DagBag from /home/airflow/airflow/dags/user_processing.py
[2022-04-27 13:45:32,351] {logging_mixin.py:104} WARNING - /home/airflow/sandbox/lib/python3.8/site-packages/airflow/providers/sqlite/operators/sqlite.py:25 DeprecationWarning: This decorator is deprecated.

In previous versions, all subclasses of BaseOperator must use apply_default decorator for the`default_args` feature to work properly.

In current version, it is optional. The decorator is applied automatically using the metaclass.
[2022-04-27 13:45:32,361] {scheduler_job.py:643} INFO - DAG(s) dict_keys(['user_processing']) retrieved from /home/airflow/airflow/dags/user_processing.py
[2022-04-27 13:45:32,380] {logging_mixin.py:104} INFO - [2022-04-27 13:45:32,380] {dag.py:1832} INFO - Sync 1 DAGs
[2022-04-27 13:45:32,391] {logging_mixin.py:104} INFO - [2022-04-27 13:45:32,391] {dag.py:2305} INFO - Setting next_dagrun for user_processing to 2022-04-28T00:00:00+00:00
[2022-04-27 13:45:32,411] {scheduler_job.py:190} INFO - Processing /home/airflow/airflow/dags/user_processing.py took 0.084 seconds
[2022-04-27 13:46:03,610] {scheduler_job.py:182} INFO - Started process (PID=128413) to work on /home/airflow/airflow/dags/user_processing.py
[2022-04-27 13:46:03,612] {scheduler_job.py:633} INFO - Processing file /home/airflow/airflow/dags/user_processing.py for tasks to queue
[2022-04-27 13:46:03,613] {logging_mixin.py:104} INFO - [2022-04-27 13:46:03,613] {dagbag.py:487} INFO - Filling up the DagBag from /home/airflow/airflow/dags/user_processing.py
[2022-04-27 13:46:03,629] {logging_mixin.py:104} WARNING - /home/airflow/sandbox/lib/python3.8/site-packages/airflow/providers/sqlite/operators/sqlite.py:25 DeprecationWarning: This decorator is deprecated.

In previous versions, all subclasses of BaseOperator must use apply_default decorator for the`default_args` feature to work properly.

In current version, it is optional. The decorator is applied automatically using the metaclass.
[2022-04-27 13:46:03,639] {scheduler_job.py:643} INFO - DAG(s) dict_keys(['user_processing']) retrieved from /home/airflow/airflow/dags/user_processing.py
[2022-04-27 13:46:03,654] {logging_mixin.py:104} INFO - [2022-04-27 13:46:03,654] {dag.py:1832} INFO - Sync 1 DAGs
[2022-04-27 13:46:03,664] {logging_mixin.py:104} INFO - [2022-04-27 13:46:03,664] {dag.py:2305} INFO - Setting next_dagrun for user_processing to 2022-04-28T00:00:00+00:00
[2022-04-27 13:46:03,684] {scheduler_job.py:190} INFO - Processing /home/airflow/airflow/dags/user_processing.py took 0.078 seconds
[2022-04-27 13:46:36,202] {scheduler_job.py:182} INFO - Started process (PID=128449) to work on /home/airflow/airflow/dags/user_processing.py
[2022-04-27 13:46:36,204] {scheduler_job.py:633} INFO - Processing file /home/airflow/airflow/dags/user_processing.py for tasks to queue
[2022-04-27 13:46:36,205] {logging_mixin.py:104} INFO - [2022-04-27 13:46:36,205] {dagbag.py:487} INFO - Filling up the DagBag from /home/airflow/airflow/dags/user_processing.py
[2022-04-27 13:46:36,224] {logging_mixin.py:104} WARNING - /home/airflow/sandbox/lib/python3.8/site-packages/airflow/providers/sqlite/operators/sqlite.py:25 DeprecationWarning: This decorator is deprecated.

In previous versions, all subclasses of BaseOperator must use apply_default decorator for the`default_args` feature to work properly.

In current version, it is optional. The decorator is applied automatically using the metaclass.
[2022-04-27 13:46:36,235] {scheduler_job.py:643} INFO - DAG(s) dict_keys(['user_processing']) retrieved from /home/airflow/airflow/dags/user_processing.py
[2022-04-27 13:46:36,251] {logging_mixin.py:104} INFO - [2022-04-27 13:46:36,251] {dag.py:1832} INFO - Sync 1 DAGs
[2022-04-27 13:46:36,262] {logging_mixin.py:104} INFO - [2022-04-27 13:46:36,262] {dag.py:2305} INFO - Setting next_dagrun for user_processing to 2022-04-28T00:00:00+00:00
[2022-04-27 13:46:36,280] {scheduler_job.py:190} INFO - Processing /home/airflow/airflow/dags/user_processing.py took 0.082 seconds
