[2022-05-03 10:03:56,612] {taskinstance.py:876} INFO - Dependencies all met for <TaskInstance: parallel_dag.task_1 2022-05-02T00:00:00+00:00 [queued]>
[2022-05-03 10:03:56,615] {taskinstance.py:876} INFO - Dependencies all met for <TaskInstance: parallel_dag.task_1 2022-05-02T00:00:00+00:00 [queued]>
[2022-05-03 10:03:56,615] {taskinstance.py:1067} INFO - 
--------------------------------------------------------------------------------
[2022-05-03 10:03:56,615] {taskinstance.py:1068} INFO - Starting attempt 1 of 1
[2022-05-03 10:03:56,615] {taskinstance.py:1069} INFO - 
--------------------------------------------------------------------------------
[2022-05-03 10:03:56,621] {taskinstance.py:1087} INFO - Executing <Task(BashOperator): task_1> on 2022-05-02T00:00:00+00:00
[2022-05-03 10:03:56,622] {standard_task_runner.py:52} INFO - Started process 16099 to run task
[2022-05-03 10:03:56,626] {standard_task_runner.py:76} INFO - Running: ['airflow', 'tasks', 'run', 'parallel_dag', 'task_1', '2022-05-02T00:00:00+00:00', '--job-id', '51', '--pool', 'default_pool', '--raw', '--subdir', 'DAGS_FOLDER/parallel_dag.py', '--cfg-path', '/tmp/tmptx5chk_p', '--error-file', '/tmp/tmprlr0mmq2']
[2022-05-03 10:03:56,626] {standard_task_runner.py:77} INFO - Job 51: Subtask task_1
[2022-05-03 10:03:56,645] {logging_mixin.py:104} INFO - Running <TaskInstance: parallel_dag.task_1 2022-05-02T00:00:00+00:00 [running]> on host airflowvm
[2022-05-03 10:03:56,696] {taskinstance.py:1280} INFO - Exporting the following env vars:
AIRFLOW_CTX_DAG_OWNER=airflow
AIRFLOW_CTX_DAG_ID=parallel_dag
AIRFLOW_CTX_TASK_ID=task_1
AIRFLOW_CTX_EXECUTION_DATE=2022-05-02T00:00:00+00:00
AIRFLOW_CTX_DAG_RUN_ID=scheduled__2022-05-02T00:00:00+00:00
[2022-05-03 10:03:56,697] {subprocess.py:52} INFO - Tmp dir root location: 
 /tmp
[2022-05-03 10:03:56,697] {subprocess.py:63} INFO - Running command: ['bash', '-c', 'sleep 3']
[2022-05-03 10:03:56,699] {subprocess.py:75} INFO - Output:
[2022-05-03 10:03:59,701] {subprocess.py:83} INFO - Command exited with return code 0
[2022-05-03 10:03:59,732] {taskinstance.py:1184} INFO - Marking task as SUCCESS. dag_id=parallel_dag, task_id=task_1, execution_date=20220502T000000, start_date=20220503T100356, end_date=20220503T100359
[2022-05-03 10:03:59,749] {taskinstance.py:1245} INFO - 2 downstream tasks scheduled from follow-on schedule check
[2022-05-03 10:03:59,780] {local_task_job.py:151} INFO - Task exited with return code 0
[2022-05-03 10:40:49,166] {taskinstance.py:876} INFO - Dependencies all met for <TaskInstance: parallel_dag.task_1 2022-05-02T00:00:00+00:00 [queued]>
[2022-05-03 10:40:49,178] {taskinstance.py:876} INFO - Dependencies all met for <TaskInstance: parallel_dag.task_1 2022-05-02T00:00:00+00:00 [queued]>
[2022-05-03 10:40:49,178] {taskinstance.py:1067} INFO - 
--------------------------------------------------------------------------------
[2022-05-03 10:40:49,178] {taskinstance.py:1068} INFO - Starting attempt 1 of 1
[2022-05-03 10:40:49,178] {taskinstance.py:1069} INFO - 
--------------------------------------------------------------------------------
[2022-05-03 10:40:49,183] {taskinstance.py:1087} INFO - Executing <Task(BashOperator): task_1> on 2022-05-02T00:00:00+00:00
[2022-05-03 10:40:49,184] {standard_task_runner.py:52} INFO - Started process 25878 to run task
[2022-05-03 10:40:49,190] {standard_task_runner.py:76} INFO - Running: ['airflow', 'tasks', 'run', 'parallel_dag', 'task_1', '2022-05-02T00:00:00+00:00', '--job-id', '2', '--pool', 'default_pool', '--raw', '--subdir', 'DAGS_FOLDER/parallel_dag.py', '--cfg-path', '/tmp/tmp1eyjq9ag', '--error-file', '/tmp/tmpln3_cme0']
[2022-05-03 10:40:49,190] {standard_task_runner.py:77} INFO - Job 2: Subtask task_1
[2022-05-03 10:40:49,232] {logging_mixin.py:104} INFO - Running <TaskInstance: parallel_dag.task_1 2022-05-02T00:00:00+00:00 [running]> on host airflowvm
[2022-05-03 10:40:49,288] {taskinstance.py:1280} INFO - Exporting the following env vars:
AIRFLOW_CTX_DAG_OWNER=airflow
AIRFLOW_CTX_DAG_ID=parallel_dag
AIRFLOW_CTX_TASK_ID=task_1
AIRFLOW_CTX_EXECUTION_DATE=2022-05-02T00:00:00+00:00
AIRFLOW_CTX_DAG_RUN_ID=scheduled__2022-05-02T00:00:00+00:00
[2022-05-03 10:40:49,289] {subprocess.py:52} INFO - Tmp dir root location: 
 /tmp
[2022-05-03 10:40:49,289] {subprocess.py:63} INFO - Running command: ['bash', '-c', 'sleep 3']
[2022-05-03 10:40:49,294] {subprocess.py:75} INFO - Output:
[2022-05-03 10:40:52,296] {subprocess.py:83} INFO - Command exited with return code 0
[2022-05-03 10:40:52,341] {taskinstance.py:1184} INFO - Marking task as SUCCESS. dag_id=parallel_dag, task_id=task_1, execution_date=20220502T000000, start_date=20220503T104049, end_date=20220503T104052
[2022-05-03 10:40:52,365] {taskinstance.py:1245} INFO - 2 downstream tasks scheduled from follow-on schedule check
[2022-05-03 10:40:52,406] {local_task_job.py:151} INFO - Task exited with return code 0
