[2022-05-04 11:07:14,200] {taskinstance.py:876} INFO - Dependencies all met for <TaskInstance: xcom_dag.choose_best_model 2022-05-03T00:00:00+00:00 [queued]>
[2022-05-04 11:07:14,231] {taskinstance.py:876} INFO - Dependencies all met for <TaskInstance: xcom_dag.choose_best_model 2022-05-03T00:00:00+00:00 [queued]>
[2022-05-04 11:07:14,235] {taskinstance.py:1067} INFO - 
--------------------------------------------------------------------------------
[2022-05-04 11:07:14,235] {taskinstance.py:1068} INFO - Starting attempt 1 of 1
[2022-05-04 11:07:14,236] {taskinstance.py:1069} INFO - 
--------------------------------------------------------------------------------
[2022-05-04 11:07:14,286] {taskinstance.py:1087} INFO - Executing <Task(BranchPythonOperator): choose_best_model> on 2022-05-03T00:00:00+00:00
[2022-05-04 11:07:14,289] {standard_task_runner.py:52} INFO - Started process 221022 to run task
[2022-05-04 11:07:14,301] {standard_task_runner.py:76} INFO - Running: ['airflow', 'tasks', 'run', 'xcom_dag', 'choose_best_model', '2022-05-03T00:00:00+00:00', '--job-id', '151', '--pool', 'default_pool', '--raw', '--subdir', 'DAGS_FOLDER/xcom_dag.py', '--cfg-path', '/tmp/tmp7jh_bngj', '--error-file', '/tmp/tmp7euhdqce']
[2022-05-04 11:07:14,309] {standard_task_runner.py:77} INFO - Job 151: Subtask choose_best_model
[2022-05-04 11:07:14,458] {logging_mixin.py:104} INFO - Running <TaskInstance: xcom_dag.choose_best_model 2022-05-03T00:00:00+00:00 [running]> on host airflowvm
[2022-05-04 11:07:14,697] {taskinstance.py:1280} INFO - Exporting the following env vars:
AIRFLOW_CTX_DAG_OWNER=airflow
AIRFLOW_CTX_DAG_ID=xcom_dag
AIRFLOW_CTX_TASK_ID=choose_best_model
AIRFLOW_CTX_EXECUTION_DATE=2022-05-03T00:00:00+00:00
AIRFLOW_CTX_DAG_RUN_ID=scheduled__2022-05-03T00:00:00+00:00
[2022-05-04 11:07:14,697] {logging_mixin.py:104} INFO - choose best model
[2022-05-04 11:07:14,742] {python.py:151} INFO - Done. Returned value was: inaccurate
[2022-05-04 11:07:14,745] {skipmixin.py:124} INFO - Following branch inaccurate
[2022-05-04 11:07:14,765] {skipmixin.py:155} INFO - Skipping tasks ['accurate']
[2022-05-04 11:07:14,929] {taskinstance.py:1184} INFO - Marking task as SUCCESS. dag_id=xcom_dag, task_id=choose_best_model, execution_date=20220503T000000, start_date=20220504T110714, end_date=20220504T110714
[2022-05-04 11:07:15,026] {taskinstance.py:1245} INFO - 1 downstream tasks scheduled from follow-on schedule check
[2022-05-04 11:07:15,079] {local_task_job.py:151} INFO - Task exited with return code 0
