[2022-05-03 20:18:06,832] {taskinstance.py:876} INFO - Dependencies all met for <TaskInstance: xcom_dag.processing_tasks.training_model_c 2022-05-03T20:17:56.530685+00:00 [queued]>
[2022-05-03 20:18:06,888] {taskinstance.py:876} INFO - Dependencies all met for <TaskInstance: xcom_dag.processing_tasks.training_model_c 2022-05-03T20:17:56.530685+00:00 [queued]>
[2022-05-03 20:18:06,888] {taskinstance.py:1067} INFO - 
--------------------------------------------------------------------------------
[2022-05-03 20:18:06,888] {taskinstance.py:1068} INFO - Starting attempt 1 of 1
[2022-05-03 20:18:06,888] {taskinstance.py:1069} INFO - 
--------------------------------------------------------------------------------
[2022-05-03 20:18:06,947] {taskinstance.py:1087} INFO - Executing <Task(PythonOperator): processing_tasks.training_model_c> on 2022-05-03T20:17:56.530685+00:00
[2022-05-03 20:18:06,953] {standard_task_runner.py:52} INFO - Started process 123141 to run task
[2022-05-03 20:18:06,970] {standard_task_runner.py:76} INFO - Running: ['airflow', 'tasks', 'run', 'xcom_dag', 'processing_tasks.training_model_c', '2022-05-03T20:17:56.530685+00:00', '--job-id', '72', '--pool', 'default_pool', '--raw', '--subdir', 'DAGS_FOLDER/xcom_dag.py', '--cfg-path', '/tmp/tmpew6rfwxb', '--error-file', '/tmp/tmplwczogrj']
[2022-05-03 20:18:06,979] {standard_task_runner.py:77} INFO - Job 72: Subtask processing_tasks.training_model_c
[2022-05-03 20:18:07,135] {logging_mixin.py:104} INFO - Running <TaskInstance: xcom_dag.processing_tasks.training_model_c 2022-05-03T20:17:56.530685+00:00 [running]> on host airflowvm
[2022-05-03 20:18:07,382] {taskinstance.py:1280} INFO - Exporting the following env vars:
AIRFLOW_CTX_DAG_OWNER=airflow
AIRFLOW_CTX_DAG_ID=xcom_dag
AIRFLOW_CTX_TASK_ID=processing_tasks.training_model_c
AIRFLOW_CTX_EXECUTION_DATE=2022-05-03T20:17:56.530685+00:00
AIRFLOW_CTX_DAG_RUN_ID=manual__2022-05-03T20:17:56.530685+00:00
[2022-05-03 20:18:07,383] {logging_mixin.py:104} INFO - model's accuracy: 3.1763234408135714
[2022-05-03 20:18:07,442] {python.py:151} INFO - Done. Returned value was: None
[2022-05-03 20:18:07,482] {taskinstance.py:1184} INFO - Marking task as SUCCESS. dag_id=xcom_dag, task_id=processing_tasks.training_model_c, execution_date=20220503T201756, start_date=20220503T201806, end_date=20220503T201807
[2022-05-03 20:18:07,562] {taskinstance.py:1245} INFO - 0 downstream tasks scheduled from follow-on schedule check
[2022-05-03 20:18:07,591] {local_task_job.py:151} INFO - Task exited with return code 0
