[2022-05-03 10:04:08,402] {taskinstance.py:876} INFO - Dependencies all met for <TaskInstance: parallel_dag.task_4 2022-05-02T00:00:00+00:00 [queued]>
[2022-05-03 10:04:08,406] {taskinstance.py:876} INFO - Dependencies all met for <TaskInstance: parallel_dag.task_4 2022-05-02T00:00:00+00:00 [queued]>
[2022-05-03 10:04:08,406] {taskinstance.py:1067} INFO - 
--------------------------------------------------------------------------------
[2022-05-03 10:04:08,406] {taskinstance.py:1068} INFO - Starting attempt 1 of 1
[2022-05-03 10:04:08,406] {taskinstance.py:1069} INFO - 
--------------------------------------------------------------------------------
[2022-05-03 10:04:08,412] {taskinstance.py:1087} INFO - Executing <Task(BashOperator): task_4> on 2022-05-02T00:00:00+00:00
[2022-05-03 10:04:08,413] {standard_task_runner.py:52} INFO - Started process 16231 to run task
[2022-05-03 10:04:08,417] {standard_task_runner.py:76} INFO - Running: ['airflow', 'tasks', 'run', 'parallel_dag', 'task_4', '2022-05-02T00:00:00+00:00', '--job-id', '54', '--pool', 'default_pool', '--raw', '--subdir', 'DAGS_FOLDER/parallel_dag.py', '--cfg-path', '/tmp/tmprtjg21zp', '--error-file', '/tmp/tmpksriksou']
[2022-05-03 10:04:08,417] {standard_task_runner.py:77} INFO - Job 54: Subtask task_4
[2022-05-03 10:04:08,443] {logging_mixin.py:104} INFO - Running <TaskInstance: parallel_dag.task_4 2022-05-02T00:00:00+00:00 [running]> on host airflowvm
[2022-05-03 10:04:08,506] {taskinstance.py:1280} INFO - Exporting the following env vars:
AIRFLOW_CTX_DAG_OWNER=airflow
AIRFLOW_CTX_DAG_ID=parallel_dag
AIRFLOW_CTX_TASK_ID=task_4
AIRFLOW_CTX_EXECUTION_DATE=2022-05-02T00:00:00+00:00
AIRFLOW_CTX_DAG_RUN_ID=scheduled__2022-05-02T00:00:00+00:00
[2022-05-03 10:04:08,507] {subprocess.py:52} INFO - Tmp dir root location: 
 /tmp
[2022-05-03 10:04:08,507] {subprocess.py:63} INFO - Running command: ['bash', '-c', 'sleep 3']
[2022-05-03 10:04:08,510] {subprocess.py:75} INFO - Output:
[2022-05-03 10:04:11,512] {subprocess.py:83} INFO - Command exited with return code 0
[2022-05-03 10:04:11,546] {taskinstance.py:1184} INFO - Marking task as SUCCESS. dag_id=parallel_dag, task_id=task_4, execution_date=20220502T000000, start_date=20220503T100408, end_date=20220503T100411
[2022-05-03 10:04:11,559] {taskinstance.py:1245} INFO - 0 downstream tasks scheduled from follow-on schedule check
[2022-05-03 10:04:11,592] {local_task_job.py:151} INFO - Task exited with return code 0
[2022-05-03 10:40:57,162] {taskinstance.py:876} INFO - Dependencies all met for <TaskInstance: parallel_dag.task_4 2022-05-02T00:00:00+00:00 [queued]>
[2022-05-03 10:40:57,175] {taskinstance.py:876} INFO - Dependencies all met for <TaskInstance: parallel_dag.task_4 2022-05-02T00:00:00+00:00 [queued]>
[2022-05-03 10:40:57,175] {taskinstance.py:1067} INFO - 
--------------------------------------------------------------------------------
[2022-05-03 10:40:57,175] {taskinstance.py:1068} INFO - Starting attempt 1 of 1
[2022-05-03 10:40:57,176] {taskinstance.py:1069} INFO - 
--------------------------------------------------------------------------------
[2022-05-03 10:40:57,182] {taskinstance.py:1087} INFO - Executing <Task(BashOperator): task_4> on 2022-05-02T00:00:00+00:00
[2022-05-03 10:40:57,183] {standard_task_runner.py:52} INFO - Started process 26486 to run task
[2022-05-03 10:40:57,186] {standard_task_runner.py:76} INFO - Running: ['airflow', 'tasks', 'run', 'parallel_dag', 'task_4', '2022-05-02T00:00:00+00:00', '--job-id', '5', '--pool', 'default_pool', '--raw', '--subdir', 'DAGS_FOLDER/parallel_dag.py', '--cfg-path', '/tmp/tmpmfy0w38d', '--error-file', '/tmp/tmpwuvyiymm']
[2022-05-03 10:40:57,187] {standard_task_runner.py:77} INFO - Job 5: Subtask task_4
[2022-05-03 10:40:57,228] {logging_mixin.py:104} INFO - Running <TaskInstance: parallel_dag.task_4 2022-05-02T00:00:00+00:00 [running]> on host airflowvm
[2022-05-03 10:40:57,283] {taskinstance.py:1280} INFO - Exporting the following env vars:
AIRFLOW_CTX_DAG_OWNER=airflow
AIRFLOW_CTX_DAG_ID=parallel_dag
AIRFLOW_CTX_TASK_ID=task_4
AIRFLOW_CTX_EXECUTION_DATE=2022-05-02T00:00:00+00:00
AIRFLOW_CTX_DAG_RUN_ID=scheduled__2022-05-02T00:00:00+00:00
[2022-05-03 10:40:57,284] {subprocess.py:52} INFO - Tmp dir root location: 
 /tmp
[2022-05-03 10:40:57,284] {subprocess.py:63} INFO - Running command: ['bash', '-c', 'sleep 3']
[2022-05-03 10:40:57,288] {subprocess.py:75} INFO - Output:
[2022-05-03 10:41:00,290] {subprocess.py:83} INFO - Command exited with return code 0
[2022-05-03 10:41:00,335] {taskinstance.py:1184} INFO - Marking task as SUCCESS. dag_id=parallel_dag, task_id=task_4, execution_date=20220502T000000, start_date=20220503T104057, end_date=20220503T104100
[2022-05-03 10:41:00,356] {taskinstance.py:1245} INFO - 0 downstream tasks scheduled from follow-on schedule check
[2022-05-03 10:41:00,395] {local_task_job.py:151} INFO - Task exited with return code 0
