[2022-05-05 07:42:27,155] {taskinstance.py:876} INFO - Dependencies all met for <TaskInstance: elasticsearch_dag.print_es_info 2022-05-05T07:42:26.041597+00:00 [queued]>
[2022-05-05 07:42:27,167] {taskinstance.py:876} INFO - Dependencies all met for <TaskInstance: elasticsearch_dag.print_es_info 2022-05-05T07:42:26.041597+00:00 [queued]>
[2022-05-05 07:42:27,168] {taskinstance.py:1067} INFO - 
--------------------------------------------------------------------------------
[2022-05-05 07:42:27,168] {taskinstance.py:1068} INFO - Starting attempt 1 of 1
[2022-05-05 07:42:27,168] {taskinstance.py:1069} INFO - 
--------------------------------------------------------------------------------
[2022-05-05 07:42:27,176] {taskinstance.py:1087} INFO - Executing <Task(PythonOperator): print_es_info> on 2022-05-05T07:42:26.041597+00:00
[2022-05-05 07:42:27,178] {standard_task_runner.py:52} INFO - Started process 269573 to run task
[2022-05-05 07:42:27,182] {standard_task_runner.py:76} INFO - Running: ['airflow', 'tasks', 'run', 'elasticsearch_dag', 'print_es_info', '2022-05-05T07:42:26.041597+00:00', '--job-id', '169', '--pool', 'default_pool', '--raw', '--subdir', 'DAGS_FOLDER/elasticsearch_dag.py', '--cfg-path', '/tmp/tmptr_fknv1', '--error-file', '/tmp/tmpyit39lkj']
[2022-05-05 07:42:27,182] {standard_task_runner.py:77} INFO - Job 169: Subtask print_es_info
[2022-05-05 07:42:27,218] {logging_mixin.py:104} INFO - Running <TaskInstance: elasticsearch_dag.print_es_info 2022-05-05T07:42:26.041597+00:00 [running]> on host airflowvm
[2022-05-05 07:42:27,270] {taskinstance.py:1280} INFO - Exporting the following env vars:
AIRFLOW_CTX_DAG_OWNER=airflow
AIRFLOW_CTX_DAG_ID=elasticsearch_dag
AIRFLOW_CTX_TASK_ID=print_es_info
AIRFLOW_CTX_EXECUTION_DATE=2022-05-05T07:42:26.041597+00:00
AIRFLOW_CTX_DAG_RUN_ID=manual__2022-05-05T07:42:26.041597+00:00
[2022-05-05 07:42:27,279] {base.py:69} INFO - Using connection to: id: elasticsearch_default. Host: localhost, Port: 9200, Schema: http, Login: None, Password: None, extra: {}
[2022-05-05 07:42:27,288] {logging_mixin.py:104} WARNING - /home/airflow/sandbox/lib/python3.8/site-packages/elasticsearch/connection/base.py:193 ElasticsearchDeprecationWarning: Elasticsearch built-in security features are not enabled. Without authentication, your cluster could be accessible to anyone. See https://www.elastic.co/guide/en/elasticsearch/reference/7.17/security-minimal-setup.html to enable security.
[2022-05-05 07:42:27,291] {base.py:255} INFO - GET http://localhost:9200/ [status:200 request:0.005s]
[2022-05-05 07:42:27,292] {logging_mixin.py:104} INFO - {'name': 'airflowvm', 'cluster_name': 'elasticsearch', 'cluster_uuid': '2w-uOmvPTFGxiWOHUQXFYg', 'version': {'number': '7.17.3', 'build_flavor': 'default', 'build_type': 'deb', 'build_hash': '5ad023604c8d7416c9eb6c0eadb62b14e766caff', 'build_date': '2022-04-19T08:11:19.070913226Z', 'build_snapshot': False, 'lucene_version': '8.11.1', 'minimum_wire_compatibility_version': '6.8.0', 'minimum_index_compatibility_version': '6.0.0-beta1'}, 'tagline': 'You Know, for Search'}
[2022-05-05 07:42:27,292] {python.py:151} INFO - Done. Returned value was: None
[2022-05-05 07:42:27,301] {taskinstance.py:1184} INFO - Marking task as SUCCESS. dag_id=elasticsearch_dag, task_id=print_es_info, execution_date=20220505T074226, start_date=20220505T074227, end_date=20220505T074227
[2022-05-05 07:42:27,325] {taskinstance.py:1245} INFO - 1 downstream tasks scheduled from follow-on schedule check
[2022-05-05 07:42:27,364] {local_task_job.py:151} INFO - Task exited with return code 0
