[2022-05-03 10:04:00,596] {taskinstance.py:876} INFO - Dependencies all met for <TaskInstance: parallel_dag.task_2 2022-05-02T00:00:00+00:00 [queued]>
[2022-05-03 10:04:00,600] {taskinstance.py:876} INFO - Dependencies all met for <TaskInstance: parallel_dag.task_2 2022-05-02T00:00:00+00:00 [queued]>
[2022-05-03 10:04:00,601] {taskinstance.py:1067} INFO - 
--------------------------------------------------------------------------------
[2022-05-03 10:04:00,601] {taskinstance.py:1068} INFO - Starting attempt 1 of 1
[2022-05-03 10:04:00,601] {taskinstance.py:1069} INFO - 
--------------------------------------------------------------------------------
[2022-05-03 10:04:00,607] {taskinstance.py:1087} INFO - Executing <Task(BashOperator): task_2> on 2022-05-02T00:00:00+00:00
[2022-05-03 10:04:00,608] {standard_task_runner.py:52} INFO - Started process 16164 to run task
[2022-05-03 10:04:00,611] {standard_task_runner.py:76} INFO - Running: ['airflow', 'tasks', 'run', 'parallel_dag', 'task_2', '2022-05-02T00:00:00+00:00', '--job-id', '52', '--pool', 'default_pool', '--raw', '--subdir', 'DAGS_FOLDER/parallel_dag.py', '--cfg-path', '/tmp/tmpod84311k', '--error-file', '/tmp/tmpm8nxd3ki']
[2022-05-03 10:04:00,611] {standard_task_runner.py:77} INFO - Job 52: Subtask task_2
[2022-05-03 10:04:00,636] {logging_mixin.py:104} INFO - Running <TaskInstance: parallel_dag.task_2 2022-05-02T00:00:00+00:00 [running]> on host airflowvm
[2022-05-03 10:04:00,696] {taskinstance.py:1280} INFO - Exporting the following env vars:
AIRFLOW_CTX_DAG_OWNER=airflow
AIRFLOW_CTX_DAG_ID=parallel_dag
AIRFLOW_CTX_TASK_ID=task_2
AIRFLOW_CTX_EXECUTION_DATE=2022-05-02T00:00:00+00:00
AIRFLOW_CTX_DAG_RUN_ID=scheduled__2022-05-02T00:00:00+00:00
[2022-05-03 10:04:00,696] {subprocess.py:52} INFO - Tmp dir root location: 
 /tmp
[2022-05-03 10:04:00,696] {subprocess.py:63} INFO - Running command: ['bash', '-c', 'sleep 3']
[2022-05-03 10:04:00,699] {subprocess.py:75} INFO - Output:
[2022-05-03 10:04:03,701] {subprocess.py:83} INFO - Command exited with return code 0
[2022-05-03 10:04:03,758] {taskinstance.py:1184} INFO - Marking task as SUCCESS. dag_id=parallel_dag, task_id=task_2, execution_date=20220502T000000, start_date=20220503T100400, end_date=20220503T100403
[2022-05-03 10:04:03,776] {taskinstance.py:1245} INFO - 0 downstream tasks scheduled from follow-on schedule check
[2022-05-03 10:04:03,792] {local_task_job.py:151} INFO - Task exited with return code 0
[2022-05-03 10:40:53,354] {taskinstance.py:876} INFO - Dependencies all met for <TaskInstance: parallel_dag.task_2 2022-05-02T00:00:00+00:00 [queued]>
[2022-05-03 10:40:53,376] {taskinstance.py:876} INFO - Dependencies all met for <TaskInstance: parallel_dag.task_2 2022-05-02T00:00:00+00:00 [queued]>
[2022-05-03 10:40:53,377] {taskinstance.py:1067} INFO - 
--------------------------------------------------------------------------------
[2022-05-03 10:40:53,377] {taskinstance.py:1068} INFO - Starting attempt 1 of 1
[2022-05-03 10:40:53,377] {taskinstance.py:1069} INFO - 
--------------------------------------------------------------------------------
[2022-05-03 10:40:53,390] {taskinstance.py:1087} INFO - Executing <Task(BashOperator): task_2> on 2022-05-02T00:00:00+00:00
[2022-05-03 10:40:53,391] {standard_task_runner.py:52} INFO - Started process 26075 to run task
[2022-05-03 10:40:53,398] {standard_task_runner.py:76} INFO - Running: ['airflow', 'tasks', 'run', 'parallel_dag', 'task_2', '2022-05-02T00:00:00+00:00', '--job-id', '4', '--pool', 'default_pool', '--raw', '--subdir', 'DAGS_FOLDER/parallel_dag.py', '--cfg-path', '/tmp/tmp8125ntfb', '--error-file', '/tmp/tmpyd5p0c_z']
[2022-05-03 10:40:53,403] {standard_task_runner.py:77} INFO - Job 4: Subtask task_2
[2022-05-03 10:40:53,483] {logging_mixin.py:104} INFO - Running <TaskInstance: parallel_dag.task_2 2022-05-02T00:00:00+00:00 [running]> on host airflowvm
[2022-05-03 10:40:53,585] {taskinstance.py:1280} INFO - Exporting the following env vars:
AIRFLOW_CTX_DAG_OWNER=airflow
AIRFLOW_CTX_DAG_ID=parallel_dag
AIRFLOW_CTX_TASK_ID=task_2
AIRFLOW_CTX_EXECUTION_DATE=2022-05-02T00:00:00+00:00
AIRFLOW_CTX_DAG_RUN_ID=scheduled__2022-05-02T00:00:00+00:00
[2022-05-03 10:40:53,585] {subprocess.py:52} INFO - Tmp dir root location: 
 /tmp
[2022-05-03 10:40:53,586] {subprocess.py:63} INFO - Running command: ['bash', '-c', 'sleep 3']
[2022-05-03 10:40:53,590] {subprocess.py:75} INFO - Output:
[2022-05-03 10:40:56,592] {subprocess.py:83} INFO - Command exited with return code 0
[2022-05-03 10:40:56,660] {taskinstance.py:1184} INFO - Marking task as SUCCESS. dag_id=parallel_dag, task_id=task_2, execution_date=20220502T000000, start_date=20220503T104053, end_date=20220503T104056
[2022-05-03 10:40:56,708] {taskinstance.py:1245} INFO - 0 downstream tasks scheduled from follow-on schedule check
[2022-05-03 10:40:56,713] {local_task_job.py:151} INFO - Task exited with return code 0
