[2022-05-03 12:04:03,617] {taskinstance.py:876} INFO - Dependencies all met for <TaskInstance: parallel_dag.task_2 2022-05-03T12:03:57.661852+00:00 [queued]>
[2022-05-03 12:04:03,623] {taskinstance.py:876} INFO - Dependencies all met for <TaskInstance: parallel_dag.task_2 2022-05-03T12:03:57.661852+00:00 [queued]>
[2022-05-03 12:04:03,623] {taskinstance.py:1067} INFO - 
--------------------------------------------------------------------------------
[2022-05-03 12:04:03,623] {taskinstance.py:1068} INFO - Starting attempt 1 of 1
[2022-05-03 12:04:03,624] {taskinstance.py:1069} INFO - 
--------------------------------------------------------------------------------
[2022-05-03 12:04:03,635] {taskinstance.py:1087} INFO - Executing <Task(BashOperator): task_2> on 2022-05-03T12:03:57.661852+00:00
[2022-05-03 12:04:03,636] {standard_task_runner.py:52} INFO - Started process 43289 to run task
[2022-05-03 12:04:03,639] {standard_task_runner.py:76} INFO - Running: ['airflow', 'tasks', 'run', 'parallel_dag', 'task_2', '2022-05-03T12:03:57.661852+00:00', '--job-id', '15', '--pool', 'default_pool', '--raw', '--subdir', 'DAGS_FOLDER/parallel_dag.py', '--cfg-path', '/tmp/tmpzq_p6hgm', '--error-file', '/tmp/tmpj05ndhvz']
[2022-05-03 12:04:03,640] {standard_task_runner.py:77} INFO - Job 15: Subtask task_2
[2022-05-03 12:04:03,672] {logging_mixin.py:104} INFO - Running <TaskInstance: parallel_dag.task_2 2022-05-03T12:03:57.661852+00:00 [running]> on host airflowvm
[2022-05-03 12:04:03,718] {taskinstance.py:1280} INFO - Exporting the following env vars:
AIRFLOW_CTX_DAG_OWNER=airflow
AIRFLOW_CTX_DAG_ID=parallel_dag
AIRFLOW_CTX_TASK_ID=task_2
AIRFLOW_CTX_EXECUTION_DATE=2022-05-03T12:03:57.661852+00:00
AIRFLOW_CTX_DAG_RUN_ID=manual__2022-05-03T12:03:57.661852+00:00
[2022-05-03 12:04:03,719] {subprocess.py:52} INFO - Tmp dir root location: 
 /tmp
[2022-05-03 12:04:03,719] {subprocess.py:63} INFO - Running command: ['bash', '-c', 'sleep 3']
[2022-05-03 12:04:03,723] {subprocess.py:75} INFO - Output:
[2022-05-03 12:04:06,728] {subprocess.py:83} INFO - Command exited with return code 0
[2022-05-03 12:04:06,763] {taskinstance.py:1184} INFO - Marking task as SUCCESS. dag_id=parallel_dag, task_id=task_2, execution_date=20220503T120357, start_date=20220503T120403, end_date=20220503T120406
[2022-05-03 12:04:06,785] {taskinstance.py:1245} INFO - 0 downstream tasks scheduled from follow-on schedule check
[2022-05-03 12:04:06,812] {local_task_job.py:151} INFO - Task exited with return code 0
