[2022-05-04 14:11:37,334] {taskinstance.py:876} INFO - Dependencies all met for <TaskInstance: elasticsearch_dag.connections_to_es 2022-05-04T14:11:35.688537+00:00 [queued]>
[2022-05-04 14:11:37,341] {taskinstance.py:876} INFO - Dependencies all met for <TaskInstance: elasticsearch_dag.connections_to_es 2022-05-04T14:11:35.688537+00:00 [queued]>
[2022-05-04 14:11:37,342] {taskinstance.py:1067} INFO - 
--------------------------------------------------------------------------------
[2022-05-04 14:11:37,342] {taskinstance.py:1068} INFO - Starting attempt 1 of 1
[2022-05-04 14:11:37,342] {taskinstance.py:1069} INFO - 
--------------------------------------------------------------------------------
[2022-05-04 14:11:37,354] {taskinstance.py:1087} INFO - Executing <Task(PostgresToElasticOperator): connections_to_es> on 2022-05-04T14:11:35.688537+00:00
[2022-05-04 14:11:37,356] {standard_task_runner.py:52} INFO - Started process 260225 to run task
[2022-05-04 14:11:37,359] {standard_task_runner.py:76} INFO - Running: ['airflow', 'tasks', 'run', 'elasticsearch_dag', 'connections_to_es', '2022-05-04T14:11:35.688537+00:00', '--job-id', '163', '--pool', 'default_pool', '--raw', '--subdir', 'DAGS_FOLDER/elasticsearch_dag.py', '--cfg-path', '/tmp/tmpc044le5w', '--error-file', '/tmp/tmpymj2xfps']
[2022-05-04 14:11:37,360] {standard_task_runner.py:77} INFO - Job 163: Subtask connections_to_es
[2022-05-04 14:11:37,407] {logging_mixin.py:104} INFO - Running <TaskInstance: elasticsearch_dag.connections_to_es 2022-05-04T14:11:35.688537+00:00 [running]> on host airflowvm
[2022-05-04 14:11:37,462] {taskinstance.py:1280} INFO - Exporting the following env vars:
AIRFLOW_CTX_DAG_OWNER=airflow
AIRFLOW_CTX_DAG_ID=elasticsearch_dag
AIRFLOW_CTX_TASK_ID=connections_to_es
AIRFLOW_CTX_EXECUTION_DATE=2022-05-04T14:11:35.688537+00:00
AIRFLOW_CTX_DAG_RUN_ID=manual__2022-05-04T14:11:35.688537+00:00
[2022-05-04 14:11:37,473] {base.py:69} INFO - Using connection to: id: elasticsearch_default. Host: localhost, Port: 9200, Schema: http, Login: None, Password: None, extra: {}
[2022-05-04 14:11:37,486] {base.py:69} INFO - Using connection to: id: ***_default. Host: localhost, Port: 5432, Schema: , Login: ***, Password: ***, extra: {'cursor': 'realdictcursor'}
[2022-05-04 14:11:37,927] {logging_mixin.py:104} WARNING - /home/airflow/sandbox/lib/python3.8/site-packages/elasticsearch/connection/base.py:193 ElasticsearchDeprecationWarning: Elasticsearch built-in security features are not enabled. Without authentication, your cluster could be accessible to anyone. See https://www.elastic.co/guide/en/elasticsearch/reference/7.17/security-minimal-setup.html to enable security.
[2022-05-04 14:11:37,928] {logging_mixin.py:104} WARNING - /home/airflow/sandbox/lib/python3.8/site-packages/elasticsearch/connection/base.py:193 ElasticsearchDeprecationWarning: [types removal] Specifying types in document index requests is deprecated, use the typeless endpoints instead (/{index}/_doc/{id}, /{index}/_doc, or /{index}/_create/{id}).
[2022-05-04 14:11:37,929] {base.py:255} INFO - POST http://localhost:9200/connections/external [status:201 request:0.432s]
[2022-05-04 14:11:37,944] {base.py:255} INFO - POST http://localhost:9200/connections/external [status:201 request:0.014s]
[2022-05-04 14:11:38,023] {base.py:255} INFO - POST http://localhost:9200/connections/external [status:201 request:0.078s]
[2022-05-04 14:11:38,033] {base.py:255} INFO - POST http://localhost:9200/connections/external [status:201 request:0.010s]
[2022-05-04 14:11:38,062] {base.py:255} INFO - POST http://localhost:9200/connections/external [status:201 request:0.028s]
[2022-05-04 14:11:38,083] {base.py:255} INFO - POST http://localhost:9200/connections/external [status:201 request:0.021s]
[2022-05-04 14:11:38,092] {base.py:255} INFO - POST http://localhost:9200/connections/external [status:201 request:0.008s]
[2022-05-04 14:11:38,148] {base.py:255} INFO - POST http://localhost:9200/connections/external [status:201 request:0.057s]
[2022-05-04 14:11:38,160] {base.py:255} INFO - POST http://localhost:9200/connections/external [status:201 request:0.011s]
[2022-05-04 14:11:38,172] {base.py:255} INFO - POST http://localhost:9200/connections/external [status:201 request:0.011s]
[2022-05-04 14:11:38,179] {base.py:255} INFO - POST http://localhost:9200/connections/external [status:201 request:0.007s]
[2022-05-04 14:11:38,187] {base.py:255} INFO - POST http://localhost:9200/connections/external [status:201 request:0.008s]
[2022-05-04 14:11:38,194] {base.py:255} INFO - POST http://localhost:9200/connections/external [status:201 request:0.006s]
[2022-05-04 14:11:38,204] {base.py:255} INFO - POST http://localhost:9200/connections/external [status:201 request:0.010s]
[2022-05-04 14:11:38,210] {base.py:255} INFO - POST http://localhost:9200/connections/external [status:201 request:0.006s]
[2022-05-04 14:11:38,216] {base.py:255} INFO - POST http://localhost:9200/connections/external [status:201 request:0.006s]
[2022-05-04 14:11:38,224] {base.py:255} INFO - POST http://localhost:9200/connections/external [status:201 request:0.007s]
[2022-05-04 14:11:38,231] {base.py:255} INFO - POST http://localhost:9200/connections/external [status:201 request:0.007s]
[2022-05-04 14:11:38,241] {base.py:255} INFO - POST http://localhost:9200/connections/external [status:201 request:0.010s]
[2022-05-04 14:11:38,250] {base.py:255} INFO - POST http://localhost:9200/connections/external [status:201 request:0.009s]
[2022-05-04 14:11:38,256] {base.py:255} INFO - POST http://localhost:9200/connections/external [status:201 request:0.006s]
[2022-05-04 14:11:38,356] {base.py:255} INFO - POST http://localhost:9200/connections/external [status:201 request:0.099s]
[2022-05-04 14:11:38,368] {base.py:255} INFO - POST http://localhost:9200/connections/external [status:201 request:0.012s]
[2022-05-04 14:11:38,379] {base.py:255} INFO - POST http://localhost:9200/connections/external [status:201 request:0.011s]
[2022-05-04 14:11:38,391] {base.py:255} INFO - POST http://localhost:9200/connections/external [status:201 request:0.012s]
[2022-05-04 14:11:38,406] {base.py:255} INFO - POST http://localhost:9200/connections/external [status:201 request:0.015s]
[2022-05-04 14:11:38,414] {base.py:255} INFO - POST http://localhost:9200/connections/external [status:201 request:0.008s]
[2022-05-04 14:11:38,419] {base.py:255} INFO - POST http://localhost:9200/connections/external [status:201 request:0.005s]
[2022-05-04 14:11:38,424] {base.py:255} INFO - POST http://localhost:9200/connections/external [status:201 request:0.005s]
[2022-05-04 14:11:38,430] {base.py:255} INFO - POST http://localhost:9200/connections/external [status:201 request:0.005s]
[2022-05-04 14:11:38,435] {base.py:255} INFO - POST http://localhost:9200/connections/external [status:201 request:0.005s]
[2022-05-04 14:11:38,439] {base.py:255} INFO - POST http://localhost:9200/connections/external [status:201 request:0.004s]
[2022-05-04 14:11:38,454] {base.py:255} INFO - POST http://localhost:9200/connections/external [status:201 request:0.015s]
[2022-05-04 14:11:38,460] {base.py:255} INFO - POST http://localhost:9200/connections/external [status:201 request:0.005s]
[2022-05-04 14:11:38,464] {base.py:255} INFO - POST http://localhost:9200/connections/external [status:201 request:0.005s]
[2022-05-04 14:11:38,470] {base.py:255} INFO - POST http://localhost:9200/connections/external [status:201 request:0.005s]
[2022-05-04 14:11:38,475] {base.py:255} INFO - POST http://localhost:9200/connections/external [status:201 request:0.005s]
[2022-05-04 14:11:38,480] {base.py:255} INFO - POST http://localhost:9200/connections/external [status:201 request:0.005s]
[2022-05-04 14:11:38,484] {base.py:255} INFO - POST http://localhost:9200/connections/external [status:201 request:0.004s]
[2022-05-04 14:11:38,490] {base.py:255} INFO - POST http://localhost:9200/connections/external [status:201 request:0.005s]
[2022-05-04 14:11:38,495] {base.py:255} INFO - POST http://localhost:9200/connections/external [status:201 request:0.005s]
[2022-05-04 14:11:38,501] {base.py:255} INFO - POST http://localhost:9200/connections/external [status:201 request:0.006s]
[2022-05-04 14:11:38,509] {base.py:255} INFO - POST http://localhost:9200/connections/external [status:201 request:0.007s]
[2022-05-04 14:11:38,531] {base.py:255} INFO - POST http://localhost:9200/connections/external [status:201 request:0.022s]
[2022-05-04 14:11:38,537] {base.py:255} INFO - POST http://localhost:9200/connections/external [status:201 request:0.006s]
[2022-05-04 14:11:38,544] {base.py:255} INFO - POST http://localhost:9200/connections/external [status:201 request:0.007s]
[2022-05-04 14:11:38,552] {base.py:255} INFO - POST http://localhost:9200/connections/external [status:201 request:0.007s]
[2022-05-04 14:11:38,562] {base.py:255} INFO - POST http://localhost:9200/connections/external [status:201 request:0.010s]
[2022-05-04 14:11:38,609] {base.py:255} INFO - POST http://localhost:9200/connections/external [status:201 request:0.047s]
[2022-05-04 14:11:38,621] {taskinstance.py:1184} INFO - Marking task as SUCCESS. dag_id=elasticsearch_dag, task_id=connections_to_es, execution_date=20220504T141135, start_date=20220504T141137, end_date=20220504T141138
[2022-05-04 14:11:38,655] {taskinstance.py:1245} INFO - 0 downstream tasks scheduled from follow-on schedule check
[2022-05-04 14:11:38,672] {local_task_job.py:151} INFO - Task exited with return code 0
