[2022-05-04 05:45:51,859] {taskinstance.py:876} INFO - Dependencies all met for <TaskInstance: xcom_dag.processing_tasks.training_model_c 2022-05-04T05:45:46.737148+00:00 [queued]>
[2022-05-04 05:45:51,890] {taskinstance.py:876} INFO - Dependencies all met for <TaskInstance: xcom_dag.processing_tasks.training_model_c 2022-05-04T05:45:46.737148+00:00 [queued]>
[2022-05-04 05:45:51,893] {taskinstance.py:1067} INFO - 
--------------------------------------------------------------------------------
[2022-05-04 05:45:51,894] {taskinstance.py:1068} INFO - Starting attempt 1 of 1
[2022-05-04 05:45:51,894] {taskinstance.py:1069} INFO - 
--------------------------------------------------------------------------------
[2022-05-04 05:45:51,928] {taskinstance.py:1087} INFO - Executing <Task(PythonOperator): processing_tasks.training_model_c> on 2022-05-04T05:45:46.737148+00:00
[2022-05-04 05:45:51,930] {standard_task_runner.py:52} INFO - Started process 156176 to run task
[2022-05-04 05:45:51,941] {standard_task_runner.py:76} INFO - Running: ['airflow', 'tasks', 'run', 'xcom_dag', 'processing_tasks.training_model_c', '2022-05-04T05:45:46.737148+00:00', '--job-id', '133', '--pool', 'default_pool', '--raw', '--subdir', 'DAGS_FOLDER/xcom_dag.py', '--cfg-path', '/tmp/tmpt3fkhjn6', '--error-file', '/tmp/tmp6tazv2wg']
[2022-05-04 05:45:51,953] {standard_task_runner.py:77} INFO - Job 133: Subtask processing_tasks.training_model_c
[2022-05-04 05:45:52,080] {logging_mixin.py:104} INFO - Running <TaskInstance: xcom_dag.processing_tasks.training_model_c 2022-05-04T05:45:46.737148+00:00 [running]> on host airflowvm
[2022-05-04 05:45:52,275] {taskinstance.py:1280} INFO - Exporting the following env vars:
AIRFLOW_CTX_DAG_OWNER=airflow
AIRFLOW_CTX_DAG_ID=xcom_dag
AIRFLOW_CTX_TASK_ID=processing_tasks.training_model_c
AIRFLOW_CTX_EXECUTION_DATE=2022-05-04T05:45:46.737148+00:00
AIRFLOW_CTX_DAG_RUN_ID=manual__2022-05-04T05:45:46.737148+00:00
[2022-05-04 05:45:52,276] {logging_mixin.py:104} INFO - model's accuracy: 6.667729926074647
[2022-05-04 05:45:52,336] {python.py:151} INFO - Done. Returned value was: None
[2022-05-04 05:45:52,368] {taskinstance.py:1184} INFO - Marking task as SUCCESS. dag_id=xcom_dag, task_id=processing_tasks.training_model_c, execution_date=20220504T054546, start_date=20220504T054551, end_date=20220504T054552
[2022-05-04 05:45:52,458] {taskinstance.py:1245} INFO - 0 downstream tasks scheduled from follow-on schedule check
[2022-05-04 05:45:52,487] {local_task_job.py:151} INFO - Task exited with return code 0
