[2022-05-03 20:23:34,328] {taskinstance.py:876} INFO - Dependencies all met for <TaskInstance: xcom_dag.choose_best_model 2022-05-03T20:23:26.320246+00:00 [queued]>
[2022-05-03 20:23:34,346] {taskinstance.py:876} INFO - Dependencies all met for <TaskInstance: xcom_dag.choose_best_model 2022-05-03T20:23:26.320246+00:00 [queued]>
[2022-05-03 20:23:34,346] {taskinstance.py:1067} INFO - 
--------------------------------------------------------------------------------
[2022-05-03 20:23:34,346] {taskinstance.py:1068} INFO - Starting attempt 1 of 1
[2022-05-03 20:23:34,347] {taskinstance.py:1069} INFO - 
--------------------------------------------------------------------------------
[2022-05-03 20:23:34,368] {taskinstance.py:1087} INFO - Executing <Task(BranchPythonOperator): choose_best_model> on 2022-05-03T20:23:26.320246+00:00
[2022-05-03 20:23:34,373] {standard_task_runner.py:52} INFO - Started process 125171 to run task
[2022-05-03 20:23:34,386] {standard_task_runner.py:76} INFO - Running: ['airflow', 'tasks', 'run', 'xcom_dag', 'choose_best_model', '2022-05-03T20:23:26.320246+00:00', '--job-id', '80', '--pool', 'default_pool', '--raw', '--subdir', 'DAGS_FOLDER/xcom_dag.py', '--cfg-path', '/tmp/tmpi3bw6hl5', '--error-file', '/tmp/tmpasjuozx7']
[2022-05-03 20:23:34,389] {standard_task_runner.py:77} INFO - Job 80: Subtask choose_best_model
[2022-05-03 20:23:34,545] {logging_mixin.py:104} INFO - Running <TaskInstance: xcom_dag.choose_best_model 2022-05-03T20:23:26.320246+00:00 [running]> on host airflowvm
[2022-05-03 20:23:34,695] {taskinstance.py:1280} INFO - Exporting the following env vars:
AIRFLOW_CTX_DAG_OWNER=airflow
AIRFLOW_CTX_DAG_ID=xcom_dag
AIRFLOW_CTX_TASK_ID=choose_best_model
AIRFLOW_CTX_EXECUTION_DATE=2022-05-03T20:23:26.320246+00:00
AIRFLOW_CTX_DAG_RUN_ID=manual__2022-05-03T20:23:26.320246+00:00
[2022-05-03 20:23:34,696] {logging_mixin.py:104} INFO - choose best model
[2022-05-03 20:23:34,714] {python.py:151} INFO - Done. Returned value was: accurate
[2022-05-03 20:23:34,715] {skipmixin.py:124} INFO - Following branch accurate
[2022-05-03 20:23:34,732] {skipmixin.py:155} INFO - Skipping tasks ['inaccurate']
[2022-05-03 20:23:34,845] {taskinstance.py:1184} INFO - Marking task as SUCCESS. dag_id=xcom_dag, task_id=choose_best_model, execution_date=20220503T202326, start_date=20220503T202334, end_date=20220503T202334
[2022-05-03 20:23:34,914] {taskinstance.py:1245} INFO - 1 downstream tasks scheduled from follow-on schedule check
[2022-05-03 20:23:34,949] {local_task_job.py:151} INFO - Task exited with return code 0
