[2022-05-03 18:50:07,683] {taskinstance.py:876} INFO - Dependencies all met for <TaskInstance: xcom_dag.downloading_data 2022-05-02T00:00:00+00:00 [queued]>
[2022-05-03 18:50:07,737] {taskinstance.py:876} INFO - Dependencies all met for <TaskInstance: xcom_dag.downloading_data 2022-05-02T00:00:00+00:00 [queued]>
[2022-05-03 18:50:07,738] {taskinstance.py:1067} INFO - 
--------------------------------------------------------------------------------
[2022-05-03 18:50:07,739] {taskinstance.py:1068} INFO - Starting attempt 1 of 1
[2022-05-03 18:50:07,743] {taskinstance.py:1069} INFO - 
--------------------------------------------------------------------------------
[2022-05-03 18:50:07,776] {taskinstance.py:1087} INFO - Executing <Task(BashOperator): downloading_data> on 2022-05-02T00:00:00+00:00
[2022-05-03 18:50:07,783] {standard_task_runner.py:52} INFO - Started process 103256 to run task
[2022-05-03 18:50:07,799] {standard_task_runner.py:76} INFO - Running: ['airflow', 'tasks', 'run', 'xcom_dag', 'downloading_data', '2022-05-02T00:00:00+00:00', '--job-id', '30', '--pool', 'default_pool', '--raw', '--subdir', 'DAGS_FOLDER/xcom_dag.py', '--cfg-path', '/tmp/tmp7pcred1t', '--error-file', '/tmp/tmpk5vh8m8g']
[2022-05-03 18:50:07,800] {standard_task_runner.py:77} INFO - Job 30: Subtask downloading_data
[2022-05-03 18:50:07,977] {logging_mixin.py:104} INFO - Running <TaskInstance: xcom_dag.downloading_data 2022-05-02T00:00:00+00:00 [running]> on host airflowvm
[2022-05-03 18:50:08,182] {taskinstance.py:1280} INFO - Exporting the following env vars:
AIRFLOW_CTX_DAG_OWNER=airflow
AIRFLOW_CTX_DAG_ID=xcom_dag
AIRFLOW_CTX_TASK_ID=downloading_data
AIRFLOW_CTX_EXECUTION_DATE=2022-05-02T00:00:00+00:00
AIRFLOW_CTX_DAG_RUN_ID=scheduled__2022-05-02T00:00:00+00:00
[2022-05-03 18:50:08,182] {subprocess.py:52} INFO - Tmp dir root location: 
 /tmp
[2022-05-03 18:50:08,183] {subprocess.py:63} INFO - Running command: ['bash', '-c', 'sleep 3']
[2022-05-03 18:50:08,190] {subprocess.py:75} INFO - Output:
[2022-05-03 18:50:11,192] {subprocess.py:83} INFO - Command exited with return code 0
[2022-05-03 18:50:11,267] {taskinstance.py:1184} INFO - Marking task as SUCCESS. dag_id=xcom_dag, task_id=downloading_data, execution_date=20220502T000000, start_date=20220503T185007, end_date=20220503T185011
[2022-05-03 18:50:11,340] {taskinstance.py:1245} INFO - 3 downstream tasks scheduled from follow-on schedule check
[2022-05-03 18:50:11,377] {local_task_job.py:151} INFO - Task exited with return code 0
