[2022-05-03 19:39:53,216] {taskinstance.py:876} INFO - Dependencies all met for <TaskInstance: xcom_dag.downloading_data 2022-05-03T19:39:51.939542+00:00 [queued]>
[2022-05-03 19:39:53,241] {taskinstance.py:876} INFO - Dependencies all met for <TaskInstance: xcom_dag.downloading_data 2022-05-03T19:39:51.939542+00:00 [queued]>
[2022-05-03 19:39:53,241] {taskinstance.py:1067} INFO - 
--------------------------------------------------------------------------------
[2022-05-03 19:39:53,241] {taskinstance.py:1068} INFO - Starting attempt 1 of 1
[2022-05-03 19:39:53,241] {taskinstance.py:1069} INFO - 
--------------------------------------------------------------------------------
[2022-05-03 19:39:53,255] {taskinstance.py:1087} INFO - Executing <Task(BashOperator): downloading_data> on 2022-05-03T19:39:51.939542+00:00
[2022-05-03 19:39:53,257] {standard_task_runner.py:52} INFO - Started process 116656 to run task
[2022-05-03 19:39:53,265] {standard_task_runner.py:76} INFO - Running: ['airflow', 'tasks', 'run', 'xcom_dag', 'downloading_data', '2022-05-03T19:39:51.939542+00:00', '--job-id', '60', '--pool', 'default_pool', '--raw', '--subdir', 'DAGS_FOLDER/xcom_dag.py', '--cfg-path', '/tmp/tmp52h13vym', '--error-file', '/tmp/tmpwkc929tt']
[2022-05-03 19:39:53,272] {standard_task_runner.py:77} INFO - Job 60: Subtask downloading_data
[2022-05-03 19:39:53,517] {logging_mixin.py:104} INFO - Running <TaskInstance: xcom_dag.downloading_data 2022-05-03T19:39:51.939542+00:00 [running]> on host airflowvm
[2022-05-03 19:39:53,697] {taskinstance.py:1280} INFO - Exporting the following env vars:
AIRFLOW_CTX_DAG_OWNER=airflow
AIRFLOW_CTX_DAG_ID=xcom_dag
AIRFLOW_CTX_TASK_ID=downloading_data
AIRFLOW_CTX_EXECUTION_DATE=2022-05-03T19:39:51.939542+00:00
AIRFLOW_CTX_DAG_RUN_ID=manual__2022-05-03T19:39:51.939542+00:00
[2022-05-03 19:39:53,698] {subprocess.py:52} INFO - Tmp dir root location: 
 /tmp
[2022-05-03 19:39:53,698] {subprocess.py:63} INFO - Running command: ['bash', '-c', 'sleep 3']
[2022-05-03 19:39:53,704] {subprocess.py:75} INFO - Output:
[2022-05-03 19:39:56,706] {subprocess.py:83} INFO - Command exited with return code 0
[2022-05-03 19:39:56,783] {taskinstance.py:1184} INFO - Marking task as SUCCESS. dag_id=xcom_dag, task_id=downloading_data, execution_date=20220503T193951, start_date=20220503T193953, end_date=20220503T193956
[2022-05-03 19:39:56,835] {taskinstance.py:1245} INFO - 3 downstream tasks scheduled from follow-on schedule check
[2022-05-03 19:39:56,872] {local_task_job.py:151} INFO - Task exited with return code 0
