[2022-05-03 19:37:46,162] {taskinstance.py:876} INFO - Dependencies all met for <TaskInstance: xcom_dag.choose_best_model 2022-05-03T19:37:39.405802+00:00 [queued]>
[2022-05-03 19:37:46,178] {taskinstance.py:876} INFO - Dependencies all met for <TaskInstance: xcom_dag.choose_best_model 2022-05-03T19:37:39.405802+00:00 [queued]>
[2022-05-03 19:37:46,178] {taskinstance.py:1067} INFO - 
--------------------------------------------------------------------------------
[2022-05-03 19:37:46,178] {taskinstance.py:1068} INFO - Starting attempt 1 of 1
[2022-05-03 19:37:46,179] {taskinstance.py:1069} INFO - 
--------------------------------------------------------------------------------
[2022-05-03 19:37:46,194] {taskinstance.py:1087} INFO - Executing <Task(PythonOperator): choose_best_model> on 2022-05-03T19:37:39.405802+00:00
[2022-05-03 19:37:46,196] {standard_task_runner.py:52} INFO - Started process 115642 to run task
[2022-05-03 19:37:46,202] {standard_task_runner.py:76} INFO - Running: ['airflow', 'tasks', 'run', 'xcom_dag', 'choose_best_model', '2022-05-03T19:37:39.405802+00:00', '--job-id', '59', '--pool', 'default_pool', '--raw', '--subdir', 'DAGS_FOLDER/xcom_dag.py', '--cfg-path', '/tmp/tmp79_npt1a', '--error-file', '/tmp/tmpzdye3cp0']
[2022-05-03 19:37:46,203] {standard_task_runner.py:77} INFO - Job 59: Subtask choose_best_model
[2022-05-03 19:37:46,273] {logging_mixin.py:104} INFO - Running <TaskInstance: xcom_dag.choose_best_model 2022-05-03T19:37:39.405802+00:00 [running]> on host airflowvm
[2022-05-03 19:37:46,387] {taskinstance.py:1280} INFO - Exporting the following env vars:
AIRFLOW_CTX_DAG_OWNER=airflow
AIRFLOW_CTX_DAG_ID=xcom_dag
AIRFLOW_CTX_TASK_ID=choose_best_model
AIRFLOW_CTX_EXECUTION_DATE=2022-05-03T19:37:39.405802+00:00
AIRFLOW_CTX_DAG_RUN_ID=manual__2022-05-03T19:37:39.405802+00:00
[2022-05-03 19:37:46,388] {logging_mixin.py:104} INFO - choose best model
[2022-05-03 19:37:46,397] {logging_mixin.py:104} INFO - [None]
[2022-05-03 19:37:46,397] {python.py:151} INFO - Done. Returned value was: None
[2022-05-03 19:37:46,408] {taskinstance.py:1184} INFO - Marking task as SUCCESS. dag_id=xcom_dag, task_id=choose_best_model, execution_date=20220503T193739, start_date=20220503T193746, end_date=20220503T193746
[2022-05-03 19:37:46,433] {taskinstance.py:1245} INFO - 0 downstream tasks scheduled from follow-on schedule check
[2022-05-03 19:37:46,475] {local_task_job.py:151} INFO - Task exited with return code 0
