[2022-05-03 18:50:34,510] {taskinstance.py:876} INFO - Dependencies all met for <TaskInstance: xcom_dag.processing_tasks.training_model_a 2022-05-03T18:50:28.013282+00:00 [queued]>
[2022-05-03 18:50:34,566] {taskinstance.py:876} INFO - Dependencies all met for <TaskInstance: xcom_dag.processing_tasks.training_model_a 2022-05-03T18:50:28.013282+00:00 [queued]>
[2022-05-03 18:50:34,568] {taskinstance.py:1067} INFO - 
--------------------------------------------------------------------------------
[2022-05-03 18:50:34,571] {taskinstance.py:1068} INFO - Starting attempt 1 of 1
[2022-05-03 18:50:34,580] {taskinstance.py:1069} INFO - 
--------------------------------------------------------------------------------
[2022-05-03 18:50:34,626] {taskinstance.py:1087} INFO - Executing <Task(PythonOperator): processing_tasks.training_model_a> on 2022-05-03T18:50:28.013282+00:00
[2022-05-03 18:50:34,630] {standard_task_runner.py:52} INFO - Started process 104109 to run task
[2022-05-03 18:50:34,636] {standard_task_runner.py:76} INFO - Running: ['airflow', 'tasks', 'run', 'xcom_dag', 'processing_tasks.training_model_a', '2022-05-03T18:50:28.013282+00:00', '--job-id', '37', '--pool', 'default_pool', '--raw', '--subdir', 'DAGS_FOLDER/xcom_dag.py', '--cfg-path', '/tmp/tmptp2dqczg', '--error-file', '/tmp/tmpnu9sdnbn']
[2022-05-03 18:50:34,644] {standard_task_runner.py:77} INFO - Job 37: Subtask processing_tasks.training_model_a
[2022-05-03 18:50:34,821] {logging_mixin.py:104} INFO - Running <TaskInstance: xcom_dag.processing_tasks.training_model_a 2022-05-03T18:50:28.013282+00:00 [running]> on host airflowvm
[2022-05-03 18:50:35,122] {taskinstance.py:1280} INFO - Exporting the following env vars:
AIRFLOW_CTX_DAG_OWNER=airflow
AIRFLOW_CTX_DAG_ID=xcom_dag
AIRFLOW_CTX_TASK_ID=processing_tasks.training_model_a
AIRFLOW_CTX_EXECUTION_DATE=2022-05-03T18:50:28.013282+00:00
AIRFLOW_CTX_DAG_RUN_ID=manual__2022-05-03T18:50:28.013282+00:00
[2022-05-03 18:50:35,122] {logging_mixin.py:104} INFO - model's accuracy: 6.087515230642257
[2022-05-03 18:50:35,122] {python.py:151} INFO - Done. Returned value was: 6.087515230642257
[2022-05-03 18:50:35,221] {taskinstance.py:1184} INFO - Marking task as SUCCESS. dag_id=xcom_dag, task_id=processing_tasks.training_model_a, execution_date=20220503T185028, start_date=20220503T185034, end_date=20220503T185035
[2022-05-03 18:50:35,314] {taskinstance.py:1245} INFO - 0 downstream tasks scheduled from follow-on schedule check
[2022-05-03 18:50:35,323] {local_task_job.py:151} INFO - Task exited with return code 0
