[2022-05-03 19:23:38,522] {taskinstance.py:876} INFO - Dependencies all met for <TaskInstance: xcom_dag.processing_tasks.training_model_a 2022-05-03T19:23:32.919307+00:00 [queued]>
[2022-05-03 19:23:38,560] {taskinstance.py:876} INFO - Dependencies all met for <TaskInstance: xcom_dag.processing_tasks.training_model_a 2022-05-03T19:23:32.919307+00:00 [queued]>
[2022-05-03 19:23:38,564] {taskinstance.py:1067} INFO - 
--------------------------------------------------------------------------------
[2022-05-03 19:23:38,564] {taskinstance.py:1068} INFO - Starting attempt 1 of 1
[2022-05-03 19:23:38,568] {taskinstance.py:1069} INFO - 
--------------------------------------------------------------------------------
[2022-05-03 19:23:38,630] {taskinstance.py:1087} INFO - Executing <Task(PythonOperator): processing_tasks.training_model_a> on 2022-05-03T19:23:32.919307+00:00
[2022-05-03 19:23:38,632] {standard_task_runner.py:52} INFO - Started process 109070 to run task
[2022-05-03 19:23:38,645] {standard_task_runner.py:76} INFO - Running: ['airflow', 'tasks', 'run', 'xcom_dag', 'processing_tasks.training_model_a', '2022-05-03T19:23:32.919307+00:00', '--job-id', '42', '--pool', 'default_pool', '--raw', '--subdir', 'DAGS_FOLDER/xcom_dag.py', '--cfg-path', '/tmp/tmpmtuine8o', '--error-file', '/tmp/tmpro59f_ax']
[2022-05-03 19:23:38,650] {standard_task_runner.py:77} INFO - Job 42: Subtask processing_tasks.training_model_a
[2022-05-03 19:23:38,867] {logging_mixin.py:104} INFO - Running <TaskInstance: xcom_dag.processing_tasks.training_model_a 2022-05-03T19:23:32.919307+00:00 [running]> on host airflowvm
[2022-05-03 19:23:39,090] {taskinstance.py:1280} INFO - Exporting the following env vars:
AIRFLOW_CTX_DAG_OWNER=airflow
AIRFLOW_CTX_DAG_ID=xcom_dag
AIRFLOW_CTX_TASK_ID=processing_tasks.training_model_a
AIRFLOW_CTX_EXECUTION_DATE=2022-05-03T19:23:32.919307+00:00
AIRFLOW_CTX_DAG_RUN_ID=manual__2022-05-03T19:23:32.919307+00:00
[2022-05-03 19:23:39,096] {logging_mixin.py:104} INFO - model's accuracy: 5.690112483555225
[2022-05-03 19:23:39,182] {python.py:151} INFO - Done. Returned value was: None
[2022-05-03 19:23:39,228] {taskinstance.py:1184} INFO - Marking task as SUCCESS. dag_id=xcom_dag, task_id=processing_tasks.training_model_a, execution_date=20220503T192332, start_date=20220503T192338, end_date=20220503T192339
[2022-05-03 19:23:39,305] {taskinstance.py:1245} INFO - 0 downstream tasks scheduled from follow-on schedule check
[2022-05-03 19:23:39,318] {local_task_job.py:151} INFO - Task exited with return code 0
