[2022-05-04 11:07:05,322] {taskinstance.py:876} INFO - Dependencies all met for <TaskInstance: xcom_dag.downloading_data 2022-05-03T21:02:41.096382+00:00 [queued]>
[2022-05-04 11:07:05,381] {taskinstance.py:876} INFO - Dependencies all met for <TaskInstance: xcom_dag.downloading_data 2022-05-03T21:02:41.096382+00:00 [queued]>
[2022-05-04 11:07:05,383] {taskinstance.py:1067} INFO - 
--------------------------------------------------------------------------------
[2022-05-04 11:07:05,383] {taskinstance.py:1068} INFO - Starting attempt 1 of 1
[2022-05-04 11:07:05,383] {taskinstance.py:1069} INFO - 
--------------------------------------------------------------------------------
[2022-05-04 11:07:05,410] {taskinstance.py:1087} INFO - Executing <Task(BashOperator): downloading_data> on 2022-05-03T21:02:41.096382+00:00
[2022-05-04 11:07:05,414] {standard_task_runner.py:52} INFO - Started process 220482 to run task
[2022-05-04 11:07:05,424] {standard_task_runner.py:76} INFO - Running: ['airflow', 'tasks', 'run', 'xcom_dag', 'downloading_data', '2022-05-03T21:02:41.096382+00:00', '--job-id', '138', '--pool', 'default_pool', '--raw', '--subdir', 'DAGS_FOLDER/xcom_dag.py', '--cfg-path', '/tmp/tmpl1pop98b', '--error-file', '/tmp/tmpaz4abb2o']
[2022-05-04 11:07:05,436] {standard_task_runner.py:77} INFO - Job 138: Subtask downloading_data
[2022-05-04 11:07:05,619] {logging_mixin.py:104} INFO - Running <TaskInstance: xcom_dag.downloading_data 2022-05-03T21:02:41.096382+00:00 [running]> on host airflowvm
[2022-05-04 11:07:05,810] {taskinstance.py:1280} INFO - Exporting the following env vars:
AIRFLOW_CTX_DAG_OWNER=airflow
AIRFLOW_CTX_DAG_ID=xcom_dag
AIRFLOW_CTX_TASK_ID=downloading_data
AIRFLOW_CTX_EXECUTION_DATE=2022-05-03T21:02:41.096382+00:00
AIRFLOW_CTX_DAG_RUN_ID=manual__2022-05-03T21:02:41.096382+00:00
[2022-05-04 11:07:05,810] {subprocess.py:52} INFO - Tmp dir root location: 
 /tmp
[2022-05-04 11:07:05,811] {subprocess.py:63} INFO - Running command: ['bash', '-c', 'sleep 3']
[2022-05-04 11:07:05,822] {subprocess.py:75} INFO - Output:
[2022-05-04 11:07:08,831] {subprocess.py:83} INFO - Command exited with return code 0
[2022-05-04 11:07:08,865] {taskinstance.py:1184} INFO - Marking task as SUCCESS. dag_id=xcom_dag, task_id=downloading_data, execution_date=20220503T210241, start_date=20220504T110705, end_date=20220504T110708
[2022-05-04 11:07:08,962] {taskinstance.py:1245} INFO - 3 downstream tasks scheduled from follow-on schedule check
[2022-05-04 11:07:08,974] {local_task_job.py:151} INFO - Task exited with return code 0
