[2022-05-03 18:08:36,718] {taskinstance.py:876} INFO - Dependencies all met for <TaskInstance: parallel_dag.task_4 2022-05-03T18:07:20.016868+00:00 [queued]>
[2022-05-03 18:08:36,745] {taskinstance.py:876} INFO - Dependencies all met for <TaskInstance: parallel_dag.task_4 2022-05-03T18:07:20.016868+00:00 [queued]>
[2022-05-03 18:08:36,746] {taskinstance.py:1067} INFO - 
--------------------------------------------------------------------------------
[2022-05-03 18:08:36,746] {taskinstance.py:1068} INFO - Starting attempt 1 of 1
[2022-05-03 18:08:36,746] {taskinstance.py:1069} INFO - 
--------------------------------------------------------------------------------
[2022-05-03 18:08:36,751] {taskinstance.py:1087} INFO - Executing <Task(BashOperator): task_4> on 2022-05-03T18:07:20.016868+00:00
[2022-05-03 18:08:36,754] {standard_task_runner.py:52} INFO - Started process 90095 to run task
[2022-05-03 18:08:36,757] {standard_task_runner.py:76} INFO - Running: ['airflow', 'tasks', 'run', 'parallel_dag', 'task_4', '2022-05-03T18:07:20.016868+00:00', '--job-id', '24', '--pool', 'default_pool', '--raw', '--subdir', 'DAGS_FOLDER/parallel_dag.py', '--cfg-path', '/tmp/tmppzssb4h1', '--error-file', '/tmp/tmpnzh24ep6']
[2022-05-03 18:08:36,757] {standard_task_runner.py:77} INFO - Job 24: Subtask task_4
[2022-05-03 18:08:36,817] {logging_mixin.py:104} INFO - Running <TaskInstance: parallel_dag.task_4 2022-05-03T18:07:20.016868+00:00 [running]> on host airflowvm
[2022-05-03 18:08:36,915] {taskinstance.py:1280} INFO - Exporting the following env vars:
AIRFLOW_CTX_DAG_OWNER=airflow
AIRFLOW_CTX_DAG_ID=parallel_dag
AIRFLOW_CTX_TASK_ID=task_4
AIRFLOW_CTX_EXECUTION_DATE=2022-05-03T18:07:20.016868+00:00
AIRFLOW_CTX_DAG_RUN_ID=manual__2022-05-03T18:07:20.016868+00:00
[2022-05-03 18:08:36,916] {subprocess.py:52} INFO - Tmp dir root location: 
 /tmp
[2022-05-03 18:08:36,916] {subprocess.py:63} INFO - Running command: ['bash', '-c', 'sleep 3']
[2022-05-03 18:08:36,920] {subprocess.py:75} INFO - Output:
[2022-05-03 18:08:39,922] {subprocess.py:83} INFO - Command exited with return code 0
[2022-05-03 18:08:39,970] {taskinstance.py:1184} INFO - Marking task as SUCCESS. dag_id=parallel_dag, task_id=task_4, execution_date=20220503T180720, start_date=20220503T180836, end_date=20220503T180839
[2022-05-03 18:08:39,990] {taskinstance.py:1245} INFO - 0 downstream tasks scheduled from follow-on schedule check
[2022-05-03 18:08:40,029] {local_task_job.py:151} INFO - Task exited with return code 0
