[2022-05-04 05:45:52,889] {taskinstance.py:876} INFO - Dependencies all met for <TaskInstance: xcom_dag.choose_best_model 2022-05-04T05:45:46.737148+00:00 [queued]>
[2022-05-04 05:45:52,900] {taskinstance.py:876} INFO - Dependencies all met for <TaskInstance: xcom_dag.choose_best_model 2022-05-04T05:45:46.737148+00:00 [queued]>
[2022-05-04 05:45:52,900] {taskinstance.py:1067} INFO - 
--------------------------------------------------------------------------------
[2022-05-04 05:45:52,900] {taskinstance.py:1068} INFO - Starting attempt 1 of 1
[2022-05-04 05:45:52,900] {taskinstance.py:1069} INFO - 
--------------------------------------------------------------------------------
[2022-05-04 05:45:52,913] {taskinstance.py:1087} INFO - Executing <Task(BranchPythonOperator): choose_best_model> on 2022-05-04T05:45:46.737148+00:00
[2022-05-04 05:45:52,916] {standard_task_runner.py:52} INFO - Started process 156246 to run task
[2022-05-04 05:45:52,920] {standard_task_runner.py:76} INFO - Running: ['airflow', 'tasks', 'run', 'xcom_dag', 'choose_best_model', '2022-05-04T05:45:46.737148+00:00', '--job-id', '135', '--pool', 'default_pool', '--raw', '--subdir', 'DAGS_FOLDER/xcom_dag.py', '--cfg-path', '/tmp/tmpib639eu6', '--error-file', '/tmp/tmpqlfas93s']
[2022-05-04 05:45:52,921] {standard_task_runner.py:77} INFO - Job 135: Subtask choose_best_model
[2022-05-04 05:45:52,967] {logging_mixin.py:104} INFO - Running <TaskInstance: xcom_dag.choose_best_model 2022-05-04T05:45:46.737148+00:00 [running]> on host airflowvm
[2022-05-04 05:45:53,064] {taskinstance.py:1280} INFO - Exporting the following env vars:
AIRFLOW_CTX_DAG_OWNER=airflow
AIRFLOW_CTX_DAG_ID=xcom_dag
AIRFLOW_CTX_TASK_ID=choose_best_model
AIRFLOW_CTX_EXECUTION_DATE=2022-05-04T05:45:46.737148+00:00
AIRFLOW_CTX_DAG_RUN_ID=manual__2022-05-04T05:45:46.737148+00:00
[2022-05-04 05:45:53,065] {logging_mixin.py:104} INFO - choose best model
[2022-05-04 05:45:53,074] {python.py:151} INFO - Done. Returned value was: inaccurate
[2022-05-04 05:45:53,074] {skipmixin.py:124} INFO - Following branch inaccurate
[2022-05-04 05:45:53,083] {skipmixin.py:155} INFO - Skipping tasks ['accurate']
[2022-05-04 05:45:53,140] {taskinstance.py:1184} INFO - Marking task as SUCCESS. dag_id=xcom_dag, task_id=choose_best_model, execution_date=20220504T054546, start_date=20220504T054552, end_date=20220504T054553
[2022-05-04 05:45:53,173] {taskinstance.py:1245} INFO - 1 downstream tasks scheduled from follow-on schedule check
[2022-05-04 05:45:53,177] {local_task_job.py:151} INFO - Task exited with return code 0
