[2022-05-03 19:39:58,208] {taskinstance.py:876} INFO - Dependencies all met for <TaskInstance: xcom_dag.processing_tasks.training_model_b 2022-05-03T19:39:51.939542+00:00 [queued]>
[2022-05-03 19:39:58,223] {taskinstance.py:876} INFO - Dependencies all met for <TaskInstance: xcom_dag.processing_tasks.training_model_b 2022-05-03T19:39:51.939542+00:00 [queued]>
[2022-05-03 19:39:58,223] {taskinstance.py:1067} INFO - 
--------------------------------------------------------------------------------
[2022-05-03 19:39:58,223] {taskinstance.py:1068} INFO - Starting attempt 1 of 1
[2022-05-03 19:39:58,223] {taskinstance.py:1069} INFO - 
--------------------------------------------------------------------------------
[2022-05-03 19:39:58,245] {taskinstance.py:1087} INFO - Executing <Task(PythonOperator): processing_tasks.training_model_b> on 2022-05-03T19:39:51.939542+00:00
[2022-05-03 19:39:58,247] {standard_task_runner.py:52} INFO - Started process 116855 to run task
[2022-05-03 19:39:58,258] {standard_task_runner.py:76} INFO - Running: ['airflow', 'tasks', 'run', 'xcom_dag', 'processing_tasks.training_model_b', '2022-05-03T19:39:51.939542+00:00', '--job-id', '62', '--pool', 'default_pool', '--raw', '--subdir', 'DAGS_FOLDER/xcom_dag.py', '--cfg-path', '/tmp/tmpozzieje4', '--error-file', '/tmp/tmpk7e1hi56']
[2022-05-03 19:39:58,263] {standard_task_runner.py:77} INFO - Job 62: Subtask processing_tasks.training_model_b
[2022-05-03 19:39:58,430] {logging_mixin.py:104} INFO - Running <TaskInstance: xcom_dag.processing_tasks.training_model_b 2022-05-03T19:39:51.939542+00:00 [running]> on host airflowvm
[2022-05-03 19:40:03,640] {taskinstance.py:1280} INFO - Exporting the following env vars:
AIRFLOW_CTX_DAG_OWNER=airflow
AIRFLOW_CTX_DAG_ID=xcom_dag
AIRFLOW_CTX_TASK_ID=processing_tasks.training_model_b
AIRFLOW_CTX_EXECUTION_DATE=2022-05-03T19:39:51.939542+00:00
AIRFLOW_CTX_DAG_RUN_ID=manual__2022-05-03T19:39:51.939542+00:00
[2022-05-03 19:40:03,641] {logging_mixin.py:104} INFO - model's accuracy: 5.525741017239839
[2022-05-03 19:40:03,687] {python.py:151} INFO - Done. Returned value was: None
[2022-05-03 19:40:03,713] {taskinstance.py:1184} INFO - Marking task as SUCCESS. dag_id=xcom_dag, task_id=processing_tasks.training_model_b, execution_date=20220503T193951, start_date=20220503T193958, end_date=20220503T194003
[2022-05-03 19:40:03,796] {taskinstance.py:1245} INFO - 0 downstream tasks scheduled from follow-on schedule check
[2022-05-03 19:40:03,827] {local_task_job.py:151} INFO - Task exited with return code 0
