[2022-05-05 07:41:40,392] {scheduler_job.py:182} INFO - Started process (PID=268864) to work on /home/airflow/airflow/dags/elasticsearch_dag.py
[2022-05-05 07:41:40,392] {scheduler_job.py:633} INFO - Processing file /home/airflow/airflow/dags/elasticsearch_dag.py for tasks to queue
[2022-05-05 07:41:40,393] {logging_mixin.py:104} INFO - [2022-05-05 07:41:40,393] {dagbag.py:487} INFO - Filling up the DagBag from /home/airflow/airflow/dags/elasticsearch_dag.py
[2022-05-05 07:41:40,912] {scheduler_job.py:643} INFO - DAG(s) dict_keys(['elasticsearch_dag']) retrieved from /home/airflow/airflow/dags/elasticsearch_dag.py
[2022-05-05 07:41:40,961] {logging_mixin.py:104} INFO - [2022-05-05 07:41:40,961] {dag.py:1832} INFO - Sync 1 DAGs
[2022-05-05 07:41:40,970] {logging_mixin.py:104} INFO - [2022-05-05 07:41:40,969] {dag.py:2305} INFO - Setting next_dagrun for elasticsearch_dag to 2022-05-04 00:00:00+00:00
[2022-05-05 07:41:40,985] {scheduler_job.py:190} INFO - Processing /home/airflow/airflow/dags/elasticsearch_dag.py took 0.595 seconds
[2022-05-05 07:42:11,104] {scheduler_job.py:182} INFO - Started process (PID=269202) to work on /home/airflow/airflow/dags/elasticsearch_dag.py
[2022-05-05 07:42:11,105] {scheduler_job.py:633} INFO - Processing file /home/airflow/airflow/dags/elasticsearch_dag.py for tasks to queue
[2022-05-05 07:42:11,105] {logging_mixin.py:104} INFO - [2022-05-05 07:42:11,105] {dagbag.py:487} INFO - Filling up the DagBag from /home/airflow/airflow/dags/elasticsearch_dag.py
[2022-05-05 07:42:11,957] {scheduler_job.py:643} INFO - DAG(s) dict_keys(['elasticsearch_dag']) retrieved from /home/airflow/airflow/dags/elasticsearch_dag.py
[2022-05-05 07:42:11,985] {logging_mixin.py:104} INFO - [2022-05-05 07:42:11,985] {dag.py:1832} INFO - Sync 1 DAGs
[2022-05-05 07:42:11,994] {logging_mixin.py:104} INFO - [2022-05-05 07:42:11,994] {dag.py:2305} INFO - Setting next_dagrun for elasticsearch_dag to 2022-05-04 00:00:00+00:00
[2022-05-05 07:42:12,020] {scheduler_job.py:190} INFO - Processing /home/airflow/airflow/dags/elasticsearch_dag.py took 0.918 seconds
[2022-05-05 07:42:42,181] {scheduler_job.py:182} INFO - Started process (PID=269948) to work on /home/airflow/airflow/dags/elasticsearch_dag.py
[2022-05-05 07:42:42,182] {scheduler_job.py:633} INFO - Processing file /home/airflow/airflow/dags/elasticsearch_dag.py for tasks to queue
[2022-05-05 07:42:42,182] {logging_mixin.py:104} INFO - [2022-05-05 07:42:42,182] {dagbag.py:487} INFO - Filling up the DagBag from /home/airflow/airflow/dags/elasticsearch_dag.py
[2022-05-05 07:42:42,668] {scheduler_job.py:643} INFO - DAG(s) dict_keys(['elasticsearch_dag']) retrieved from /home/airflow/airflow/dags/elasticsearch_dag.py
[2022-05-05 07:42:42,692] {logging_mixin.py:104} INFO - [2022-05-05 07:42:42,692] {dag.py:1832} INFO - Sync 1 DAGs
[2022-05-05 07:42:42,711] {logging_mixin.py:104} INFO - [2022-05-05 07:42:42,711] {dag.py:2305} INFO - Setting next_dagrun for elasticsearch_dag to 2022-05-05 00:00:00+00:00
[2022-05-05 07:42:42,726] {scheduler_job.py:190} INFO - Processing /home/airflow/airflow/dags/elasticsearch_dag.py took 0.547 seconds
[2022-05-05 07:43:12,852] {scheduler_job.py:182} INFO - Started process (PID=270077) to work on /home/airflow/airflow/dags/elasticsearch_dag.py
[2022-05-05 07:43:12,852] {scheduler_job.py:633} INFO - Processing file /home/airflow/airflow/dags/elasticsearch_dag.py for tasks to queue
[2022-05-05 07:43:12,853] {logging_mixin.py:104} INFO - [2022-05-05 07:43:12,853] {dagbag.py:487} INFO - Filling up the DagBag from /home/airflow/airflow/dags/elasticsearch_dag.py
[2022-05-05 07:43:13,309] {scheduler_job.py:643} INFO - DAG(s) dict_keys(['elasticsearch_dag']) retrieved from /home/airflow/airflow/dags/elasticsearch_dag.py
[2022-05-05 07:43:13,365] {logging_mixin.py:104} INFO - [2022-05-05 07:43:13,365] {dag.py:1832} INFO - Sync 1 DAGs
[2022-05-05 07:43:13,398] {logging_mixin.py:104} INFO - [2022-05-05 07:43:13,398] {dag.py:2305} INFO - Setting next_dagrun for elasticsearch_dag to 2022-05-05 00:00:00+00:00
[2022-05-05 07:43:13,405] {scheduler_job.py:190} INFO - Processing /home/airflow/airflow/dags/elasticsearch_dag.py took 0.556 seconds
[2022-05-05 07:43:43,530] {scheduler_job.py:182} INFO - Started process (PID=270178) to work on /home/airflow/airflow/dags/elasticsearch_dag.py
[2022-05-05 07:43:43,531] {scheduler_job.py:633} INFO - Processing file /home/airflow/airflow/dags/elasticsearch_dag.py for tasks to queue
[2022-05-05 07:43:43,531] {logging_mixin.py:104} INFO - [2022-05-05 07:43:43,531] {dagbag.py:487} INFO - Filling up the DagBag from /home/airflow/airflow/dags/elasticsearch_dag.py
[2022-05-05 07:43:43,980] {scheduler_job.py:643} INFO - DAG(s) dict_keys(['elasticsearch_dag']) retrieved from /home/airflow/airflow/dags/elasticsearch_dag.py
[2022-05-05 07:43:44,007] {logging_mixin.py:104} INFO - [2022-05-05 07:43:44,007] {dag.py:1832} INFO - Sync 1 DAGs
[2022-05-05 07:43:44,025] {logging_mixin.py:104} INFO - [2022-05-05 07:43:44,025] {dag.py:2305} INFO - Setting next_dagrun for elasticsearch_dag to 2022-05-05 00:00:00+00:00
[2022-05-05 07:43:44,043] {scheduler_job.py:190} INFO - Processing /home/airflow/airflow/dags/elasticsearch_dag.py took 0.515 seconds
[2022-05-05 07:44:14,198] {scheduler_job.py:182} INFO - Started process (PID=270254) to work on /home/airflow/airflow/dags/elasticsearch_dag.py
[2022-05-05 07:44:14,199] {scheduler_job.py:633} INFO - Processing file /home/airflow/airflow/dags/elasticsearch_dag.py for tasks to queue
[2022-05-05 07:44:14,199] {logging_mixin.py:104} INFO - [2022-05-05 07:44:14,199] {dagbag.py:487} INFO - Filling up the DagBag from /home/airflow/airflow/dags/elasticsearch_dag.py
[2022-05-05 07:44:14,628] {scheduler_job.py:643} INFO - DAG(s) dict_keys(['elasticsearch_dag']) retrieved from /home/airflow/airflow/dags/elasticsearch_dag.py
[2022-05-05 07:44:14,652] {logging_mixin.py:104} INFO - [2022-05-05 07:44:14,652] {dag.py:1832} INFO - Sync 1 DAGs
[2022-05-05 07:44:14,671] {logging_mixin.py:104} INFO - [2022-05-05 07:44:14,670] {dag.py:2305} INFO - Setting next_dagrun for elasticsearch_dag to 2022-05-05 00:00:00+00:00
[2022-05-05 07:44:14,676] {scheduler_job.py:190} INFO - Processing /home/airflow/airflow/dags/elasticsearch_dag.py took 0.479 seconds
[2022-05-05 07:44:44,860] {scheduler_job.py:182} INFO - Started process (PID=270346) to work on /home/airflow/airflow/dags/elasticsearch_dag.py
[2022-05-05 07:44:44,861] {scheduler_job.py:633} INFO - Processing file /home/airflow/airflow/dags/elasticsearch_dag.py for tasks to queue
[2022-05-05 07:44:44,861] {logging_mixin.py:104} INFO - [2022-05-05 07:44:44,861] {dagbag.py:487} INFO - Filling up the DagBag from /home/airflow/airflow/dags/elasticsearch_dag.py
[2022-05-05 07:44:45,352] {scheduler_job.py:643} INFO - DAG(s) dict_keys(['elasticsearch_dag']) retrieved from /home/airflow/airflow/dags/elasticsearch_dag.py
[2022-05-05 07:44:45,380] {logging_mixin.py:104} INFO - [2022-05-05 07:44:45,380] {dag.py:1832} INFO - Sync 1 DAGs
[2022-05-05 07:44:45,393] {logging_mixin.py:104} INFO - [2022-05-05 07:44:45,393] {dag.py:2305} INFO - Setting next_dagrun for elasticsearch_dag to 2022-05-05 00:00:00+00:00
[2022-05-05 07:44:45,412] {scheduler_job.py:190} INFO - Processing /home/airflow/airflow/dags/elasticsearch_dag.py took 0.554 seconds
[2022-05-05 07:45:15,567] {scheduler_job.py:182} INFO - Started process (PID=270444) to work on /home/airflow/airflow/dags/elasticsearch_dag.py
[2022-05-05 07:45:15,568] {scheduler_job.py:633} INFO - Processing file /home/airflow/airflow/dags/elasticsearch_dag.py for tasks to queue
[2022-05-05 07:45:15,568] {logging_mixin.py:104} INFO - [2022-05-05 07:45:15,568] {dagbag.py:487} INFO - Filling up the DagBag from /home/airflow/airflow/dags/elasticsearch_dag.py
[2022-05-05 07:45:16,009] {scheduler_job.py:643} INFO - DAG(s) dict_keys(['elasticsearch_dag']) retrieved from /home/airflow/airflow/dags/elasticsearch_dag.py
[2022-05-05 07:45:16,029] {logging_mixin.py:104} INFO - [2022-05-05 07:45:16,029] {dag.py:1832} INFO - Sync 1 DAGs
[2022-05-05 07:45:16,037] {logging_mixin.py:104} INFO - [2022-05-05 07:45:16,037] {dag.py:2305} INFO - Setting next_dagrun for elasticsearch_dag to 2022-05-05 00:00:00+00:00
[2022-05-05 07:45:16,048] {scheduler_job.py:190} INFO - Processing /home/airflow/airflow/dags/elasticsearch_dag.py took 0.483 seconds
[2022-05-05 07:45:46,285] {scheduler_job.py:182} INFO - Started process (PID=270549) to work on /home/airflow/airflow/dags/elasticsearch_dag.py
[2022-05-05 07:45:46,291] {scheduler_job.py:633} INFO - Processing file /home/airflow/airflow/dags/elasticsearch_dag.py for tasks to queue
[2022-05-05 07:45:46,294] {logging_mixin.py:104} INFO - [2022-05-05 07:45:46,294] {dagbag.py:487} INFO - Filling up the DagBag from /home/airflow/airflow/dags/elasticsearch_dag.py
[2022-05-05 07:45:47,048] {scheduler_job.py:643} INFO - DAG(s) dict_keys(['elasticsearch_dag']) retrieved from /home/airflow/airflow/dags/elasticsearch_dag.py
[2022-05-05 07:45:47,084] {logging_mixin.py:104} INFO - [2022-05-05 07:45:47,084] {dag.py:1832} INFO - Sync 1 DAGs
[2022-05-05 07:45:47,103] {logging_mixin.py:104} INFO - [2022-05-05 07:45:47,103] {dag.py:2305} INFO - Setting next_dagrun for elasticsearch_dag to 2022-05-05 00:00:00+00:00
[2022-05-05 07:45:47,125] {scheduler_job.py:190} INFO - Processing /home/airflow/airflow/dags/elasticsearch_dag.py took 0.841 seconds
[2022-05-05 07:46:17,903] {scheduler_job.py:182} INFO - Started process (PID=270610) to work on /home/airflow/airflow/dags/elasticsearch_dag.py
[2022-05-05 07:46:17,903] {scheduler_job.py:633} INFO - Processing file /home/airflow/airflow/dags/elasticsearch_dag.py for tasks to queue
[2022-05-05 07:46:17,904] {logging_mixin.py:104} INFO - [2022-05-05 07:46:17,904] {dagbag.py:487} INFO - Filling up the DagBag from /home/airflow/airflow/dags/elasticsearch_dag.py
[2022-05-05 07:46:18,393] {scheduler_job.py:643} INFO - DAG(s) dict_keys(['elasticsearch_dag']) retrieved from /home/airflow/airflow/dags/elasticsearch_dag.py
[2022-05-05 07:46:18,419] {logging_mixin.py:104} INFO - [2022-05-05 07:46:18,418] {dag.py:1832} INFO - Sync 1 DAGs
[2022-05-05 07:46:18,437] {logging_mixin.py:104} INFO - [2022-05-05 07:46:18,437] {dag.py:2305} INFO - Setting next_dagrun for elasticsearch_dag to 2022-05-05 00:00:00+00:00
[2022-05-05 07:46:18,455] {scheduler_job.py:190} INFO - Processing /home/airflow/airflow/dags/elasticsearch_dag.py took 0.554 seconds
[2022-05-05 07:46:48,788] {scheduler_job.py:182} INFO - Started process (PID=270887) to work on /home/airflow/airflow/dags/elasticsearch_dag.py
[2022-05-05 07:46:48,789] {scheduler_job.py:633} INFO - Processing file /home/airflow/airflow/dags/elasticsearch_dag.py for tasks to queue
[2022-05-05 07:46:48,789] {logging_mixin.py:104} INFO - [2022-05-05 07:46:48,789] {dagbag.py:487} INFO - Filling up the DagBag from /home/airflow/airflow/dags/elasticsearch_dag.py
[2022-05-05 07:46:49,220] {scheduler_job.py:643} INFO - DAG(s) dict_keys(['elasticsearch_dag']) retrieved from /home/airflow/airflow/dags/elasticsearch_dag.py
[2022-05-05 07:46:49,265] {logging_mixin.py:104} INFO - [2022-05-05 07:46:49,265] {dag.py:1832} INFO - Sync 1 DAGs
[2022-05-05 07:46:49,272] {logging_mixin.py:104} INFO - [2022-05-05 07:46:49,272] {dag.py:2305} INFO - Setting next_dagrun for elasticsearch_dag to 2022-05-05 00:00:00+00:00
[2022-05-05 07:46:49,286] {scheduler_job.py:190} INFO - Processing /home/airflow/airflow/dags/elasticsearch_dag.py took 0.500 seconds
[2022-05-05 07:47:19,585] {scheduler_job.py:182} INFO - Started process (PID=270924) to work on /home/airflow/airflow/dags/elasticsearch_dag.py
[2022-05-05 07:47:19,589] {scheduler_job.py:633} INFO - Processing file /home/airflow/airflow/dags/elasticsearch_dag.py for tasks to queue
[2022-05-05 07:47:19,596] {logging_mixin.py:104} INFO - [2022-05-05 07:47:19,595] {dagbag.py:487} INFO - Filling up the DagBag from /home/airflow/airflow/dags/elasticsearch_dag.py
[2022-05-05 07:47:20,029] {scheduler_job.py:643} INFO - DAG(s) dict_keys(['elasticsearch_dag']) retrieved from /home/airflow/airflow/dags/elasticsearch_dag.py
[2022-05-05 07:47:20,080] {logging_mixin.py:104} INFO - [2022-05-05 07:47:20,080] {dag.py:1832} INFO - Sync 1 DAGs
[2022-05-05 07:47:20,087] {logging_mixin.py:104} INFO - [2022-05-05 07:47:20,087] {dag.py:2305} INFO - Setting next_dagrun for elasticsearch_dag to 2022-05-05 00:00:00+00:00
[2022-05-05 07:47:20,092] {scheduler_job.py:190} INFO - Processing /home/airflow/airflow/dags/elasticsearch_dag.py took 0.509 seconds
[2022-05-05 07:47:50,388] {scheduler_job.py:182} INFO - Started process (PID=270961) to work on /home/airflow/airflow/dags/elasticsearch_dag.py
[2022-05-05 07:47:50,388] {scheduler_job.py:633} INFO - Processing file /home/airflow/airflow/dags/elasticsearch_dag.py for tasks to queue
[2022-05-05 07:47:50,389] {logging_mixin.py:104} INFO - [2022-05-05 07:47:50,388] {dagbag.py:487} INFO - Filling up the DagBag from /home/airflow/airflow/dags/elasticsearch_dag.py
[2022-05-05 07:47:50,820] {scheduler_job.py:643} INFO - DAG(s) dict_keys(['elasticsearch_dag']) retrieved from /home/airflow/airflow/dags/elasticsearch_dag.py
[2022-05-05 07:47:50,870] {logging_mixin.py:104} INFO - [2022-05-05 07:47:50,870] {dag.py:1832} INFO - Sync 1 DAGs
[2022-05-05 07:47:50,877] {logging_mixin.py:104} INFO - [2022-05-05 07:47:50,877] {dag.py:2305} INFO - Setting next_dagrun for elasticsearch_dag to 2022-05-05 00:00:00+00:00
[2022-05-05 07:47:50,898] {scheduler_job.py:190} INFO - Processing /home/airflow/airflow/dags/elasticsearch_dag.py took 0.512 seconds
[2022-05-05 07:48:21,222] {scheduler_job.py:182} INFO - Started process (PID=271001) to work on /home/airflow/airflow/dags/elasticsearch_dag.py
[2022-05-05 07:48:21,223] {scheduler_job.py:633} INFO - Processing file /home/airflow/airflow/dags/elasticsearch_dag.py for tasks to queue
[2022-05-05 07:48:21,223] {logging_mixin.py:104} INFO - [2022-05-05 07:48:21,223] {dagbag.py:487} INFO - Filling up the DagBag from /home/airflow/airflow/dags/elasticsearch_dag.py
[2022-05-05 07:48:21,717] {scheduler_job.py:643} INFO - DAG(s) dict_keys(['elasticsearch_dag']) retrieved from /home/airflow/airflow/dags/elasticsearch_dag.py
[2022-05-05 07:48:21,747] {logging_mixin.py:104} INFO - [2022-05-05 07:48:21,746] {dag.py:1832} INFO - Sync 1 DAGs
[2022-05-05 07:48:21,754] {logging_mixin.py:104} INFO - [2022-05-05 07:48:21,754] {dag.py:2305} INFO - Setting next_dagrun for elasticsearch_dag to 2022-05-05 00:00:00+00:00
[2022-05-05 07:48:21,770] {scheduler_job.py:190} INFO - Processing /home/airflow/airflow/dags/elasticsearch_dag.py took 0.549 seconds
[2022-05-05 07:48:52,098] {scheduler_job.py:182} INFO - Started process (PID=271113) to work on /home/airflow/airflow/dags/elasticsearch_dag.py
[2022-05-05 07:48:52,098] {scheduler_job.py:633} INFO - Processing file /home/airflow/airflow/dags/elasticsearch_dag.py for tasks to queue
[2022-05-05 07:48:52,099] {logging_mixin.py:104} INFO - [2022-05-05 07:48:52,099] {dagbag.py:487} INFO - Filling up the DagBag from /home/airflow/airflow/dags/elasticsearch_dag.py
[2022-05-05 07:48:52,527] {scheduler_job.py:643} INFO - DAG(s) dict_keys(['elasticsearch_dag']) retrieved from /home/airflow/airflow/dags/elasticsearch_dag.py
[2022-05-05 07:48:52,581] {logging_mixin.py:104} INFO - [2022-05-05 07:48:52,581] {dag.py:1832} INFO - Sync 1 DAGs
[2022-05-05 07:48:52,588] {logging_mixin.py:104} INFO - [2022-05-05 07:48:52,588] {dag.py:2305} INFO - Setting next_dagrun for elasticsearch_dag to 2022-05-05 00:00:00+00:00
[2022-05-05 07:48:52,602] {scheduler_job.py:190} INFO - Processing /home/airflow/airflow/dags/elasticsearch_dag.py took 0.507 seconds
[2022-05-05 07:49:22,958] {scheduler_job.py:182} INFO - Started process (PID=271172) to work on /home/airflow/airflow/dags/elasticsearch_dag.py
[2022-05-05 07:49:22,960] {scheduler_job.py:633} INFO - Processing file /home/airflow/airflow/dags/elasticsearch_dag.py for tasks to queue
[2022-05-05 07:49:22,960] {logging_mixin.py:104} INFO - [2022-05-05 07:49:22,960] {dagbag.py:487} INFO - Filling up the DagBag from /home/airflow/airflow/dags/elasticsearch_dag.py
[2022-05-05 07:49:23,499] {scheduler_job.py:643} INFO - DAG(s) dict_keys(['elasticsearch_dag']) retrieved from /home/airflow/airflow/dags/elasticsearch_dag.py
[2022-05-05 07:49:23,532] {logging_mixin.py:104} INFO - [2022-05-05 07:49:23,532] {dag.py:1832} INFO - Sync 1 DAGs
[2022-05-05 07:49:23,540] {logging_mixin.py:104} INFO - [2022-05-05 07:49:23,539] {dag.py:2305} INFO - Setting next_dagrun for elasticsearch_dag to 2022-05-05 00:00:00+00:00
[2022-05-05 07:49:23,554] {scheduler_job.py:190} INFO - Processing /home/airflow/airflow/dags/elasticsearch_dag.py took 0.598 seconds
