[2022-05-05 07:41:40,666] {scheduler_job.py:182} INFO - Started process (PID=268880) to work on /home/airflow/airflow/dags/parallel_dag.py
[2022-05-05 07:41:40,667] {scheduler_job.py:633} INFO - Processing file /home/airflow/airflow/dags/parallel_dag.py for tasks to queue
[2022-05-05 07:41:40,667] {logging_mixin.py:104} INFO - [2022-05-05 07:41:40,667] {dagbag.py:487} INFO - Filling up the DagBag from /home/airflow/airflow/dags/parallel_dag.py
[2022-05-05 07:41:40,674] {scheduler_job.py:643} INFO - DAG(s) dict_keys(['parallel_dag']) retrieved from /home/airflow/airflow/dags/parallel_dag.py
[2022-05-05 07:41:40,718] {logging_mixin.py:104} INFO - [2022-05-05 07:41:40,718] {dag.py:1832} INFO - Sync 1 DAGs
[2022-05-05 07:41:40,728] {logging_mixin.py:104} INFO - [2022-05-05 07:41:40,728] {dag.py:2305} INFO - Setting next_dagrun for parallel_dag to 2022-05-04 00:00:00+00:00
[2022-05-05 07:41:40,739] {scheduler_job.py:190} INFO - Processing /home/airflow/airflow/dags/parallel_dag.py took 0.075 seconds
[2022-05-05 07:42:11,514] {scheduler_job.py:182} INFO - Started process (PID=269217) to work on /home/airflow/airflow/dags/parallel_dag.py
[2022-05-05 07:42:11,518] {scheduler_job.py:633} INFO - Processing file /home/airflow/airflow/dags/parallel_dag.py for tasks to queue
[2022-05-05 07:42:11,518] {logging_mixin.py:104} INFO - [2022-05-05 07:42:11,518] {dagbag.py:487} INFO - Filling up the DagBag from /home/airflow/airflow/dags/parallel_dag.py
[2022-05-05 07:42:11,557] {scheduler_job.py:643} INFO - DAG(s) dict_keys(['parallel_dag']) retrieved from /home/airflow/airflow/dags/parallel_dag.py
[2022-05-05 07:42:11,594] {logging_mixin.py:104} INFO - [2022-05-05 07:42:11,594] {dag.py:1832} INFO - Sync 1 DAGs
[2022-05-05 07:42:11,622] {logging_mixin.py:104} INFO - [2022-05-05 07:42:11,622] {dag.py:2305} INFO - Setting next_dagrun for parallel_dag to 2022-05-04 00:00:00+00:00
[2022-05-05 07:42:11,652] {scheduler_job.py:190} INFO - Processing /home/airflow/airflow/dags/parallel_dag.py took 0.140 seconds
[2022-05-05 07:42:42,462] {scheduler_job.py:182} INFO - Started process (PID=269963) to work on /home/airflow/airflow/dags/parallel_dag.py
[2022-05-05 07:42:42,469] {scheduler_job.py:633} INFO - Processing file /home/airflow/airflow/dags/parallel_dag.py for tasks to queue
[2022-05-05 07:42:42,470] {logging_mixin.py:104} INFO - [2022-05-05 07:42:42,470] {dagbag.py:487} INFO - Filling up the DagBag from /home/airflow/airflow/dags/parallel_dag.py
[2022-05-05 07:42:42,478] {scheduler_job.py:643} INFO - DAG(s) dict_keys(['parallel_dag']) retrieved from /home/airflow/airflow/dags/parallel_dag.py
[2022-05-05 07:42:42,508] {logging_mixin.py:104} INFO - [2022-05-05 07:42:42,508] {dag.py:1832} INFO - Sync 1 DAGs
[2022-05-05 07:42:42,534] {logging_mixin.py:104} INFO - [2022-05-05 07:42:42,534] {dag.py:2305} INFO - Setting next_dagrun for parallel_dag to 2022-05-04 00:00:00+00:00
[2022-05-05 07:42:42,539] {scheduler_job.py:190} INFO - Processing /home/airflow/airflow/dags/parallel_dag.py took 0.079 seconds
[2022-05-05 07:43:13,109] {scheduler_job.py:182} INFO - Started process (PID=270092) to work on /home/airflow/airflow/dags/parallel_dag.py
[2022-05-05 07:43:13,110] {scheduler_job.py:633} INFO - Processing file /home/airflow/airflow/dags/parallel_dag.py for tasks to queue
[2022-05-05 07:43:13,110] {logging_mixin.py:104} INFO - [2022-05-05 07:43:13,110] {dagbag.py:487} INFO - Filling up the DagBag from /home/airflow/airflow/dags/parallel_dag.py
[2022-05-05 07:43:13,116] {scheduler_job.py:643} INFO - DAG(s) dict_keys(['parallel_dag']) retrieved from /home/airflow/airflow/dags/parallel_dag.py
[2022-05-05 07:43:13,174] {logging_mixin.py:104} INFO - [2022-05-05 07:43:13,174] {dag.py:1832} INFO - Sync 1 DAGs
[2022-05-05 07:43:13,208] {logging_mixin.py:104} INFO - [2022-05-05 07:43:13,208] {dag.py:2305} INFO - Setting next_dagrun for parallel_dag to 2022-05-04 00:00:00+00:00
[2022-05-05 07:43:13,214] {scheduler_job.py:190} INFO - Processing /home/airflow/airflow/dags/parallel_dag.py took 0.106 seconds
[2022-05-05 07:43:43,812] {scheduler_job.py:182} INFO - Started process (PID=270193) to work on /home/airflow/airflow/dags/parallel_dag.py
[2022-05-05 07:43:43,813] {scheduler_job.py:633} INFO - Processing file /home/airflow/airflow/dags/parallel_dag.py for tasks to queue
[2022-05-05 07:43:43,813] {logging_mixin.py:104} INFO - [2022-05-05 07:43:43,813] {dagbag.py:487} INFO - Filling up the DagBag from /home/airflow/airflow/dags/parallel_dag.py
[2022-05-05 07:43:43,819] {scheduler_job.py:643} INFO - DAG(s) dict_keys(['parallel_dag']) retrieved from /home/airflow/airflow/dags/parallel_dag.py
[2022-05-05 07:43:43,844] {logging_mixin.py:104} INFO - [2022-05-05 07:43:43,844] {dag.py:1832} INFO - Sync 1 DAGs
[2022-05-05 07:43:43,860] {logging_mixin.py:104} INFO - [2022-05-05 07:43:43,860] {dag.py:2305} INFO - Setting next_dagrun for parallel_dag to 2022-05-04 00:00:00+00:00
[2022-05-05 07:43:43,953] {scheduler_job.py:190} INFO - Processing /home/airflow/airflow/dags/parallel_dag.py took 0.143 seconds
[2022-05-05 07:44:14,594] {scheduler_job.py:182} INFO - Started process (PID=270269) to work on /home/airflow/airflow/dags/parallel_dag.py
[2022-05-05 07:44:14,595] {scheduler_job.py:633} INFO - Processing file /home/airflow/airflow/dags/parallel_dag.py for tasks to queue
[2022-05-05 07:44:14,595] {logging_mixin.py:104} INFO - [2022-05-05 07:44:14,595] {dagbag.py:487} INFO - Filling up the DagBag from /home/airflow/airflow/dags/parallel_dag.py
[2022-05-05 07:44:14,602] {scheduler_job.py:643} INFO - DAG(s) dict_keys(['parallel_dag']) retrieved from /home/airflow/airflow/dags/parallel_dag.py
[2022-05-05 07:44:14,642] {logging_mixin.py:104} INFO - [2022-05-05 07:44:14,641] {dag.py:1832} INFO - Sync 1 DAGs
[2022-05-05 07:44:14,738] {logging_mixin.py:104} INFO - [2022-05-05 07:44:14,738] {dag.py:2305} INFO - Setting next_dagrun for parallel_dag to 2022-05-04 00:00:00+00:00
[2022-05-05 07:44:14,750] {scheduler_job.py:190} INFO - Processing /home/airflow/airflow/dags/parallel_dag.py took 0.158 seconds
[2022-05-05 07:44:45,245] {scheduler_job.py:182} INFO - Started process (PID=270361) to work on /home/airflow/airflow/dags/parallel_dag.py
[2022-05-05 07:44:45,245] {scheduler_job.py:633} INFO - Processing file /home/airflow/airflow/dags/parallel_dag.py for tasks to queue
[2022-05-05 07:44:45,246] {logging_mixin.py:104} INFO - [2022-05-05 07:44:45,246] {dagbag.py:487} INFO - Filling up the DagBag from /home/airflow/airflow/dags/parallel_dag.py
[2022-05-05 07:44:45,269] {scheduler_job.py:643} INFO - DAG(s) dict_keys(['parallel_dag']) retrieved from /home/airflow/airflow/dags/parallel_dag.py
[2022-05-05 07:44:45,299] {logging_mixin.py:104} INFO - [2022-05-05 07:44:45,299] {dag.py:1832} INFO - Sync 1 DAGs
[2022-05-05 07:44:45,382] {logging_mixin.py:104} INFO - [2022-05-05 07:44:45,382] {dag.py:2305} INFO - Setting next_dagrun for parallel_dag to 2022-05-04 00:00:00+00:00
[2022-05-05 07:44:45,403] {scheduler_job.py:190} INFO - Processing /home/airflow/airflow/dags/parallel_dag.py took 0.160 seconds
[2022-05-05 07:45:15,901] {scheduler_job.py:182} INFO - Started process (PID=270459) to work on /home/airflow/airflow/dags/parallel_dag.py
[2022-05-05 07:45:15,902] {scheduler_job.py:633} INFO - Processing file /home/airflow/airflow/dags/parallel_dag.py for tasks to queue
[2022-05-05 07:45:15,902] {logging_mixin.py:104} INFO - [2022-05-05 07:45:15,902] {dagbag.py:487} INFO - Filling up the DagBag from /home/airflow/airflow/dags/parallel_dag.py
[2022-05-05 07:45:15,908] {scheduler_job.py:643} INFO - DAG(s) dict_keys(['parallel_dag']) retrieved from /home/airflow/airflow/dags/parallel_dag.py
[2022-05-05 07:45:15,935] {logging_mixin.py:104} INFO - [2022-05-05 07:45:15,935] {dag.py:1832} INFO - Sync 1 DAGs
[2022-05-05 07:45:16,024] {logging_mixin.py:104} INFO - [2022-05-05 07:45:16,024] {dag.py:2305} INFO - Setting next_dagrun for parallel_dag to 2022-05-04 00:00:00+00:00
[2022-05-05 07:45:16,045] {scheduler_job.py:190} INFO - Processing /home/airflow/airflow/dags/parallel_dag.py took 0.145 seconds
[2022-05-05 07:45:46,901] {scheduler_job.py:182} INFO - Started process (PID=270564) to work on /home/airflow/airflow/dags/parallel_dag.py
[2022-05-05 07:45:46,903] {scheduler_job.py:633} INFO - Processing file /home/airflow/airflow/dags/parallel_dag.py for tasks to queue
[2022-05-05 07:45:46,903] {logging_mixin.py:104} INFO - [2022-05-05 07:45:46,903] {dagbag.py:487} INFO - Filling up the DagBag from /home/airflow/airflow/dags/parallel_dag.py
[2022-05-05 07:45:46,910] {scheduler_job.py:643} INFO - DAG(s) dict_keys(['parallel_dag']) retrieved from /home/airflow/airflow/dags/parallel_dag.py
[2022-05-05 07:45:46,953] {logging_mixin.py:104} INFO - [2022-05-05 07:45:46,953] {dag.py:1832} INFO - Sync 1 DAGs
[2022-05-05 07:45:47,074] {logging_mixin.py:104} INFO - [2022-05-05 07:45:47,074] {dag.py:2305} INFO - Setting next_dagrun for parallel_dag to 2022-05-04 00:00:00+00:00
[2022-05-05 07:45:47,092] {scheduler_job.py:190} INFO - Processing /home/airflow/airflow/dags/parallel_dag.py took 0.193 seconds
[2022-05-05 07:46:17,923] {scheduler_job.py:182} INFO - Started process (PID=270611) to work on /home/airflow/airflow/dags/parallel_dag.py
[2022-05-05 07:46:17,923] {scheduler_job.py:633} INFO - Processing file /home/airflow/airflow/dags/parallel_dag.py for tasks to queue
[2022-05-05 07:46:17,924] {logging_mixin.py:104} INFO - [2022-05-05 07:46:17,924] {dagbag.py:487} INFO - Filling up the DagBag from /home/airflow/airflow/dags/parallel_dag.py
[2022-05-05 07:46:17,930] {scheduler_job.py:643} INFO - DAG(s) dict_keys(['parallel_dag']) retrieved from /home/airflow/airflow/dags/parallel_dag.py
[2022-05-05 07:46:17,964] {logging_mixin.py:104} INFO - [2022-05-05 07:46:17,964] {dag.py:1832} INFO - Sync 1 DAGs
[2022-05-05 07:46:18,072] {logging_mixin.py:104} INFO - [2022-05-05 07:46:18,072] {dag.py:2305} INFO - Setting next_dagrun for parallel_dag to 2022-05-04 00:00:00+00:00
[2022-05-05 07:46:18,081] {scheduler_job.py:190} INFO - Processing /home/airflow/airflow/dags/parallel_dag.py took 0.160 seconds
[2022-05-05 07:46:48,802] {scheduler_job.py:182} INFO - Started process (PID=270888) to work on /home/airflow/airflow/dags/parallel_dag.py
[2022-05-05 07:46:48,803] {scheduler_job.py:633} INFO - Processing file /home/airflow/airflow/dags/parallel_dag.py for tasks to queue
[2022-05-05 07:46:48,803] {logging_mixin.py:104} INFO - [2022-05-05 07:46:48,803] {dagbag.py:487} INFO - Filling up the DagBag from /home/airflow/airflow/dags/parallel_dag.py
[2022-05-05 07:46:48,810] {scheduler_job.py:643} INFO - DAG(s) dict_keys(['parallel_dag']) retrieved from /home/airflow/airflow/dags/parallel_dag.py
[2022-05-05 07:46:48,925] {logging_mixin.py:104} INFO - [2022-05-05 07:46:48,925] {dag.py:1832} INFO - Sync 1 DAGs
[2022-05-05 07:46:48,932] {logging_mixin.py:104} INFO - [2022-05-05 07:46:48,932] {dag.py:2305} INFO - Setting next_dagrun for parallel_dag to 2022-05-04 00:00:00+00:00
[2022-05-05 07:46:48,946] {scheduler_job.py:190} INFO - Processing /home/airflow/airflow/dags/parallel_dag.py took 0.145 seconds
[2022-05-05 07:47:19,587] {scheduler_job.py:182} INFO - Started process (PID=270925) to work on /home/airflow/airflow/dags/parallel_dag.py
[2022-05-05 07:47:19,588] {scheduler_job.py:633} INFO - Processing file /home/airflow/airflow/dags/parallel_dag.py for tasks to queue
[2022-05-05 07:47:19,588] {logging_mixin.py:104} INFO - [2022-05-05 07:47:19,588] {dagbag.py:487} INFO - Filling up the DagBag from /home/airflow/airflow/dags/parallel_dag.py
[2022-05-05 07:47:19,616] {scheduler_job.py:643} INFO - DAG(s) dict_keys(['parallel_dag']) retrieved from /home/airflow/airflow/dags/parallel_dag.py
[2022-05-05 07:47:19,720] {logging_mixin.py:104} INFO - [2022-05-05 07:47:19,720] {dag.py:1832} INFO - Sync 1 DAGs
[2022-05-05 07:47:19,728] {logging_mixin.py:104} INFO - [2022-05-05 07:47:19,727] {dag.py:2305} INFO - Setting next_dagrun for parallel_dag to 2022-05-04 00:00:00+00:00
[2022-05-05 07:47:19,732] {scheduler_job.py:190} INFO - Processing /home/airflow/airflow/dags/parallel_dag.py took 0.146 seconds
[2022-05-05 07:47:50,405] {scheduler_job.py:182} INFO - Started process (PID=270962) to work on /home/airflow/airflow/dags/parallel_dag.py
[2022-05-05 07:47:50,406] {scheduler_job.py:633} INFO - Processing file /home/airflow/airflow/dags/parallel_dag.py for tasks to queue
[2022-05-05 07:47:50,406] {logging_mixin.py:104} INFO - [2022-05-05 07:47:50,406] {dagbag.py:487} INFO - Filling up the DagBag from /home/airflow/airflow/dags/parallel_dag.py
[2022-05-05 07:47:50,413] {scheduler_job.py:643} INFO - DAG(s) dict_keys(['parallel_dag']) retrieved from /home/airflow/airflow/dags/parallel_dag.py
[2022-05-05 07:47:50,507] {logging_mixin.py:104} INFO - [2022-05-05 07:47:50,507] {dag.py:1832} INFO - Sync 1 DAGs
[2022-05-05 07:47:50,514] {logging_mixin.py:104} INFO - [2022-05-05 07:47:50,514] {dag.py:2305} INFO - Setting next_dagrun for parallel_dag to 2022-05-04 00:00:00+00:00
[2022-05-05 07:47:50,528] {scheduler_job.py:190} INFO - Processing /home/airflow/airflow/dags/parallel_dag.py took 0.124 seconds
[2022-05-05 07:48:21,240] {scheduler_job.py:182} INFO - Started process (PID=271002) to work on /home/airflow/airflow/dags/parallel_dag.py
[2022-05-05 07:48:21,241] {scheduler_job.py:633} INFO - Processing file /home/airflow/airflow/dags/parallel_dag.py for tasks to queue
[2022-05-05 07:48:21,242] {logging_mixin.py:104} INFO - [2022-05-05 07:48:21,242] {dagbag.py:487} INFO - Filling up the DagBag from /home/airflow/airflow/dags/parallel_dag.py
[2022-05-05 07:48:21,255] {scheduler_job.py:643} INFO - DAG(s) dict_keys(['parallel_dag']) retrieved from /home/airflow/airflow/dags/parallel_dag.py
[2022-05-05 07:48:21,360] {logging_mixin.py:104} INFO - [2022-05-05 07:48:21,359] {dag.py:1832} INFO - Sync 1 DAGs
[2022-05-05 07:48:21,367] {logging_mixin.py:104} INFO - [2022-05-05 07:48:21,367] {dag.py:2305} INFO - Setting next_dagrun for parallel_dag to 2022-05-04 00:00:00+00:00
[2022-05-05 07:48:21,372] {scheduler_job.py:190} INFO - Processing /home/airflow/airflow/dags/parallel_dag.py took 0.133 seconds
[2022-05-05 07:48:52,111] {scheduler_job.py:182} INFO - Started process (PID=271114) to work on /home/airflow/airflow/dags/parallel_dag.py
[2022-05-05 07:48:52,112] {scheduler_job.py:633} INFO - Processing file /home/airflow/airflow/dags/parallel_dag.py for tasks to queue
[2022-05-05 07:48:52,112] {logging_mixin.py:104} INFO - [2022-05-05 07:48:52,112] {dagbag.py:487} INFO - Filling up the DagBag from /home/airflow/airflow/dags/parallel_dag.py
[2022-05-05 07:48:52,186] {scheduler_job.py:643} INFO - DAG(s) dict_keys(['parallel_dag']) retrieved from /home/airflow/airflow/dags/parallel_dag.py
[2022-05-05 07:48:52,215] {logging_mixin.py:104} INFO - [2022-05-05 07:48:52,215] {dag.py:1832} INFO - Sync 1 DAGs
[2022-05-05 07:48:52,222] {logging_mixin.py:104} INFO - [2022-05-05 07:48:52,222] {dag.py:2305} INFO - Setting next_dagrun for parallel_dag to 2022-05-04 00:00:00+00:00
[2022-05-05 07:48:52,236] {scheduler_job.py:190} INFO - Processing /home/airflow/airflow/dags/parallel_dag.py took 0.127 seconds
[2022-05-05 07:49:22,973] {scheduler_job.py:182} INFO - Started process (PID=271173) to work on /home/airflow/airflow/dags/parallel_dag.py
[2022-05-05 07:49:22,977] {scheduler_job.py:633} INFO - Processing file /home/airflow/airflow/dags/parallel_dag.py for tasks to queue
[2022-05-05 07:49:22,992] {logging_mixin.py:104} INFO - [2022-05-05 07:49:22,992] {dagbag.py:487} INFO - Filling up the DagBag from /home/airflow/airflow/dags/parallel_dag.py
[2022-05-05 07:49:23,102] {scheduler_job.py:643} INFO - DAG(s) dict_keys(['parallel_dag']) retrieved from /home/airflow/airflow/dags/parallel_dag.py
[2022-05-05 07:49:23,150] {logging_mixin.py:104} INFO - [2022-05-05 07:49:23,150] {dag.py:1832} INFO - Sync 1 DAGs
[2022-05-05 07:49:23,172] {logging_mixin.py:104} INFO - [2022-05-05 07:49:23,171] {dag.py:2305} INFO - Setting next_dagrun for parallel_dag to 2022-05-04 00:00:00+00:00
[2022-05-05 07:49:23,191] {scheduler_job.py:190} INFO - Processing /home/airflow/airflow/dags/parallel_dag.py took 0.229 seconds
