[2022-05-05 07:41:40,563] {scheduler_job.py:182} INFO - Started process (PID=268874) to work on /home/airflow/airflow/dags/trigger_rule.py
[2022-05-05 07:41:40,563] {scheduler_job.py:633} INFO - Processing file /home/airflow/airflow/dags/trigger_rule.py for tasks to queue
[2022-05-05 07:41:40,564] {logging_mixin.py:104} INFO - [2022-05-05 07:41:40,564] {dagbag.py:487} INFO - Filling up the DagBag from /home/airflow/airflow/dags/trigger_rule.py
[2022-05-05 07:41:40,574] {scheduler_job.py:643} INFO - DAG(s) dict_keys(['trigger_rule']) retrieved from /home/airflow/airflow/dags/trigger_rule.py
[2022-05-05 07:41:40,616] {logging_mixin.py:104} INFO - [2022-05-05 07:41:40,616] {dag.py:1832} INFO - Sync 1 DAGs
[2022-05-05 07:41:40,626] {logging_mixin.py:104} INFO - [2022-05-05 07:41:40,626] {dag.py:2305} INFO - Setting next_dagrun for trigger_rule to 2022-05-04 00:00:00+00:00
[2022-05-05 07:41:40,637] {scheduler_job.py:190} INFO - Processing /home/airflow/airflow/dags/trigger_rule.py took 0.076 seconds
[2022-05-05 07:42:11,370] {scheduler_job.py:182} INFO - Started process (PID=269211) to work on /home/airflow/airflow/dags/trigger_rule.py
[2022-05-05 07:42:11,371] {scheduler_job.py:633} INFO - Processing file /home/airflow/airflow/dags/trigger_rule.py for tasks to queue
[2022-05-05 07:42:11,371] {logging_mixin.py:104} INFO - [2022-05-05 07:42:11,371] {dagbag.py:487} INFO - Filling up the DagBag from /home/airflow/airflow/dags/trigger_rule.py
[2022-05-05 07:42:11,377] {scheduler_job.py:643} INFO - DAG(s) dict_keys(['trigger_rule']) retrieved from /home/airflow/airflow/dags/trigger_rule.py
[2022-05-05 07:42:11,422] {logging_mixin.py:104} INFO - [2022-05-05 07:42:11,422] {dag.py:1832} INFO - Sync 1 DAGs
[2022-05-05 07:42:11,459] {logging_mixin.py:104} INFO - [2022-05-05 07:42:11,459] {dag.py:2305} INFO - Setting next_dagrun for trigger_rule to 2022-05-04 00:00:00+00:00
[2022-05-05 07:42:11,482] {scheduler_job.py:190} INFO - Processing /home/airflow/airflow/dags/trigger_rule.py took 0.114 seconds
[2022-05-05 07:42:42,379] {scheduler_job.py:182} INFO - Started process (PID=269957) to work on /home/airflow/airflow/dags/trigger_rule.py
[2022-05-05 07:42:42,380] {scheduler_job.py:633} INFO - Processing file /home/airflow/airflow/dags/trigger_rule.py for tasks to queue
[2022-05-05 07:42:42,380] {logging_mixin.py:104} INFO - [2022-05-05 07:42:42,380] {dagbag.py:487} INFO - Filling up the DagBag from /home/airflow/airflow/dags/trigger_rule.py
[2022-05-05 07:42:42,386] {scheduler_job.py:643} INFO - DAG(s) dict_keys(['trigger_rule']) retrieved from /home/airflow/airflow/dags/trigger_rule.py
[2022-05-05 07:42:42,412] {logging_mixin.py:104} INFO - [2022-05-05 07:42:42,412] {dag.py:1832} INFO - Sync 1 DAGs
[2022-05-05 07:42:42,425] {logging_mixin.py:104} INFO - [2022-05-05 07:42:42,425] {dag.py:2305} INFO - Setting next_dagrun for trigger_rule to 2022-05-04 00:00:00+00:00
[2022-05-05 07:42:42,442] {scheduler_job.py:190} INFO - Processing /home/airflow/airflow/dags/trigger_rule.py took 0.065 seconds
[2022-05-05 07:43:13,030] {scheduler_job.py:182} INFO - Started process (PID=270086) to work on /home/airflow/airflow/dags/trigger_rule.py
[2022-05-05 07:43:13,031] {scheduler_job.py:633} INFO - Processing file /home/airflow/airflow/dags/trigger_rule.py for tasks to queue
[2022-05-05 07:43:13,031] {logging_mixin.py:104} INFO - [2022-05-05 07:43:13,031] {dagbag.py:487} INFO - Filling up the DagBag from /home/airflow/airflow/dags/trigger_rule.py
[2022-05-05 07:43:13,037] {scheduler_job.py:643} INFO - DAG(s) dict_keys(['trigger_rule']) retrieved from /home/airflow/airflow/dags/trigger_rule.py
[2022-05-05 07:43:13,062] {logging_mixin.py:104} INFO - [2022-05-05 07:43:13,062] {dag.py:1832} INFO - Sync 1 DAGs
[2022-05-05 07:43:13,078] {logging_mixin.py:104} INFO - [2022-05-05 07:43:13,078] {dag.py:2305} INFO - Setting next_dagrun for trigger_rule to 2022-05-04 00:00:00+00:00
[2022-05-05 07:43:13,083] {scheduler_job.py:190} INFO - Processing /home/airflow/airflow/dags/trigger_rule.py took 0.054 seconds
[2022-05-05 07:43:43,712] {scheduler_job.py:182} INFO - Started process (PID=270187) to work on /home/airflow/airflow/dags/trigger_rule.py
[2022-05-05 07:43:43,713] {scheduler_job.py:633} INFO - Processing file /home/airflow/airflow/dags/trigger_rule.py for tasks to queue
[2022-05-05 07:43:43,713] {logging_mixin.py:104} INFO - [2022-05-05 07:43:43,713] {dagbag.py:487} INFO - Filling up the DagBag from /home/airflow/airflow/dags/trigger_rule.py
[2022-05-05 07:43:43,720] {scheduler_job.py:643} INFO - DAG(s) dict_keys(['trigger_rule']) retrieved from /home/airflow/airflow/dags/trigger_rule.py
[2022-05-05 07:43:43,761] {logging_mixin.py:104} INFO - [2022-05-05 07:43:43,761] {dag.py:1832} INFO - Sync 1 DAGs
[2022-05-05 07:43:43,779] {logging_mixin.py:104} INFO - [2022-05-05 07:43:43,779] {dag.py:2305} INFO - Setting next_dagrun for trigger_rule to 2022-05-04 00:00:00+00:00
[2022-05-05 07:43:43,785] {scheduler_job.py:190} INFO - Processing /home/airflow/airflow/dags/trigger_rule.py took 0.075 seconds
[2022-05-05 07:44:14,401] {scheduler_job.py:182} INFO - Started process (PID=270263) to work on /home/airflow/airflow/dags/trigger_rule.py
[2022-05-05 07:44:14,402] {scheduler_job.py:633} INFO - Processing file /home/airflow/airflow/dags/trigger_rule.py for tasks to queue
[2022-05-05 07:44:14,403] {logging_mixin.py:104} INFO - [2022-05-05 07:44:14,403] {dagbag.py:487} INFO - Filling up the DagBag from /home/airflow/airflow/dags/trigger_rule.py
[2022-05-05 07:44:14,409] {scheduler_job.py:643} INFO - DAG(s) dict_keys(['trigger_rule']) retrieved from /home/airflow/airflow/dags/trigger_rule.py
[2022-05-05 07:44:14,453] {logging_mixin.py:104} INFO - [2022-05-05 07:44:14,453] {dag.py:1832} INFO - Sync 1 DAGs
[2022-05-05 07:44:14,464] {logging_mixin.py:104} INFO - [2022-05-05 07:44:14,464] {dag.py:2305} INFO - Setting next_dagrun for trigger_rule to 2022-05-04 00:00:00+00:00
[2022-05-05 07:44:14,566] {scheduler_job.py:190} INFO - Processing /home/airflow/airflow/dags/trigger_rule.py took 0.167 seconds
[2022-05-05 07:44:45,062] {scheduler_job.py:182} INFO - Started process (PID=270355) to work on /home/airflow/airflow/dags/trigger_rule.py
[2022-05-05 07:44:45,063] {scheduler_job.py:633} INFO - Processing file /home/airflow/airflow/dags/trigger_rule.py for tasks to queue
[2022-05-05 07:44:45,063] {logging_mixin.py:104} INFO - [2022-05-05 07:44:45,063] {dagbag.py:487} INFO - Filling up the DagBag from /home/airflow/airflow/dags/trigger_rule.py
[2022-05-05 07:44:45,069] {scheduler_job.py:643} INFO - DAG(s) dict_keys(['trigger_rule']) retrieved from /home/airflow/airflow/dags/trigger_rule.py
[2022-05-05 07:44:45,097] {logging_mixin.py:104} INFO - [2022-05-05 07:44:45,097] {dag.py:1832} INFO - Sync 1 DAGs
[2022-05-05 07:44:45,203] {logging_mixin.py:104} INFO - [2022-05-05 07:44:45,203] {dag.py:2305} INFO - Setting next_dagrun for trigger_rule to 2022-05-04 00:00:00+00:00
[2022-05-05 07:44:45,216] {scheduler_job.py:190} INFO - Processing /home/airflow/airflow/dags/trigger_rule.py took 0.155 seconds
[2022-05-05 07:45:15,739] {scheduler_job.py:182} INFO - Started process (PID=270453) to work on /home/airflow/airflow/dags/trigger_rule.py
[2022-05-05 07:45:15,739] {scheduler_job.py:633} INFO - Processing file /home/airflow/airflow/dags/trigger_rule.py for tasks to queue
[2022-05-05 07:45:15,740] {logging_mixin.py:104} INFO - [2022-05-05 07:45:15,740] {dagbag.py:487} INFO - Filling up the DagBag from /home/airflow/airflow/dags/trigger_rule.py
[2022-05-05 07:45:15,745] {scheduler_job.py:643} INFO - DAG(s) dict_keys(['trigger_rule']) retrieved from /home/airflow/airflow/dags/trigger_rule.py
[2022-05-05 07:45:15,781] {logging_mixin.py:104} INFO - [2022-05-05 07:45:15,781] {dag.py:1832} INFO - Sync 1 DAGs
[2022-05-05 07:45:15,860] {logging_mixin.py:104} INFO - [2022-05-05 07:45:15,860] {dag.py:2305} INFO - Setting next_dagrun for trigger_rule to 2022-05-04 00:00:00+00:00
[2022-05-05 07:45:15,875] {scheduler_job.py:190} INFO - Processing /home/airflow/airflow/dags/trigger_rule.py took 0.138 seconds
[2022-05-05 07:45:46,643] {scheduler_job.py:182} INFO - Started process (PID=270558) to work on /home/airflow/airflow/dags/trigger_rule.py
[2022-05-05 07:45:46,645] {scheduler_job.py:633} INFO - Processing file /home/airflow/airflow/dags/trigger_rule.py for tasks to queue
[2022-05-05 07:45:46,647] {logging_mixin.py:104} INFO - [2022-05-05 07:45:46,646] {dagbag.py:487} INFO - Filling up the DagBag from /home/airflow/airflow/dags/trigger_rule.py
[2022-05-05 07:45:46,655] {scheduler_job.py:643} INFO - DAG(s) dict_keys(['trigger_rule']) retrieved from /home/airflow/airflow/dags/trigger_rule.py
[2022-05-05 07:45:46,703] {logging_mixin.py:104} INFO - [2022-05-05 07:45:46,703] {dag.py:1832} INFO - Sync 1 DAGs
[2022-05-05 07:45:46,836] {logging_mixin.py:104} INFO - [2022-05-05 07:45:46,836] {dag.py:2305} INFO - Setting next_dagrun for trigger_rule to 2022-05-04 00:00:00+00:00
[2022-05-05 07:45:46,861] {scheduler_job.py:190} INFO - Processing /home/airflow/airflow/dags/trigger_rule.py took 0.219 seconds
[2022-05-05 07:46:16,884] {scheduler_job.py:182} INFO - Started process (PID=270604) to work on /home/airflow/airflow/dags/trigger_rule.py
[2022-05-05 07:46:16,885] {scheduler_job.py:633} INFO - Processing file /home/airflow/airflow/dags/trigger_rule.py for tasks to queue
[2022-05-05 07:46:16,885] {logging_mixin.py:104} INFO - [2022-05-05 07:46:16,885] {dagbag.py:487} INFO - Filling up the DagBag from /home/airflow/airflow/dags/trigger_rule.py
[2022-05-05 07:46:16,891] {scheduler_job.py:643} INFO - DAG(s) dict_keys(['trigger_rule']) retrieved from /home/airflow/airflow/dags/trigger_rule.py
[2022-05-05 07:46:16,906] {logging_mixin.py:104} INFO - [2022-05-05 07:46:16,906] {dag.py:1832} INFO - Sync 1 DAGs
[2022-05-05 07:46:16,952] {logging_mixin.py:104} INFO - [2022-05-05 07:46:16,952] {dag.py:2305} INFO - Setting next_dagrun for trigger_rule to 2022-05-04 00:00:00+00:00
[2022-05-05 07:46:16,956] {scheduler_job.py:190} INFO - Processing /home/airflow/airflow/dags/trigger_rule.py took 0.074 seconds
[2022-05-05 07:46:47,623] {scheduler_job.py:182} INFO - Started process (PID=270876) to work on /home/airflow/airflow/dags/trigger_rule.py
[2022-05-05 07:46:47,623] {scheduler_job.py:633} INFO - Processing file /home/airflow/airflow/dags/trigger_rule.py for tasks to queue
[2022-05-05 07:46:47,623] {logging_mixin.py:104} INFO - [2022-05-05 07:46:47,623] {dagbag.py:487} INFO - Filling up the DagBag from /home/airflow/airflow/dags/trigger_rule.py
[2022-05-05 07:46:47,630] {scheduler_job.py:643} INFO - DAG(s) dict_keys(['trigger_rule']) retrieved from /home/airflow/airflow/dags/trigger_rule.py
[2022-05-05 07:46:47,725] {logging_mixin.py:104} INFO - [2022-05-05 07:46:47,725] {dag.py:1832} INFO - Sync 1 DAGs
[2022-05-05 07:46:47,737] {logging_mixin.py:104} INFO - [2022-05-05 07:46:47,737] {dag.py:2305} INFO - Setting next_dagrun for trigger_rule to 2022-05-04 00:00:00+00:00
[2022-05-05 07:46:47,757] {scheduler_job.py:190} INFO - Processing /home/airflow/airflow/dags/trigger_rule.py took 0.136 seconds
[2022-05-05 07:47:18,432] {scheduler_job.py:182} INFO - Started process (PID=270913) to work on /home/airflow/airflow/dags/trigger_rule.py
[2022-05-05 07:47:18,433] {scheduler_job.py:633} INFO - Processing file /home/airflow/airflow/dags/trigger_rule.py for tasks to queue
[2022-05-05 07:47:18,433] {logging_mixin.py:104} INFO - [2022-05-05 07:47:18,433] {dagbag.py:487} INFO - Filling up the DagBag from /home/airflow/airflow/dags/trigger_rule.py
[2022-05-05 07:47:18,442] {scheduler_job.py:643} INFO - DAG(s) dict_keys(['trigger_rule']) retrieved from /home/airflow/airflow/dags/trigger_rule.py
[2022-05-05 07:47:18,546] {logging_mixin.py:104} INFO - [2022-05-05 07:47:18,546] {dag.py:1832} INFO - Sync 1 DAGs
[2022-05-05 07:47:18,561] {logging_mixin.py:104} INFO - [2022-05-05 07:47:18,561] {dag.py:2305} INFO - Setting next_dagrun for trigger_rule to 2022-05-04 00:00:00+00:00
[2022-05-05 07:47:18,566] {scheduler_job.py:190} INFO - Processing /home/airflow/airflow/dags/trigger_rule.py took 0.137 seconds
[2022-05-05 07:47:49,213] {scheduler_job.py:182} INFO - Started process (PID=270950) to work on /home/airflow/airflow/dags/trigger_rule.py
[2022-05-05 07:47:49,214] {scheduler_job.py:633} INFO - Processing file /home/airflow/airflow/dags/trigger_rule.py for tasks to queue
[2022-05-05 07:47:49,214] {logging_mixin.py:104} INFO - [2022-05-05 07:47:49,214] {dagbag.py:487} INFO - Filling up the DagBag from /home/airflow/airflow/dags/trigger_rule.py
[2022-05-05 07:47:49,221] {scheduler_job.py:643} INFO - DAG(s) dict_keys(['trigger_rule']) retrieved from /home/airflow/airflow/dags/trigger_rule.py
[2022-05-05 07:47:49,330] {logging_mixin.py:104} INFO - [2022-05-05 07:47:49,330] {dag.py:1832} INFO - Sync 1 DAGs
[2022-05-05 07:47:49,343] {logging_mixin.py:104} INFO - [2022-05-05 07:47:49,343] {dag.py:2305} INFO - Setting next_dagrun for trigger_rule to 2022-05-04 00:00:00+00:00
[2022-05-05 07:47:49,362] {scheduler_job.py:190} INFO - Processing /home/airflow/airflow/dags/trigger_rule.py took 0.150 seconds
[2022-05-05 07:48:20,035] {scheduler_job.py:182} INFO - Started process (PID=270990) to work on /home/airflow/airflow/dags/trigger_rule.py
[2022-05-05 07:48:20,036] {scheduler_job.py:633} INFO - Processing file /home/airflow/airflow/dags/trigger_rule.py for tasks to queue
[2022-05-05 07:48:20,036] {logging_mixin.py:104} INFO - [2022-05-05 07:48:20,036] {dagbag.py:487} INFO - Filling up the DagBag from /home/airflow/airflow/dags/trigger_rule.py
[2022-05-05 07:48:20,046] {scheduler_job.py:643} INFO - DAG(s) dict_keys(['trigger_rule']) retrieved from /home/airflow/airflow/dags/trigger_rule.py
[2022-05-05 07:48:20,157] {logging_mixin.py:104} INFO - [2022-05-05 07:48:20,157] {dag.py:1832} INFO - Sync 1 DAGs
[2022-05-05 07:48:20,174] {logging_mixin.py:104} INFO - [2022-05-05 07:48:20,174] {dag.py:2305} INFO - Setting next_dagrun for trigger_rule to 2022-05-04 00:00:00+00:00
[2022-05-05 07:48:20,194] {scheduler_job.py:190} INFO - Processing /home/airflow/airflow/dags/trigger_rule.py took 0.160 seconds
[2022-05-05 07:48:50,930] {scheduler_job.py:182} INFO - Started process (PID=271102) to work on /home/airflow/airflow/dags/trigger_rule.py
[2022-05-05 07:48:50,930] {scheduler_job.py:633} INFO - Processing file /home/airflow/airflow/dags/trigger_rule.py for tasks to queue
[2022-05-05 07:48:50,931] {logging_mixin.py:104} INFO - [2022-05-05 07:48:50,931] {dagbag.py:487} INFO - Filling up the DagBag from /home/airflow/airflow/dags/trigger_rule.py
[2022-05-05 07:48:50,937] {scheduler_job.py:643} INFO - DAG(s) dict_keys(['trigger_rule']) retrieved from /home/airflow/airflow/dags/trigger_rule.py
[2022-05-05 07:48:51,034] {logging_mixin.py:104} INFO - [2022-05-05 07:48:51,034] {dag.py:1832} INFO - Sync 1 DAGs
[2022-05-05 07:48:51,047] {logging_mixin.py:104} INFO - [2022-05-05 07:48:51,047] {dag.py:2305} INFO - Setting next_dagrun for trigger_rule to 2022-05-04 00:00:00+00:00
[2022-05-05 07:48:51,066] {scheduler_job.py:190} INFO - Processing /home/airflow/airflow/dags/trigger_rule.py took 0.138 seconds
[2022-05-05 07:49:21,754] {scheduler_job.py:182} INFO - Started process (PID=271161) to work on /home/airflow/airflow/dags/trigger_rule.py
[2022-05-05 07:49:21,757] {scheduler_job.py:633} INFO - Processing file /home/airflow/airflow/dags/trigger_rule.py for tasks to queue
[2022-05-05 07:49:21,762] {logging_mixin.py:104} INFO - [2022-05-05 07:49:21,762] {dagbag.py:487} INFO - Filling up the DagBag from /home/airflow/airflow/dags/trigger_rule.py
[2022-05-05 07:49:21,768] {scheduler_job.py:643} INFO - DAG(s) dict_keys(['trigger_rule']) retrieved from /home/airflow/airflow/dags/trigger_rule.py
[2022-05-05 07:49:21,873] {logging_mixin.py:104} INFO - [2022-05-05 07:49:21,873] {dag.py:1832} INFO - Sync 1 DAGs
[2022-05-05 07:49:21,897] {logging_mixin.py:104} INFO - [2022-05-05 07:49:21,897] {dag.py:2305} INFO - Setting next_dagrun for trigger_rule to 2022-05-04 00:00:00+00:00
[2022-05-05 07:49:21,924] {scheduler_job.py:190} INFO - Processing /home/airflow/airflow/dags/trigger_rule.py took 0.172 seconds
