[2022-05-05 07:41:40,820] {scheduler_job.py:182} INFO - Started process (PID=268892) to work on /home/airflow/airflow/dags/user_process.py
[2022-05-05 07:41:40,820] {scheduler_job.py:633} INFO - Processing file /home/airflow/airflow/dags/user_process.py for tasks to queue
[2022-05-05 07:41:40,821] {logging_mixin.py:104} INFO - [2022-05-05 07:41:40,821] {dagbag.py:487} INFO - Filling up the DagBag from /home/airflow/airflow/dags/user_process.py
[2022-05-05 07:41:40,843] {logging_mixin.py:104} WARNING - /home/airflow/sandbox/lib/python3.8/site-packages/airflow/providers/sqlite/operators/sqlite.py:25 DeprecationWarning: This decorator is deprecated.

In previous versions, all subclasses of BaseOperator must use apply_default decorator for the`default_args` feature to work properly.

In current version, it is optional. The decorator is applied automatically using the metaclass.
[2022-05-05 07:41:41,137] {scheduler_job.py:643} INFO - DAG(s) dict_keys(['user_process']) retrieved from /home/airflow/airflow/dags/user_process.py
[2022-05-05 07:41:41,149] {logging_mixin.py:104} INFO - [2022-05-05 07:41:41,148] {dag.py:1832} INFO - Sync 1 DAGs
[2022-05-05 07:41:41,157] {logging_mixin.py:104} INFO - [2022-05-05 07:41:41,157] {dag.py:2305} INFO - Setting next_dagrun for user_process to 2022-05-04 00:00:00+00:00
[2022-05-05 07:41:41,171] {scheduler_job.py:190} INFO - Processing /home/airflow/airflow/dags/user_process.py took 0.354 seconds
[2022-05-05 07:42:11,814] {scheduler_job.py:182} INFO - Started process (PID=269241) to work on /home/airflow/airflow/dags/user_process.py
[2022-05-05 07:42:11,824] {scheduler_job.py:633} INFO - Processing file /home/airflow/airflow/dags/user_process.py for tasks to queue
[2022-05-05 07:42:11,824] {logging_mixin.py:104} INFO - [2022-05-05 07:42:11,824] {dagbag.py:487} INFO - Filling up the DagBag from /home/airflow/airflow/dags/user_process.py
[2022-05-05 07:42:11,831] {logging_mixin.py:104} WARNING - /home/airflow/sandbox/lib/python3.8/site-packages/airflow/providers/sqlite/operators/sqlite.py:25 DeprecationWarning: This decorator is deprecated.

In previous versions, all subclasses of BaseOperator must use apply_default decorator for the`default_args` feature to work properly.

In current version, it is optional. The decorator is applied automatically using the metaclass.
[2022-05-05 07:42:12,196] {scheduler_job.py:643} INFO - DAG(s) dict_keys(['user_process']) retrieved from /home/airflow/airflow/dags/user_process.py
[2022-05-05 07:42:12,209] {logging_mixin.py:104} INFO - [2022-05-05 07:42:12,209] {dag.py:1832} INFO - Sync 1 DAGs
[2022-05-05 07:42:12,218] {logging_mixin.py:104} INFO - [2022-05-05 07:42:12,218] {dag.py:2305} INFO - Setting next_dagrun for user_process to 2022-05-04 00:00:00+00:00
[2022-05-05 07:42:12,224] {scheduler_job.py:190} INFO - Processing /home/airflow/airflow/dags/user_process.py took 0.412 seconds
[2022-05-05 07:42:42,610] {scheduler_job.py:182} INFO - Started process (PID=269975) to work on /home/airflow/airflow/dags/user_process.py
[2022-05-05 07:42:42,611] {scheduler_job.py:633} INFO - Processing file /home/airflow/airflow/dags/user_process.py for tasks to queue
[2022-05-05 07:42:42,611] {logging_mixin.py:104} INFO - [2022-05-05 07:42:42,611] {dagbag.py:487} INFO - Filling up the DagBag from /home/airflow/airflow/dags/user_process.py
[2022-05-05 07:42:42,616] {logging_mixin.py:104} WARNING - /home/airflow/sandbox/lib/python3.8/site-packages/airflow/providers/sqlite/operators/sqlite.py:25 DeprecationWarning: This decorator is deprecated.

In previous versions, all subclasses of BaseOperator must use apply_default decorator for the`default_args` feature to work properly.

In current version, it is optional. The decorator is applied automatically using the metaclass.
[2022-05-05 07:42:42,893] {scheduler_job.py:643} INFO - DAG(s) dict_keys(['user_process']) retrieved from /home/airflow/airflow/dags/user_process.py
[2022-05-05 07:42:42,911] {logging_mixin.py:104} INFO - [2022-05-05 07:42:42,910] {dag.py:1832} INFO - Sync 1 DAGs
[2022-05-05 07:42:42,918] {logging_mixin.py:104} INFO - [2022-05-05 07:42:42,918] {dag.py:2305} INFO - Setting next_dagrun for user_process to 2022-05-04 00:00:00+00:00
[2022-05-05 07:42:42,923] {scheduler_job.py:190} INFO - Processing /home/airflow/airflow/dags/user_process.py took 0.314 seconds
[2022-05-05 07:43:13,298] {scheduler_job.py:182} INFO - Started process (PID=270107) to work on /home/airflow/airflow/dags/user_process.py
[2022-05-05 07:43:13,299] {scheduler_job.py:633} INFO - Processing file /home/airflow/airflow/dags/user_process.py for tasks to queue
[2022-05-05 07:43:13,299] {logging_mixin.py:104} INFO - [2022-05-05 07:43:13,299] {dagbag.py:487} INFO - Filling up the DagBag from /home/airflow/airflow/dags/user_process.py
[2022-05-05 07:43:13,315] {logging_mixin.py:104} WARNING - /home/airflow/sandbox/lib/python3.8/site-packages/airflow/providers/sqlite/operators/sqlite.py:25 DeprecationWarning: This decorator is deprecated.

In previous versions, all subclasses of BaseOperator must use apply_default decorator for the`default_args` feature to work properly.

In current version, it is optional. The decorator is applied automatically using the metaclass.
[2022-05-05 07:43:13,593] {scheduler_job.py:643} INFO - DAG(s) dict_keys(['user_process']) retrieved from /home/airflow/airflow/dags/user_process.py
[2022-05-05 07:43:13,605] {logging_mixin.py:104} INFO - [2022-05-05 07:43:13,605] {dag.py:1832} INFO - Sync 1 DAGs
[2022-05-05 07:43:13,613] {logging_mixin.py:104} INFO - [2022-05-05 07:43:13,613] {dag.py:2305} INFO - Setting next_dagrun for user_process to 2022-05-04 00:00:00+00:00
[2022-05-05 07:43:13,628] {scheduler_job.py:190} INFO - Processing /home/airflow/airflow/dags/user_process.py took 0.331 seconds
[2022-05-05 07:43:44,029] {scheduler_job.py:182} INFO - Started process (PID=270206) to work on /home/airflow/airflow/dags/user_process.py
[2022-05-05 07:43:44,031] {scheduler_job.py:633} INFO - Processing file /home/airflow/airflow/dags/user_process.py for tasks to queue
[2022-05-05 07:43:44,032] {logging_mixin.py:104} INFO - [2022-05-05 07:43:44,032] {dagbag.py:487} INFO - Filling up the DagBag from /home/airflow/airflow/dags/user_process.py
[2022-05-05 07:43:44,042] {logging_mixin.py:104} WARNING - /home/airflow/sandbox/lib/python3.8/site-packages/airflow/providers/sqlite/operators/sqlite.py:25 DeprecationWarning: This decorator is deprecated.

In previous versions, all subclasses of BaseOperator must use apply_default decorator for the`default_args` feature to work properly.

In current version, it is optional. The decorator is applied automatically using the metaclass.
[2022-05-05 07:43:44,262] {scheduler_job.py:643} INFO - DAG(s) dict_keys(['user_process']) retrieved from /home/airflow/airflow/dags/user_process.py
[2022-05-05 07:43:44,273] {logging_mixin.py:104} INFO - [2022-05-05 07:43:44,273] {dag.py:1832} INFO - Sync 1 DAGs
[2022-05-05 07:43:44,280] {logging_mixin.py:104} INFO - [2022-05-05 07:43:44,280] {dag.py:2305} INFO - Setting next_dagrun for user_process to 2022-05-04 00:00:00+00:00
[2022-05-05 07:43:44,295] {scheduler_job.py:190} INFO - Processing /home/airflow/airflow/dags/user_process.py took 0.268 seconds
[2022-05-05 07:44:14,756] {scheduler_job.py:182} INFO - Started process (PID=270282) to work on /home/airflow/airflow/dags/user_process.py
[2022-05-05 07:44:14,757] {scheduler_job.py:633} INFO - Processing file /home/airflow/airflow/dags/user_process.py for tasks to queue
[2022-05-05 07:44:14,757] {logging_mixin.py:104} INFO - [2022-05-05 07:44:14,757] {dagbag.py:487} INFO - Filling up the DagBag from /home/airflow/airflow/dags/user_process.py
[2022-05-05 07:44:14,767] {logging_mixin.py:104} WARNING - /home/airflow/sandbox/lib/python3.8/site-packages/airflow/providers/sqlite/operators/sqlite.py:25 DeprecationWarning: This decorator is deprecated.

In previous versions, all subclasses of BaseOperator must use apply_default decorator for the`default_args` feature to work properly.

In current version, it is optional. The decorator is applied automatically using the metaclass.
[2022-05-05 07:44:15,025] {scheduler_job.py:643} INFO - DAG(s) dict_keys(['user_process']) retrieved from /home/airflow/airflow/dags/user_process.py
[2022-05-05 07:44:15,036] {logging_mixin.py:104} INFO - [2022-05-05 07:44:15,036] {dag.py:1832} INFO - Sync 1 DAGs
[2022-05-05 07:44:15,045] {logging_mixin.py:104} INFO - [2022-05-05 07:44:15,045] {dag.py:2305} INFO - Setting next_dagrun for user_process to 2022-05-04 00:00:00+00:00
[2022-05-05 07:44:15,060] {scheduler_job.py:190} INFO - Processing /home/airflow/airflow/dags/user_process.py took 0.305 seconds
[2022-05-05 07:44:45,436] {scheduler_job.py:182} INFO - Started process (PID=270375) to work on /home/airflow/airflow/dags/user_process.py
[2022-05-05 07:44:45,436] {scheduler_job.py:633} INFO - Processing file /home/airflow/airflow/dags/user_process.py for tasks to queue
[2022-05-05 07:44:45,437] {logging_mixin.py:104} INFO - [2022-05-05 07:44:45,437] {dagbag.py:487} INFO - Filling up the DagBag from /home/airflow/airflow/dags/user_process.py
[2022-05-05 07:44:45,442] {logging_mixin.py:104} WARNING - /home/airflow/sandbox/lib/python3.8/site-packages/airflow/providers/sqlite/operators/sqlite.py:25 DeprecationWarning: This decorator is deprecated.

In previous versions, all subclasses of BaseOperator must use apply_default decorator for the`default_args` feature to work properly.

In current version, it is optional. The decorator is applied automatically using the metaclass.
[2022-05-05 07:44:45,675] {scheduler_job.py:643} INFO - DAG(s) dict_keys(['user_process']) retrieved from /home/airflow/airflow/dags/user_process.py
[2022-05-05 07:44:45,687] {logging_mixin.py:104} INFO - [2022-05-05 07:44:45,686] {dag.py:1832} INFO - Sync 1 DAGs
[2022-05-05 07:44:45,694] {logging_mixin.py:104} INFO - [2022-05-05 07:44:45,694] {dag.py:2305} INFO - Setting next_dagrun for user_process to 2022-05-04 00:00:00+00:00
[2022-05-05 07:44:45,708] {scheduler_job.py:190} INFO - Processing /home/airflow/airflow/dags/user_process.py took 0.274 seconds
[2022-05-05 07:45:16,074] {scheduler_job.py:182} INFO - Started process (PID=270470) to work on /home/airflow/airflow/dags/user_process.py
[2022-05-05 07:45:16,074] {scheduler_job.py:633} INFO - Processing file /home/airflow/airflow/dags/user_process.py for tasks to queue
[2022-05-05 07:45:16,075] {logging_mixin.py:104} INFO - [2022-05-05 07:45:16,075] {dagbag.py:487} INFO - Filling up the DagBag from /home/airflow/airflow/dags/user_process.py
[2022-05-05 07:45:16,082] {logging_mixin.py:104} WARNING - /home/airflow/sandbox/lib/python3.8/site-packages/airflow/providers/sqlite/operators/sqlite.py:25 DeprecationWarning: This decorator is deprecated.

In previous versions, all subclasses of BaseOperator must use apply_default decorator for the`default_args` feature to work properly.

In current version, it is optional. The decorator is applied automatically using the metaclass.
[2022-05-05 07:45:16,301] {scheduler_job.py:643} INFO - DAG(s) dict_keys(['user_process']) retrieved from /home/airflow/airflow/dags/user_process.py
[2022-05-05 07:45:16,312] {logging_mixin.py:104} INFO - [2022-05-05 07:45:16,312] {dag.py:1832} INFO - Sync 1 DAGs
[2022-05-05 07:45:16,319] {logging_mixin.py:104} INFO - [2022-05-05 07:45:16,319] {dag.py:2305} INFO - Setting next_dagrun for user_process to 2022-05-04 00:00:00+00:00
[2022-05-05 07:45:16,334] {scheduler_job.py:190} INFO - Processing /home/airflow/airflow/dags/user_process.py took 0.261 seconds
[2022-05-05 07:45:47,161] {scheduler_job.py:182} INFO - Started process (PID=270576) to work on /home/airflow/airflow/dags/user_process.py
[2022-05-05 07:45:47,169] {scheduler_job.py:633} INFO - Processing file /home/airflow/airflow/dags/user_process.py for tasks to queue
[2022-05-05 07:45:47,170] {logging_mixin.py:104} INFO - [2022-05-05 07:45:47,170] {dagbag.py:487} INFO - Filling up the DagBag from /home/airflow/airflow/dags/user_process.py
[2022-05-05 07:45:47,176] {logging_mixin.py:104} WARNING - /home/airflow/sandbox/lib/python3.8/site-packages/airflow/providers/sqlite/operators/sqlite.py:25 DeprecationWarning: This decorator is deprecated.

In previous versions, all subclasses of BaseOperator must use apply_default decorator for the`default_args` feature to work properly.

In current version, it is optional. The decorator is applied automatically using the metaclass.
[2022-05-05 07:45:47,503] {scheduler_job.py:643} INFO - DAG(s) dict_keys(['user_process']) retrieved from /home/airflow/airflow/dags/user_process.py
[2022-05-05 07:45:47,553] {logging_mixin.py:104} INFO - [2022-05-05 07:45:47,553] {dag.py:1832} INFO - Sync 1 DAGs
[2022-05-05 07:45:47,562] {logging_mixin.py:104} INFO - [2022-05-05 07:45:47,562] {dag.py:2305} INFO - Setting next_dagrun for user_process to 2022-05-04 00:00:00+00:00
[2022-05-05 07:45:47,591] {scheduler_job.py:190} INFO - Processing /home/airflow/airflow/dags/user_process.py took 0.432 seconds
[2022-05-05 07:46:18,143] {scheduler_job.py:182} INFO - Started process (PID=270625) to work on /home/airflow/airflow/dags/user_process.py
[2022-05-05 07:46:18,150] {scheduler_job.py:633} INFO - Processing file /home/airflow/airflow/dags/user_process.py for tasks to queue
[2022-05-05 07:46:18,151] {logging_mixin.py:104} INFO - [2022-05-05 07:46:18,151] {dagbag.py:487} INFO - Filling up the DagBag from /home/airflow/airflow/dags/user_process.py
[2022-05-05 07:46:18,158] {logging_mixin.py:104} WARNING - /home/airflow/sandbox/lib/python3.8/site-packages/airflow/providers/sqlite/operators/sqlite.py:25 DeprecationWarning: This decorator is deprecated.

In previous versions, all subclasses of BaseOperator must use apply_default decorator for the`default_args` feature to work properly.

In current version, it is optional. The decorator is applied automatically using the metaclass.
[2022-05-05 07:46:18,535] {scheduler_job.py:643} INFO - DAG(s) dict_keys(['user_process']) retrieved from /home/airflow/airflow/dags/user_process.py
[2022-05-05 07:46:18,548] {logging_mixin.py:104} INFO - [2022-05-05 07:46:18,547] {dag.py:1832} INFO - Sync 1 DAGs
[2022-05-05 07:46:18,557] {logging_mixin.py:104} INFO - [2022-05-05 07:46:18,557] {dag.py:2305} INFO - Setting next_dagrun for user_process to 2022-05-04 00:00:00+00:00
[2022-05-05 07:46:18,562] {scheduler_job.py:190} INFO - Processing /home/airflow/airflow/dags/user_process.py took 0.420 seconds
[2022-05-05 07:46:49,006] {scheduler_job.py:182} INFO - Started process (PID=270902) to work on /home/airflow/airflow/dags/user_process.py
[2022-05-05 07:46:49,008] {scheduler_job.py:633} INFO - Processing file /home/airflow/airflow/dags/user_process.py for tasks to queue
[2022-05-05 07:46:49,008] {logging_mixin.py:104} INFO - [2022-05-05 07:46:49,008] {dagbag.py:487} INFO - Filling up the DagBag from /home/airflow/airflow/dags/user_process.py
[2022-05-05 07:46:49,030] {logging_mixin.py:104} WARNING - /home/airflow/sandbox/lib/python3.8/site-packages/airflow/providers/sqlite/operators/sqlite.py:25 DeprecationWarning: This decorator is deprecated.

In previous versions, all subclasses of BaseOperator must use apply_default decorator for the`default_args` feature to work properly.

In current version, it is optional. The decorator is applied automatically using the metaclass.
[2022-05-05 07:46:49,361] {scheduler_job.py:643} INFO - DAG(s) dict_keys(['user_process']) retrieved from /home/airflow/airflow/dags/user_process.py
[2022-05-05 07:46:49,387] {logging_mixin.py:104} INFO - [2022-05-05 07:46:49,386] {dag.py:1832} INFO - Sync 1 DAGs
[2022-05-05 07:46:49,394] {logging_mixin.py:104} INFO - [2022-05-05 07:46:49,394] {dag.py:2305} INFO - Setting next_dagrun for user_process to 2022-05-04 00:00:00+00:00
[2022-05-05 07:46:49,399] {scheduler_job.py:190} INFO - Processing /home/airflow/airflow/dags/user_process.py took 0.395 seconds
[2022-05-05 07:47:19,810] {scheduler_job.py:182} INFO - Started process (PID=270939) to work on /home/airflow/airflow/dags/user_process.py
[2022-05-05 07:47:19,811] {scheduler_job.py:633} INFO - Processing file /home/airflow/airflow/dags/user_process.py for tasks to queue
[2022-05-05 07:47:19,811] {logging_mixin.py:104} INFO - [2022-05-05 07:47:19,811] {dagbag.py:487} INFO - Filling up the DagBag from /home/airflow/airflow/dags/user_process.py
[2022-05-05 07:47:19,818] {logging_mixin.py:104} WARNING - /home/airflow/sandbox/lib/python3.8/site-packages/airflow/providers/sqlite/operators/sqlite.py:25 DeprecationWarning: This decorator is deprecated.

In previous versions, all subclasses of BaseOperator must use apply_default decorator for the`default_args` feature to work properly.

In current version, it is optional. The decorator is applied automatically using the metaclass.
[2022-05-05 07:47:20,168] {scheduler_job.py:643} INFO - DAG(s) dict_keys(['user_process']) retrieved from /home/airflow/airflow/dags/user_process.py
[2022-05-05 07:47:20,179] {logging_mixin.py:104} INFO - [2022-05-05 07:47:20,179] {dag.py:1832} INFO - Sync 1 DAGs
[2022-05-05 07:47:20,187] {logging_mixin.py:104} INFO - [2022-05-05 07:47:20,187] {dag.py:2305} INFO - Setting next_dagrun for user_process to 2022-05-04 00:00:00+00:00
[2022-05-05 07:47:20,192] {scheduler_job.py:190} INFO - Processing /home/airflow/airflow/dags/user_process.py took 0.383 seconds
[2022-05-05 07:47:50,593] {scheduler_job.py:182} INFO - Started process (PID=270976) to work on /home/airflow/airflow/dags/user_process.py
[2022-05-05 07:47:50,593] {scheduler_job.py:633} INFO - Processing file /home/airflow/airflow/dags/user_process.py for tasks to queue
[2022-05-05 07:47:50,594] {logging_mixin.py:104} INFO - [2022-05-05 07:47:50,594] {dagbag.py:487} INFO - Filling up the DagBag from /home/airflow/airflow/dags/user_process.py
[2022-05-05 07:47:50,616] {logging_mixin.py:104} WARNING - /home/airflow/sandbox/lib/python3.8/site-packages/airflow/providers/sqlite/operators/sqlite.py:25 DeprecationWarning: This decorator is deprecated.

In previous versions, all subclasses of BaseOperator must use apply_default decorator for the`default_args` feature to work properly.

In current version, it is optional. The decorator is applied automatically using the metaclass.
[2022-05-05 07:47:50,958] {scheduler_job.py:643} INFO - DAG(s) dict_keys(['user_process']) retrieved from /home/airflow/airflow/dags/user_process.py
[2022-05-05 07:47:50,976] {logging_mixin.py:104} INFO - [2022-05-05 07:47:50,976] {dag.py:1832} INFO - Sync 1 DAGs
[2022-05-05 07:47:50,985] {logging_mixin.py:104} INFO - [2022-05-05 07:47:50,985] {dag.py:2305} INFO - Setting next_dagrun for user_process to 2022-05-04 00:00:00+00:00
[2022-05-05 07:47:50,989] {scheduler_job.py:190} INFO - Processing /home/airflow/airflow/dags/user_process.py took 0.398 seconds
[2022-05-05 07:48:21,440] {scheduler_job.py:182} INFO - Started process (PID=271016) to work on /home/airflow/airflow/dags/user_process.py
[2022-05-05 07:48:21,440] {scheduler_job.py:633} INFO - Processing file /home/airflow/airflow/dags/user_process.py for tasks to queue
[2022-05-05 07:48:21,451] {logging_mixin.py:104} INFO - [2022-05-05 07:48:21,451] {dagbag.py:487} INFO - Filling up the DagBag from /home/airflow/airflow/dags/user_process.py
[2022-05-05 07:48:21,527] {logging_mixin.py:104} WARNING - /home/airflow/sandbox/lib/python3.8/site-packages/airflow/providers/sqlite/operators/sqlite.py:25 DeprecationWarning: This decorator is deprecated.

In previous versions, all subclasses of BaseOperator must use apply_default decorator for the`default_args` feature to work properly.

In current version, it is optional. The decorator is applied automatically using the metaclass.
[2022-05-05 07:48:21,819] {scheduler_job.py:643} INFO - DAG(s) dict_keys(['user_process']) retrieved from /home/airflow/airflow/dags/user_process.py
[2022-05-05 07:48:21,830] {logging_mixin.py:104} INFO - [2022-05-05 07:48:21,830] {dag.py:1832} INFO - Sync 1 DAGs
[2022-05-05 07:48:21,838] {logging_mixin.py:104} INFO - [2022-05-05 07:48:21,837] {dag.py:2305} INFO - Setting next_dagrun for user_process to 2022-05-04 00:00:00+00:00
[2022-05-05 07:48:21,843] {scheduler_job.py:190} INFO - Processing /home/airflow/airflow/dags/user_process.py took 0.405 seconds
[2022-05-05 07:48:52,311] {scheduler_job.py:182} INFO - Started process (PID=271128) to work on /home/airflow/airflow/dags/user_process.py
[2022-05-05 07:48:52,311] {scheduler_job.py:633} INFO - Processing file /home/airflow/airflow/dags/user_process.py for tasks to queue
[2022-05-05 07:48:52,311] {logging_mixin.py:104} INFO - [2022-05-05 07:48:52,311] {dagbag.py:487} INFO - Filling up the DagBag from /home/airflow/airflow/dags/user_process.py
[2022-05-05 07:48:52,405] {logging_mixin.py:104} WARNING - /home/airflow/sandbox/lib/python3.8/site-packages/airflow/providers/sqlite/operators/sqlite.py:25 DeprecationWarning: This decorator is deprecated.

In previous versions, all subclasses of BaseOperator must use apply_default decorator for the`default_args` feature to work properly.

In current version, it is optional. The decorator is applied automatically using the metaclass.
[2022-05-05 07:48:52,673] {scheduler_job.py:643} INFO - DAG(s) dict_keys(['user_process']) retrieved from /home/airflow/airflow/dags/user_process.py
[2022-05-05 07:48:52,684] {logging_mixin.py:104} INFO - [2022-05-05 07:48:52,684] {dag.py:1832} INFO - Sync 1 DAGs
[2022-05-05 07:48:52,693] {logging_mixin.py:104} INFO - [2022-05-05 07:48:52,693] {dag.py:2305} INFO - Setting next_dagrun for user_process to 2022-05-04 00:00:00+00:00
[2022-05-05 07:48:52,700] {scheduler_job.py:190} INFO - Processing /home/airflow/airflow/dags/user_process.py took 0.391 seconds
[2022-05-05 07:49:23,268] {scheduler_job.py:182} INFO - Started process (PID=271251) to work on /home/airflow/airflow/dags/user_process.py
[2022-05-05 07:49:23,270] {scheduler_job.py:633} INFO - Processing file /home/airflow/airflow/dags/user_process.py for tasks to queue
[2022-05-05 07:49:23,270] {logging_mixin.py:104} INFO - [2022-05-05 07:49:23,270] {dagbag.py:487} INFO - Filling up the DagBag from /home/airflow/airflow/dags/user_process.py
[2022-05-05 07:49:23,348] {logging_mixin.py:104} WARNING - /home/airflow/sandbox/lib/python3.8/site-packages/airflow/providers/sqlite/operators/sqlite.py:25 DeprecationWarning: This decorator is deprecated.

In previous versions, all subclasses of BaseOperator must use apply_default decorator for the`default_args` feature to work properly.

In current version, it is optional. The decorator is applied automatically using the metaclass.
[2022-05-05 07:49:23,616] {scheduler_job.py:643} INFO - DAG(s) dict_keys(['user_process']) retrieved from /home/airflow/airflow/dags/user_process.py
[2022-05-05 07:49:23,627] {logging_mixin.py:104} INFO - [2022-05-05 07:49:23,627] {dag.py:1832} INFO - Sync 1 DAGs
[2022-05-05 07:49:23,637] {logging_mixin.py:104} INFO - [2022-05-05 07:49:23,637] {dag.py:2305} INFO - Setting next_dagrun for user_process to 2022-05-04 00:00:00+00:00
[2022-05-05 07:49:23,642] {scheduler_job.py:190} INFO - Processing /home/airflow/airflow/dags/user_process.py took 0.376 seconds
