[2022-05-05 07:41:40,400] {scheduler_job.py:182} INFO - Started process (PID=268865) to work on /home/airflow/airflow/dags/xcom_dag.py
[2022-05-05 07:41:40,401] {scheduler_job.py:633} INFO - Processing file /home/airflow/airflow/dags/xcom_dag.py for tasks to queue
[2022-05-05 07:41:40,401] {logging_mixin.py:104} INFO - [2022-05-05 07:41:40,401] {dagbag.py:487} INFO - Filling up the DagBag from /home/airflow/airflow/dags/xcom_dag.py
[2022-05-05 07:41:40,409] {scheduler_job.py:643} INFO - DAG(s) dict_keys(['xcom_dag']) retrieved from /home/airflow/airflow/dags/xcom_dag.py
[2022-05-05 07:41:40,490] {logging_mixin.py:104} INFO - [2022-05-05 07:41:40,490] {dag.py:1832} INFO - Sync 1 DAGs
[2022-05-05 07:41:40,503] {logging_mixin.py:104} INFO - [2022-05-05 07:41:40,503] {dag.py:2305} INFO - Setting next_dagrun for xcom_dag to 2022-05-04 00:00:00+00:00
[2022-05-05 07:41:40,540] {scheduler_job.py:190} INFO - Processing /home/airflow/airflow/dags/xcom_dag.py took 0.141 seconds
[2022-05-05 07:42:11,125] {scheduler_job.py:182} INFO - Started process (PID=269203) to work on /home/airflow/airflow/dags/xcom_dag.py
[2022-05-05 07:42:11,125] {scheduler_job.py:633} INFO - Processing file /home/airflow/airflow/dags/xcom_dag.py for tasks to queue
[2022-05-05 07:42:11,126] {logging_mixin.py:104} INFO - [2022-05-05 07:42:11,125] {dagbag.py:487} INFO - Filling up the DagBag from /home/airflow/airflow/dags/xcom_dag.py
[2022-05-05 07:42:11,133] {scheduler_job.py:643} INFO - DAG(s) dict_keys(['xcom_dag']) retrieved from /home/airflow/airflow/dags/xcom_dag.py
[2022-05-05 07:42:11,174] {logging_mixin.py:104} INFO - [2022-05-05 07:42:11,174] {dag.py:1832} INFO - Sync 1 DAGs
[2022-05-05 07:42:11,334] {logging_mixin.py:104} INFO - [2022-05-05 07:42:11,334] {dag.py:2305} INFO - Setting next_dagrun for xcom_dag to 2022-05-04 00:00:00+00:00
[2022-05-05 07:42:11,340] {scheduler_job.py:190} INFO - Processing /home/airflow/airflow/dags/xcom_dag.py took 0.217 seconds
[2022-05-05 07:42:42,199] {scheduler_job.py:182} INFO - Started process (PID=269949) to work on /home/airflow/airflow/dags/xcom_dag.py
[2022-05-05 07:42:42,199] {scheduler_job.py:633} INFO - Processing file /home/airflow/airflow/dags/xcom_dag.py for tasks to queue
[2022-05-05 07:42:42,200] {logging_mixin.py:104} INFO - [2022-05-05 07:42:42,200] {dagbag.py:487} INFO - Filling up the DagBag from /home/airflow/airflow/dags/xcom_dag.py
[2022-05-05 07:42:42,208] {scheduler_job.py:643} INFO - DAG(s) dict_keys(['xcom_dag']) retrieved from /home/airflow/airflow/dags/xcom_dag.py
[2022-05-05 07:42:42,244] {logging_mixin.py:104} INFO - [2022-05-05 07:42:42,244] {dag.py:1832} INFO - Sync 1 DAGs
[2022-05-05 07:42:42,345] {logging_mixin.py:104} INFO - [2022-05-05 07:42:42,345] {dag.py:2305} INFO - Setting next_dagrun for xcom_dag to 2022-05-04 00:00:00+00:00
[2022-05-05 07:42:42,352] {scheduler_job.py:190} INFO - Processing /home/airflow/airflow/dags/xcom_dag.py took 0.155 seconds
[2022-05-05 07:43:12,856] {scheduler_job.py:182} INFO - Started process (PID=270078) to work on /home/airflow/airflow/dags/xcom_dag.py
[2022-05-05 07:43:12,856] {scheduler_job.py:633} INFO - Processing file /home/airflow/airflow/dags/xcom_dag.py for tasks to queue
[2022-05-05 07:43:12,869] {logging_mixin.py:104} INFO - [2022-05-05 07:43:12,869] {dagbag.py:487} INFO - Filling up the DagBag from /home/airflow/airflow/dags/xcom_dag.py
[2022-05-05 07:43:12,877] {scheduler_job.py:643} INFO - DAG(s) dict_keys(['xcom_dag']) retrieved from /home/airflow/airflow/dags/xcom_dag.py
[2022-05-05 07:43:12,910] {logging_mixin.py:104} INFO - [2022-05-05 07:43:12,909] {dag.py:1832} INFO - Sync 1 DAGs
[2022-05-05 07:43:12,983] {logging_mixin.py:104} INFO - [2022-05-05 07:43:12,983] {dag.py:2305} INFO - Setting next_dagrun for xcom_dag to 2022-05-04 00:00:00+00:00
[2022-05-05 07:43:13,004] {scheduler_job.py:190} INFO - Processing /home/airflow/airflow/dags/xcom_dag.py took 0.149 seconds
[2022-05-05 07:43:43,549] {scheduler_job.py:182} INFO - Started process (PID=270179) to work on /home/airflow/airflow/dags/xcom_dag.py
[2022-05-05 07:43:43,550] {scheduler_job.py:633} INFO - Processing file /home/airflow/airflow/dags/xcom_dag.py for tasks to queue
[2022-05-05 07:43:43,550] {logging_mixin.py:104} INFO - [2022-05-05 07:43:43,550] {dagbag.py:487} INFO - Filling up the DagBag from /home/airflow/airflow/dags/xcom_dag.py
[2022-05-05 07:43:43,558] {scheduler_job.py:643} INFO - DAG(s) dict_keys(['xcom_dag']) retrieved from /home/airflow/airflow/dags/xcom_dag.py
[2022-05-05 07:43:43,587] {logging_mixin.py:104} INFO - [2022-05-05 07:43:43,587] {dag.py:1832} INFO - Sync 1 DAGs
[2022-05-05 07:43:43,662] {logging_mixin.py:104} INFO - [2022-05-05 07:43:43,662] {dag.py:2305} INFO - Setting next_dagrun for xcom_dag to 2022-05-04 00:00:00+00:00
[2022-05-05 07:43:43,682] {scheduler_job.py:190} INFO - Processing /home/airflow/airflow/dags/xcom_dag.py took 0.136 seconds
[2022-05-05 07:44:14,214] {scheduler_job.py:182} INFO - Started process (PID=270255) to work on /home/airflow/airflow/dags/xcom_dag.py
[2022-05-05 07:44:14,215] {scheduler_job.py:633} INFO - Processing file /home/airflow/airflow/dags/xcom_dag.py for tasks to queue
[2022-05-05 07:44:14,216] {logging_mixin.py:104} INFO - [2022-05-05 07:44:14,216] {dagbag.py:487} INFO - Filling up the DagBag from /home/airflow/airflow/dags/xcom_dag.py
[2022-05-05 07:44:14,223] {scheduler_job.py:643} INFO - DAG(s) dict_keys(['xcom_dag']) retrieved from /home/airflow/airflow/dags/xcom_dag.py
[2022-05-05 07:44:14,263] {logging_mixin.py:104} INFO - [2022-05-05 07:44:14,263] {dag.py:1832} INFO - Sync 1 DAGs
[2022-05-05 07:44:14,339] {logging_mixin.py:104} INFO - [2022-05-05 07:44:14,339] {dag.py:2305} INFO - Setting next_dagrun for xcom_dag to 2022-05-04 00:00:00+00:00
[2022-05-05 07:44:14,371] {scheduler_job.py:190} INFO - Processing /home/airflow/airflow/dags/xcom_dag.py took 0.158 seconds
[2022-05-05 07:44:44,881] {scheduler_job.py:182} INFO - Started process (PID=270347) to work on /home/airflow/airflow/dags/xcom_dag.py
[2022-05-05 07:44:44,882] {scheduler_job.py:633} INFO - Processing file /home/airflow/airflow/dags/xcom_dag.py for tasks to queue
[2022-05-05 07:44:44,883] {logging_mixin.py:104} INFO - [2022-05-05 07:44:44,883] {dagbag.py:487} INFO - Filling up the DagBag from /home/airflow/airflow/dags/xcom_dag.py
[2022-05-05 07:44:44,893] {scheduler_job.py:643} INFO - DAG(s) dict_keys(['xcom_dag']) retrieved from /home/airflow/airflow/dags/xcom_dag.py
[2022-05-05 07:44:44,918] {logging_mixin.py:104} INFO - [2022-05-05 07:44:44,918] {dag.py:1832} INFO - Sync 1 DAGs
[2022-05-05 07:44:45,021] {logging_mixin.py:104} INFO - [2022-05-05 07:44:45,021] {dag.py:2305} INFO - Setting next_dagrun for xcom_dag to 2022-05-04 00:00:00+00:00
[2022-05-05 07:44:45,036] {scheduler_job.py:190} INFO - Processing /home/airflow/airflow/dags/xcom_dag.py took 0.157 seconds
[2022-05-05 07:45:15,583] {scheduler_job.py:182} INFO - Started process (PID=270445) to work on /home/airflow/airflow/dags/xcom_dag.py
[2022-05-05 07:45:15,584] {scheduler_job.py:633} INFO - Processing file /home/airflow/airflow/dags/xcom_dag.py for tasks to queue
[2022-05-05 07:45:15,584] {logging_mixin.py:104} INFO - [2022-05-05 07:45:15,584] {dagbag.py:487} INFO - Filling up the DagBag from /home/airflow/airflow/dags/xcom_dag.py
[2022-05-05 07:45:15,592] {scheduler_job.py:643} INFO - DAG(s) dict_keys(['xcom_dag']) retrieved from /home/airflow/airflow/dags/xcom_dag.py
[2022-05-05 07:45:15,691] {logging_mixin.py:104} INFO - [2022-05-05 07:45:15,690] {dag.py:1832} INFO - Sync 1 DAGs
[2022-05-05 07:45:15,698] {logging_mixin.py:104} INFO - [2022-05-05 07:45:15,698] {dag.py:2305} INFO - Setting next_dagrun for xcom_dag to 2022-05-04 00:00:00+00:00
[2022-05-05 07:45:15,713] {scheduler_job.py:190} INFO - Processing /home/airflow/airflow/dags/xcom_dag.py took 0.131 seconds
[2022-05-05 07:45:46,300] {scheduler_job.py:182} INFO - Started process (PID=270550) to work on /home/airflow/airflow/dags/xcom_dag.py
[2022-05-05 07:45:46,309] {scheduler_job.py:633} INFO - Processing file /home/airflow/airflow/dags/xcom_dag.py for tasks to queue
[2022-05-05 07:45:46,309] {logging_mixin.py:104} INFO - [2022-05-05 07:45:46,309] {dagbag.py:487} INFO - Filling up the DagBag from /home/airflow/airflow/dags/xcom_dag.py
[2022-05-05 07:45:46,369] {scheduler_job.py:643} INFO - DAG(s) dict_keys(['xcom_dag']) retrieved from /home/airflow/airflow/dags/xcom_dag.py
[2022-05-05 07:45:46,548] {logging_mixin.py:104} INFO - [2022-05-05 07:45:46,548] {dag.py:1832} INFO - Sync 1 DAGs
[2022-05-05 07:45:46,587] {logging_mixin.py:104} INFO - [2022-05-05 07:45:46,587] {dag.py:2305} INFO - Setting next_dagrun for xcom_dag to 2022-05-04 00:00:00+00:00
[2022-05-05 07:45:46,604] {scheduler_job.py:190} INFO - Processing /home/airflow/airflow/dags/xcom_dag.py took 0.306 seconds
[2022-05-05 07:46:16,781] {scheduler_job.py:182} INFO - Started process (PID=270598) to work on /home/airflow/airflow/dags/xcom_dag.py
[2022-05-05 07:46:16,782] {scheduler_job.py:633} INFO - Processing file /home/airflow/airflow/dags/xcom_dag.py for tasks to queue
[2022-05-05 07:46:16,782] {logging_mixin.py:104} INFO - [2022-05-05 07:46:16,782] {dagbag.py:487} INFO - Filling up the DagBag from /home/airflow/airflow/dags/xcom_dag.py
[2022-05-05 07:46:16,791] {scheduler_job.py:643} INFO - DAG(s) dict_keys(['xcom_dag']) retrieved from /home/airflow/airflow/dags/xcom_dag.py
[2022-05-05 07:46:16,848] {logging_mixin.py:104} INFO - [2022-05-05 07:46:16,847] {dag.py:1832} INFO - Sync 1 DAGs
[2022-05-05 07:46:16,855] {logging_mixin.py:104} INFO - [2022-05-05 07:46:16,855] {dag.py:2305} INFO - Setting next_dagrun for xcom_dag to 2022-05-04 00:00:00+00:00
[2022-05-05 07:46:16,872] {scheduler_job.py:190} INFO - Processing /home/airflow/airflow/dags/xcom_dag.py took 0.095 seconds
[2022-05-05 07:46:47,608] {scheduler_job.py:182} INFO - Started process (PID=270875) to work on /home/airflow/airflow/dags/xcom_dag.py
[2022-05-05 07:46:47,608] {scheduler_job.py:633} INFO - Processing file /home/airflow/airflow/dags/xcom_dag.py for tasks to queue
[2022-05-05 07:46:47,609] {logging_mixin.py:104} INFO - [2022-05-05 07:46:47,608] {dagbag.py:487} INFO - Filling up the DagBag from /home/airflow/airflow/dags/xcom_dag.py
[2022-05-05 07:46:47,618] {scheduler_job.py:643} INFO - DAG(s) dict_keys(['xcom_dag']) retrieved from /home/airflow/airflow/dags/xcom_dag.py
[2022-05-05 07:46:47,728] {logging_mixin.py:104} INFO - [2022-05-05 07:46:47,728] {dag.py:1832} INFO - Sync 1 DAGs
[2022-05-05 07:46:47,741] {logging_mixin.py:104} INFO - [2022-05-05 07:46:47,741] {dag.py:2305} INFO - Setting next_dagrun for xcom_dag to 2022-05-04 00:00:00+00:00
[2022-05-05 07:46:47,761] {scheduler_job.py:190} INFO - Processing /home/airflow/airflow/dags/xcom_dag.py took 0.156 seconds
[2022-05-05 07:47:18,416] {scheduler_job.py:182} INFO - Started process (PID=270912) to work on /home/airflow/airflow/dags/xcom_dag.py
[2022-05-05 07:47:18,417] {scheduler_job.py:633} INFO - Processing file /home/airflow/airflow/dags/xcom_dag.py for tasks to queue
[2022-05-05 07:47:18,417] {logging_mixin.py:104} INFO - [2022-05-05 07:47:18,417] {dagbag.py:487} INFO - Filling up the DagBag from /home/airflow/airflow/dags/xcom_dag.py
[2022-05-05 07:47:18,497] {scheduler_job.py:643} INFO - DAG(s) dict_keys(['xcom_dag']) retrieved from /home/airflow/airflow/dags/xcom_dag.py
[2022-05-05 07:47:18,527] {logging_mixin.py:104} INFO - [2022-05-05 07:47:18,527] {dag.py:1832} INFO - Sync 1 DAGs
[2022-05-05 07:47:18,535] {logging_mixin.py:104} INFO - [2022-05-05 07:47:18,535] {dag.py:2305} INFO - Setting next_dagrun for xcom_dag to 2022-05-04 00:00:00+00:00
[2022-05-05 07:47:18,549] {scheduler_job.py:190} INFO - Processing /home/airflow/airflow/dags/xcom_dag.py took 0.135 seconds
[2022-05-05 07:47:49,204] {scheduler_job.py:182} INFO - Started process (PID=270949) to work on /home/airflow/airflow/dags/xcom_dag.py
[2022-05-05 07:47:49,205] {scheduler_job.py:633} INFO - Processing file /home/airflow/airflow/dags/xcom_dag.py for tasks to queue
[2022-05-05 07:47:49,205] {logging_mixin.py:104} INFO - [2022-05-05 07:47:49,205] {dagbag.py:487} INFO - Filling up the DagBag from /home/airflow/airflow/dags/xcom_dag.py
[2022-05-05 07:47:49,294] {scheduler_job.py:643} INFO - DAG(s) dict_keys(['xcom_dag']) retrieved from /home/airflow/airflow/dags/xcom_dag.py
[2022-05-05 07:47:49,327] {logging_mixin.py:104} INFO - [2022-05-05 07:47:49,327] {dag.py:1832} INFO - Sync 1 DAGs
[2022-05-05 07:47:49,341] {logging_mixin.py:104} INFO - [2022-05-05 07:47:49,341] {dag.py:2305} INFO - Setting next_dagrun for xcom_dag to 2022-05-04 00:00:00+00:00
[2022-05-05 07:47:49,362] {scheduler_job.py:190} INFO - Processing /home/airflow/airflow/dags/xcom_dag.py took 0.159 seconds
[2022-05-05 07:48:20,027] {scheduler_job.py:182} INFO - Started process (PID=270989) to work on /home/airflow/airflow/dags/xcom_dag.py
[2022-05-05 07:48:20,029] {scheduler_job.py:633} INFO - Processing file /home/airflow/airflow/dags/xcom_dag.py for tasks to queue
[2022-05-05 07:48:20,029] {logging_mixin.py:104} INFO - [2022-05-05 07:48:20,029] {dagbag.py:487} INFO - Filling up the DagBag from /home/airflow/airflow/dags/xcom_dag.py
[2022-05-05 07:48:20,132] {scheduler_job.py:643} INFO - DAG(s) dict_keys(['xcom_dag']) retrieved from /home/airflow/airflow/dags/xcom_dag.py
[2022-05-05 07:48:20,154] {logging_mixin.py:104} INFO - [2022-05-05 07:48:20,154] {dag.py:1832} INFO - Sync 1 DAGs
[2022-05-05 07:48:20,167] {logging_mixin.py:104} INFO - [2022-05-05 07:48:20,167] {dag.py:2305} INFO - Setting next_dagrun for xcom_dag to 2022-05-04 00:00:00+00:00
[2022-05-05 07:48:20,188] {scheduler_job.py:190} INFO - Processing /home/airflow/airflow/dags/xcom_dag.py took 0.163 seconds
[2022-05-05 07:48:50,916] {scheduler_job.py:182} INFO - Started process (PID=271101) to work on /home/airflow/airflow/dags/xcom_dag.py
[2022-05-05 07:48:50,916] {scheduler_job.py:633} INFO - Processing file /home/airflow/airflow/dags/xcom_dag.py for tasks to queue
[2022-05-05 07:48:50,917] {logging_mixin.py:104} INFO - [2022-05-05 07:48:50,916] {dagbag.py:487} INFO - Filling up the DagBag from /home/airflow/airflow/dags/xcom_dag.py
[2022-05-05 07:48:51,006] {scheduler_job.py:643} INFO - DAG(s) dict_keys(['xcom_dag']) retrieved from /home/airflow/airflow/dags/xcom_dag.py
[2022-05-05 07:48:51,037] {logging_mixin.py:104} INFO - [2022-05-05 07:48:51,037] {dag.py:1832} INFO - Sync 1 DAGs
[2022-05-05 07:48:51,050] {logging_mixin.py:104} INFO - [2022-05-05 07:48:51,050] {dag.py:2305} INFO - Setting next_dagrun for xcom_dag to 2022-05-04 00:00:00+00:00
[2022-05-05 07:48:51,070] {scheduler_job.py:190} INFO - Processing /home/airflow/airflow/dags/xcom_dag.py took 0.156 seconds
[2022-05-05 07:49:21,761] {scheduler_job.py:182} INFO - Started process (PID=271160) to work on /home/airflow/airflow/dags/xcom_dag.py
[2022-05-05 07:49:21,770] {scheduler_job.py:633} INFO - Processing file /home/airflow/airflow/dags/xcom_dag.py for tasks to queue
[2022-05-05 07:49:21,771] {logging_mixin.py:104} INFO - [2022-05-05 07:49:21,770] {dagbag.py:487} INFO - Filling up the DagBag from /home/airflow/airflow/dags/xcom_dag.py
[2022-05-05 07:49:21,859] {scheduler_job.py:643} INFO - DAG(s) dict_keys(['xcom_dag']) retrieved from /home/airflow/airflow/dags/xcom_dag.py
[2022-05-05 07:49:21,898] {logging_mixin.py:104} INFO - [2022-05-05 07:49:21,898] {dag.py:1832} INFO - Sync 1 DAGs
[2022-05-05 07:49:21,919] {logging_mixin.py:104} INFO - [2022-05-05 07:49:21,919] {dag.py:2305} INFO - Setting next_dagrun for xcom_dag to 2022-05-04 00:00:00+00:00
[2022-05-05 07:49:21,933] {scheduler_job.py:190} INFO - Processing /home/airflow/airflow/dags/xcom_dag.py took 0.174 seconds
