[2022-05-03 10:04:48,439] {taskinstance.py:876} INFO - Dependencies all met for <TaskInstance: parallel_dag.task_3 2022-05-03T10:04:38.299163+00:00 [queued]>
[2022-05-03 10:04:48,442] {taskinstance.py:876} INFO - Dependencies all met for <TaskInstance: parallel_dag.task_3 2022-05-03T10:04:38.299163+00:00 [queued]>
[2022-05-03 10:04:48,442] {taskinstance.py:1067} INFO - 
--------------------------------------------------------------------------------
[2022-05-03 10:04:48,442] {taskinstance.py:1068} INFO - Starting attempt 1 of 1
[2022-05-03 10:04:48,442] {taskinstance.py:1069} INFO - 
--------------------------------------------------------------------------------
[2022-05-03 10:04:48,449] {taskinstance.py:1087} INFO - Executing <Task(BashOperator): task_3> on 2022-05-03T10:04:38.299163+00:00
[2022-05-03 10:04:48,451] {standard_task_runner.py:52} INFO - Started process 16615 to run task
[2022-05-03 10:04:48,454] {standard_task_runner.py:76} INFO - Running: ['airflow', 'tasks', 'run', 'parallel_dag', 'task_3', '2022-05-03T10:04:38.299163+00:00', '--job-id', '57', '--pool', 'default_pool', '--raw', '--subdir', 'DAGS_FOLDER/parallel_dag.py', '--cfg-path', '/tmp/tmp3cmawh21', '--error-file', '/tmp/tmpnwm20ozv']
[2022-05-03 10:04:48,455] {standard_task_runner.py:77} INFO - Job 57: Subtask task_3
[2022-05-03 10:04:48,480] {logging_mixin.py:104} INFO - Running <TaskInstance: parallel_dag.task_3 2022-05-03T10:04:38.299163+00:00 [running]> on host airflowvm
[2022-05-03 10:04:48,539] {taskinstance.py:1280} INFO - Exporting the following env vars:
AIRFLOW_CTX_DAG_OWNER=airflow
AIRFLOW_CTX_DAG_ID=parallel_dag
AIRFLOW_CTX_TASK_ID=task_3
AIRFLOW_CTX_EXECUTION_DATE=2022-05-03T10:04:38.299163+00:00
AIRFLOW_CTX_DAG_RUN_ID=manual__2022-05-03T10:04:38.299163+00:00
[2022-05-03 10:04:48,539] {subprocess.py:52} INFO - Tmp dir root location: 
 /tmp
[2022-05-03 10:04:48,540] {subprocess.py:63} INFO - Running command: ['bash', '-c', 'sleep 3']
[2022-05-03 10:04:48,542] {subprocess.py:75} INFO - Output:
[2022-05-03 10:04:51,544] {subprocess.py:83} INFO - Command exited with return code 0
[2022-05-03 10:04:51,577] {taskinstance.py:1184} INFO - Marking task as SUCCESS. dag_id=parallel_dag, task_id=task_3, execution_date=20220503T100438, start_date=20220503T100448, end_date=20220503T100451
[2022-05-03 10:04:51,595] {taskinstance.py:1245} INFO - 1 downstream tasks scheduled from follow-on schedule check
[2022-05-03 10:04:51,608] {local_task_job.py:151} INFO - Task exited with return code 0
