[2022-05-03 19:35:39,420] {taskinstance.py:876} INFO - Dependencies all met for <TaskInstance: xcom_dag.choose_best_model 2022-05-03T19:35:32.528686+00:00 [queued]>
[2022-05-03 19:35:39,437] {taskinstance.py:876} INFO - Dependencies all met for <TaskInstance: xcom_dag.choose_best_model 2022-05-03T19:35:32.528686+00:00 [queued]>
[2022-05-03 19:35:39,438] {taskinstance.py:1067} INFO - 
--------------------------------------------------------------------------------
[2022-05-03 19:35:39,438] {taskinstance.py:1068} INFO - Starting attempt 1 of 1
[2022-05-03 19:35:39,438] {taskinstance.py:1069} INFO - 
--------------------------------------------------------------------------------
[2022-05-03 19:35:39,460] {taskinstance.py:1087} INFO - Executing <Task(PythonOperator): choose_best_model> on 2022-05-03T19:35:32.528686+00:00
[2022-05-03 19:35:39,462] {standard_task_runner.py:52} INFO - Started process 114549 to run task
[2022-05-03 19:35:39,470] {standard_task_runner.py:76} INFO - Running: ['airflow', 'tasks', 'run', 'xcom_dag', 'choose_best_model', '2022-05-03T19:35:32.528686+00:00', '--job-id', '54', '--pool', 'default_pool', '--raw', '--subdir', 'DAGS_FOLDER/xcom_dag.py', '--cfg-path', '/tmp/tmpzz2sbnq1', '--error-file', '/tmp/tmpntks3fcg']
[2022-05-03 19:35:39,470] {standard_task_runner.py:77} INFO - Job 54: Subtask choose_best_model
[2022-05-03 19:35:44,555] {logging_mixin.py:104} INFO - Running <TaskInstance: xcom_dag.choose_best_model 2022-05-03T19:35:32.528686+00:00 [running]> on host airflowvm
[2022-05-03 19:35:44,883] {taskinstance.py:1280} INFO - Exporting the following env vars:
AIRFLOW_CTX_DAG_OWNER=airflow
AIRFLOW_CTX_DAG_ID=xcom_dag
AIRFLOW_CTX_TASK_ID=choose_best_model
AIRFLOW_CTX_EXECUTION_DATE=2022-05-03T19:35:32.528686+00:00
AIRFLOW_CTX_DAG_RUN_ID=manual__2022-05-03T19:35:32.528686+00:00
[2022-05-03 19:35:44,883] {logging_mixin.py:104} INFO - choose best model
[2022-05-03 19:35:44,892] {logging_mixin.py:104} INFO - [None]
[2022-05-03 19:35:44,893] {python.py:151} INFO - Done. Returned value was: None
[2022-05-03 19:35:44,903] {taskinstance.py:1184} INFO - Marking task as SUCCESS. dag_id=xcom_dag, task_id=choose_best_model, execution_date=20220503T193532, start_date=20220503T193539, end_date=20220503T193544
[2022-05-03 19:35:44,936] {taskinstance.py:1245} INFO - 0 downstream tasks scheduled from follow-on schedule check
[2022-05-03 19:35:44,956] {local_task_job.py:151} INFO - Task exited with return code 0
