[2022-04-27 11:25:35,149] {taskinstance.py:876} INFO - Dependencies all met for <TaskInstance: example_bash_operator.runme_2 2022-04-25T00:00:00+00:00 [queued]>
[2022-04-27 11:25:35,152] {taskinstance.py:876} INFO - Dependencies all met for <TaskInstance: example_bash_operator.runme_2 2022-04-25T00:00:00+00:00 [queued]>
[2022-04-27 11:25:35,152] {taskinstance.py:1067} INFO - 
--------------------------------------------------------------------------------
[2022-04-27 11:25:35,152] {taskinstance.py:1068} INFO - Starting attempt 1 of 1
[2022-04-27 11:25:35,152] {taskinstance.py:1069} INFO - 
--------------------------------------------------------------------------------
[2022-04-27 11:25:35,159] {taskinstance.py:1087} INFO - Executing <Task(BashOperator): runme_2> on 2022-04-25T00:00:00+00:00
[2022-04-27 11:25:35,160] {standard_task_runner.py:52} INFO - Started process 119342 to run task
[2022-04-27 11:25:35,164] {standard_task_runner.py:76} INFO - Running: ['airflow', 'tasks', 'run', 'example_bash_operator', 'runme_2', '2022-04-25T00:00:00+00:00', '--job-id', '4', '--pool', 'default_pool', '--raw', '--subdir', '/home/airflow/sandbox/lib/python3.8/site-packages/airflow/example_dags/example_bash_operator.py', '--cfg-path', '/tmp/tmpls35r60h', '--error-file', '/tmp/tmpuqrcjoeu']
[2022-04-27 11:25:35,164] {standard_task_runner.py:77} INFO - Job 4: Subtask runme_2
[2022-04-27 11:25:35,196] {logging_mixin.py:104} INFO - Running <TaskInstance: example_bash_operator.runme_2 2022-04-25T00:00:00+00:00 [running]> on host airflowvm
[2022-04-27 11:25:35,278] {taskinstance.py:1280} INFO - Exporting the following env vars:
AIRFLOW_CTX_DAG_OWNER=airflow
AIRFLOW_CTX_DAG_ID=example_bash_operator
AIRFLOW_CTX_TASK_ID=runme_2
AIRFLOW_CTX_EXECUTION_DATE=2022-04-25T00:00:00+00:00
AIRFLOW_CTX_DAG_RUN_ID=scheduled__2022-04-25T00:00:00+00:00
[2022-04-27 11:25:35,279] {subprocess.py:52} INFO - Tmp dir root location: 
 /tmp
[2022-04-27 11:25:35,279] {subprocess.py:63} INFO - Running command: ['bash', '-c', 'echo "example_bash_operator__runme_2__20220425" && sleep 1']
[2022-04-27 11:25:35,281] {subprocess.py:75} INFO - Output:
[2022-04-27 11:25:35,282] {subprocess.py:79} INFO - example_bash_operator__runme_2__20220425
[2022-04-27 11:25:36,287] {subprocess.py:83} INFO - Command exited with return code 0
[2022-04-27 11:25:36,311] {taskinstance.py:1184} INFO - Marking task as SUCCESS. dag_id=example_bash_operator, task_id=runme_2, execution_date=20220425T000000, start_date=20220427T112535, end_date=20220427T112536
[2022-04-27 11:25:36,326] {taskinstance.py:1245} INFO - 1 downstream tasks scheduled from follow-on schedule check
[2022-04-27 11:25:36,354] {local_task_job.py:151} INFO - Task exited with return code 0
