[2022-05-05 07:42:23,601] {taskinstance.py:876} INFO - Dependencies all met for <TaskInstance: elasticsearch_dag.print_es_info 2022-05-05T07:42:14.830662+00:00 [queued]>
[2022-05-05 07:42:23,628] {taskinstance.py:876} INFO - Dependencies all met for <TaskInstance: elasticsearch_dag.print_es_info 2022-05-05T07:42:14.830662+00:00 [queued]>
[2022-05-05 07:42:23,629] {taskinstance.py:1067} INFO - 
--------------------------------------------------------------------------------
[2022-05-05 07:42:23,629] {taskinstance.py:1068} INFO - Starting attempt 1 of 1
[2022-05-05 07:42:23,629] {taskinstance.py:1069} INFO - 
--------------------------------------------------------------------------------
[2022-05-05 07:42:23,638] {taskinstance.py:1087} INFO - Executing <Task(PythonOperator): print_es_info> on 2022-05-05T07:42:14.830662+00:00
[2022-05-05 07:42:23,640] {standard_task_runner.py:52} INFO - Started process 269346 to run task
[2022-05-05 07:42:23,646] {standard_task_runner.py:76} INFO - Running: ['airflow', 'tasks', 'run', 'elasticsearch_dag', 'print_es_info', '2022-05-05T07:42:14.830662+00:00', '--job-id', '166', '--pool', 'default_pool', '--raw', '--subdir', 'DAGS_FOLDER/elasticsearch_dag.py', '--cfg-path', '/tmp/tmpf1g0g640', '--error-file', '/tmp/tmpsmz3mosl']
[2022-05-05 07:42:23,650] {standard_task_runner.py:77} INFO - Job 166: Subtask print_es_info
[2022-05-05 07:42:23,726] {logging_mixin.py:104} INFO - Running <TaskInstance: elasticsearch_dag.print_es_info 2022-05-05T07:42:14.830662+00:00 [running]> on host airflowvm
[2022-05-05 07:42:23,834] {taskinstance.py:1280} INFO - Exporting the following env vars:
AIRFLOW_CTX_DAG_OWNER=airflow
AIRFLOW_CTX_DAG_ID=elasticsearch_dag
AIRFLOW_CTX_TASK_ID=print_es_info
AIRFLOW_CTX_EXECUTION_DATE=2022-05-05T07:42:14.830662+00:00
AIRFLOW_CTX_DAG_RUN_ID=manual__2022-05-05T07:42:14.830662+00:00
[2022-05-05 07:42:23,852] {base.py:69} INFO - Using connection to: id: elasticsearch_default. Host: localhost, Port: 9200, Schema: http, Login: None, Password: None, extra: {}
[2022-05-05 07:42:23,863] {logging_mixin.py:104} WARNING - /home/airflow/sandbox/lib/python3.8/site-packages/elasticsearch/connection/base.py:193 ElasticsearchDeprecationWarning: Elasticsearch built-in security features are not enabled. Without authentication, your cluster could be accessible to anyone. See https://www.elastic.co/guide/en/elasticsearch/reference/7.17/security-minimal-setup.html to enable security.
[2022-05-05 07:42:23,880] {base.py:255} INFO - GET http://localhost:9200/ [status:200 request:0.004s]
[2022-05-05 07:42:23,888] {logging_mixin.py:104} INFO - {'name': 'airflowvm', 'cluster_name': 'elasticsearch', 'cluster_uuid': '2w-uOmvPTFGxiWOHUQXFYg', 'version': {'number': '7.17.3', 'build_flavor': 'default', 'build_type': 'deb', 'build_hash': '5ad023604c8d7416c9eb6c0eadb62b14e766caff', 'build_date': '2022-04-19T08:11:19.070913226Z', 'build_snapshot': False, 'lucene_version': '8.11.1', 'minimum_wire_compatibility_version': '6.8.0', 'minimum_index_compatibility_version': '6.0.0-beta1'}, 'tagline': 'You Know, for Search'}
[2022-05-05 07:42:23,890] {python.py:151} INFO - Done. Returned value was: None
[2022-05-05 07:42:23,911] {taskinstance.py:1184} INFO - Marking task as SUCCESS. dag_id=elasticsearch_dag, task_id=print_es_info, execution_date=20220505T074214, start_date=20220505T074223, end_date=20220505T074223
[2022-05-05 07:42:23,985] {taskinstance.py:1245} INFO - 0 downstream tasks scheduled from follow-on schedule check
[2022-05-05 07:42:24,042] {local_task_job.py:151} INFO - Task exited with return code 0
