[2022-05-03 21:00:19,838] {taskinstance.py:876} INFO - Dependencies all met for <TaskInstance: xcom_dag.processing_tasks.training_model_b 2022-05-03T21:00:14.546118+00:00 [queued]>
[2022-05-03 21:00:19,861] {taskinstance.py:876} INFO - Dependencies all met for <TaskInstance: xcom_dag.processing_tasks.training_model_b 2022-05-03T21:00:14.546118+00:00 [queued]>
[2022-05-03 21:00:19,863] {taskinstance.py:1067} INFO - 
--------------------------------------------------------------------------------
[2022-05-03 21:00:19,866] {taskinstance.py:1068} INFO - Starting attempt 1 of 1
[2022-05-03 21:00:19,866] {taskinstance.py:1069} INFO - 
--------------------------------------------------------------------------------
[2022-05-03 21:00:19,900] {taskinstance.py:1087} INFO - Executing <Task(PythonOperator): processing_tasks.training_model_b> on 2022-05-03T21:00:14.546118+00:00
[2022-05-03 21:00:19,906] {standard_task_runner.py:52} INFO - Started process 146763 to run task
[2022-05-03 21:00:19,915] {standard_task_runner.py:76} INFO - Running: ['airflow', 'tasks', 'run', 'xcom_dag', 'processing_tasks.training_model_b', '2022-05-03T21:00:14.546118+00:00', '--job-id', '127', '--pool', 'default_pool', '--raw', '--subdir', 'DAGS_FOLDER/xcom_dag.py', '--cfg-path', '/tmp/tmpdby9b6c0', '--error-file', '/tmp/tmprxp0qc3r']
[2022-05-03 21:00:19,924] {standard_task_runner.py:77} INFO - Job 127: Subtask processing_tasks.training_model_b
[2022-05-03 21:00:20,082] {logging_mixin.py:104} INFO - Running <TaskInstance: xcom_dag.processing_tasks.training_model_b 2022-05-03T21:00:14.546118+00:00 [running]> on host airflowvm
[2022-05-03 21:00:20,277] {taskinstance.py:1280} INFO - Exporting the following env vars:
AIRFLOW_CTX_DAG_OWNER=airflow
AIRFLOW_CTX_DAG_ID=xcom_dag
AIRFLOW_CTX_TASK_ID=processing_tasks.training_model_b
AIRFLOW_CTX_EXECUTION_DATE=2022-05-03T21:00:14.546118+00:00
AIRFLOW_CTX_DAG_RUN_ID=manual__2022-05-03T21:00:14.546118+00:00
[2022-05-03 21:00:20,277] {logging_mixin.py:104} INFO - model's accuracy: 0.41151790241860275
[2022-05-03 21:00:20,326] {python.py:151} INFO - Done. Returned value was: None
[2022-05-03 21:00:20,364] {taskinstance.py:1184} INFO - Marking task as SUCCESS. dag_id=xcom_dag, task_id=processing_tasks.training_model_b, execution_date=20220503T210014, start_date=20220503T210019, end_date=20220503T210020
[2022-05-03 21:00:20,447] {taskinstance.py:1245} INFO - 0 downstream tasks scheduled from follow-on schedule check
[2022-05-03 21:00:20,472] {local_task_job.py:151} INFO - Task exited with return code 0
