[2022-05-03 20:54:43,075] {taskinstance.py:876} INFO - Dependencies all met for <TaskInstance: trigger_rule.task_3 2022-05-03T20:54:36.613432+00:00 [queued]>
[2022-05-03 20:54:43,083] {taskinstance.py:876} INFO - Dependencies all met for <TaskInstance: trigger_rule.task_3 2022-05-03T20:54:36.613432+00:00 [queued]>
[2022-05-03 20:54:43,083] {taskinstance.py:1067} INFO - 
--------------------------------------------------------------------------------
[2022-05-03 20:54:43,083] {taskinstance.py:1068} INFO - Starting attempt 1 of 1
[2022-05-03 20:54:43,083] {taskinstance.py:1069} INFO - 
--------------------------------------------------------------------------------
[2022-05-03 20:54:43,094] {taskinstance.py:1087} INFO - Executing <Task(BashOperator): task_3> on 2022-05-03T20:54:36.613432+00:00
[2022-05-03 20:54:43,096] {standard_task_runner.py:52} INFO - Started process 143130 to run task
[2022-05-03 20:54:43,102] {standard_task_runner.py:76} INFO - Running: ['airflow', 'tasks', 'run', 'trigger_rule', 'task_3', '2022-05-03T20:54:36.613432+00:00', '--job-id', '117', '--pool', 'default_pool', '--raw', '--subdir', 'DAGS_FOLDER/trigger_rule.py', '--cfg-path', '/tmp/tmpedvus5wv', '--error-file', '/tmp/tmpred_io3d']
[2022-05-03 20:54:43,102] {standard_task_runner.py:77} INFO - Job 117: Subtask task_3
[2022-05-03 20:54:43,174] {logging_mixin.py:104} INFO - Running <TaskInstance: trigger_rule.task_3 2022-05-03T20:54:36.613432+00:00 [running]> on host airflowvm
[2022-05-03 20:54:43,259] {taskinstance.py:1280} INFO - Exporting the following env vars:
AIRFLOW_CTX_DAG_OWNER=airflow
AIRFLOW_CTX_DAG_ID=trigger_rule
AIRFLOW_CTX_TASK_ID=task_3
AIRFLOW_CTX_EXECUTION_DATE=2022-05-03T20:54:36.613432+00:00
AIRFLOW_CTX_DAG_RUN_ID=manual__2022-05-03T20:54:36.613432+00:00
[2022-05-03 20:54:43,260] {subprocess.py:52} INFO - Tmp dir root location: 
 /tmp
[2022-05-03 20:54:43,260] {subprocess.py:63} INFO - Running command: ['bash', '-c', 'exit 0']
[2022-05-03 20:54:43,265] {subprocess.py:75} INFO - Output:
[2022-05-03 20:54:43,268] {subprocess.py:83} INFO - Command exited with return code 0
[2022-05-03 20:54:43,278] {taskinstance.py:1184} INFO - Marking task as SUCCESS. dag_id=trigger_rule, task_id=task_3, execution_date=20220503T205436, start_date=20220503T205443, end_date=20220503T205443
[2022-05-03 20:54:43,298] {taskinstance.py:1245} INFO - 0 downstream tasks scheduled from follow-on schedule check
[2022-05-03 20:54:43,316] {local_task_job.py:151} INFO - Task exited with return code 0
