[2022-05-03 12:04:08,697] {taskinstance.py:876} INFO - Dependencies all met for <TaskInstance: parallel_dag.task_3 2022-05-03T12:03:57.661852+00:00 [queued]>
[2022-05-03 12:04:08,703] {taskinstance.py:876} INFO - Dependencies all met for <TaskInstance: parallel_dag.task_3 2022-05-03T12:03:57.661852+00:00 [queued]>
[2022-05-03 12:04:08,703] {taskinstance.py:1067} INFO - 
--------------------------------------------------------------------------------
[2022-05-03 12:04:08,703] {taskinstance.py:1068} INFO - Starting attempt 1 of 1
[2022-05-03 12:04:08,703] {taskinstance.py:1069} INFO - 
--------------------------------------------------------------------------------
[2022-05-03 12:04:08,713] {taskinstance.py:1087} INFO - Executing <Task(BashOperator): task_3> on 2022-05-03T12:03:57.661852+00:00
[2022-05-03 12:04:08,715] {standard_task_runner.py:52} INFO - Started process 43383 to run task
[2022-05-03 12:04:08,720] {standard_task_runner.py:76} INFO - Running: ['airflow', 'tasks', 'run', 'parallel_dag', 'task_3', '2022-05-03T12:03:57.661852+00:00', '--job-id', '16', '--pool', 'default_pool', '--raw', '--subdir', 'DAGS_FOLDER/parallel_dag.py', '--cfg-path', '/tmp/tmptq6ydtqc', '--error-file', '/tmp/tmpp08b8_sx']
[2022-05-03 12:04:08,721] {standard_task_runner.py:77} INFO - Job 16: Subtask task_3
[2022-05-03 12:04:08,757] {logging_mixin.py:104} INFO - Running <TaskInstance: parallel_dag.task_3 2022-05-03T12:03:57.661852+00:00 [running]> on host airflowvm
[2022-05-03 12:04:08,807] {taskinstance.py:1280} INFO - Exporting the following env vars:
AIRFLOW_CTX_DAG_OWNER=airflow
AIRFLOW_CTX_DAG_ID=parallel_dag
AIRFLOW_CTX_TASK_ID=task_3
AIRFLOW_CTX_EXECUTION_DATE=2022-05-03T12:03:57.661852+00:00
AIRFLOW_CTX_DAG_RUN_ID=manual__2022-05-03T12:03:57.661852+00:00
[2022-05-03 12:04:08,807] {subprocess.py:52} INFO - Tmp dir root location: 
 /tmp
[2022-05-03 12:04:08,808] {subprocess.py:63} INFO - Running command: ['bash', '-c', 'sleep 3']
[2022-05-03 12:04:08,810] {subprocess.py:75} INFO - Output:
[2022-05-03 12:04:11,816] {subprocess.py:83} INFO - Command exited with return code 0
[2022-05-03 12:04:11,852] {taskinstance.py:1184} INFO - Marking task as SUCCESS. dag_id=parallel_dag, task_id=task_3, execution_date=20220503T120357, start_date=20220503T120408, end_date=20220503T120411
[2022-05-03 12:04:11,895] {taskinstance.py:1245} INFO - 1 downstream tasks scheduled from follow-on schedule check
[2022-05-03 12:04:11,944] {local_task_job.py:151} INFO - Task exited with return code 0
