[2022-05-04 11:07:10,851] {taskinstance.py:876} INFO - Dependencies all met for <TaskInstance: xcom_dag.processing_tasks.training_model_a 2022-05-03T21:02:41.096382+00:00 [queued]>
[2022-05-04 11:07:10,949] {taskinstance.py:876} INFO - Dependencies all met for <TaskInstance: xcom_dag.processing_tasks.training_model_a 2022-05-03T21:02:41.096382+00:00 [queued]>
[2022-05-04 11:07:10,949] {taskinstance.py:1067} INFO - 
--------------------------------------------------------------------------------
[2022-05-04 11:07:10,949] {taskinstance.py:1068} INFO - Starting attempt 1 of 1
[2022-05-04 11:07:10,949] {taskinstance.py:1069} INFO - 
--------------------------------------------------------------------------------
[2022-05-04 11:07:11,070] {taskinstance.py:1087} INFO - Executing <Task(PythonOperator): processing_tasks.training_model_a> on 2022-05-03T21:02:41.096382+00:00
[2022-05-04 11:07:11,072] {standard_task_runner.py:52} INFO - Started process 220815 to run task
[2022-05-04 11:07:11,129] {standard_task_runner.py:76} INFO - Running: ['airflow', 'tasks', 'run', 'xcom_dag', 'processing_tasks.training_model_a', '2022-05-03T21:02:41.096382+00:00', '--job-id', '142', '--pool', 'default_pool', '--raw', '--subdir', 'DAGS_FOLDER/xcom_dag.py', '--cfg-path', '/tmp/tmpqux3olbc', '--error-file', '/tmp/tmpno2t6h51']
[2022-05-04 11:07:11,167] {standard_task_runner.py:77} INFO - Job 142: Subtask processing_tasks.training_model_a
[2022-05-04 11:07:11,483] {logging_mixin.py:104} INFO - Running <TaskInstance: xcom_dag.processing_tasks.training_model_a 2022-05-03T21:02:41.096382+00:00 [running]> on host airflowvm
[2022-05-04 11:07:12,038] {taskinstance.py:1280} INFO - Exporting the following env vars:
AIRFLOW_CTX_DAG_OWNER=airflow
AIRFLOW_CTX_DAG_ID=xcom_dag
AIRFLOW_CTX_TASK_ID=processing_tasks.training_model_a
AIRFLOW_CTX_EXECUTION_DATE=2022-05-03T21:02:41.096382+00:00
AIRFLOW_CTX_DAG_RUN_ID=manual__2022-05-03T21:02:41.096382+00:00
[2022-05-04 11:07:12,038] {logging_mixin.py:104} INFO - model's accuracy: 0.47453479034020307
[2022-05-04 11:07:12,177] {python.py:151} INFO - Done. Returned value was: None
[2022-05-04 11:07:12,283] {taskinstance.py:1184} INFO - Marking task as SUCCESS. dag_id=xcom_dag, task_id=processing_tasks.training_model_a, execution_date=20220503T210241, start_date=20220504T110710, end_date=20220504T110712
[2022-05-04 11:07:12,510] {taskinstance.py:1245} INFO - 1 downstream tasks scheduled from follow-on schedule check
[2022-05-04 11:07:12,534] {local_task_job.py:151} INFO - Task exited with return code 0
