[2022-05-03 20:35:01,511] {taskinstance.py:876} INFO - Dependencies all met for <TaskInstance: xcom_dag.downloading_data 2022-05-03T20:35:00.580410+00:00 [queued]>
[2022-05-03 20:35:01,541] {taskinstance.py:876} INFO - Dependencies all met for <TaskInstance: xcom_dag.downloading_data 2022-05-03T20:35:00.580410+00:00 [queued]>
[2022-05-03 20:35:01,541] {taskinstance.py:1067} INFO - 
--------------------------------------------------------------------------------
[2022-05-03 20:35:01,541] {taskinstance.py:1068} INFO - Starting attempt 1 of 1
[2022-05-03 20:35:01,542] {taskinstance.py:1069} INFO - 
--------------------------------------------------------------------------------
[2022-05-03 20:35:01,553] {taskinstance.py:1087} INFO - Executing <Task(BashOperator): downloading_data> on 2022-05-03T20:35:00.580410+00:00
[2022-05-03 20:35:01,555] {standard_task_runner.py:52} INFO - Started process 131943 to run task
[2022-05-03 20:35:01,561] {standard_task_runner.py:76} INFO - Running: ['airflow', 'tasks', 'run', 'xcom_dag', 'downloading_data', '2022-05-03T20:35:00.580410+00:00', '--job-id', '101', '--pool', 'default_pool', '--raw', '--subdir', 'DAGS_FOLDER/xcom_dag.py', '--cfg-path', '/tmp/tmpm1w82d2k', '--error-file', '/tmp/tmpj60g7hfq']
[2022-05-03 20:35:01,562] {standard_task_runner.py:77} INFO - Job 101: Subtask downloading_data
[2022-05-03 20:35:01,702] {logging_mixin.py:104} INFO - Running <TaskInstance: xcom_dag.downloading_data 2022-05-03T20:35:00.580410+00:00 [running]> on host airflowvm
[2022-05-03 20:35:01,995] {taskinstance.py:1280} INFO - Exporting the following env vars:
AIRFLOW_CTX_DAG_OWNER=airflow
AIRFLOW_CTX_DAG_ID=xcom_dag
AIRFLOW_CTX_TASK_ID=downloading_data
AIRFLOW_CTX_EXECUTION_DATE=2022-05-03T20:35:00.580410+00:00
AIRFLOW_CTX_DAG_RUN_ID=manual__2022-05-03T20:35:00.580410+00:00
[2022-05-03 20:35:01,996] {subprocess.py:52} INFO - Tmp dir root location: 
 /tmp
[2022-05-03 20:35:01,996] {subprocess.py:63} INFO - Running command: ['bash', '-c', 'sleep 3']
[2022-05-03 20:35:02,001] {subprocess.py:75} INFO - Output:
[2022-05-03 20:35:05,004] {subprocess.py:83} INFO - Command exited with return code 0
[2022-05-03 20:35:05,040] {taskinstance.py:1184} INFO - Marking task as SUCCESS. dag_id=xcom_dag, task_id=downloading_data, execution_date=20220503T203500, start_date=20220503T203501, end_date=20220503T203505
[2022-05-03 20:35:05,103] {taskinstance.py:1245} INFO - 3 downstream tasks scheduled from follow-on schedule check
[2022-05-03 20:35:05,114] {local_task_job.py:151} INFO - Task exited with return code 0
