[2022-05-03 19:37:44,808] {taskinstance.py:876} INFO - Dependencies all met for <TaskInstance: xcom_dag.processing_tasks.training_model_c 2022-05-03T19:37:39.405802+00:00 [queued]>
[2022-05-03 19:37:44,831] {taskinstance.py:876} INFO - Dependencies all met for <TaskInstance: xcom_dag.processing_tasks.training_model_c 2022-05-03T19:37:39.405802+00:00 [queued]>
[2022-05-03 19:37:44,834] {taskinstance.py:1067} INFO - 
--------------------------------------------------------------------------------
[2022-05-03 19:37:44,836] {taskinstance.py:1068} INFO - Starting attempt 1 of 1
[2022-05-03 19:37:44,836] {taskinstance.py:1069} INFO - 
--------------------------------------------------------------------------------
[2022-05-03 19:37:44,874] {taskinstance.py:1087} INFO - Executing <Task(PythonOperator): processing_tasks.training_model_c> on 2022-05-03T19:37:39.405802+00:00
[2022-05-03 19:37:44,875] {standard_task_runner.py:52} INFO - Started process 115527 to run task
[2022-05-03 19:37:44,888] {standard_task_runner.py:76} INFO - Running: ['airflow', 'tasks', 'run', 'xcom_dag', 'processing_tasks.training_model_c', '2022-05-03T19:37:39.405802+00:00', '--job-id', '58', '--pool', 'default_pool', '--raw', '--subdir', 'DAGS_FOLDER/xcom_dag.py', '--cfg-path', '/tmp/tmp9wcbl8p3', '--error-file', '/tmp/tmppe9bhyt7']
[2022-05-03 19:37:44,897] {standard_task_runner.py:77} INFO - Job 58: Subtask processing_tasks.training_model_c
[2022-05-03 19:37:45,210] {logging_mixin.py:104} INFO - Running <TaskInstance: xcom_dag.processing_tasks.training_model_c 2022-05-03T19:37:39.405802+00:00 [running]> on host airflowvm
[2022-05-03 19:37:45,441] {taskinstance.py:1280} INFO - Exporting the following env vars:
AIRFLOW_CTX_DAG_OWNER=airflow
AIRFLOW_CTX_DAG_ID=xcom_dag
AIRFLOW_CTX_TASK_ID=processing_tasks.training_model_c
AIRFLOW_CTX_EXECUTION_DATE=2022-05-03T19:37:39.405802+00:00
AIRFLOW_CTX_DAG_RUN_ID=manual__2022-05-03T19:37:39.405802+00:00
[2022-05-03 19:37:45,441] {logging_mixin.py:104} INFO - model's accuracy: 7.076026447034175
[2022-05-03 19:37:45,494] {python.py:151} INFO - Done. Returned value was: None
[2022-05-03 19:37:45,527] {taskinstance.py:1184} INFO - Marking task as SUCCESS. dag_id=xcom_dag, task_id=processing_tasks.training_model_c, execution_date=20220503T193739, start_date=20220503T193744, end_date=20220503T193745
[2022-05-03 19:37:45,615] {taskinstance.py:1245} INFO - 1 downstream tasks scheduled from follow-on schedule check
[2022-05-03 19:37:45,619] {local_task_job.py:151} INFO - Task exited with return code 0
