[2022-05-03 18:20:36,844] {taskinstance.py:876} INFO - Dependencies all met for <TaskInstance: parallel_dag.processing_tasks.task_2 2022-05-03T18:20:32.107320+00:00 [queued]>
[2022-05-03 18:20:36,877] {taskinstance.py:876} INFO - Dependencies all met for <TaskInstance: parallel_dag.processing_tasks.task_2 2022-05-03T18:20:32.107320+00:00 [queued]>
[2022-05-03 18:20:36,880] {taskinstance.py:1067} INFO - 
--------------------------------------------------------------------------------
[2022-05-03 18:20:36,881] {taskinstance.py:1068} INFO - Starting attempt 1 of 1
[2022-05-03 18:20:36,881] {taskinstance.py:1069} INFO - 
--------------------------------------------------------------------------------
[2022-05-03 18:20:36,921] {taskinstance.py:1087} INFO - Executing <Task(BashOperator): processing_tasks.task_2> on 2022-05-03T18:20:32.107320+00:00
[2022-05-03 18:20:36,923] {standard_task_runner.py:52} INFO - Started process 95799 to run task
[2022-05-03 18:20:36,932] {standard_task_runner.py:76} INFO - Running: ['airflow', 'tasks', 'run', 'parallel_dag', 'processing_tasks.task_2', '2022-05-03T18:20:32.107320+00:00', '--job-id', '26', '--pool', 'default_pool', '--raw', '--subdir', 'DAGS_FOLDER/parallel_dag.py', '--cfg-path', '/tmp/tmpfksvm9g7', '--error-file', '/tmp/tmpqft4n3hk']
[2022-05-03 18:20:36,935] {standard_task_runner.py:77} INFO - Job 26: Subtask processing_tasks.task_2
[2022-05-03 18:20:37,044] {logging_mixin.py:104} INFO - Running <TaskInstance: parallel_dag.processing_tasks.task_2 2022-05-03T18:20:32.107320+00:00 [running]> on host airflowvm
[2022-05-03 18:20:37,210] {taskinstance.py:1280} INFO - Exporting the following env vars:
AIRFLOW_CTX_DAG_OWNER=airflow
AIRFLOW_CTX_DAG_ID=parallel_dag
AIRFLOW_CTX_TASK_ID=processing_tasks.task_2
AIRFLOW_CTX_EXECUTION_DATE=2022-05-03T18:20:32.107320+00:00
AIRFLOW_CTX_DAG_RUN_ID=manual__2022-05-03T18:20:32.107320+00:00
[2022-05-03 18:20:37,210] {subprocess.py:52} INFO - Tmp dir root location: 
 /tmp
[2022-05-03 18:20:37,211] {subprocess.py:63} INFO - Running command: ['bash', '-c', 'sleep 3']
[2022-05-03 18:20:37,214] {subprocess.py:75} INFO - Output:
[2022-05-03 18:20:40,229] {subprocess.py:83} INFO - Command exited with return code 0
[2022-05-03 18:20:40,370] {taskinstance.py:1184} INFO - Marking task as SUCCESS. dag_id=parallel_dag, task_id=processing_tasks.task_2, execution_date=20220503T182032, start_date=20220503T182036, end_date=20220503T182040
[2022-05-03 18:20:40,453] {taskinstance.py:1245} INFO - 1 downstream tasks scheduled from follow-on schedule check
[2022-05-03 18:20:40,490] {local_task_job.py:151} INFO - Task exited with return code 0
