[2022-05-03 20:54:09,781] {scheduler_job.py:182} INFO - Started process (PID=142414) to work on /home/airflow/airflow/dags/trigger_rule.py
[2022-05-03 20:54:09,797] {scheduler_job.py:633} INFO - Processing file /home/airflow/airflow/dags/trigger_rule.py for tasks to queue
[2022-05-03 20:54:09,797] {logging_mixin.py:104} INFO - [2022-05-03 20:54:09,797] {dagbag.py:487} INFO - Filling up the DagBag from /home/airflow/airflow/dags/trigger_rule.py
[2022-05-03 20:54:09,805] {scheduler_job.py:643} INFO - DAG(s) dict_keys(['trigger_rule']) retrieved from /home/airflow/airflow/dags/trigger_rule.py
[2022-05-03 20:54:11,270] {logging_mixin.py:104} INFO - [2022-05-03 20:54:11,270] {dag.py:1832} INFO - Sync 1 DAGs
[2022-05-03 20:54:11,274] {logging_mixin.py:104} INFO - [2022-05-03 20:54:11,274] {dag.py:1851} INFO - Creating ORM DAG for trigger_rule
[2022-05-03 20:54:11,278] {logging_mixin.py:104} INFO - [2022-05-03 20:54:11,278] {dag.py:2305} INFO - Setting next_dagrun for trigger_rule to 2022-05-02 00:00:00+00:00
[2022-05-03 20:54:11,283] {scheduler_job.py:190} INFO - Processing /home/airflow/airflow/dags/trigger_rule.py took 1.503 seconds
[2022-05-03 20:54:41,476] {scheduler_job.py:182} INFO - Started process (PID=143084) to work on /home/airflow/airflow/dags/trigger_rule.py
[2022-05-03 20:54:41,477] {scheduler_job.py:633} INFO - Processing file /home/airflow/airflow/dags/trigger_rule.py for tasks to queue
[2022-05-03 20:54:41,477] {logging_mixin.py:104} INFO - [2022-05-03 20:54:41,477] {dagbag.py:487} INFO - Filling up the DagBag from /home/airflow/airflow/dags/trigger_rule.py
[2022-05-03 20:54:41,492] {scheduler_job.py:643} INFO - DAG(s) dict_keys(['trigger_rule']) retrieved from /home/airflow/airflow/dags/trigger_rule.py
[2022-05-03 20:54:41,542] {logging_mixin.py:104} INFO - [2022-05-03 20:54:41,541] {dag.py:1832} INFO - Sync 1 DAGs
[2022-05-03 20:54:41,551] {logging_mixin.py:104} INFO - [2022-05-03 20:54:41,551] {dag.py:2305} INFO - Setting next_dagrun for trigger_rule to 2022-05-03 00:00:00+00:00
[2022-05-03 20:54:41,573] {scheduler_job.py:190} INFO - Processing /home/airflow/airflow/dags/trigger_rule.py took 0.099 seconds
[2022-05-03 20:55:11,854] {scheduler_job.py:182} INFO - Started process (PID=143591) to work on /home/airflow/airflow/dags/trigger_rule.py
[2022-05-03 20:55:11,855] {scheduler_job.py:633} INFO - Processing file /home/airflow/airflow/dags/trigger_rule.py for tasks to queue
[2022-05-03 20:55:11,855] {logging_mixin.py:104} INFO - [2022-05-03 20:55:11,855] {dagbag.py:487} INFO - Filling up the DagBag from /home/airflow/airflow/dags/trigger_rule.py
[2022-05-03 20:55:11,870] {scheduler_job.py:643} INFO - DAG(s) dict_keys(['trigger_rule']) retrieved from /home/airflow/airflow/dags/trigger_rule.py
[2022-05-03 20:55:12,242] {logging_mixin.py:104} INFO - [2022-05-03 20:55:12,242] {dag.py:1832} INFO - Sync 1 DAGs
[2022-05-03 20:55:12,248] {logging_mixin.py:104} INFO - [2022-05-03 20:55:12,248] {dag.py:2305} INFO - Setting next_dagrun for trigger_rule to 2022-05-03 00:00:00+00:00
[2022-05-03 20:55:12,264] {scheduler_job.py:190} INFO - Processing /home/airflow/airflow/dags/trigger_rule.py took 0.412 seconds
[2022-05-03 20:55:42,536] {scheduler_job.py:182} INFO - Started process (PID=143804) to work on /home/airflow/airflow/dags/trigger_rule.py
[2022-05-03 20:55:42,537] {scheduler_job.py:633} INFO - Processing file /home/airflow/airflow/dags/trigger_rule.py for tasks to queue
[2022-05-03 20:55:42,538] {logging_mixin.py:104} INFO - [2022-05-03 20:55:42,538] {dagbag.py:487} INFO - Filling up the DagBag from /home/airflow/airflow/dags/trigger_rule.py
[2022-05-03 20:55:42,541] {logging_mixin.py:104} INFO - [2022-05-03 20:55:42,541] {dagbag.py:320} ERROR - Failed to import: /home/airflow/airflow/dags/trigger_rule.py
Traceback (most recent call last):
  File "/home/airflow/sandbox/lib/python3.8/site-packages/airflow/models/dagbag.py", line 317, in _load_modules_from_file
    loader.exec_module(new_module)
  File "<frozen importlib._bootstrap_external>", line 848, in exec_module
  File "<frozen importlib._bootstrap>", line 219, in _call_with_frames_removed
  File "/home/airflow/airflow/dags/trigger_rule.py", line 25, in <module>
    trigger_rule=all_failed
NameError: name 'all_failed' is not defined
[2022-05-03 20:55:42,550] {scheduler_job.py:645} WARNING - No viable dags retrieved from /home/airflow/airflow/dags/trigger_rule.py
[2022-05-03 20:55:42,583] {scheduler_job.py:190} INFO - Processing /home/airflow/airflow/dags/trigger_rule.py took 0.049 seconds
[2022-05-03 20:56:12,893] {scheduler_job.py:182} INFO - Started process (PID=143899) to work on /home/airflow/airflow/dags/trigger_rule.py
[2022-05-03 20:56:12,894] {scheduler_job.py:633} INFO - Processing file /home/airflow/airflow/dags/trigger_rule.py for tasks to queue
[2022-05-03 20:56:12,894] {logging_mixin.py:104} INFO - [2022-05-03 20:56:12,894] {dagbag.py:487} INFO - Filling up the DagBag from /home/airflow/airflow/dags/trigger_rule.py
[2022-05-03 20:56:12,907] {logging_mixin.py:104} INFO - [2022-05-03 20:56:12,907] {dagbag.py:320} ERROR - Failed to import: /home/airflow/airflow/dags/trigger_rule.py
Traceback (most recent call last):
  File "/home/airflow/sandbox/lib/python3.8/site-packages/airflow/models/dagbag.py", line 317, in _load_modules_from_file
    loader.exec_module(new_module)
  File "<frozen importlib._bootstrap_external>", line 848, in exec_module
  File "<frozen importlib._bootstrap>", line 219, in _call_with_frames_removed
  File "/home/airflow/airflow/dags/trigger_rule.py", line 25, in <module>
    trigger_rule=all_failed
NameError: name 'all_failed' is not defined
[2022-05-03 20:56:12,908] {scheduler_job.py:645} WARNING - No viable dags retrieved from /home/airflow/airflow/dags/trigger_rule.py
[2022-05-03 20:56:12,939] {scheduler_job.py:190} INFO - Processing /home/airflow/airflow/dags/trigger_rule.py took 0.048 seconds
[2022-05-03 20:56:43,240] {scheduler_job.py:182} INFO - Started process (PID=144023) to work on /home/airflow/airflow/dags/trigger_rule.py
[2022-05-03 20:56:43,241] {scheduler_job.py:633} INFO - Processing file /home/airflow/airflow/dags/trigger_rule.py for tasks to queue
[2022-05-03 20:56:43,242] {logging_mixin.py:104} INFO - [2022-05-03 20:56:43,242] {dagbag.py:487} INFO - Filling up the DagBag from /home/airflow/airflow/dags/trigger_rule.py
[2022-05-03 20:56:43,248] {scheduler_job.py:643} INFO - DAG(s) dict_keys(['trigger_rule']) retrieved from /home/airflow/airflow/dags/trigger_rule.py
[2022-05-03 20:56:43,579] {logging_mixin.py:104} INFO - [2022-05-03 20:56:43,578] {dag.py:1832} INFO - Sync 1 DAGs
[2022-05-03 20:56:43,603] {logging_mixin.py:104} INFO - [2022-05-03 20:56:43,603] {dag.py:2305} INFO - Setting next_dagrun for trigger_rule to 2022-05-03 00:00:00+00:00
[2022-05-03 20:56:43,627] {scheduler_job.py:190} INFO - Processing /home/airflow/airflow/dags/trigger_rule.py took 0.388 seconds
[2022-05-03 20:57:13,956] {scheduler_job.py:182} INFO - Started process (PID=144530) to work on /home/airflow/airflow/dags/trigger_rule.py
[2022-05-03 20:57:13,956] {scheduler_job.py:633} INFO - Processing file /home/airflow/airflow/dags/trigger_rule.py for tasks to queue
[2022-05-03 20:57:13,957] {logging_mixin.py:104} INFO - [2022-05-03 20:57:13,957] {dagbag.py:487} INFO - Filling up the DagBag from /home/airflow/airflow/dags/trigger_rule.py
[2022-05-03 20:57:13,963] {scheduler_job.py:643} INFO - DAG(s) dict_keys(['trigger_rule']) retrieved from /home/airflow/airflow/dags/trigger_rule.py
[2022-05-03 20:57:13,996] {logging_mixin.py:104} INFO - [2022-05-03 20:57:13,996] {dag.py:1832} INFO - Sync 1 DAGs
[2022-05-03 20:57:14,095] {logging_mixin.py:104} INFO - [2022-05-03 20:57:14,095] {dag.py:2305} INFO - Setting next_dagrun for trigger_rule to 2022-05-03 00:00:00+00:00
[2022-05-03 20:57:14,099] {scheduler_job.py:190} INFO - Processing /home/airflow/airflow/dags/trigger_rule.py took 0.145 seconds
[2022-05-03 20:57:44,412] {scheduler_job.py:182} INFO - Started process (PID=144743) to work on /home/airflow/airflow/dags/trigger_rule.py
[2022-05-03 20:57:44,413] {scheduler_job.py:633} INFO - Processing file /home/airflow/airflow/dags/trigger_rule.py for tasks to queue
[2022-05-03 20:57:44,413] {logging_mixin.py:104} INFO - [2022-05-03 20:57:44,413] {dagbag.py:487} INFO - Filling up the DagBag from /home/airflow/airflow/dags/trigger_rule.py
[2022-05-03 20:57:44,419] {scheduler_job.py:643} INFO - DAG(s) dict_keys(['trigger_rule']) retrieved from /home/airflow/airflow/dags/trigger_rule.py
[2022-05-03 20:57:44,473] {logging_mixin.py:104} INFO - [2022-05-03 20:57:44,473] {dag.py:1832} INFO - Sync 1 DAGs
[2022-05-03 20:57:44,559] {logging_mixin.py:104} INFO - [2022-05-03 20:57:44,559] {dag.py:2305} INFO - Setting next_dagrun for trigger_rule to 2022-05-03 00:00:00+00:00
[2022-05-03 20:57:44,575] {scheduler_job.py:190} INFO - Processing /home/airflow/airflow/dags/trigger_rule.py took 0.165 seconds
[2022-05-03 20:58:14,913] {scheduler_job.py:182} INFO - Started process (PID=144973) to work on /home/airflow/airflow/dags/trigger_rule.py
[2022-05-03 20:58:14,914] {scheduler_job.py:633} INFO - Processing file /home/airflow/airflow/dags/trigger_rule.py for tasks to queue
[2022-05-03 20:58:14,914] {logging_mixin.py:104} INFO - [2022-05-03 20:58:14,914] {dagbag.py:487} INFO - Filling up the DagBag from /home/airflow/airflow/dags/trigger_rule.py
[2022-05-03 20:58:14,940] {scheduler_job.py:643} INFO - DAG(s) dict_keys(['trigger_rule']) retrieved from /home/airflow/airflow/dags/trigger_rule.py
[2022-05-03 20:58:14,968] {logging_mixin.py:104} INFO - [2022-05-03 20:58:14,968] {dag.py:1832} INFO - Sync 1 DAGs
[2022-05-03 20:58:15,063] {logging_mixin.py:104} INFO - [2022-05-03 20:58:15,063] {dag.py:2305} INFO - Setting next_dagrun for trigger_rule to 2022-05-03 00:00:00+00:00
[2022-05-03 20:58:15,068] {scheduler_job.py:190} INFO - Processing /home/airflow/airflow/dags/trigger_rule.py took 0.157 seconds
[2022-05-03 20:58:45,385] {scheduler_job.py:182} INFO - Started process (PID=145186) to work on /home/airflow/airflow/dags/trigger_rule.py
[2022-05-03 20:58:45,386] {scheduler_job.py:633} INFO - Processing file /home/airflow/airflow/dags/trigger_rule.py for tasks to queue
[2022-05-03 20:58:45,386] {logging_mixin.py:104} INFO - [2022-05-03 20:58:45,386] {dagbag.py:487} INFO - Filling up the DagBag from /home/airflow/airflow/dags/trigger_rule.py
[2022-05-03 20:58:45,391] {scheduler_job.py:643} INFO - DAG(s) dict_keys(['trigger_rule']) retrieved from /home/airflow/airflow/dags/trigger_rule.py
[2022-05-03 20:58:45,429] {logging_mixin.py:104} INFO - [2022-05-03 20:58:45,429] {dag.py:1832} INFO - Sync 1 DAGs
[2022-05-03 20:58:45,504] {logging_mixin.py:104} INFO - [2022-05-03 20:58:45,504] {dag.py:2305} INFO - Setting next_dagrun for trigger_rule to 2022-05-03 00:00:00+00:00
[2022-05-03 20:58:45,531] {scheduler_job.py:190} INFO - Processing /home/airflow/airflow/dags/trigger_rule.py took 0.148 seconds
[2022-05-03 20:59:15,829] {scheduler_job.py:182} INFO - Started process (PID=145566) to work on /home/airflow/airflow/dags/trigger_rule.py
[2022-05-03 20:59:15,829] {scheduler_job.py:633} INFO - Processing file /home/airflow/airflow/dags/trigger_rule.py for tasks to queue
[2022-05-03 20:59:15,830] {logging_mixin.py:104} INFO - [2022-05-03 20:59:15,830] {dagbag.py:487} INFO - Filling up the DagBag from /home/airflow/airflow/dags/trigger_rule.py
[2022-05-03 20:59:15,838] {scheduler_job.py:643} INFO - DAG(s) dict_keys(['trigger_rule']) retrieved from /home/airflow/airflow/dags/trigger_rule.py
[2022-05-03 20:59:15,956] {logging_mixin.py:104} INFO - [2022-05-03 20:59:15,956] {dag.py:1832} INFO - Sync 1 DAGs
[2022-05-03 20:59:15,964] {logging_mixin.py:104} INFO - [2022-05-03 20:59:15,964] {dag.py:2305} INFO - Setting next_dagrun for trigger_rule to 2022-05-03 00:00:00+00:00
[2022-05-03 20:59:15,978] {scheduler_job.py:190} INFO - Processing /home/airflow/airflow/dags/trigger_rule.py took 0.151 seconds
[2022-05-03 20:59:46,305] {scheduler_job.py:182} INFO - Started process (PID=145854) to work on /home/airflow/airflow/dags/trigger_rule.py
[2022-05-03 20:59:46,306] {scheduler_job.py:633} INFO - Processing file /home/airflow/airflow/dags/trigger_rule.py for tasks to queue
[2022-05-03 20:59:46,306] {logging_mixin.py:104} INFO - [2022-05-03 20:59:46,306] {dagbag.py:487} INFO - Filling up the DagBag from /home/airflow/airflow/dags/trigger_rule.py
[2022-05-03 20:59:46,314] {scheduler_job.py:643} INFO - DAG(s) dict_keys(['trigger_rule']) retrieved from /home/airflow/airflow/dags/trigger_rule.py
[2022-05-03 20:59:46,464] {logging_mixin.py:104} INFO - [2022-05-03 20:59:46,464] {dag.py:1832} INFO - Sync 1 DAGs
[2022-05-03 20:59:46,471] {logging_mixin.py:104} INFO - [2022-05-03 20:59:46,470] {dag.py:2305} INFO - Setting next_dagrun for trigger_rule to 2022-05-03 00:00:00+00:00
[2022-05-03 20:59:46,485] {scheduler_job.py:190} INFO - Processing /home/airflow/airflow/dags/trigger_rule.py took 0.182 seconds
[2022-05-03 21:00:16,819] {scheduler_job.py:182} INFO - Started process (PID=146581) to work on /home/airflow/airflow/dags/trigger_rule.py
[2022-05-03 21:00:16,820] {scheduler_job.py:633} INFO - Processing file /home/airflow/airflow/dags/trigger_rule.py for tasks to queue
[2022-05-03 21:00:16,820] {logging_mixin.py:104} INFO - [2022-05-03 21:00:16,820] {dagbag.py:487} INFO - Filling up the DagBag from /home/airflow/airflow/dags/trigger_rule.py
[2022-05-03 21:00:16,849] {scheduler_job.py:643} INFO - DAG(s) dict_keys(['trigger_rule']) retrieved from /home/airflow/airflow/dags/trigger_rule.py
[2022-05-03 21:00:16,989] {logging_mixin.py:104} INFO - [2022-05-03 21:00:16,973] {dag.py:1832} INFO - Sync 1 DAGs
[2022-05-03 21:00:17,001] {logging_mixin.py:104} INFO - [2022-05-03 21:00:17,001] {dag.py:2305} INFO - Setting next_dagrun for trigger_rule to 2022-05-03 00:00:00+00:00
[2022-05-03 21:00:17,021] {scheduler_job.py:190} INFO - Processing /home/airflow/airflow/dags/trigger_rule.py took 0.204 seconds
[2022-05-03 21:00:47,350] {scheduler_job.py:182} INFO - Started process (PID=147267) to work on /home/airflow/airflow/dags/trigger_rule.py
[2022-05-03 21:00:47,350] {scheduler_job.py:633} INFO - Processing file /home/airflow/airflow/dags/trigger_rule.py for tasks to queue
[2022-05-03 21:00:47,351] {logging_mixin.py:104} INFO - [2022-05-03 21:00:47,351] {dagbag.py:487} INFO - Filling up the DagBag from /home/airflow/airflow/dags/trigger_rule.py
[2022-05-03 21:00:47,379] {scheduler_job.py:643} INFO - DAG(s) dict_keys(['trigger_rule']) retrieved from /home/airflow/airflow/dags/trigger_rule.py
[2022-05-03 21:00:47,483] {logging_mixin.py:104} INFO - [2022-05-03 21:00:47,483] {dag.py:1832} INFO - Sync 1 DAGs
[2022-05-03 21:00:47,505] {logging_mixin.py:104} INFO - [2022-05-03 21:00:47,505] {dag.py:2305} INFO - Setting next_dagrun for trigger_rule to 2022-05-03 00:00:00+00:00
[2022-05-03 21:00:47,526] {scheduler_job.py:190} INFO - Processing /home/airflow/airflow/dags/trigger_rule.py took 0.178 seconds
[2022-05-03 21:01:17,866] {scheduler_job.py:182} INFO - Started process (PID=147482) to work on /home/airflow/airflow/dags/trigger_rule.py
[2022-05-03 21:01:17,870] {scheduler_job.py:633} INFO - Processing file /home/airflow/airflow/dags/trigger_rule.py for tasks to queue
[2022-05-03 21:01:17,871] {logging_mixin.py:104} INFO - [2022-05-03 21:01:17,871] {dagbag.py:487} INFO - Filling up the DagBag from /home/airflow/airflow/dags/trigger_rule.py
[2022-05-03 21:01:17,886] {scheduler_job.py:643} INFO - DAG(s) dict_keys(['trigger_rule']) retrieved from /home/airflow/airflow/dags/trigger_rule.py
[2022-05-03 21:01:18,002] {logging_mixin.py:104} INFO - [2022-05-03 21:01:18,002] {dag.py:1832} INFO - Sync 1 DAGs
[2022-05-03 21:01:18,011] {logging_mixin.py:104} INFO - [2022-05-03 21:01:18,011] {dag.py:2305} INFO - Setting next_dagrun for trigger_rule to 2022-05-03 00:00:00+00:00
[2022-05-03 21:01:18,025] {scheduler_job.py:190} INFO - Processing /home/airflow/airflow/dags/trigger_rule.py took 0.161 seconds
[2022-05-03 21:01:48,338] {scheduler_job.py:182} INFO - Started process (PID=147695) to work on /home/airflow/airflow/dags/trigger_rule.py
[2022-05-03 21:01:48,340] {scheduler_job.py:633} INFO - Processing file /home/airflow/airflow/dags/trigger_rule.py for tasks to queue
[2022-05-03 21:01:48,345] {logging_mixin.py:104} INFO - [2022-05-03 21:01:48,345] {dagbag.py:487} INFO - Filling up the DagBag from /home/airflow/airflow/dags/trigger_rule.py
[2022-05-03 21:01:48,351] {scheduler_job.py:643} INFO - DAG(s) dict_keys(['trigger_rule']) retrieved from /home/airflow/airflow/dags/trigger_rule.py
[2022-05-03 21:01:48,486] {logging_mixin.py:104} INFO - [2022-05-03 21:01:48,486] {dag.py:1832} INFO - Sync 1 DAGs
[2022-05-03 21:01:48,493] {logging_mixin.py:104} INFO - [2022-05-03 21:01:48,493] {dag.py:2305} INFO - Setting next_dagrun for trigger_rule to 2022-05-03 00:00:00+00:00
[2022-05-03 21:01:48,508] {scheduler_job.py:190} INFO - Processing /home/airflow/airflow/dags/trigger_rule.py took 0.171 seconds
[2022-05-03 21:02:18,559] {scheduler_job.py:182} INFO - Started process (PID=148030) to work on /home/airflow/airflow/dags/trigger_rule.py
[2022-05-03 21:02:18,560] {scheduler_job.py:633} INFO - Processing file /home/airflow/airflow/dags/trigger_rule.py for tasks to queue
[2022-05-03 21:02:18,560] {logging_mixin.py:104} INFO - [2022-05-03 21:02:18,560] {dagbag.py:487} INFO - Filling up the DagBag from /home/airflow/airflow/dags/trigger_rule.py
[2022-05-03 21:02:18,619] {scheduler_job.py:643} INFO - DAG(s) dict_keys(['trigger_rule']) retrieved from /home/airflow/airflow/dags/trigger_rule.py
[2022-05-03 21:02:18,632] {logging_mixin.py:104} INFO - [2022-05-03 21:02:18,632] {dag.py:1832} INFO - Sync 1 DAGs
[2022-05-03 21:02:18,643] {logging_mixin.py:104} INFO - [2022-05-03 21:02:18,643] {dag.py:2305} INFO - Setting next_dagrun for trigger_rule to 2022-05-03 00:00:00+00:00
[2022-05-03 21:02:18,648] {scheduler_job.py:190} INFO - Processing /home/airflow/airflow/dags/trigger_rule.py took 0.091 seconds
[2022-05-03 21:02:49,349] {scheduler_job.py:182} INFO - Started process (PID=148620) to work on /home/airflow/airflow/dags/trigger_rule.py
[2022-05-03 21:02:49,350] {scheduler_job.py:633} INFO - Processing file /home/airflow/airflow/dags/trigger_rule.py for tasks to queue
[2022-05-03 21:02:49,351] {logging_mixin.py:104} INFO - [2022-05-03 21:02:49,351] {dagbag.py:487} INFO - Filling up the DagBag from /home/airflow/airflow/dags/trigger_rule.py
[2022-05-03 21:02:49,397] {scheduler_job.py:643} INFO - DAG(s) dict_keys(['trigger_rule']) retrieved from /home/airflow/airflow/dags/trigger_rule.py
[2022-05-03 21:02:49,408] {logging_mixin.py:104} INFO - [2022-05-03 21:02:49,408] {dag.py:1832} INFO - Sync 1 DAGs
[2022-05-03 21:02:49,417] {logging_mixin.py:104} INFO - [2022-05-03 21:02:49,417] {dag.py:2305} INFO - Setting next_dagrun for trigger_rule to 2022-05-03 00:00:00+00:00
[2022-05-03 21:02:49,432] {scheduler_job.py:190} INFO - Processing /home/airflow/airflow/dags/trigger_rule.py took 0.084 seconds
[2022-05-03 21:03:19,672] {scheduler_job.py:182} INFO - Started process (PID=148788) to work on /home/airflow/airflow/dags/trigger_rule.py
[2022-05-03 21:03:19,673] {scheduler_job.py:633} INFO - Processing file /home/airflow/airflow/dags/trigger_rule.py for tasks to queue
[2022-05-03 21:03:19,673] {logging_mixin.py:104} INFO - [2022-05-03 21:03:19,673] {dagbag.py:487} INFO - Filling up the DagBag from /home/airflow/airflow/dags/trigger_rule.py
[2022-05-03 21:03:19,713] {scheduler_job.py:643} INFO - DAG(s) dict_keys(['trigger_rule']) retrieved from /home/airflow/airflow/dags/trigger_rule.py
[2022-05-03 21:03:19,724] {logging_mixin.py:104} INFO - [2022-05-03 21:03:19,724] {dag.py:1832} INFO - Sync 1 DAGs
[2022-05-03 21:03:19,731] {logging_mixin.py:104} INFO - [2022-05-03 21:03:19,731] {dag.py:2305} INFO - Setting next_dagrun for trigger_rule to 2022-05-03 00:00:00+00:00
[2022-05-03 21:03:19,746] {scheduler_job.py:190} INFO - Processing /home/airflow/airflow/dags/trigger_rule.py took 0.075 seconds
