[2022-05-03 20:26:03,212] {taskinstance.py:876} INFO - Dependencies all met for <TaskInstance: xcom_dag.processing_tasks.training_model_a 2022-05-03T20:25:52.349452+00:00 [queued]>
[2022-05-03 20:26:03,255] {taskinstance.py:876} INFO - Dependencies all met for <TaskInstance: xcom_dag.processing_tasks.training_model_a 2022-05-03T20:25:52.349452+00:00 [queued]>
[2022-05-03 20:26:03,257] {taskinstance.py:1067} INFO - 
--------------------------------------------------------------------------------
[2022-05-03 20:26:03,258] {taskinstance.py:1068} INFO - Starting attempt 1 of 1
[2022-05-03 20:26:03,260] {taskinstance.py:1069} INFO - 
--------------------------------------------------------------------------------
[2022-05-03 20:26:03,317] {taskinstance.py:1087} INFO - Executing <Task(PythonOperator): processing_tasks.training_model_a> on 2022-05-03T20:25:52.349452+00:00
[2022-05-03 20:26:03,343] {standard_task_runner.py:76} INFO - Running: ['airflow', 'tasks', 'run', 'xcom_dag', 'processing_tasks.training_model_a', '2022-05-03T20:25:52.349452+00:00', '--job-id', '82', '--pool', 'default_pool', '--raw', '--subdir', 'DAGS_FOLDER/xcom_dag.py', '--cfg-path', '/tmp/tmphv2dgw4m', '--error-file', '/tmp/tmp7of9cjiu']
[2022-05-03 20:26:03,330] {standard_task_runner.py:52} INFO - Started process 126321 to run task
[2022-05-03 20:26:03,356] {standard_task_runner.py:77} INFO - Job 82: Subtask processing_tasks.training_model_a
[2022-05-03 20:26:03,629] {logging_mixin.py:104} INFO - Running <TaskInstance: xcom_dag.processing_tasks.training_model_a 2022-05-03T20:25:52.349452+00:00 [running]> on host airflowvm
[2022-05-03 20:26:04,062] {taskinstance.py:1280} INFO - Exporting the following env vars:
AIRFLOW_CTX_DAG_OWNER=airflow
AIRFLOW_CTX_DAG_ID=xcom_dag
AIRFLOW_CTX_TASK_ID=processing_tasks.training_model_a
AIRFLOW_CTX_EXECUTION_DATE=2022-05-03T20:25:52.349452+00:00
AIRFLOW_CTX_DAG_RUN_ID=manual__2022-05-03T20:25:52.349452+00:00
[2022-05-03 20:26:04,063] {logging_mixin.py:104} INFO - model's accuracy: 2.9498129973835163
[2022-05-03 20:26:04,118] {python.py:151} INFO - Done. Returned value was: None
[2022-05-03 20:26:04,145] {taskinstance.py:1184} INFO - Marking task as SUCCESS. dag_id=xcom_dag, task_id=processing_tasks.training_model_a, execution_date=20220503T202552, start_date=20220503T202603, end_date=20220503T202604
[2022-05-03 20:26:04,248] {taskinstance.py:1245} INFO - 0 downstream tasks scheduled from follow-on schedule check
[2022-05-03 20:26:04,256] {local_task_job.py:151} INFO - Task exited with return code 0
