[2022-05-03 11:48:14,159] {taskinstance.py:876} INFO - Dependencies all met for <TaskInstance: parallel_dag.task_4 2022-05-03T11:48:05.054073+00:00 [queued]>
[2022-05-03 11:48:14,168] {taskinstance.py:876} INFO - Dependencies all met for <TaskInstance: parallel_dag.task_4 2022-05-03T11:48:05.054073+00:00 [queued]>
[2022-05-03 11:48:14,168] {taskinstance.py:1067} INFO - 
--------------------------------------------------------------------------------
[2022-05-03 11:48:14,168] {taskinstance.py:1068} INFO - Starting attempt 1 of 1
[2022-05-03 11:48:14,169] {taskinstance.py:1069} INFO - 
--------------------------------------------------------------------------------
[2022-05-03 11:48:14,181] {taskinstance.py:1087} INFO - Executing <Task(BashOperator): task_4> on 2022-05-03T11:48:05.054073+00:00
[2022-05-03 11:48:14,182] {standard_task_runner.py:52} INFO - Started process 39568 to run task
[2022-05-03 11:48:14,186] {standard_task_runner.py:76} INFO - Running: ['airflow', 'tasks', 'run', 'parallel_dag', 'task_4', '2022-05-03T11:48:05.054073+00:00', '--job-id', '10', '--pool', 'default_pool', '--raw', '--subdir', 'DAGS_FOLDER/parallel_dag.py', '--cfg-path', '/tmp/tmponrpzekz', '--error-file', '/tmp/tmpba1bmij0']
[2022-05-03 11:48:14,187] {standard_task_runner.py:77} INFO - Job 10: Subtask task_4
[2022-05-03 11:48:14,236] {logging_mixin.py:104} INFO - Running <TaskInstance: parallel_dag.task_4 2022-05-03T11:48:05.054073+00:00 [running]> on host airflowvm
[2022-05-03 11:48:14,293] {taskinstance.py:1280} INFO - Exporting the following env vars:
AIRFLOW_CTX_DAG_OWNER=airflow
AIRFLOW_CTX_DAG_ID=parallel_dag
AIRFLOW_CTX_TASK_ID=task_4
AIRFLOW_CTX_EXECUTION_DATE=2022-05-03T11:48:05.054073+00:00
AIRFLOW_CTX_DAG_RUN_ID=manual__2022-05-03T11:48:05.054073+00:00
[2022-05-03 11:48:14,294] {subprocess.py:52} INFO - Tmp dir root location: 
 /tmp
[2022-05-03 11:48:14,294] {subprocess.py:63} INFO - Running command: ['bash', '-c', 'sleep 3']
[2022-05-03 11:48:14,299] {subprocess.py:75} INFO - Output:
[2022-05-03 11:48:17,301] {subprocess.py:83} INFO - Command exited with return code 0
[2022-05-03 11:48:17,343] {taskinstance.py:1184} INFO - Marking task as SUCCESS. dag_id=parallel_dag, task_id=task_4, execution_date=20220503T114805, start_date=20220503T114814, end_date=20220503T114817
[2022-05-03 11:48:17,365] {taskinstance.py:1245} INFO - 0 downstream tasks scheduled from follow-on schedule check
[2022-05-03 11:48:17,404] {local_task_job.py:151} INFO - Task exited with return code 0
