[2022-05-03 19:47:59,533] {taskinstance.py:876} INFO - Dependencies all met for <TaskInstance: xcom_dag.processing_tasks.training_model_c 2022-05-03T19:47:54.384045+00:00 [queued]>
[2022-05-03 19:47:59,556] {taskinstance.py:876} INFO - Dependencies all met for <TaskInstance: xcom_dag.processing_tasks.training_model_c 2022-05-03T19:47:54.384045+00:00 [queued]>
[2022-05-03 19:47:59,556] {taskinstance.py:1067} INFO - 
--------------------------------------------------------------------------------
[2022-05-03 19:47:59,556] {taskinstance.py:1068} INFO - Starting attempt 1 of 1
[2022-05-03 19:47:59,556] {taskinstance.py:1069} INFO - 
--------------------------------------------------------------------------------
[2022-05-03 19:47:59,612] {taskinstance.py:1087} INFO - Executing <Task(PythonOperator): processing_tasks.training_model_c> on 2022-05-03T19:47:54.384045+00:00
[2022-05-03 19:47:59,615] {standard_task_runner.py:52} INFO - Started process 118716 to run task
[2022-05-03 19:47:59,631] {standard_task_runner.py:76} INFO - Running: ['airflow', 'tasks', 'run', 'xcom_dag', 'processing_tasks.training_model_c', '2022-05-03T19:47:54.384045+00:00', '--job-id', '66', '--pool', 'default_pool', '--raw', '--subdir', 'DAGS_FOLDER/xcom_dag.py', '--cfg-path', '/tmp/tmp3ybzytio', '--error-file', '/tmp/tmp7muww2db']
[2022-05-03 19:47:59,651] {standard_task_runner.py:77} INFO - Job 66: Subtask processing_tasks.training_model_c
[2022-05-03 19:47:59,826] {logging_mixin.py:104} INFO - Running <TaskInstance: xcom_dag.processing_tasks.training_model_c 2022-05-03T19:47:54.384045+00:00 [running]> on host airflowvm
[2022-05-03 19:48:00,062] {taskinstance.py:1280} INFO - Exporting the following env vars:
AIRFLOW_CTX_DAG_OWNER=airflow
AIRFLOW_CTX_DAG_ID=xcom_dag
AIRFLOW_CTX_TASK_ID=processing_tasks.training_model_c
AIRFLOW_CTX_EXECUTION_DATE=2022-05-03T19:47:54.384045+00:00
AIRFLOW_CTX_DAG_RUN_ID=manual__2022-05-03T19:47:54.384045+00:00
[2022-05-03 19:48:00,063] {logging_mixin.py:104} INFO - model's accuracy: 5.110907980074828
[2022-05-03 19:48:00,126] {python.py:151} INFO - Done. Returned value was: None
[2022-05-03 19:48:00,172] {taskinstance.py:1184} INFO - Marking task as SUCCESS. dag_id=xcom_dag, task_id=processing_tasks.training_model_c, execution_date=20220503T194754, start_date=20220503T194759, end_date=20220503T194800
[2022-05-03 19:48:00,268] {taskinstance.py:1245} INFO - 1 downstream tasks scheduled from follow-on schedule check
[2022-05-03 19:48:00,303] {local_task_job.py:151} INFO - Task exited with return code 0
