[2022-05-03 20:18:08,372] {taskinstance.py:876} INFO - Dependencies all met for <TaskInstance: xcom_dag.choose_best_model 2022-05-03T20:17:56.530685+00:00 [queued]>
[2022-05-03 20:18:08,383] {taskinstance.py:876} INFO - Dependencies all met for <TaskInstance: xcom_dag.choose_best_model 2022-05-03T20:17:56.530685+00:00 [queued]>
[2022-05-03 20:18:08,383] {taskinstance.py:1067} INFO - 
--------------------------------------------------------------------------------
[2022-05-03 20:18:08,383] {taskinstance.py:1068} INFO - Starting attempt 1 of 1
[2022-05-03 20:18:08,384] {taskinstance.py:1069} INFO - 
--------------------------------------------------------------------------------
[2022-05-03 20:18:08,399] {taskinstance.py:1087} INFO - Executing <Task(PythonOperator): choose_best_model> on 2022-05-03T20:17:56.530685+00:00
[2022-05-03 20:18:08,401] {standard_task_runner.py:52} INFO - Started process 123207 to run task
[2022-05-03 20:18:08,405] {standard_task_runner.py:76} INFO - Running: ['airflow', 'tasks', 'run', 'xcom_dag', 'choose_best_model', '2022-05-03T20:17:56.530685+00:00', '--job-id', '74', '--pool', 'default_pool', '--raw', '--subdir', 'DAGS_FOLDER/xcom_dag.py', '--cfg-path', '/tmp/tmppsimeunu', '--error-file', '/tmp/tmpva96lvn3']
[2022-05-03 20:18:08,406] {standard_task_runner.py:77} INFO - Job 74: Subtask choose_best_model
[2022-05-03 20:18:08,479] {logging_mixin.py:104} INFO - Running <TaskInstance: xcom_dag.choose_best_model 2022-05-03T20:17:56.530685+00:00 [running]> on host airflowvm
[2022-05-03 20:18:08,597] {taskinstance.py:1280} INFO - Exporting the following env vars:
AIRFLOW_CTX_DAG_OWNER=airflow
AIRFLOW_CTX_DAG_ID=xcom_dag
AIRFLOW_CTX_TASK_ID=choose_best_model
AIRFLOW_CTX_EXECUTION_DATE=2022-05-03T20:17:56.530685+00:00
AIRFLOW_CTX_DAG_RUN_ID=manual__2022-05-03T20:17:56.530685+00:00
[2022-05-03 20:18:08,597] {logging_mixin.py:104} INFO - choose best model
[2022-05-03 20:18:08,608] {logging_mixin.py:104} INFO - [7.936202901643504, 6.614282593107335, 3.1763234408135714]
[2022-05-03 20:18:08,608] {python.py:151} INFO - Done. Returned value was: None
[2022-05-03 20:18:08,620] {taskinstance.py:1184} INFO - Marking task as SUCCESS. dag_id=xcom_dag, task_id=choose_best_model, execution_date=20220503T201756, start_date=20220503T201808, end_date=20220503T201808
[2022-05-03 20:18:08,652] {taskinstance.py:1245} INFO - 1 downstream tasks scheduled from follow-on schedule check
[2022-05-03 20:18:08,674] {local_task_job.py:151} INFO - Task exited with return code 0
