[2022-05-03 20:32:16,931] {taskinstance.py:876} INFO - Dependencies all met for <TaskInstance: xcom_dag.processing_tasks.training_model_b 2022-05-03T20:32:11.862359+00:00 [queued]>
[2022-05-03 20:32:16,977] {taskinstance.py:876} INFO - Dependencies all met for <TaskInstance: xcom_dag.processing_tasks.training_model_b 2022-05-03T20:32:11.862359+00:00 [queued]>
[2022-05-03 20:32:16,981] {taskinstance.py:1067} INFO - 
--------------------------------------------------------------------------------
[2022-05-03 20:32:16,982] {taskinstance.py:1068} INFO - Starting attempt 1 of 1
[2022-05-03 20:32:16,982] {taskinstance.py:1069} INFO - 
--------------------------------------------------------------------------------
[2022-05-03 20:32:17,018] {taskinstance.py:1087} INFO - Executing <Task(PythonOperator): processing_tasks.training_model_b> on 2022-05-03T20:32:11.862359+00:00
[2022-05-03 20:32:17,023] {standard_task_runner.py:52} INFO - Started process 130378 to run task
[2022-05-03 20:32:17,034] {standard_task_runner.py:76} INFO - Running: ['airflow', 'tasks', 'run', 'xcom_dag', 'processing_tasks.training_model_b', '2022-05-03T20:32:11.862359+00:00', '--job-id', '99', '--pool', 'default_pool', '--raw', '--subdir', 'DAGS_FOLDER/xcom_dag.py', '--cfg-path', '/tmp/tmprvqiijw5', '--error-file', '/tmp/tmp43khfvhp']
[2022-05-03 20:32:17,046] {standard_task_runner.py:77} INFO - Job 99: Subtask processing_tasks.training_model_b
[2022-05-03 20:32:17,355] {logging_mixin.py:104} INFO - Running <TaskInstance: xcom_dag.processing_tasks.training_model_b 2022-05-03T20:32:11.862359+00:00 [running]> on host airflowvm
[2022-05-03 20:32:17,604] {taskinstance.py:1280} INFO - Exporting the following env vars:
AIRFLOW_CTX_DAG_OWNER=airflow
AIRFLOW_CTX_DAG_ID=xcom_dag
AIRFLOW_CTX_TASK_ID=processing_tasks.training_model_b
AIRFLOW_CTX_EXECUTION_DATE=2022-05-03T20:32:11.862359+00:00
AIRFLOW_CTX_DAG_RUN_ID=manual__2022-05-03T20:32:11.862359+00:00
[2022-05-03 20:32:17,605] {logging_mixin.py:104} INFO - model's accuracy: 1.5022280377903396
[2022-05-03 20:32:17,641] {python.py:151} INFO - Done. Returned value was: None
[2022-05-03 20:32:17,661] {taskinstance.py:1184} INFO - Marking task as SUCCESS. dag_id=xcom_dag, task_id=processing_tasks.training_model_b, execution_date=20220503T203211, start_date=20220503T203216, end_date=20220503T203217
[2022-05-03 20:32:17,711] {taskinstance.py:1245} INFO - 1 downstream tasks scheduled from follow-on schedule check
[2022-05-03 20:32:17,717] {local_task_job.py:151} INFO - Task exited with return code 0
