[2022-05-03 19:35:37,840] {taskinstance.py:876} INFO - Dependencies all met for <TaskInstance: xcom_dag.processing_tasks.training_model_c 2022-05-03T19:35:32.528686+00:00 [queued]>
[2022-05-03 19:35:37,873] {taskinstance.py:876} INFO - Dependencies all met for <TaskInstance: xcom_dag.processing_tasks.training_model_c 2022-05-03T19:35:32.528686+00:00 [queued]>
[2022-05-03 19:35:37,874] {taskinstance.py:1067} INFO - 
--------------------------------------------------------------------------------
[2022-05-03 19:35:37,874] {taskinstance.py:1068} INFO - Starting attempt 1 of 1
[2022-05-03 19:35:37,874] {taskinstance.py:1069} INFO - 
--------------------------------------------------------------------------------
[2022-05-03 19:35:37,906] {taskinstance.py:1087} INFO - Executing <Task(PythonOperator): processing_tasks.training_model_c> on 2022-05-03T19:35:32.528686+00:00
[2022-05-03 19:35:37,907] {standard_task_runner.py:52} INFO - Started process 114437 to run task
[2022-05-03 19:35:37,918] {standard_task_runner.py:76} INFO - Running: ['airflow', 'tasks', 'run', 'xcom_dag', 'processing_tasks.training_model_c', '2022-05-03T19:35:32.528686+00:00', '--job-id', '52', '--pool', 'default_pool', '--raw', '--subdir', 'DAGS_FOLDER/xcom_dag.py', '--cfg-path', '/tmp/tmpcrb2c3a6', '--error-file', '/tmp/tmp6spqrnc0']
[2022-05-03 19:35:37,923] {standard_task_runner.py:77} INFO - Job 52: Subtask processing_tasks.training_model_c
[2022-05-03 19:35:38,095] {logging_mixin.py:104} INFO - Running <TaskInstance: xcom_dag.processing_tasks.training_model_c 2022-05-03T19:35:32.528686+00:00 [running]> on host airflowvm
[2022-05-03 19:35:38,363] {taskinstance.py:1280} INFO - Exporting the following env vars:
AIRFLOW_CTX_DAG_OWNER=airflow
AIRFLOW_CTX_DAG_ID=xcom_dag
AIRFLOW_CTX_TASK_ID=processing_tasks.training_model_c
AIRFLOW_CTX_EXECUTION_DATE=2022-05-03T19:35:32.528686+00:00
AIRFLOW_CTX_DAG_RUN_ID=manual__2022-05-03T19:35:32.528686+00:00
[2022-05-03 19:35:38,363] {logging_mixin.py:104} INFO - model's accuracy: 2.4806910683151333
[2022-05-03 19:35:38,405] {python.py:151} INFO - Done. Returned value was: None
[2022-05-03 19:35:38,425] {taskinstance.py:1184} INFO - Marking task as SUCCESS. dag_id=xcom_dag, task_id=processing_tasks.training_model_c, execution_date=20220503T193532, start_date=20220503T193537, end_date=20220503T193538
[2022-05-03 19:35:38,475] {taskinstance.py:1245} INFO - 1 downstream tasks scheduled from follow-on schedule check
[2022-05-03 19:35:38,517] {local_task_job.py:151} INFO - Task exited with return code 0
