[2022-05-03 18:50:29,385] {taskinstance.py:876} INFO - Dependencies all met for <TaskInstance: xcom_dag.downloading_data 2022-05-03T18:50:28.013282+00:00 [queued]>
[2022-05-03 18:50:29,424] {taskinstance.py:876} INFO - Dependencies all met for <TaskInstance: xcom_dag.downloading_data 2022-05-03T18:50:28.013282+00:00 [queued]>
[2022-05-03 18:50:29,424] {taskinstance.py:1067} INFO - 
--------------------------------------------------------------------------------
[2022-05-03 18:50:29,424] {taskinstance.py:1068} INFO - Starting attempt 1 of 1
[2022-05-03 18:50:29,425] {taskinstance.py:1069} INFO - 
--------------------------------------------------------------------------------
[2022-05-03 18:50:29,439] {taskinstance.py:1087} INFO - Executing <Task(BashOperator): downloading_data> on 2022-05-03T18:50:28.013282+00:00
[2022-05-03 18:50:29,442] {standard_task_runner.py:52} INFO - Started process 103908 to run task
[2022-05-03 18:50:29,450] {standard_task_runner.py:76} INFO - Running: ['airflow', 'tasks', 'run', 'xcom_dag', 'downloading_data', '2022-05-03T18:50:28.013282+00:00', '--job-id', '35', '--pool', 'default_pool', '--raw', '--subdir', 'DAGS_FOLDER/xcom_dag.py', '--cfg-path', '/tmp/tmpxm4jfpze', '--error-file', '/tmp/tmpz22vruyd']
[2022-05-03 18:50:29,451] {standard_task_runner.py:77} INFO - Job 35: Subtask downloading_data
[2022-05-03 18:50:29,584] {logging_mixin.py:104} INFO - Running <TaskInstance: xcom_dag.downloading_data 2022-05-03T18:50:28.013282+00:00 [running]> on host airflowvm
[2022-05-03 18:50:29,789] {taskinstance.py:1280} INFO - Exporting the following env vars:
AIRFLOW_CTX_DAG_OWNER=airflow
AIRFLOW_CTX_DAG_ID=xcom_dag
AIRFLOW_CTX_TASK_ID=downloading_data
AIRFLOW_CTX_EXECUTION_DATE=2022-05-03T18:50:28.013282+00:00
AIRFLOW_CTX_DAG_RUN_ID=manual__2022-05-03T18:50:28.013282+00:00
[2022-05-03 18:50:29,790] {subprocess.py:52} INFO - Tmp dir root location: 
 /tmp
[2022-05-03 18:50:29,790] {subprocess.py:63} INFO - Running command: ['bash', '-c', 'sleep 3']
[2022-05-03 18:50:29,798] {subprocess.py:75} INFO - Output:
[2022-05-03 18:50:32,802] {subprocess.py:83} INFO - Command exited with return code 0
[2022-05-03 18:50:32,875] {taskinstance.py:1184} INFO - Marking task as SUCCESS. dag_id=xcom_dag, task_id=downloading_data, execution_date=20220503T185028, start_date=20220503T185029, end_date=20220503T185032
[2022-05-03 18:50:32,916] {taskinstance.py:1245} INFO - 3 downstream tasks scheduled from follow-on schedule check
[2022-05-03 18:50:32,934] {local_task_job.py:151} INFO - Task exited with return code 0
