[2022-05-03 11:48:10,323] {taskinstance.py:876} INFO - Dependencies all met for <TaskInstance: parallel_dag.task_3 2022-05-03T11:48:05.054073+00:00 [queued]>
[2022-05-03 11:48:10,337] {taskinstance.py:876} INFO - Dependencies all met for <TaskInstance: parallel_dag.task_3 2022-05-03T11:48:05.054073+00:00 [queued]>
[2022-05-03 11:48:10,338] {taskinstance.py:1067} INFO - 
--------------------------------------------------------------------------------
[2022-05-03 11:48:10,338] {taskinstance.py:1068} INFO - Starting attempt 1 of 1
[2022-05-03 11:48:10,338] {taskinstance.py:1069} INFO - 
--------------------------------------------------------------------------------
[2022-05-03 11:48:10,351] {taskinstance.py:1087} INFO - Executing <Task(BashOperator): task_3> on 2022-05-03T11:48:05.054073+00:00
[2022-05-03 11:48:10,354] {standard_task_runner.py:52} INFO - Started process 39388 to run task
[2022-05-03 11:48:10,359] {standard_task_runner.py:76} INFO - Running: ['airflow', 'tasks', 'run', 'parallel_dag', 'task_3', '2022-05-03T11:48:05.054073+00:00', '--job-id', '9', '--pool', 'default_pool', '--raw', '--subdir', 'DAGS_FOLDER/parallel_dag.py', '--cfg-path', '/tmp/tmpw374xo7i', '--error-file', '/tmp/tmpazy1czyx']
[2022-05-03 11:48:10,368] {standard_task_runner.py:77} INFO - Job 9: Subtask task_3
[2022-05-03 11:48:10,434] {logging_mixin.py:104} INFO - Running <TaskInstance: parallel_dag.task_3 2022-05-03T11:48:05.054073+00:00 [running]> on host airflowvm
[2022-05-03 11:48:10,503] {taskinstance.py:1280} INFO - Exporting the following env vars:
AIRFLOW_CTX_DAG_OWNER=airflow
AIRFLOW_CTX_DAG_ID=parallel_dag
AIRFLOW_CTX_TASK_ID=task_3
AIRFLOW_CTX_EXECUTION_DATE=2022-05-03T11:48:05.054073+00:00
AIRFLOW_CTX_DAG_RUN_ID=manual__2022-05-03T11:48:05.054073+00:00
[2022-05-03 11:48:10,504] {subprocess.py:52} INFO - Tmp dir root location: 
 /tmp
[2022-05-03 11:48:10,504] {subprocess.py:63} INFO - Running command: ['bash', '-c', 'sleep 3']
[2022-05-03 11:48:10,509] {subprocess.py:75} INFO - Output:
[2022-05-03 11:48:13,512] {subprocess.py:83} INFO - Command exited with return code 0
[2022-05-03 11:48:13,560] {taskinstance.py:1184} INFO - Marking task as SUCCESS. dag_id=parallel_dag, task_id=task_3, execution_date=20220503T114805, start_date=20220503T114810, end_date=20220503T114813
[2022-05-03 11:48:13,594] {taskinstance.py:1245} INFO - 1 downstream tasks scheduled from follow-on schedule check
[2022-05-03 11:48:13,612] {local_task_job.py:151} INFO - Task exited with return code 0
