[2022-05-03 11:48:06,207] {taskinstance.py:876} INFO - Dependencies all met for <TaskInstance: parallel_dag.task_1 2022-05-03T11:48:05.054073+00:00 [queued]>
[2022-05-03 11:48:06,215] {taskinstance.py:876} INFO - Dependencies all met for <TaskInstance: parallel_dag.task_1 2022-05-03T11:48:05.054073+00:00 [queued]>
[2022-05-03 11:48:06,215] {taskinstance.py:1067} INFO - 
--------------------------------------------------------------------------------
[2022-05-03 11:48:06,215] {taskinstance.py:1068} INFO - Starting attempt 1 of 1
[2022-05-03 11:48:06,216] {taskinstance.py:1069} INFO - 
--------------------------------------------------------------------------------
[2022-05-03 11:48:06,227] {taskinstance.py:1087} INFO - Executing <Task(BashOperator): task_1> on 2022-05-03T11:48:05.054073+00:00
[2022-05-03 11:48:06,229] {standard_task_runner.py:52} INFO - Started process 39229 to run task
[2022-05-03 11:48:06,232] {standard_task_runner.py:76} INFO - Running: ['airflow', 'tasks', 'run', 'parallel_dag', 'task_1', '2022-05-03T11:48:05.054073+00:00', '--job-id', '7', '--pool', 'default_pool', '--raw', '--subdir', 'DAGS_FOLDER/parallel_dag.py', '--cfg-path', '/tmp/tmpfzrvgv3f', '--error-file', '/tmp/tmp8g2ee_ul']
[2022-05-03 11:48:06,233] {standard_task_runner.py:77} INFO - Job 7: Subtask task_1
[2022-05-03 11:48:06,268] {logging_mixin.py:104} INFO - Running <TaskInstance: parallel_dag.task_1 2022-05-03T11:48:05.054073+00:00 [running]> on host airflowvm
[2022-05-03 11:48:06,318] {taskinstance.py:1280} INFO - Exporting the following env vars:
AIRFLOW_CTX_DAG_OWNER=airflow
AIRFLOW_CTX_DAG_ID=parallel_dag
AIRFLOW_CTX_TASK_ID=task_1
AIRFLOW_CTX_EXECUTION_DATE=2022-05-03T11:48:05.054073+00:00
AIRFLOW_CTX_DAG_RUN_ID=manual__2022-05-03T11:48:05.054073+00:00
[2022-05-03 11:48:06,319] {subprocess.py:52} INFO - Tmp dir root location: 
 /tmp
[2022-05-03 11:48:06,320] {subprocess.py:63} INFO - Running command: ['bash', '-c', 'sleep 3']
[2022-05-03 11:48:06,325] {subprocess.py:75} INFO - Output:
[2022-05-03 11:48:09,327] {subprocess.py:83} INFO - Command exited with return code 0
[2022-05-03 11:48:09,374] {taskinstance.py:1184} INFO - Marking task as SUCCESS. dag_id=parallel_dag, task_id=task_1, execution_date=20220503T114805, start_date=20220503T114806, end_date=20220503T114809
[2022-05-03 11:48:09,396] {taskinstance.py:1245} INFO - 2 downstream tasks scheduled from follow-on schedule check
[2022-05-03 11:48:09,436] {local_task_job.py:151} INFO - Task exited with return code 0
