[2022-05-03 18:20:36,836] {taskinstance.py:876} INFO - Dependencies all met for <TaskInstance: parallel_dag.processing_tasks.task_3 2022-05-03T18:20:32.107320+00:00 [queued]>
[2022-05-03 18:20:36,872] {taskinstance.py:876} INFO - Dependencies all met for <TaskInstance: parallel_dag.processing_tasks.task_3 2022-05-03T18:20:32.107320+00:00 [queued]>
[2022-05-03 18:20:36,873] {taskinstance.py:1067} INFO - 
--------------------------------------------------------------------------------
[2022-05-03 18:20:36,873] {taskinstance.py:1068} INFO - Starting attempt 1 of 1
[2022-05-03 18:20:36,873] {taskinstance.py:1069} INFO - 
--------------------------------------------------------------------------------
[2022-05-03 18:20:36,913] {taskinstance.py:1087} INFO - Executing <Task(BashOperator): processing_tasks.task_3> on 2022-05-03T18:20:32.107320+00:00
[2022-05-03 18:20:36,915] {standard_task_runner.py:52} INFO - Started process 95798 to run task
[2022-05-03 18:20:36,927] {standard_task_runner.py:76} INFO - Running: ['airflow', 'tasks', 'run', 'parallel_dag', 'processing_tasks.task_3', '2022-05-03T18:20:32.107320+00:00', '--job-id', '27', '--pool', 'default_pool', '--raw', '--subdir', 'DAGS_FOLDER/parallel_dag.py', '--cfg-path', '/tmp/tmp_sp0kgzs', '--error-file', '/tmp/tmpcq2sbmn1']
[2022-05-03 18:20:36,932] {standard_task_runner.py:77} INFO - Job 27: Subtask processing_tasks.task_3
[2022-05-03 18:20:37,041] {logging_mixin.py:104} INFO - Running <TaskInstance: parallel_dag.processing_tasks.task_3 2022-05-03T18:20:32.107320+00:00 [running]> on host airflowvm
[2022-05-03 18:20:37,197] {taskinstance.py:1280} INFO - Exporting the following env vars:
AIRFLOW_CTX_DAG_OWNER=airflow
AIRFLOW_CTX_DAG_ID=parallel_dag
AIRFLOW_CTX_TASK_ID=processing_tasks.task_3
AIRFLOW_CTX_EXECUTION_DATE=2022-05-03T18:20:32.107320+00:00
AIRFLOW_CTX_DAG_RUN_ID=manual__2022-05-03T18:20:32.107320+00:00
[2022-05-03 18:20:37,198] {subprocess.py:52} INFO - Tmp dir root location: 
 /tmp
[2022-05-03 18:20:37,198] {subprocess.py:63} INFO - Running command: ['bash', '-c', 'sleep 3']
[2022-05-03 18:20:37,205] {subprocess.py:75} INFO - Output:
[2022-05-03 18:20:40,213] {subprocess.py:83} INFO - Command exited with return code 0
[2022-05-03 18:20:40,340] {taskinstance.py:1184} INFO - Marking task as SUCCESS. dag_id=parallel_dag, task_id=processing_tasks.task_3, execution_date=20220503T182032, start_date=20220503T182036, end_date=20220503T182040
[2022-05-03 18:20:40,442] {taskinstance.py:1245} INFO - 0 downstream tasks scheduled from follow-on schedule check
[2022-05-03 18:20:40,474] {local_task_job.py:151} INFO - Task exited with return code 0
