[2022-05-03 10:04:04,396] {taskinstance.py:876} INFO - Dependencies all met for <TaskInstance: parallel_dag.task_3 2022-05-02T00:00:00+00:00 [queued]>
[2022-05-03 10:04:04,399] {taskinstance.py:876} INFO - Dependencies all met for <TaskInstance: parallel_dag.task_3 2022-05-02T00:00:00+00:00 [queued]>
[2022-05-03 10:04:04,399] {taskinstance.py:1067} INFO - 
--------------------------------------------------------------------------------
[2022-05-03 10:04:04,400] {taskinstance.py:1068} INFO - Starting attempt 1 of 1
[2022-05-03 10:04:04,400] {taskinstance.py:1069} INFO - 
--------------------------------------------------------------------------------
[2022-05-03 10:04:04,406] {taskinstance.py:1087} INFO - Executing <Task(BashOperator): task_3> on 2022-05-02T00:00:00+00:00
[2022-05-03 10:04:04,407] {standard_task_runner.py:52} INFO - Started process 16198 to run task
[2022-05-03 10:04:04,410] {standard_task_runner.py:76} INFO - Running: ['airflow', 'tasks', 'run', 'parallel_dag', 'task_3', '2022-05-02T00:00:00+00:00', '--job-id', '53', '--pool', 'default_pool', '--raw', '--subdir', 'DAGS_FOLDER/parallel_dag.py', '--cfg-path', '/tmp/tmpkco2_sru', '--error-file', '/tmp/tmpb3tqu8me']
[2022-05-03 10:04:04,410] {standard_task_runner.py:77} INFO - Job 53: Subtask task_3
[2022-05-03 10:04:04,431] {logging_mixin.py:104} INFO - Running <TaskInstance: parallel_dag.task_3 2022-05-02T00:00:00+00:00 [running]> on host airflowvm
[2022-05-03 10:04:04,484] {taskinstance.py:1280} INFO - Exporting the following env vars:
AIRFLOW_CTX_DAG_OWNER=airflow
AIRFLOW_CTX_DAG_ID=parallel_dag
AIRFLOW_CTX_TASK_ID=task_3
AIRFLOW_CTX_EXECUTION_DATE=2022-05-02T00:00:00+00:00
AIRFLOW_CTX_DAG_RUN_ID=scheduled__2022-05-02T00:00:00+00:00
[2022-05-03 10:04:04,484] {subprocess.py:52} INFO - Tmp dir root location: 
 /tmp
[2022-05-03 10:04:04,484] {subprocess.py:63} INFO - Running command: ['bash', '-c', 'sleep 3']
[2022-05-03 10:04:04,487] {subprocess.py:75} INFO - Output:
[2022-05-03 10:04:07,488] {subprocess.py:83} INFO - Command exited with return code 0
[2022-05-03 10:04:07,525] {taskinstance.py:1184} INFO - Marking task as SUCCESS. dag_id=parallel_dag, task_id=task_3, execution_date=20220502T000000, start_date=20220503T100404, end_date=20220503T100407
[2022-05-03 10:04:07,544] {taskinstance.py:1245} INFO - 1 downstream tasks scheduled from follow-on schedule check
[2022-05-03 10:04:07,558] {local_task_job.py:151} INFO - Task exited with return code 0
[2022-05-03 10:40:53,342] {taskinstance.py:876} INFO - Dependencies all met for <TaskInstance: parallel_dag.task_3 2022-05-02T00:00:00+00:00 [queued]>
[2022-05-03 10:40:53,363] {taskinstance.py:876} INFO - Dependencies all met for <TaskInstance: parallel_dag.task_3 2022-05-02T00:00:00+00:00 [queued]>
[2022-05-03 10:40:53,363] {taskinstance.py:1067} INFO - 
--------------------------------------------------------------------------------
[2022-05-03 10:40:53,363] {taskinstance.py:1068} INFO - Starting attempt 1 of 1
[2022-05-03 10:40:53,364] {taskinstance.py:1069} INFO - 
--------------------------------------------------------------------------------
[2022-05-03 10:40:53,382] {taskinstance.py:1087} INFO - Executing <Task(BashOperator): task_3> on 2022-05-02T00:00:00+00:00
[2022-05-03 10:40:53,383] {standard_task_runner.py:52} INFO - Started process 26074 to run task
[2022-05-03 10:40:53,394] {standard_task_runner.py:76} INFO - Running: ['airflow', 'tasks', 'run', 'parallel_dag', 'task_3', '2022-05-02T00:00:00+00:00', '--job-id', '3', '--pool', 'default_pool', '--raw', '--subdir', 'DAGS_FOLDER/parallel_dag.py', '--cfg-path', '/tmp/tmpp4u602rv', '--error-file', '/tmp/tmpoqh45zzk']
[2022-05-03 10:40:53,398] {standard_task_runner.py:77} INFO - Job 3: Subtask task_3
[2022-05-03 10:40:53,471] {logging_mixin.py:104} INFO - Running <TaskInstance: parallel_dag.task_3 2022-05-02T00:00:00+00:00 [running]> on host airflowvm
[2022-05-03 10:40:53,572] {taskinstance.py:1280} INFO - Exporting the following env vars:
AIRFLOW_CTX_DAG_OWNER=airflow
AIRFLOW_CTX_DAG_ID=parallel_dag
AIRFLOW_CTX_TASK_ID=task_3
AIRFLOW_CTX_EXECUTION_DATE=2022-05-02T00:00:00+00:00
AIRFLOW_CTX_DAG_RUN_ID=scheduled__2022-05-02T00:00:00+00:00
[2022-05-03 10:40:53,572] {subprocess.py:52} INFO - Tmp dir root location: 
 /tmp
[2022-05-03 10:40:53,573] {subprocess.py:63} INFO - Running command: ['bash', '-c', 'sleep 3']
[2022-05-03 10:40:53,578] {subprocess.py:75} INFO - Output:
[2022-05-03 10:40:56,580] {subprocess.py:83} INFO - Command exited with return code 0
[2022-05-03 10:40:56,650] {taskinstance.py:1184} INFO - Marking task as SUCCESS. dag_id=parallel_dag, task_id=task_3, execution_date=20220502T000000, start_date=20220503T104053, end_date=20220503T104056
[2022-05-03 10:40:56,698] {taskinstance.py:1245} INFO - 1 downstream tasks scheduled from follow-on schedule check
[2022-05-03 10:40:56,715] {local_task_job.py:151} INFO - Task exited with return code 0
