[2022-05-03 19:40:04,384] {taskinstance.py:876} INFO - Dependencies all met for <TaskInstance: xcom_dag.choose_best_model 2022-05-03T19:39:51.939542+00:00 [queued]>
[2022-05-03 19:40:04,410] {taskinstance.py:876} INFO - Dependencies all met for <TaskInstance: xcom_dag.choose_best_model 2022-05-03T19:39:51.939542+00:00 [queued]>
[2022-05-03 19:40:04,411] {taskinstance.py:1067} INFO - 
--------------------------------------------------------------------------------
[2022-05-03 19:40:04,411] {taskinstance.py:1068} INFO - Starting attempt 1 of 1
[2022-05-03 19:40:04,411] {taskinstance.py:1069} INFO - 
--------------------------------------------------------------------------------
[2022-05-03 19:40:04,439] {taskinstance.py:1087} INFO - Executing <Task(PythonOperator): choose_best_model> on 2022-05-03T19:39:51.939542+00:00
[2022-05-03 19:40:04,443] {standard_task_runner.py:52} INFO - Started process 117128 to run task
[2022-05-03 19:40:04,450] {standard_task_runner.py:76} INFO - Running: ['airflow', 'tasks', 'run', 'xcom_dag', 'choose_best_model', '2022-05-03T19:39:51.939542+00:00', '--job-id', '64', '--pool', 'default_pool', '--raw', '--subdir', 'DAGS_FOLDER/xcom_dag.py', '--cfg-path', '/tmp/tmpqzvi_yvc', '--error-file', '/tmp/tmpvkp1f1kv']
[2022-05-03 19:40:04,452] {standard_task_runner.py:77} INFO - Job 64: Subtask choose_best_model
[2022-05-03 19:40:04,529] {logging_mixin.py:104} INFO - Running <TaskInstance: xcom_dag.choose_best_model 2022-05-03T19:39:51.939542+00:00 [running]> on host airflowvm
[2022-05-03 19:40:04,676] {taskinstance.py:1280} INFO - Exporting the following env vars:
AIRFLOW_CTX_DAG_OWNER=airflow
AIRFLOW_CTX_DAG_ID=xcom_dag
AIRFLOW_CTX_TASK_ID=choose_best_model
AIRFLOW_CTX_EXECUTION_DATE=2022-05-03T19:39:51.939542+00:00
AIRFLOW_CTX_DAG_RUN_ID=manual__2022-05-03T19:39:51.939542+00:00
[2022-05-03 19:40:04,676] {logging_mixin.py:104} INFO - choose best model
[2022-05-03 19:40:04,686] {logging_mixin.py:104} INFO - [9.66170258644795, 5.525741017239839, 8.506217824906145]
[2022-05-03 19:40:04,686] {python.py:151} INFO - Done. Returned value was: None
[2022-05-03 19:40:04,697] {taskinstance.py:1184} INFO - Marking task as SUCCESS. dag_id=xcom_dag, task_id=choose_best_model, execution_date=20220503T193951, start_date=20220503T194004, end_date=20220503T194004
[2022-05-03 19:40:04,723] {taskinstance.py:1245} INFO - 0 downstream tasks scheduled from follow-on schedule check
[2022-05-03 19:40:04,750] {local_task_job.py:151} INFO - Task exited with return code 0
