[2022-04-28 13:07:39,049] {taskinstance.py:876} INFO - Dependencies all met for <TaskInstance: user_process.storing_user 2022-04-27T00:00:00+00:00 [queued]>
[2022-04-28 13:07:39,052] {taskinstance.py:876} INFO - Dependencies all met for <TaskInstance: user_process.storing_user 2022-04-27T00:00:00+00:00 [queued]>
[2022-04-28 13:07:39,052] {taskinstance.py:1067} INFO - 
--------------------------------------------------------------------------------
[2022-04-28 13:07:39,052] {taskinstance.py:1068} INFO - Starting attempt 1 of 1
[2022-04-28 13:07:39,052] {taskinstance.py:1069} INFO - 
--------------------------------------------------------------------------------
[2022-04-28 13:07:39,059] {taskinstance.py:1087} INFO - Executing <Task(BashOperator): storing_user> on 2022-04-27T00:00:00+00:00
[2022-04-28 13:07:39,061] {standard_task_runner.py:52} INFO - Started process 179697 to run task
[2022-04-28 13:07:39,065] {standard_task_runner.py:76} INFO - Running: ['airflow', 'tasks', 'run', 'user_process', 'storing_user', '2022-04-27T00:00:00+00:00', '--job-id', '37', '--pool', 'default_pool', '--raw', '--subdir', 'DAGS_FOLDER/user_process.py', '--cfg-path', '/tmp/tmprreu_v_t', '--error-file', '/tmp/tmph5rhe1gd']
[2022-04-28 13:07:39,065] {standard_task_runner.py:77} INFO - Job 37: Subtask storing_user
[2022-04-28 13:07:39,094] {logging_mixin.py:104} INFO - Running <TaskInstance: user_process.storing_user 2022-04-27T00:00:00+00:00 [running]> on host airflowvm
[2022-04-28 13:07:39,123] {taskinstance.py:1280} INFO - Exporting the following env vars:
AIRFLOW_CTX_DAG_OWNER=airflow
AIRFLOW_CTX_DAG_ID=user_process
AIRFLOW_CTX_TASK_ID=storing_user
AIRFLOW_CTX_EXECUTION_DATE=2022-04-27T00:00:00+00:00
AIRFLOW_CTX_DAG_RUN_ID=scheduled__2022-04-27T00:00:00+00:00
[2022-04-28 13:07:39,124] {subprocess.py:52} INFO - Tmp dir root location: 
 /tmp
[2022-04-28 13:07:39,124] {subprocess.py:63} INFO - Running command: ['bash', '-c', 'echo -e ".separator ","\n.import /tmp/processed_user.csv user" | sqlite3 /home/airflow/airflow/airflow.db']
[2022-04-28 13:07:39,127] {subprocess.py:75} INFO - Output:
[2022-04-28 13:07:39,133] {subprocess.py:83} INFO - Command exited with return code 0
[2022-04-28 13:07:39,143] {taskinstance.py:1184} INFO - Marking task as SUCCESS. dag_id=user_process, task_id=storing_user, execution_date=20220427T000000, start_date=20220428T130739, end_date=20220428T130739
[2022-04-28 13:07:39,152] {taskinstance.py:1245} INFO - 0 downstream tasks scheduled from follow-on schedule check
[2022-04-28 13:07:39,170] {local_task_job.py:151} INFO - Task exited with return code 0
