[2022-04-28 13:07:33,117] {taskinstance.py:876} INFO - Dependencies all met for <TaskInstance: user_process.create_table 2022-04-27T00:00:00+00:00 [queued]>
[2022-04-28 13:07:33,121] {taskinstance.py:876} INFO - Dependencies all met for <TaskInstance: user_process.create_table 2022-04-27T00:00:00+00:00 [queued]>
[2022-04-28 13:07:33,121] {taskinstance.py:1067} INFO - 
--------------------------------------------------------------------------------
[2022-04-28 13:07:33,121] {taskinstance.py:1068} INFO - Starting attempt 4 of 4
[2022-04-28 13:07:33,121] {taskinstance.py:1069} INFO - 
--------------------------------------------------------------------------------
[2022-04-28 13:07:33,128] {taskinstance.py:1087} INFO - Executing <Task(SqliteOperator): create_table> on 2022-04-27T00:00:00+00:00
[2022-04-28 13:07:33,130] {standard_task_runner.py:52} INFO - Started process 179616 to run task
[2022-04-28 13:07:33,134] {standard_task_runner.py:76} INFO - Running: ['airflow', 'tasks', 'run', 'user_process', 'create_table', '2022-04-27T00:00:00+00:00', '--job-id', '33', '--pool', 'default_pool', '--raw', '--subdir', 'DAGS_FOLDER/user_process.py', '--cfg-path', '/tmp/tmptma3ztqw', '--error-file', '/tmp/tmptef79_8c']
[2022-04-28 13:07:33,135] {standard_task_runner.py:77} INFO - Job 33: Subtask create_table
[2022-04-28 13:07:33,163] {logging_mixin.py:104} INFO - Running <TaskInstance: user_process.create_table 2022-04-27T00:00:00+00:00 [running]> on host airflowvm
[2022-04-28 13:07:33,192] {taskinstance.py:1280} INFO - Exporting the following env vars:
AIRFLOW_CTX_DAG_OWNER=airflow
AIRFLOW_CTX_DAG_ID=user_process
AIRFLOW_CTX_TASK_ID=create_table
AIRFLOW_CTX_EXECUTION_DATE=2022-04-27T00:00:00+00:00
AIRFLOW_CTX_DAG_RUN_ID=scheduled__2022-04-27T00:00:00+00:00
[2022-04-28 13:07:33,193] {sqlite.py:63} INFO - Executing: 
            CREATE TABLE IF NOT EXISTS user(
                firstname TEXT NOT NULL,
                lastname TEXT NOT NULL,
                country TEXT NOT NULL,
                username TEXT NOT NULL,
                password TEXT NOT NULL,
                email TEXT NOT NULL PRIMARY KEY
                );
                
[2022-04-28 13:07:33,194] {base.py:69} INFO - Using connection to: id: db_sqlite. Host: /home/airflow/airflow/airflow.db, Port: None, Schema: , Login: , Password: None, extra: {}
[2022-04-28 13:07:33,195] {dbapi.py:204} INFO - Running statement: 
            CREATE TABLE IF NOT EXISTS user(
                firstname TEXT NOT NULL,
                lastname TEXT NOT NULL,
                country TEXT NOT NULL,
                username TEXT NOT NULL,
                password TEXT NOT NULL,
                email TEXT NOT NULL PRIMARY KEY
                );
                , parameters: []
[2022-04-28 13:07:33,196] {taskinstance.py:1184} INFO - Marking task as SUCCESS. dag_id=user_process, task_id=create_table, execution_date=20220427T000000, start_date=20220428T130733, end_date=20220428T130733
[2022-04-28 13:07:33,211] {taskinstance.py:1245} INFO - 1 downstream tasks scheduled from follow-on schedule check
[2022-04-28 13:07:33,233] {local_task_job.py:151} INFO - Task exited with return code 0
