[2022-05-03 20:27:18,042] {taskinstance.py:876} INFO - Dependencies all met for <TaskInstance: xcom_dag.processing_tasks.training_model_a 2022-05-03T20:27:12.307734+00:00 [queued]>
[2022-05-03 20:27:18,068] {taskinstance.py:876} INFO - Dependencies all met for <TaskInstance: xcom_dag.processing_tasks.training_model_a 2022-05-03T20:27:12.307734+00:00 [queued]>
[2022-05-03 20:27:18,070] {taskinstance.py:1067} INFO - 
--------------------------------------------------------------------------------
[2022-05-03 20:27:18,072] {taskinstance.py:1068} INFO - Starting attempt 1 of 1
[2022-05-03 20:27:18,072] {taskinstance.py:1069} INFO - 
--------------------------------------------------------------------------------
[2022-05-03 20:27:18,111] {taskinstance.py:1087} INFO - Executing <Task(PythonOperator): processing_tasks.training_model_a> on 2022-05-03T20:27:12.307734+00:00
[2022-05-03 20:27:18,115] {standard_task_runner.py:52} INFO - Started process 127344 to run task
[2022-05-03 20:27:18,129] {standard_task_runner.py:76} INFO - Running: ['airflow', 'tasks', 'run', 'xcom_dag', 'processing_tasks.training_model_a', '2022-05-03T20:27:12.307734+00:00', '--job-id', '87', '--pool', 'default_pool', '--raw', '--subdir', 'DAGS_FOLDER/xcom_dag.py', '--cfg-path', '/tmp/tmpybi1rj40', '--error-file', '/tmp/tmpyqoadxwk']
[2022-05-03 20:27:18,140] {standard_task_runner.py:77} INFO - Job 87: Subtask processing_tasks.training_model_a
[2022-05-03 20:27:18,353] {logging_mixin.py:104} INFO - Running <TaskInstance: xcom_dag.processing_tasks.training_model_a 2022-05-03T20:27:12.307734+00:00 [running]> on host airflowvm
[2022-05-03 20:27:23,659] {taskinstance.py:1280} INFO - Exporting the following env vars:
AIRFLOW_CTX_DAG_OWNER=airflow
AIRFLOW_CTX_DAG_ID=xcom_dag
AIRFLOW_CTX_TASK_ID=processing_tasks.training_model_a
AIRFLOW_CTX_EXECUTION_DATE=2022-05-03T20:27:12.307734+00:00
AIRFLOW_CTX_DAG_RUN_ID=manual__2022-05-03T20:27:12.307734+00:00
[2022-05-03 20:27:23,659] {logging_mixin.py:104} INFO - model's accuracy: 9.457828199179287
[2022-05-03 20:27:23,716] {python.py:151} INFO - Done. Returned value was: None
[2022-05-03 20:27:23,745] {taskinstance.py:1184} INFO - Marking task as SUCCESS. dag_id=xcom_dag, task_id=processing_tasks.training_model_a, execution_date=20220503T202712, start_date=20220503T202718, end_date=20220503T202723
[2022-05-03 20:27:23,837] {taskinstance.py:1245} INFO - 0 downstream tasks scheduled from follow-on schedule check
[2022-05-03 20:27:23,852] {local_task_job.py:151} INFO - Task exited with return code 0
