[2022-05-03 19:30:09,177] {taskinstance.py:876} INFO - Dependencies all met for <TaskInstance: xcom_dag.choose_best_model 2022-05-03T19:29:59.864297+00:00 [queued]>
[2022-05-03 19:30:09,195] {taskinstance.py:876} INFO - Dependencies all met for <TaskInstance: xcom_dag.choose_best_model 2022-05-03T19:29:59.864297+00:00 [queued]>
[2022-05-03 19:30:09,196] {taskinstance.py:1067} INFO - 
--------------------------------------------------------------------------------
[2022-05-03 19:30:09,196] {taskinstance.py:1068} INFO - Starting attempt 1 of 1
[2022-05-03 19:30:09,196] {taskinstance.py:1069} INFO - 
--------------------------------------------------------------------------------
[2022-05-03 19:30:09,221] {taskinstance.py:1087} INFO - Executing <Task(PythonOperator): choose_best_model> on 2022-05-03T19:29:59.864297+00:00
[2022-05-03 19:30:09,226] {standard_task_runner.py:52} INFO - Started process 112451 to run task
[2022-05-03 19:30:09,232] {standard_task_runner.py:76} INFO - Running: ['airflow', 'tasks', 'run', 'xcom_dag', 'choose_best_model', '2022-05-03T19:29:59.864297+00:00', '--job-id', '49', '--pool', 'default_pool', '--raw', '--subdir', 'DAGS_FOLDER/xcom_dag.py', '--cfg-path', '/tmp/tmp3g7v9i3w', '--error-file', '/tmp/tmp49lh2b3c']
[2022-05-03 19:30:09,232] {standard_task_runner.py:77} INFO - Job 49: Subtask choose_best_model
[2022-05-03 19:30:09,321] {logging_mixin.py:104} INFO - Running <TaskInstance: xcom_dag.choose_best_model 2022-05-03T19:29:59.864297+00:00 [running]> on host airflowvm
[2022-05-03 19:30:09,612] {taskinstance.py:1280} INFO - Exporting the following env vars:
AIRFLOW_CTX_DAG_OWNER=airflow
AIRFLOW_CTX_DAG_ID=xcom_dag
AIRFLOW_CTX_TASK_ID=choose_best_model
AIRFLOW_CTX_EXECUTION_DATE=2022-05-03T19:29:59.864297+00:00
AIRFLOW_CTX_DAG_RUN_ID=manual__2022-05-03T19:29:59.864297+00:00
[2022-05-03 19:30:09,613] {logging_mixin.py:104} INFO - choose best model
[2022-05-03 19:30:09,623] {logging_mixin.py:104} INFO - [None]
[2022-05-03 19:30:09,623] {python.py:151} INFO - Done. Returned value was: None
[2022-05-03 19:30:09,634] {taskinstance.py:1184} INFO - Marking task as SUCCESS. dag_id=xcom_dag, task_id=choose_best_model, execution_date=20220503T192959, start_date=20220503T193009, end_date=20220503T193009
[2022-05-03 19:30:09,681] {taskinstance.py:1245} INFO - 0 downstream tasks scheduled from follow-on schedule check
[2022-05-03 19:30:09,689] {local_task_job.py:151} INFO - Task exited with return code 0
