[2022-05-05 07:42:24,852] {taskinstance.py:876} INFO - Dependencies all met for <TaskInstance: elasticsearch_dag.connections_to_es 2022-05-04T00:00:00+00:00 [queued]>
[2022-05-05 07:42:24,872] {taskinstance.py:876} INFO - Dependencies all met for <TaskInstance: elasticsearch_dag.connections_to_es 2022-05-04T00:00:00+00:00 [queued]>
[2022-05-05 07:42:24,872] {taskinstance.py:1067} INFO - 
--------------------------------------------------------------------------------
[2022-05-05 07:42:24,873] {taskinstance.py:1068} INFO - Starting attempt 1 of 1
[2022-05-05 07:42:24,873] {taskinstance.py:1069} INFO - 
--------------------------------------------------------------------------------
[2022-05-05 07:42:24,887] {taskinstance.py:1087} INFO - Executing <Task(PostgresToElasticOperator): connections_to_es> on 2022-05-04T00:00:00+00:00
[2022-05-05 07:42:24,890] {standard_task_runner.py:52} INFO - Started process 269440 to run task
[2022-05-05 07:42:24,902] {standard_task_runner.py:76} INFO - Running: ['airflow', 'tasks', 'run', 'elasticsearch_dag', 'connections_to_es', '2022-05-04T00:00:00+00:00', '--job-id', '168', '--pool', 'default_pool', '--raw', '--subdir', 'DAGS_FOLDER/elasticsearch_dag.py', '--cfg-path', '/tmp/tmpc7q9d2lz', '--error-file', '/tmp/tmp6pfcu38d']
[2022-05-05 07:42:24,910] {standard_task_runner.py:77} INFO - Job 168: Subtask connections_to_es
[2022-05-05 07:42:24,979] {logging_mixin.py:104} INFO - Running <TaskInstance: elasticsearch_dag.connections_to_es 2022-05-04T00:00:00+00:00 [running]> on host airflowvm
[2022-05-05 07:42:25,086] {taskinstance.py:1280} INFO - Exporting the following env vars:
AIRFLOW_CTX_DAG_OWNER=airflow
AIRFLOW_CTX_DAG_ID=elasticsearch_dag
AIRFLOW_CTX_TASK_ID=connections_to_es
AIRFLOW_CTX_EXECUTION_DATE=2022-05-04T00:00:00+00:00
AIRFLOW_CTX_DAG_RUN_ID=scheduled__2022-05-04T00:00:00+00:00
[2022-05-05 07:42:25,103] {base.py:69} INFO - Using connection to: id: elasticsearch_default. Host: localhost, Port: 9200, Schema: http, Login: None, Password: None, extra: {}
[2022-05-05 07:42:25,118] {base.py:69} INFO - Using connection to: id: ***_default. Host: localhost, Port: 5432, Schema: , Login: ***, Password: ***, extra: {'cursor': 'realdictcursor'}
[2022-05-05 07:42:25,149] {logging_mixin.py:104} WARNING - /home/airflow/sandbox/lib/python3.8/site-packages/elasticsearch/connection/base.py:193 ElasticsearchDeprecationWarning: Elasticsearch built-in security features are not enabled. Without authentication, your cluster could be accessible to anyone. See https://www.elastic.co/guide/en/elasticsearch/reference/7.17/security-minimal-setup.html to enable security.
[2022-05-05 07:42:25,152] {logging_mixin.py:104} WARNING - /home/airflow/sandbox/lib/python3.8/site-packages/elasticsearch/connection/base.py:193 ElasticsearchDeprecationWarning: [types removal] Specifying types in document index requests is deprecated, use the typeless endpoints instead (/{index}/_doc/{id}, /{index}/_doc, or /{index}/_create/{id}).
[2022-05-05 07:42:25,152] {base.py:255} INFO - POST http://localhost:9200/connections/external [status:201 request:0.015s]
[2022-05-05 07:42:25,166] {base.py:255} INFO - POST http://localhost:9200/connections/external [status:201 request:0.014s]
[2022-05-05 07:42:25,185] {base.py:255} INFO - POST http://localhost:9200/connections/external [status:201 request:0.019s]
[2022-05-05 07:42:25,204] {base.py:255} INFO - POST http://localhost:9200/connections/external [status:201 request:0.018s]
[2022-05-05 07:42:25,221] {base.py:255} INFO - POST http://localhost:9200/connections/external [status:201 request:0.017s]
[2022-05-05 07:42:25,238] {base.py:255} INFO - POST http://localhost:9200/connections/external [status:201 request:0.016s]
[2022-05-05 07:42:25,256] {base.py:255} INFO - POST http://localhost:9200/connections/external [status:201 request:0.019s]
[2022-05-05 07:42:25,278] {base.py:255} INFO - POST http://localhost:9200/connections/external [status:201 request:0.021s]
[2022-05-05 07:42:25,292] {base.py:255} INFO - POST http://localhost:9200/connections/external [status:201 request:0.014s]
[2022-05-05 07:42:25,318] {base.py:255} INFO - POST http://localhost:9200/connections/external [status:201 request:0.025s]
[2022-05-05 07:42:25,343] {base.py:255} INFO - POST http://localhost:9200/connections/external [status:201 request:0.025s]
[2022-05-05 07:42:25,368] {base.py:255} INFO - POST http://localhost:9200/connections/external [status:201 request:0.025s]
[2022-05-05 07:42:25,395] {base.py:255} INFO - POST http://localhost:9200/connections/external [status:201 request:0.026s]
[2022-05-05 07:42:25,409] {base.py:255} INFO - POST http://localhost:9200/connections/external [status:201 request:0.014s]
[2022-05-05 07:42:25,419] {base.py:255} INFO - POST http://localhost:9200/connections/external [status:201 request:0.010s]
[2022-05-05 07:42:25,432] {base.py:255} INFO - POST http://localhost:9200/connections/external [status:201 request:0.012s]
[2022-05-05 07:42:25,448] {base.py:255} INFO - POST http://localhost:9200/connections/external [status:201 request:0.016s]
[2022-05-05 07:42:25,468] {base.py:255} INFO - POST http://localhost:9200/connections/external [status:201 request:0.020s]
[2022-05-05 07:42:25,483] {base.py:255} INFO - POST http://localhost:9200/connections/external [status:201 request:0.015s]
[2022-05-05 07:42:25,517] {base.py:255} INFO - POST http://localhost:9200/connections/external [status:201 request:0.034s]
[2022-05-05 07:42:25,551] {base.py:255} INFO - POST http://localhost:9200/connections/external [status:201 request:0.033s]
[2022-05-05 07:42:25,567] {base.py:255} INFO - POST http://localhost:9200/connections/external [status:201 request:0.016s]
[2022-05-05 07:42:25,580] {base.py:255} INFO - POST http://localhost:9200/connections/external [status:201 request:0.013s]
[2022-05-05 07:42:25,600] {base.py:255} INFO - POST http://localhost:9200/connections/external [status:201 request:0.019s]
[2022-05-05 07:42:25,612] {base.py:255} INFO - POST http://localhost:9200/connections/external [status:201 request:0.012s]
[2022-05-05 07:42:25,649] {base.py:255} INFO - POST http://localhost:9200/connections/external [status:201 request:0.036s]
[2022-05-05 07:42:25,680] {base.py:255} INFO - POST http://localhost:9200/connections/external [status:201 request:0.031s]
[2022-05-05 07:42:25,697] {base.py:255} INFO - POST http://localhost:9200/connections/external [status:201 request:0.017s]
[2022-05-05 07:42:25,709] {base.py:255} INFO - POST http://localhost:9200/connections/external [status:201 request:0.012s]
[2022-05-05 07:42:25,720] {base.py:255} INFO - POST http://localhost:9200/connections/external [status:201 request:0.011s]
[2022-05-05 07:42:25,731] {base.py:255} INFO - POST http://localhost:9200/connections/external [status:201 request:0.010s]
[2022-05-05 07:42:25,745] {base.py:255} INFO - POST http://localhost:9200/connections/external [status:201 request:0.014s]
[2022-05-05 07:42:25,757] {base.py:255} INFO - POST http://localhost:9200/connections/external [status:201 request:0.012s]
[2022-05-05 07:42:25,769] {base.py:255} INFO - POST http://localhost:9200/connections/external [status:201 request:0.011s]
[2022-05-05 07:42:25,780] {base.py:255} INFO - POST http://localhost:9200/connections/external [status:201 request:0.011s]
[2022-05-05 07:42:25,790] {base.py:255} INFO - POST http://localhost:9200/connections/external [status:201 request:0.010s]
[2022-05-05 07:42:25,801] {base.py:255} INFO - POST http://localhost:9200/connections/external [status:201 request:0.010s]
[2022-05-05 07:42:25,813] {base.py:255} INFO - POST http://localhost:9200/connections/external [status:201 request:0.011s]
[2022-05-05 07:42:25,831] {base.py:255} INFO - POST http://localhost:9200/connections/external [status:201 request:0.018s]
[2022-05-05 07:42:25,838] {base.py:255} INFO - POST http://localhost:9200/connections/external [status:201 request:0.006s]
[2022-05-05 07:42:25,845] {base.py:255} INFO - POST http://localhost:9200/connections/external [status:201 request:0.007s]
[2022-05-05 07:42:25,854] {base.py:255} INFO - POST http://localhost:9200/connections/external [status:201 request:0.009s]
[2022-05-05 07:42:25,867] {base.py:255} INFO - POST http://localhost:9200/connections/external [status:201 request:0.012s]
[2022-05-05 07:42:25,881] {base.py:255} INFO - POST http://localhost:9200/connections/external [status:201 request:0.014s]
[2022-05-05 07:42:25,892] {base.py:255} INFO - POST http://localhost:9200/connections/external [status:201 request:0.010s]
[2022-05-05 07:42:25,912] {base.py:255} INFO - POST http://localhost:9200/connections/external [status:201 request:0.020s]
[2022-05-05 07:42:25,945] {base.py:255} INFO - POST http://localhost:9200/connections/external [status:201 request:0.033s]
[2022-05-05 07:42:25,968] {base.py:255} INFO - POST http://localhost:9200/connections/external [status:201 request:0.022s]
[2022-05-05 07:42:26,016] {base.py:255} INFO - POST http://localhost:9200/connections/external [status:201 request:0.048s]
[2022-05-05 07:42:26,161] {taskinstance.py:1184} INFO - Marking task as SUCCESS. dag_id=elasticsearch_dag, task_id=connections_to_es, execution_date=20220504T000000, start_date=20220505T074224, end_date=20220505T074226
[2022-05-05 07:42:26,361] {taskinstance.py:1245} INFO - 0 downstream tasks scheduled from follow-on schedule check
[2022-05-05 07:42:26,392] {local_task_job.py:151} INFO - Task exited with return code 0
