[2022-05-03 06:42:14,307] {taskinstance.py:876} INFO - Dependencies all met for <TaskInstance: user_process.storing_user 2022-05-02T00:00:00+00:00 [queued]>
[2022-05-03 06:42:14,312] {taskinstance.py:876} INFO - Dependencies all met for <TaskInstance: user_process.storing_user 2022-05-02T00:00:00+00:00 [queued]>
[2022-05-03 06:42:14,312] {taskinstance.py:1067} INFO - 
--------------------------------------------------------------------------------
[2022-05-03 06:42:14,312] {taskinstance.py:1068} INFO - Starting attempt 1 of 1
[2022-05-03 06:42:14,312] {taskinstance.py:1069} INFO - 
--------------------------------------------------------------------------------
[2022-05-03 06:42:14,318] {taskinstance.py:1087} INFO - Executing <Task(BashOperator): storing_user> on 2022-05-02T00:00:00+00:00
[2022-05-03 06:42:14,320] {standard_task_runner.py:52} INFO - Started process 2646 to run task
[2022-05-03 06:42:14,324] {standard_task_runner.py:76} INFO - Running: ['airflow', 'tasks', 'run', 'user_process', 'storing_user', '2022-05-02T00:00:00+00:00', '--job-id', '43', '--pool', 'default_pool', '--raw', '--subdir', 'DAGS_FOLDER/user_process.py', '--cfg-path', '/tmp/tmpkwzgrwkw', '--error-file', '/tmp/tmp1b3d0k_h']
[2022-05-03 06:42:14,324] {standard_task_runner.py:77} INFO - Job 43: Subtask storing_user
[2022-05-03 06:42:14,349] {logging_mixin.py:104} INFO - Running <TaskInstance: user_process.storing_user 2022-05-02T00:00:00+00:00 [running]> on host airflowvm
[2022-05-03 06:42:14,380] {taskinstance.py:1280} INFO - Exporting the following env vars:
AIRFLOW_CTX_DAG_OWNER=airflow
AIRFLOW_CTX_DAG_ID=user_process
AIRFLOW_CTX_TASK_ID=storing_user
AIRFLOW_CTX_EXECUTION_DATE=2022-05-02T00:00:00+00:00
AIRFLOW_CTX_DAG_RUN_ID=scheduled__2022-05-02T00:00:00+00:00
[2022-05-03 06:42:14,380] {subprocess.py:52} INFO - Tmp dir root location: 
 /tmp
[2022-05-03 06:42:14,380] {subprocess.py:63} INFO - Running command: ['bash', '-c', 'echo -e ".separator ","\n.import /tmp/processed_user.csv user" | sqlite3 /home/airflow/airflow/airflow.db']
[2022-05-03 06:42:14,383] {subprocess.py:75} INFO - Output:
[2022-05-03 06:42:14,393] {subprocess.py:83} INFO - Command exited with return code 0
[2022-05-03 06:42:14,410] {taskinstance.py:1184} INFO - Marking task as SUCCESS. dag_id=user_process, task_id=storing_user, execution_date=20220502T000000, start_date=20220503T064214, end_date=20220503T064214
[2022-05-03 06:42:14,421] {taskinstance.py:1245} INFO - 0 downstream tasks scheduled from follow-on schedule check
[2022-05-03 06:42:14,425] {local_task_job.py:151} INFO - Task exited with return code 0
