[2022-05-04 11:07:10,382] {taskinstance.py:876} INFO - Dependencies all met for <TaskInstance: xcom_dag.processing_tasks.training_model_a 2022-05-03T21:02:14.183428+00:00 [queued]>
[2022-05-04 11:07:10,437] {taskinstance.py:876} INFO - Dependencies all met for <TaskInstance: xcom_dag.processing_tasks.training_model_a 2022-05-03T21:02:14.183428+00:00 [queued]>
[2022-05-04 11:07:10,437] {taskinstance.py:1067} INFO - 
--------------------------------------------------------------------------------
[2022-05-04 11:07:10,437] {taskinstance.py:1068} INFO - Starting attempt 1 of 1
[2022-05-04 11:07:10,437] {taskinstance.py:1069} INFO - 
--------------------------------------------------------------------------------
[2022-05-04 11:07:10,487] {taskinstance.py:1087} INFO - Executing <Task(PythonOperator): processing_tasks.training_model_a> on 2022-05-03T21:02:14.183428+00:00
[2022-05-04 11:07:10,488] {standard_task_runner.py:52} INFO - Started process 220734 to run task
[2022-05-04 11:07:10,536] {standard_task_runner.py:76} INFO - Running: ['airflow', 'tasks', 'run', 'xcom_dag', 'processing_tasks.training_model_a', '2022-05-03T21:02:14.183428+00:00', '--job-id', '140', '--pool', 'default_pool', '--raw', '--subdir', 'DAGS_FOLDER/xcom_dag.py', '--cfg-path', '/tmp/tmplyfg5g9x', '--error-file', '/tmp/tmp7zp92z_1']
[2022-05-04 11:07:10,546] {standard_task_runner.py:77} INFO - Job 140: Subtask processing_tasks.training_model_a
[2022-05-04 11:07:10,967] {logging_mixin.py:104} INFO - Running <TaskInstance: xcom_dag.processing_tasks.training_model_a 2022-05-03T21:02:14.183428+00:00 [running]> on host airflowvm
[2022-05-04 11:07:11,467] {taskinstance.py:1280} INFO - Exporting the following env vars:
AIRFLOW_CTX_DAG_OWNER=airflow
AIRFLOW_CTX_DAG_ID=xcom_dag
AIRFLOW_CTX_TASK_ID=processing_tasks.training_model_a
AIRFLOW_CTX_EXECUTION_DATE=2022-05-03T21:02:14.183428+00:00
AIRFLOW_CTX_DAG_RUN_ID=manual__2022-05-03T21:02:14.183428+00:00
[2022-05-04 11:07:11,467] {logging_mixin.py:104} INFO - model's accuracy: 6.009979842946862
[2022-05-04 11:07:11,664] {python.py:151} INFO - Done. Returned value was: None
[2022-05-04 11:07:11,778] {taskinstance.py:1184} INFO - Marking task as SUCCESS. dag_id=xcom_dag, task_id=processing_tasks.training_model_a, execution_date=20220503T210214, start_date=20220504T110710, end_date=20220504T110711
[2022-05-04 11:07:11,999] {taskinstance.py:1245} INFO - 0 downstream tasks scheduled from follow-on schedule check
[2022-05-04 11:07:12,036] {local_task_job.py:151} INFO - Task exited with return code 0
