[2022-05-03 21:00:06,580] {taskinstance.py:876} INFO - Dependencies all met for <TaskInstance: xcom_dag.processing_tasks.training_model_b 2022-05-03T21:00:01.237827+00:00 [queued]>
[2022-05-03 21:00:06,600] {taskinstance.py:876} INFO - Dependencies all met for <TaskInstance: xcom_dag.processing_tasks.training_model_b 2022-05-03T21:00:01.237827+00:00 [queued]>
[2022-05-03 21:00:06,602] {taskinstance.py:1067} INFO - 
--------------------------------------------------------------------------------
[2022-05-03 21:00:06,604] {taskinstance.py:1068} INFO - Starting attempt 1 of 1
[2022-05-03 21:00:06,604] {taskinstance.py:1069} INFO - 
--------------------------------------------------------------------------------
[2022-05-03 21:00:06,643] {taskinstance.py:1087} INFO - Executing <Task(PythonOperator): processing_tasks.training_model_b> on 2022-05-03T21:00:01.237827+00:00
[2022-05-03 21:00:06,646] {standard_task_runner.py:52} INFO - Started process 146168 to run task
[2022-05-03 21:00:06,657] {standard_task_runner.py:76} INFO - Running: ['airflow', 'tasks', 'run', 'xcom_dag', 'processing_tasks.training_model_b', '2022-05-03T21:00:01.237827+00:00', '--job-id', '124', '--pool', 'default_pool', '--raw', '--subdir', 'DAGS_FOLDER/xcom_dag.py', '--cfg-path', '/tmp/tmpfowwuyjo', '--error-file', '/tmp/tmpf20wos8l']
[2022-05-03 21:00:06,662] {standard_task_runner.py:77} INFO - Job 124: Subtask processing_tasks.training_model_b
[2022-05-03 21:00:06,782] {logging_mixin.py:104} INFO - Running <TaskInstance: xcom_dag.processing_tasks.training_model_b 2022-05-03T21:00:01.237827+00:00 [running]> on host airflowvm
[2022-05-03 21:00:06,960] {taskinstance.py:1280} INFO - Exporting the following env vars:
AIRFLOW_CTX_DAG_OWNER=airflow
AIRFLOW_CTX_DAG_ID=xcom_dag
AIRFLOW_CTX_TASK_ID=processing_tasks.training_model_b
AIRFLOW_CTX_EXECUTION_DATE=2022-05-03T21:00:01.237827+00:00
AIRFLOW_CTX_DAG_RUN_ID=manual__2022-05-03T21:00:01.237827+00:00
[2022-05-03 21:00:06,960] {logging_mixin.py:104} INFO - model's accuracy: 6.025673750565619
[2022-05-03 21:00:07,004] {python.py:151} INFO - Done. Returned value was: None
[2022-05-03 21:00:07,031] {taskinstance.py:1184} INFO - Marking task as SUCCESS. dag_id=xcom_dag, task_id=processing_tasks.training_model_b, execution_date=20220503T210001, start_date=20220503T210006, end_date=20220503T210007
[2022-05-03 21:00:07,097] {taskinstance.py:1245} INFO - 0 downstream tasks scheduled from follow-on schedule check
[2022-05-03 21:00:07,123] {local_task_job.py:151} INFO - Task exited with return code 0
