[2022-05-05 07:42:28,399] {taskinstance.py:876} INFO - Dependencies all met for <TaskInstance: elasticsearch_dag.connections_to_es 2022-05-05T07:42:26.041597+00:00 [queued]>
[2022-05-05 07:42:28,407] {taskinstance.py:876} INFO - Dependencies all met for <TaskInstance: elasticsearch_dag.connections_to_es 2022-05-05T07:42:26.041597+00:00 [queued]>
[2022-05-05 07:42:28,407] {taskinstance.py:1067} INFO - 
--------------------------------------------------------------------------------
[2022-05-05 07:42:28,407] {taskinstance.py:1068} INFO - Starting attempt 1 of 1
[2022-05-05 07:42:28,410] {taskinstance.py:1069} INFO - 
--------------------------------------------------------------------------------
[2022-05-05 07:42:28,423] {taskinstance.py:1087} INFO - Executing <Task(PostgresToElasticOperator): connections_to_es> on 2022-05-05T07:42:26.041597+00:00
[2022-05-05 07:42:28,426] {standard_task_runner.py:52} INFO - Started process 269611 to run task
[2022-05-05 07:42:28,431] {standard_task_runner.py:76} INFO - Running: ['airflow', 'tasks', 'run', 'elasticsearch_dag', 'connections_to_es', '2022-05-05T07:42:26.041597+00:00', '--job-id', '170', '--pool', 'default_pool', '--raw', '--subdir', 'DAGS_FOLDER/elasticsearch_dag.py', '--cfg-path', '/tmp/tmpmuqq_mos', '--error-file', '/tmp/tmp12dxe3v2']
[2022-05-05 07:42:28,432] {standard_task_runner.py:77} INFO - Job 170: Subtask connections_to_es
[2022-05-05 07:42:28,475] {logging_mixin.py:104} INFO - Running <TaskInstance: elasticsearch_dag.connections_to_es 2022-05-05T07:42:26.041597+00:00 [running]> on host airflowvm
[2022-05-05 07:42:28,531] {taskinstance.py:1280} INFO - Exporting the following env vars:
AIRFLOW_CTX_DAG_OWNER=airflow
AIRFLOW_CTX_DAG_ID=elasticsearch_dag
AIRFLOW_CTX_TASK_ID=connections_to_es
AIRFLOW_CTX_EXECUTION_DATE=2022-05-05T07:42:26.041597+00:00
AIRFLOW_CTX_DAG_RUN_ID=manual__2022-05-05T07:42:26.041597+00:00
[2022-05-05 07:42:28,544] {base.py:69} INFO - Using connection to: id: elasticsearch_default. Host: localhost, Port: 9200, Schema: http, Login: None, Password: None, extra: {}
[2022-05-05 07:42:28,555] {base.py:69} INFO - Using connection to: id: ***_default. Host: localhost, Port: 5432, Schema: , Login: ***, Password: ***, extra: {'cursor': 'realdictcursor'}
[2022-05-05 07:42:28,573] {logging_mixin.py:104} WARNING - /home/airflow/sandbox/lib/python3.8/site-packages/elasticsearch/connection/base.py:193 ElasticsearchDeprecationWarning: Elasticsearch built-in security features are not enabled. Without authentication, your cluster could be accessible to anyone. See https://www.elastic.co/guide/en/elasticsearch/reference/7.17/security-minimal-setup.html to enable security.
[2022-05-05 07:42:28,576] {logging_mixin.py:104} WARNING - /home/airflow/sandbox/lib/python3.8/site-packages/elasticsearch/connection/base.py:193 ElasticsearchDeprecationWarning: [types removal] Specifying types in document index requests is deprecated, use the typeless endpoints instead (/{index}/_doc/{id}, /{index}/_doc, or /{index}/_create/{id}).
[2022-05-05 07:42:28,576] {base.py:255} INFO - POST http://localhost:9200/connections/external [status:201 request:0.008s]
[2022-05-05 07:42:28,585] {base.py:255} INFO - POST http://localhost:9200/connections/external [status:201 request:0.008s]
[2022-05-05 07:42:28,590] {base.py:255} INFO - POST http://localhost:9200/connections/external [status:201 request:0.005s]
[2022-05-05 07:42:28,597] {base.py:255} INFO - POST http://localhost:9200/connections/external [status:201 request:0.008s]
[2022-05-05 07:42:28,616] {base.py:255} INFO - POST http://localhost:9200/connections/external [status:201 request:0.018s]
[2022-05-05 07:42:28,623] {base.py:255} INFO - POST http://localhost:9200/connections/external [status:201 request:0.007s]
[2022-05-05 07:42:28,628] {base.py:255} INFO - POST http://localhost:9200/connections/external [status:201 request:0.005s]
[2022-05-05 07:42:28,634] {base.py:255} INFO - POST http://localhost:9200/connections/external [status:201 request:0.006s]
[2022-05-05 07:42:28,639] {base.py:255} INFO - POST http://localhost:9200/connections/external [status:201 request:0.005s]
[2022-05-05 07:42:28,645] {base.py:255} INFO - POST http://localhost:9200/connections/external [status:201 request:0.006s]
[2022-05-05 07:42:28,650] {base.py:255} INFO - POST http://localhost:9200/connections/external [status:201 request:0.005s]
[2022-05-05 07:42:28,656] {base.py:255} INFO - POST http://localhost:9200/connections/external [status:201 request:0.006s]
[2022-05-05 07:42:28,662] {base.py:255} INFO - POST http://localhost:9200/connections/external [status:201 request:0.006s]
[2022-05-05 07:42:28,675] {base.py:255} INFO - POST http://localhost:9200/connections/external [status:201 request:0.012s]
[2022-05-05 07:42:28,680] {base.py:255} INFO - POST http://localhost:9200/connections/external [status:201 request:0.005s]
[2022-05-05 07:42:28,686] {base.py:255} INFO - POST http://localhost:9200/connections/external [status:201 request:0.006s]
[2022-05-05 07:42:28,694] {base.py:255} INFO - POST http://localhost:9200/connections/external [status:201 request:0.008s]
[2022-05-05 07:42:28,699] {base.py:255} INFO - POST http://localhost:9200/connections/external [status:201 request:0.005s]
[2022-05-05 07:42:28,704] {base.py:255} INFO - POST http://localhost:9200/connections/external [status:201 request:0.004s]
[2022-05-05 07:42:28,711] {base.py:255} INFO - POST http://localhost:9200/connections/external [status:201 request:0.007s]
[2022-05-05 07:42:28,716] {base.py:255} INFO - POST http://localhost:9200/connections/external [status:201 request:0.005s]
[2022-05-05 07:42:28,723] {base.py:255} INFO - POST http://localhost:9200/connections/external [status:201 request:0.006s]
[2022-05-05 07:42:28,730] {base.py:255} INFO - POST http://localhost:9200/connections/external [status:201 request:0.007s]
[2022-05-05 07:42:28,746] {base.py:255} INFO - POST http://localhost:9200/connections/external [status:201 request:0.016s]
[2022-05-05 07:42:28,756] {base.py:255} INFO - POST http://localhost:9200/connections/external [status:201 request:0.009s]
[2022-05-05 07:42:28,763] {base.py:255} INFO - POST http://localhost:9200/connections/external [status:201 request:0.006s]
[2022-05-05 07:42:28,774] {base.py:255} INFO - POST http://localhost:9200/connections/external [status:201 request:0.011s]
[2022-05-05 07:42:28,781] {base.py:255} INFO - POST http://localhost:9200/connections/external [status:201 request:0.006s]
[2022-05-05 07:42:28,787] {base.py:255} INFO - POST http://localhost:9200/connections/external [status:201 request:0.006s]
[2022-05-05 07:42:28,793] {base.py:255} INFO - POST http://localhost:9200/connections/external [status:201 request:0.006s]
[2022-05-05 07:42:28,799] {base.py:255} INFO - POST http://localhost:9200/connections/external [status:201 request:0.005s]
[2022-05-05 07:42:28,806] {base.py:255} INFO - POST http://localhost:9200/connections/external [status:201 request:0.007s]
[2022-05-05 07:42:28,813] {base.py:255} INFO - POST http://localhost:9200/connections/external [status:201 request:0.007s]
[2022-05-05 07:42:28,821] {base.py:255} INFO - POST http://localhost:9200/connections/external [status:201 request:0.008s]
[2022-05-05 07:42:28,836] {base.py:255} INFO - POST http://localhost:9200/connections/external [status:201 request:0.015s]
[2022-05-05 07:42:28,844] {base.py:255} INFO - POST http://localhost:9200/connections/external [status:201 request:0.008s]
[2022-05-05 07:42:28,852] {base.py:255} INFO - POST http://localhost:9200/connections/external [status:201 request:0.007s]
[2022-05-05 07:42:28,871] {base.py:255} INFO - POST http://localhost:9200/connections/external [status:201 request:0.019s]
[2022-05-05 07:42:28,880] {base.py:255} INFO - POST http://localhost:9200/connections/external [status:201 request:0.008s]
[2022-05-05 07:42:28,886] {base.py:255} INFO - POST http://localhost:9200/connections/external [status:201 request:0.006s]
[2022-05-05 07:42:28,892] {base.py:255} INFO - POST http://localhost:9200/connections/external [status:201 request:0.006s]
[2022-05-05 07:42:28,913] {base.py:255} INFO - POST http://localhost:9200/connections/external [status:201 request:0.020s]
[2022-05-05 07:42:28,919] {base.py:255} INFO - POST http://localhost:9200/connections/external [status:201 request:0.006s]
[2022-05-05 07:42:28,926] {base.py:255} INFO - POST http://localhost:9200/connections/external [status:201 request:0.007s]
[2022-05-05 07:42:28,934] {base.py:255} INFO - POST http://localhost:9200/connections/external [status:201 request:0.007s]
[2022-05-05 07:42:28,940] {base.py:255} INFO - POST http://localhost:9200/connections/external [status:201 request:0.006s]
[2022-05-05 07:42:28,948] {base.py:255} INFO - POST http://localhost:9200/connections/external [status:201 request:0.008s]
[2022-05-05 07:42:28,953] {base.py:255} INFO - POST http://localhost:9200/connections/external [status:201 request:0.004s]
[2022-05-05 07:42:28,959] {base.py:255} INFO - POST http://localhost:9200/connections/external [status:201 request:0.005s]
[2022-05-05 07:42:28,975] {taskinstance.py:1184} INFO - Marking task as SUCCESS. dag_id=elasticsearch_dag, task_id=connections_to_es, execution_date=20220505T074226, start_date=20220505T074228, end_date=20220505T074228
[2022-05-05 07:42:29,017] {taskinstance.py:1245} INFO - 0 downstream tasks scheduled from follow-on schedule check
[2022-05-05 07:42:29,035] {local_task_job.py:151} INFO - Task exited with return code 0
