[2022-05-03 19:23:38,517] {taskinstance.py:876} INFO - Dependencies all met for <TaskInstance: xcom_dag.processing_tasks.training_model_b 2022-05-03T19:23:32.919307+00:00 [queued]>
[2022-05-03 19:23:38,547] {taskinstance.py:876} INFO - Dependencies all met for <TaskInstance: xcom_dag.processing_tasks.training_model_b 2022-05-03T19:23:32.919307+00:00 [queued]>
[2022-05-03 19:23:38,548] {taskinstance.py:1067} INFO - 
--------------------------------------------------------------------------------
[2022-05-03 19:23:38,548] {taskinstance.py:1068} INFO - Starting attempt 1 of 1
[2022-05-03 19:23:38,548] {taskinstance.py:1069} INFO - 
--------------------------------------------------------------------------------
[2022-05-03 19:23:38,600] {taskinstance.py:1087} INFO - Executing <Task(PythonOperator): processing_tasks.training_model_b> on 2022-05-03T19:23:32.919307+00:00
[2022-05-03 19:23:38,604] {standard_task_runner.py:52} INFO - Started process 109069 to run task
[2022-05-03 19:23:38,625] {standard_task_runner.py:76} INFO - Running: ['airflow', 'tasks', 'run', 'xcom_dag', 'processing_tasks.training_model_b', '2022-05-03T19:23:32.919307+00:00', '--job-id', '41', '--pool', 'default_pool', '--raw', '--subdir', 'DAGS_FOLDER/xcom_dag.py', '--cfg-path', '/tmp/tmppyfsbguu', '--error-file', '/tmp/tmpx4slbexe']
[2022-05-03 19:23:38,637] {standard_task_runner.py:77} INFO - Job 41: Subtask processing_tasks.training_model_b
[2022-05-03 19:23:38,828] {logging_mixin.py:104} INFO - Running <TaskInstance: xcom_dag.processing_tasks.training_model_b 2022-05-03T19:23:32.919307+00:00 [running]> on host airflowvm
[2022-05-03 19:23:39,007] {taskinstance.py:1280} INFO - Exporting the following env vars:
AIRFLOW_CTX_DAG_OWNER=airflow
AIRFLOW_CTX_DAG_ID=xcom_dag
AIRFLOW_CTX_TASK_ID=processing_tasks.training_model_b
AIRFLOW_CTX_EXECUTION_DATE=2022-05-03T19:23:32.919307+00:00
AIRFLOW_CTX_DAG_RUN_ID=manual__2022-05-03T19:23:32.919307+00:00
[2022-05-03 19:23:39,008] {logging_mixin.py:104} INFO - model's accuracy: 5.8497490365118585
[2022-05-03 19:23:39,079] {python.py:151} INFO - Done. Returned value was: None
[2022-05-03 19:23:39,122] {taskinstance.py:1184} INFO - Marking task as SUCCESS. dag_id=xcom_dag, task_id=processing_tasks.training_model_b, execution_date=20220503T192332, start_date=20220503T192338, end_date=20220503T192339
[2022-05-03 19:23:39,246] {taskinstance.py:1245} INFO - 0 downstream tasks scheduled from follow-on schedule check
[2022-05-03 19:23:39,263] {local_task_job.py:151} INFO - Task exited with return code 0
